#
# A fatal error has been detected by the Java Runtime Environment:
#
#  EXCEPTION_ACCESS_VIOLATION (0xc0000005) at pc=0x00007ffb0089d7e5, pid=14608, tid=8064
#
# JRE version: OpenJDK Runtime Environment Temurin-17.0.10+7 (17.0.10+7) (build 17.0.10+7)
# Java VM: OpenJDK 64-Bit Server VM Temurin-17.0.10+7 (17.0.10+7, mixed mode, tiered, compressed oops, compressed class ptrs, parallel gc, windows-amd64)
# Problematic frame:
# V  [jvm.dll+0x6ad7e5]
#
# No core dump will be written. Minidumps are not enabled by default on client versions of Windows
#
# If you would like to submit a bug report, please visit:
#   https://github.com/adoptium/adoptium-support/issues
#

---------------  S U M M A R Y ------------

Command Line: --add-modules=ALL-SYSTEM --add-opens=java.base/java.util=ALL-UNNAMED --add-opens=java.base/java.lang=ALL-UNNAMED --add-opens=java.base/sun.nio.fs=ALL-UNNAMED -Declipse.application=org.eclipse.jdt.ls.core.id1 -Dosgi.bundles.defaultStartLevel=4 -Declipse.product=org.eclipse.jdt.ls.core.product -Djava.import.generatesMetadataFilesAtProjectRoot=false -DDetectVMInstallationsJob.disabled=true -Dfile.encoding=utf8 -XX:+UseParallelGC -XX:GCTimeRatio=4 -XX:AdaptiveSizePolicyWeight=90 -Dsun.zip.disableMemoryMapping=true -Xmx1G -Xms100m -Xlog:disable -javaagent:c:\Users\msi\.vscode\extensions\redhat.java-1.30.0-win32-x64\lombok\lombok-1.18.32.jar -XX:+HeapDumpOnOutOfMemoryError -XX:HeapDumpPath=c:\Users\msi\AppData\Roaming\Code\User\workspaceStorage\ea2dbe5686b311bfe3bfbaa239bcab37\redhat.java -Daether.dependencyCollector.impl=bf c:\Users\msi\.vscode\extensions\redhat.java-1.30.0-win32-x64\server\plugins\org.eclipse.equinox.launcher_1.6.800.v20240330-1250.jar -configuration c:\Users\msi\AppData\Roaming\Code\User\globalStorage\redhat.java\1.30.0\config_win -data c:\Users\msi\AppData\Roaming\Code\User\workspaceStorage\ea2dbe5686b311bfe3bfbaa239bcab37\redhat.java\jdt_ws --pipe=\\.\pipe\lsp-c7df1348ff95085932ae147831576882-sock

Host: Intel(R) Core(TM) i7-10750H CPU @ 2.60GHz, 12 cores, 15G,  Windows 11 , 64 bit Build 22621 (10.0.22621.3374)
Time: Fri May 10 11:38:55 2024 Europe de l , 64 bit Build 22621 (10.0.22621.3374) elapsed time: 19.870328 seconds (0d 0h 0m 19s)

---------------  T H R E A D  ---------------

Current thread (0x000001b34417aa80):  GCTaskThread "GC Thread#9" [stack: 0x000000b29da00000,0x000000b29db00000] [id=8064]

Stack: [0x000000b29da00000,0x000000b29db00000],  sp=0x000000b29daffac0,  free space=1022k
Native frames: (J=compiled Java code, j=interpreted, Vv=VM code, C=native code)
V  [jvm.dll+0x6ad7e5]
V  [jvm.dll+0x6be2f3]
V  [jvm.dll+0x86226b]
V  [jvm.dll+0x8622b6]
V  [jvm.dll+0x7e3fba]
V  [jvm.dll+0x67c1b5]
C  [ucrtbase.dll+0x29333]
C  [KERNEL32.DLL+0x1257d]
C  [ntdll.dll+0x5aa48]


siginfo: EXCEPTION_ACCESS_VIOLATION (0xc0000005), reading address 0x0000000002100398


Registers:
RAX=0x0000000000000008, RBX=0x00000000c7e00000, RCX=0x0000000000000003, RDX=0x000000000000002a
RSP=0x000000b29daffac0, RBP=0x000001b32728fe60, RSI=0x00000000c7e00000, RDI=0x00000000c7e00000
R8 =0x0000000002100390, R9 =0x0000000000000008, R10=0x0000000000000001, R11=0x000001b328e21ae8
R12=0x00000000c7e10000, R13=0x000000000000000c, R14=0x000001b328e1f000, R15=0x00000000c7d600c8
RIP=0x00007ffb0089d7e5, EFLAGS=0x0000000000010206


Register to memory mapping:

RIP=0x00007ffb0089d7e5 jvm.dll
RAX=0x0000000000000008 is an unknown value
RBX=
[error occurred during error reporting (printing register info), id 0xc0000005, EXCEPTION_ACCESS_VIOLATION (0xc0000005) at pc=0x00007ffb00879936]

Top of Stack: (sp=0x000000b29daffac0)
0x000000b29daffac0:   00000000c7d600c8 000001b32728fe60
0x000000b29daffad0:   00000000c7d5fff0 00007ffb00ba0fb0
0x000000b29daffae0:   000001b328e0c41f 00000000c7e10000
0x000000b29daffaf0:   000001b328e1f000 000001b328e1ed00
0x000000b29daffb00:   000001b328e21ae8 00007ffb00ba0fb0
0x000000b29daffb10:   000001b329461260 000001b33d2bbd00
0x000000b29daffb20:   0000000000000500 0000000000000300
0x000000b29daffb30:   000000b29c1fef30 0000000000000006
0x000000b29daffb40:   0000000000000000 000000b29c1ff080
0x000000b29daffb50:   000001b34417aa80 000001b33d2bbd00
0x000000b29daffb60:   0000000000000000 000001b344742540
0x000000b29daffb70:   000000b29daffc19 00007ffb008ae2f3
0x000000b29daffb80:   000001b329468fc0 000001b32728fe60
0x000000b29daffb90:   000001b328e1f080 00000000c835ceb0
0x000000b29daffba0:   000001b33d2bbd00 0000000000000006
0x000000b29daffbb0:   000001b30000000a 00000000045c0000
0x000000b29daffbc0:   0000000600000556 000001b344742540
0x000000b29daffbd0:   00007ffb00ba1898 00007ffba1b8421e
0x000000b29daffbe0:   000000b29c1ff080 000001b3425a7380
0x000000b29daffbf0:   00000000000003d8 000001b3425a7390
0x000000b29daffc00:   000001b3425a7768 0000000000000000
0x000000b29daffc10:   0000000000000048 0000000000000001
0x000000b29daffc20:   0000000000000000 0000000000000000
0x000000b29daffc30:   0000000000000000 000005b48ca82f03
0x000000b29daffc40:   0000000000000000 000001b34417aa80
0x000000b29daffc50:   0000000000000000 0000000000000000
0x000000b29daffc60:   000000b29c1ff080 000001b34417aa80
0x000000b29daffc70:   0000000000000000 00007ffb00a5226b
0x000000b29daffc80:   0000000000000007 0000000000000000
0x000000b29daffc90:   0000000000000007 000000b29c1ff080
0x000000b29daffca0:   00000000000075a3 00007ffb00a522b6
0x000000b29daffcb0:   000001b34417aa80 000000b2ffffffff 

Instructions: (pc=0x00007ffb0089d7e5)
0x00007ffb0089d6e5:   c1 e4 09 4c 2b e0 48 c1 e7 09 48 2b f8 48 89 94
0x00007ffb0089d6f5:   24 d0 00 00 00 4d 3b ec 48 8b d7 4d 0f 42 e5 4d
0x00007ffb0089d705:   8b c4 4c 89 64 24 28 e8 0f ba fb ff 84 c0 0f 84
0x00007ffb0089d715:   94 09 00 00 48 8b 45 70 48 8b d7 4c 8b 45 68 48
0x00007ffb0089d725:   c1 ea 09 48 03 d0 49 3b d0 73 06 48 8b 5d 48 eb
0x00007ffb0089d735:   2f 48 0f be 0a 80 f9 ff 75 0e 48 8b 4d 50 48 8b
0x00007ffb0089d745:   45 48 48 8d 1c c8 eb 18 48 c1 e0 09 48 8b d9 48
0x00007ffb0089d755:   c1 e3 03 48 2b d8 48 8b c2 48 c1 e0 09 48 03 d8
0x00007ffb0089d765:   48 ff ca 48 3b df 76 48 0f 1f 00 49 3b d0 73 06
0x00007ffb0089d775:   48 8b 5d 48 eb 32 48 0f be 02 3c ff 75 0e 48 8b
0x00007ffb0089d785:   4d 50 48 8b 45 48 48 8d 1c c8 eb 1c 48 8b d8 48
0x00007ffb0089d795:   8b 45 70 48 c1 e0 09 48 c1 e3 03 48 2b d8 48 8b
0x00007ffb0089d7a5:   c2 48 c1 e0 09 48 03 d8 48 ff ca 48 3b df 77 bb
0x00007ffb0089d7b5:   44 0f b6 15 c5 5b 4d 00 41 bd 0c 00 00 00 48 8b
0x00007ffb0089d7c5:   f3 45 84 d2 74 16 44 8b 43 08 8b 0d 23 9b 46 00
0x00007ffb0089d7d5:   49 d3 e0 4c 03 05 11 9b 46 00 eb 04 4c 8b 43 08
0x00007ffb0089d7e5:   45 8b 48 08 45 85 c9 7e 0c 41 f6 c1 01 75 50 41
0x00007ffb0089d7f5:   c1 f9 03 eb 64 79 48 8b 05 32 aa 46 00 45 84 d2
0x00007ffb0089d805:   b9 10 00 00 00 49 0f 45 cd ff c8 4c 63 c0 41 8b
0x00007ffb0089d815:   c1 48 c1 f8 10 48 63 14 19 41 8b c9 83 e1 3f 48
0x00007ffb0089d825:   d3 e2 0f b6 c8 49 8d 04 10 49 f7 d0 48 03 c8 4d
0x00007ffb0089d835:   8b c8 49 c1 e9 03 48 c1 e9 03 44 23 c9 eb 1a 49
0x00007ffb0089d845:   8b 00 48 8b d3 49 8b c8 ff 90 00 01 00 00 44 0f
0x00007ffb0089d855:   b6 15 27 5b 4d 00 44 8b c8 49 63 c1 48 8d 1c c3
0x00007ffb0089d865:   48 3b df 0f 86 55 ff ff ff 4c 8b ac 24 d8 00 00
0x00007ffb0089d875:   00 48 3b f7 73 31 48 8b ce e8 1d f2 95 ff 4c 8b
0x00007ffb0089d885:   8c 24 c0 00 00 00 44 0f b6 15 ef 5a 4d 00 48 63
0x00007ffb0089d895:   c8 4c 8d 3c ce 4d 8b f7 49 c1 ee 09 4d 03 71 40
0x00007ffb0089d8a5:   4c 89 74 24 30 eb 08 4c 8b 8c 24 c0 00 00 00 4d
0x00007ffb0089d8b5:   3b e5 73 57 49 8d 54 24 f8 48 8b cd e8 8a bf fd
0x00007ffb0089d8c5:   ff 48 8b c8 48 8b d8 e8 cf f1 95 ff 4c 8b 8c 24
0x00007ffb0089d8d5:   c0 00 00 00 44 0f b6 15 a1 5a 4d 00 48 63 c8 49 


Stack slot to memory mapping:
stack at sp + 0 slots: 0x00000000c7d600c8 is an oop: [B 
{0x00000000c7d600c8} - klass: {type array byte}
 - length: 8521
stack at sp + 1 slots: 0x000001b32728fe60 points into unknown readable memory: 0x00007ffb00ba22a8 | a8 22 ba 00 fb 7f 00 00
stack at sp + 2 slots: 0x00000000c7d5fff0 is an oop: [C 
{0x00000000c7d5fff0} - klass: {type array char}
 - length: 100
stack at sp + 3 slots: 0x00007ffb00ba0fb0 jvm.dll
stack at sp + 4 slots: 0x000001b328e0c41f points into unknown readable memory: 03
stack at sp + 5 slots: 0x00000000c7e10000 is pointing into object: [B 
{0x00000000c7e0e878} - klass: {type array byte}
 - length: 12296
stack at sp + 6 slots: 0x000001b328e1f000 points into unknown readable memory: 0xffffffffffffffff | ff ff ff ff ff ff ff ff
stack at sp + 7 slots: 0x000001b328e1ed00 points into unknown readable memory: 0xffffffffffffffff | ff ff ff ff ff ff ff ff


---------------  P R O C E S S  ---------------

Threads class SMR info:
_java_thread_list=0x000001b3488d97f0, length=45, elements={
0x000001b329452a40, 0x000001b33d2d5020, 0x000001b33d2d6450, 0x000001b3423d6320,
0x000001b3423d6e50, 0x000001b3423d7be0, 0x000001b3423d9820, 0x000001b3423dbdd0,
0x000001b3423df630, 0x000001b3423e8eb0, 0x000001b342551820, 0x000001b342703f70,
0x000001b344005ee0, 0x000001b3440054c0, 0x000001b3440059d0, 0x000001b3440063f0,
0x000001b344006900, 0x000001b344007320, 0x000001b344004590, 0x000001b344007830,
0x000001b345f14540, 0x000001b345f172d0, 0x000001b345f1aa80, 0x000001b345f19130,
0x000001b345f19640, 0x000001b345f14a50, 0x000001b345f16dc0, 0x000001b345f18c20,
0x000001b345f163a0, 0x000001b345f18710, 0x000001b345f177e0, 0x000001b345f15470,
0x000001b345f14f60, 0x000001b345f15980, 0x000001b345f1b4a0, 0x000001b345f19b50,
0x000001b345f1a570, 0x000001b345f168b0, 0x000001b345f14030, 0x000001b345f1af90,
0x000001b345f17cf0, 0x000001b345f18200, 0x000001b3473ad860, 0x000001b34531c160,
0x000001b3473addb0
}

Java Threads: ( => current thread )
  0x000001b329452a40 JavaThread "main" [_thread_blocked, id=18176, stack(0x000000b29bf00000,0x000000b29c000000)]
  0x000001b33d2d5020 JavaThread "Reference Handler" daemon [_thread_blocked, id=26136, stack(0x000000b29c200000,0x000000b29c300000)]
  0x000001b33d2d6450 JavaThread "Finalizer" daemon [_thread_blocked, id=26124, stack(0x000000b29c300000,0x000000b29c400000)]
  0x000001b3423d6320 JavaThread "Signal Dispatcher" daemon [_thread_blocked, id=15776, stack(0x000000b29c400000,0x000000b29c500000)]
  0x000001b3423d6e50 JavaThread "Attach Listener" daemon [_thread_blocked, id=14416, stack(0x000000b29c500000,0x000000b29c600000)]
  0x000001b3423d7be0 JavaThread "Service Thread" daemon [_thread_blocked, id=22768, stack(0x000000b29c600000,0x000000b29c700000)]
  0x000001b3423d9820 JavaThread "Monitor Deflation Thread" daemon [_thread_blocked, id=24468, stack(0x000000b29c700000,0x000000b29c800000)]
  0x000001b3423dbdd0 JavaThread "C2 CompilerThread0" daemon [_thread_blocked, id=21572, stack(0x000000b29c800000,0x000000b29c900000)]
  0x000001b3423df630 JavaThread "C1 CompilerThread0" daemon [_thread_blocked, id=26940, stack(0x000000b29c900000,0x000000b29ca00000)]
  0x000001b3423e8eb0 JavaThread "Sweeper thread" daemon [_thread_blocked, id=6940, stack(0x000000b29ca00000,0x000000b29cb00000)]
  0x000001b342551820 JavaThread "Common-Cleaner" daemon [_thread_blocked, id=9568, stack(0x000000b29cb00000,0x000000b29cc00000)]
  0x000001b342703f70 JavaThread "Notification Thread" daemon [_thread_blocked, id=11084, stack(0x000000b29cd00000,0x000000b29ce00000)]
  0x000001b344005ee0 JavaThread "Active Thread: Equinox Container: 6e0b6ab2-25b3-4a56-b1c0-1f9515842503" [_thread_blocked, id=4888, stack(0x000000b29d600000,0x000000b29d700000)]
  0x000001b3440054c0 JavaThread "Framework Event Dispatcher: Equinox Container: 6e0b6ab2-25b3-4a56-b1c0-1f9515842503" daemon [_thread_blocked, id=20536, stack(0x000000b29cf00000,0x000000b29d000000)]
  0x000001b3440059d0 JavaThread "Start Level: Equinox Container: 6e0b6ab2-25b3-4a56-b1c0-1f9515842503" daemon [_thread_blocked, id=28668, stack(0x000000b29d700000,0x000000b29d800000)]
  0x000001b3440063f0 JavaThread "Bundle File Closer" daemon [_thread_blocked, id=26872, stack(0x000000b29d900000,0x000000b29da00000)]
  0x000001b344006900 JavaThread "SCR Component Actor" daemon [_thread_blocked, id=28940, stack(0x000000b29db00000,0x000000b29dc00000)]
  0x000001b344007320 JavaThread "Worker-JM" [_thread_blocked, id=25784, stack(0x000000b29dd00000,0x000000b29de00000)]
  0x000001b344004590 JavaThread "Worker-0: Java indexing... " [_thread_blocked, id=17664, stack(0x000000b29e000000,0x000000b29e100000)]
  0x000001b344007830 JavaThread "Worker-1" [_thread_blocked, id=13516, stack(0x000000b29e100000,0x000000b29e200000)]
  0x000001b345f14540 JavaThread "Java indexing" daemon [_thread_blocked, id=13836, stack(0x000000b29e200000,0x000000b29e300000)]
  0x000001b345f172d0 JavaThread "JNA Cleaner" daemon [_thread_blocked, id=22056, stack(0x000000b29e300000,0x000000b29e400000)]
  0x000001b345f1aa80 JavaThread "Thread-2" daemon [_thread_in_native, id=18800, stack(0x000000b29e500000,0x000000b29e600000)]
  0x000001b345f19130 JavaThread "Thread-3" daemon [_thread_in_native, id=23564, stack(0x000000b29e600000,0x000000b29e700000)]
  0x000001b345f19640 JavaThread "Thread-4" daemon [_thread_in_native, id=25500, stack(0x000000b29e700000,0x000000b29e800000)]
  0x000001b345f14a50 JavaThread "Thread-5" daemon [_thread_in_native, id=27816, stack(0x000000b29e800000,0x000000b29e900000)]
  0x000001b345f16dc0 JavaThread "Thread-6" daemon [_thread_in_native, id=10856, stack(0x000000b29e900000,0x000000b29ea00000)]
  0x000001b345f18c20 JavaThread "Thread-7" daemon [_thread_in_native, id=2920, stack(0x000000b29ea00000,0x000000b29eb00000)]
  0x000001b345f163a0 JavaThread "Thread-8" daemon [_thread_in_native, id=5520, stack(0x000000b29eb00000,0x000000b29ec00000)]
  0x000001b345f18710 JavaThread "Thread-9" daemon [_thread_in_native, id=16052, stack(0x000000b29ec00000,0x000000b29ed00000)]
  0x000001b345f177e0 JavaThread "Thread-10" daemon [_thread_in_native, id=18656, stack(0x000000b29ed00000,0x000000b29ee00000)]
  0x000001b345f15470 JavaThread "Thread-11" daemon [_thread_in_native, id=23468, stack(0x000000b29ee00000,0x000000b29ef00000)]
  0x000001b345f14f60 JavaThread "Thread-12" daemon [_thread_in_native, id=22520, stack(0x000000b29ef00000,0x000000b29f000000)]
  0x000001b345f15980 JavaThread "Thread-13" daemon [_thread_in_native, id=17088, stack(0x000000b29f000000,0x000000b29f100000)]
  0x000001b345f1b4a0 JavaThread "Thread-14" daemon [_thread_in_native, id=13124, stack(0x000000b29f100000,0x000000b29f200000)]
  0x000001b345f19b50 JavaThread "pool-2-thread-1" [_thread_blocked, id=9144, stack(0x000000b29f200000,0x000000b29f300000)]
  0x000001b345f1a570 JavaThread "Worker-2: Initialize Workspace" [_thread_blocked, id=21768, stack(0x000000b29f300000,0x000000b29f400000)]
  0x000001b345f168b0 JavaThread "WorkspaceEventsHandler" [_thread_blocked, id=14264, stack(0x000000b29f500000,0x000000b29f600000)]
  0x000001b345f14030 JavaThread "pool-1-thread-1" [_thread_blocked, id=26060, stack(0x000000b29f600000,0x000000b29f700000)]
  0x000001b345f1af90 JavaThread "Worker-3" [_thread_blocked, id=29448, stack(0x000000b29f700000,0x000000b29f800000)]
  0x000001b345f17cf0 JavaThread "Timer-0" [_thread_blocked, id=5440, stack(0x000000b29f800000,0x000000b29f900000)]
  0x000001b345f18200 JavaThread "Connection worker" [_thread_in_native, id=27604, stack(0x000000b29f900000,0x000000b29fa00000)]
  0x000001b3473ad860 JavaThread "C2 CompilerThread1" daemon [_thread_blocked, id=21576, stack(0x000000b29de00000,0x000000b29df00000)]
  0x000001b34531c160 JavaThread "Worker-4" [_thread_blocked, id=24004, stack(0x000000b29f400000,0x000000b29f500000)]
  0x000001b3473addb0 JavaThread "C2 CompilerThread2" daemon [_thread_blocked, id=19820, stack(0x000000b29fa00000,0x000000b29fb00000)]

Other Threads:
  0x000001b3294fecd0 VMThread "VM Thread" [stack: 0x000000b29c100000,0x000000b29c200000] [id=26052]
  0x000001b342704450 WatcherThread [stack: 0x000000b29ce00000,0x000000b29cf00000] [id=7720]
  0x000001b329469400 GCTaskThread "GC Thread#0" [stack: 0x000000b29c000000,0x000000b29c100000] [id=23332]
  0x000001b343f2cb20 GCTaskThread "GC Thread#1" [stack: 0x000000b29d000000,0x000000b29d100000] [id=24000]
  0x000001b343df90a0 GCTaskThread "GC Thread#2" [stack: 0x000000b29d100000,0x000000b29d200000] [id=27112]
  0x000001b343df9360 GCTaskThread "GC Thread#3" [stack: 0x000000b29d200000,0x000000b29d300000] [id=29648]
  0x000001b343df9620 GCTaskThread "GC Thread#4" [stack: 0x000000b29d300000,0x000000b29d400000] [id=24272]
  0x000001b343df98e0 GCTaskThread "GC Thread#5" [stack: 0x000000b29d400000,0x000000b29d500000] [id=26192]
  0x000001b343df9ba0 GCTaskThread "GC Thread#6" [stack: 0x000000b29d500000,0x000000b29d600000] [id=17084]
  0x000001b344576120 GCTaskThread "GC Thread#7" [stack: 0x000000b29d800000,0x000000b29d900000] [id=12308]
  0x000001b34409ae00 GCTaskThread "GC Thread#8" [stack: 0x000000b29cc00000,0x000000b29cd00000] [id=20172]
=>0x000001b34417aa80 GCTaskThread "GC Thread#9" [stack: 0x000000b29da00000,0x000000b29db00000] [id=8064]

Threads with active compile tasks:
C2 CompilerThread0    19905 7574       4       java.nio.channels.spi.AbstractInterruptibleChannel::<init> (16 bytes)
C2 CompilerThread1    19905 7560   !   4       org.eclipse.jdt.internal.core.search.indexing.BinaryIndexer::indexDocument (1157 bytes)
C2 CompilerThread2    19905 7578       4       jdk.internal.jimage.ImageReader::getResource (13 bytes)

VM state: at safepoint (normal execution)

VM Mutex/Monitor currently owned by a thread:  ([mutex/lock_event])
[0x000001b32944f850] Threads_lock - owner thread: 0x000001b3294fecd0
[0x000001b32944fb20] Heap_lock - owner thread: 0x000001b345f14540

Heap address: 0x00000000c0000000, size: 1024 MB, Compressed Oops mode: 32-bit

CDS archive(s) not mapped
Compressed class space mapped at: 0x0000000100000000-0x0000000140000000, reserved size: 1073741824
Narrow klass base: 0x0000000000000000, Narrow klass shift: 3, Narrow klass range: 0x140000000

GC Precious Log:
 CPUs: 12 total, 12 available
 Memory: 16201M
 Large Page Support: Disabled
 NUMA Support: Disabled
 Compressed Oops: Enabled (32-bit)
 Alignments: Space 512K, Generation 512K, Heap 2M
 Heap Min Capacity: 100M
 Heap Initial Capacity: 100M
 Heap Max Capacity: 1G
 Pre-touch: Disabled
 Parallel Workers: 10

Heap:
 PSYoungGen      total 4096K, used 3072K [0x00000000eab00000, 0x00000000eb000000, 0x0000000100000000)
  eden space 3072K, 100% used [0x00000000eab00000,0x00000000eae00000,0x00000000eae00000)
  from space 1024K, 0% used [0x00000000eaf00000,0x00000000eaf00000,0x00000000eb000000)
  to   space 1024K, 81% used [0x00000000eae00000,0x00000000eaed0f18,0x00000000eaf00000)
 ParOldGen       total 158720K, used 134515K [0x00000000c0000000, 0x00000000c9b00000, 0x00000000eab00000)
  object space 158720K, 84% used [0x00000000c0000000,0x00000000c835ceb0,0x00000000c9b00000)
 Metaspace       used 56608K, committed 57728K, reserved 1114112K
  class space    used 6146K, committed 6656K, reserved 1048576K

Card table byte_map: [0x000001b328de0000,0x000001b328ff0000] _byte_map_base: 0x000001b3287e0000

Marking Bits: (ParMarkBitMap*) 0x00007ffb00d8d7d0
 Begin Bits: [0x000001b33b0e0000, 0x000001b33c0e0000)
 End Bits:   [0x000001b33c0e0000, 0x000001b33d0e0000)

Polling page: 0x000001b3273f0000

Metaspace:

Usage:
  Non-class:     49.28 MB used.
      Class:      6.00 MB used.
       Both:     55.28 MB used.

Virtual space:
  Non-class space:       64.00 MB reserved,      49.88 MB ( 78%) committed,  1 nodes.
      Class space:        1.00 GB reserved,       6.50 MB ( <1%) committed,  1 nodes.
             Both:        1.06 GB reserved,      56.38 MB (  5%) committed. 

Chunk freelists:
   Non-Class:  13.86 MB
       Class:  9.53 MB
        Both:  23.39 MB

MaxMetaspaceSize: unlimited
CompressedClassSpaceSize: 1.00 GB
Initial GC threshold: 21.00 MB
Current GC threshold: 93.88 MB
CDS: off
MetaspaceReclaimPolicy: balanced
 - commit_granule_bytes: 65536.
 - commit_granule_words: 8192.
 - virtual_space_node_default_size: 8388608.
 - enlarge_chunks_in_place: 1.
 - new_chunks_are_fully_committed: 0.
 - uncommit_free_chunks: 1.
 - use_allocation_guard: 0.
 - handle_deallocations: 1.


Internal statistics:

num_allocs_failed_limit: 6.
num_arena_births: 610.
num_arena_deaths: 42.
num_vsnodes_births: 2.
num_vsnodes_deaths: 0.
num_space_committed: 902.
num_space_uncommitted: 0.
num_chunks_returned_to_freelist: 52.
num_chunks_taken_from_freelist: 2710.
num_chunk_merges: 8.
num_chunk_splits: 1748.
num_chunks_enlarged: 1126.
num_inconsistent_stats: 0.

CodeHeap 'non-profiled nmethods': size=120000Kb used=4567Kb max_used=4775Kb free=115432Kb
 bounds [0x000001b333bb0000, 0x000001b334070000, 0x000001b33b0e0000]
CodeHeap 'profiled nmethods': size=120000Kb used=11831Kb max_used=13974Kb free=108168Kb
 bounds [0x000001b32c0e0000, 0x000001b32ce90000, 0x000001b333610000]
CodeHeap 'non-nmethods': size=5760Kb used=1399Kb max_used=1422Kb free=4360Kb
 bounds [0x000001b333610000, 0x000001b333880000, 0x000001b333bb0000]
 total_blobs=6750 nmethods=6089 adapters=571
 compilation: enabled
              stopped_count=0, restarted_count=0
 full_count=0

Compilation events (20 events):
Event: 19.739 Thread 0x000001b3423dbdd0 nmethod 7572 0x000001b333d0dc10 code [0x000001b333d0dd80, 0x000001b333d0de38]
Event: 19.739 Thread 0x000001b3423dbdd0 7573   !   4       org.eclipse.jdt.internal.core.search.indexing.IndexManager::indexDocument (31 bytes)
Event: 19.746 Thread 0x000001b3473addb0 nmethod 7619 0x000001b333f84990 code [0x000001b333f84b60, 0x000001b333f85808]
Event: 19.746 Thread 0x000001b3473addb0 7622       4       org.eclipse.jdt.internal.core.search.matching.ConstructorPattern::encodeExtraFlags (49 bytes)
Event: 19.746 Thread 0x000001b3473addb0 nmethod 7622 0x000001b333f84690 code [0x000001b333f84800, 0x000001b333f848b8]
Event: 19.746 Thread 0x000001b3473addb0 7624       4       org.eclipse.jdt.internal.core.search.indexing.AbstractIndexer::addConstructorDeclaration (97 bytes)
Event: 19.753 Thread 0x000001b3423df630 7628       1       org.eclipse.jdt.internal.compiler.classfmt.ModuleInfo$PackageExportInfo::name (5 bytes)
Event: 19.754 Thread 0x000001b3423df630 nmethod 7628 0x000001b333d0d790 code [0x000001b333d0d920, 0x000001b333d0d9f8]
Event: 19.758 Thread 0x000001b3473addb0 nmethod 7624 0x000001b333d74610 code [0x000001b333d74800, 0x000001b333d75310]
Event: 19.758 Thread 0x000001b3473addb0 7623       4       org.eclipse.jdt.internal.core.search.matching.ConstructorPattern::createDeclarationIndexKey (583 bytes)
Event: 19.849 Thread 0x000001b3423dbdd0 nmethod 7573 0x000001b333ebed10 code [0x000001b333ebef40, 0x000001b333ec08f8]
Event: 19.849 Thread 0x000001b3423dbdd0 7625   !   4       jdk.internal.jimage.BasicImageReader::slice (32 bytes)
Event: 19.849 Thread 0x000001b3473addb0 nmethod 7623 0x000001b333eb1410 code [0x000001b333eb1640, 0x000001b333eb3338]
Event: 19.849 Thread 0x000001b3473addb0 7626   !   4       jdk.internal.jimage.BasicImageReader::getResourceBuffer (203 bytes)
Event: 19.855 Thread 0x000001b3423dbdd0 nmethod 7625 0x000001b333d73910 code [0x000001b333d73aa0, 0x000001b333d74038]
Event: 19.855 Thread 0x000001b3423dbdd0 7627   !   4       jdk.internal.jimage.BasicImageReader::readBuffer (238 bytes)
Event: 19.857 Thread 0x000001b3473addb0 nmethod 7626 0x000001b333d28d10 code [0x000001b333d28ec0, 0x000001b333d296f8]
Event: 19.857 Thread 0x000001b3473addb0 7578       4       jdk.internal.jimage.ImageReader::getResource (13 bytes)
Event: 19.860 Thread 0x000001b3423dbdd0 nmethod 7627 0x000001b333d27e10 code [0x000001b333d27fc0, 0x000001b333d28698]
Event: 19.860 Thread 0x000001b3423dbdd0 7574       4       java.nio.channels.spi.AbstractInterruptibleChannel::<init> (16 bytes)

GC Heap History (20 events):
Event: 19.673 GC heap after
{Heap after GC invocations=91 (full 5):
 PSYoungGen      total 4096K, used 851K [0x00000000eab00000, 0x00000000eb000000, 0x0000000100000000)
  eden space 3072K, 0% used [0x00000000eab00000,0x00000000eab00000,0x00000000eae00000)
  from space 1024K, 83% used [0x00000000eae00000,0x00000000eaed4e60,0x00000000eaf00000)
  to   space 1024K, 0% used [0x00000000eaf00000,0x00000000eaf00000,0x00000000eb000000)
 ParOldGen       total 137728K, used 131786K [0x00000000c0000000, 0x00000000c8680000, 0x00000000eab00000)
  object space 137728K, 95% used [0x00000000c0000000,0x00000000c80b2bc8,0x00000000c8680000)
 Metaspace       used 56608K, committed 57728K, reserved 1114112K
  class space    used 6146K, committed 6656K, reserved 1048576K
}
Event: 19.683 GC heap before
{Heap before GC invocations=92 (full 5):
 PSYoungGen      total 4096K, used 3923K [0x00000000eab00000, 0x00000000eb000000, 0x0000000100000000)
  eden space 3072K, 100% used [0x00000000eab00000,0x00000000eae00000,0x00000000eae00000)
  from space 1024K, 83% used [0x00000000eae00000,0x00000000eaed4e60,0x00000000eaf00000)
  to   space 1024K, 0% used [0x00000000eaf00000,0x00000000eaf00000,0x00000000eb000000)
 ParOldGen       total 137728K, used 131786K [0x00000000c0000000, 0x00000000c8680000, 0x00000000eab00000)
  object space 137728K, 95% used [0x00000000c0000000,0x00000000c80b2bc8,0x00000000c8680000)
 Metaspace       used 56608K, committed 57728K, reserved 1114112K
  class space    used 6146K, committed 6656K, reserved 1048576K
}
Event: 19.684 GC heap after
{Heap after GC invocations=92 (full 5):
 PSYoungGen      total 4096K, used 816K [0x00000000eab00000, 0x00000000eb000000, 0x0000000100000000)
  eden space 3072K, 0% used [0x00000000eab00000,0x00000000eab00000,0x00000000eae00000)
  from space 1024K, 79% used [0x00000000eaf00000,0x00000000eafcc070,0x00000000eb000000)
  to   space 1024K, 0% used [0x00000000eae00000,0x00000000eae00000,0x00000000eaf00000)
 ParOldGen       total 137728K, used 132526K [0x00000000c0000000, 0x00000000c8680000, 0x00000000eab00000)
  object space 137728K, 96% used [0x00000000c0000000,0x00000000c816bbb8,0x00000000c8680000)
 Metaspace       used 56608K, committed 57728K, reserved 1114112K
  class space    used 6146K, committed 6656K, reserved 1048576K
}
Event: 19.698 GC heap before
{Heap before GC invocations=93 (full 5):
 PSYoungGen      total 4096K, used 3888K [0x00000000eab00000, 0x00000000eb000000, 0x0000000100000000)
  eden space 3072K, 100% used [0x00000000eab00000,0x00000000eae00000,0x00000000eae00000)
  from space 1024K, 79% used [0x00000000eaf00000,0x00000000eafcc070,0x00000000eb000000)
  to   space 1024K, 0% used [0x00000000eae00000,0x00000000eae00000,0x00000000eaf00000)
 ParOldGen       total 137728K, used 132526K [0x00000000c0000000, 0x00000000c8680000, 0x00000000eab00000)
  object space 137728K, 96% used [0x00000000c0000000,0x00000000c816bbb8,0x00000000c8680000)
 Metaspace       used 56608K, committed 57728K, reserved 1114112K
  class space    used 6146K, committed 6656K, reserved 1048576K
}
Event: 19.700 GC heap after
{Heap after GC invocations=93 (full 5):
 PSYoungGen      total 4096K, used 892K [0x00000000eab00000, 0x00000000eb000000, 0x0000000100000000)
  eden space 3072K, 0% used [0x00000000eab00000,0x00000000eab00000,0x00000000eae00000)
  from space 1024K, 87% used [0x00000000eae00000,0x00000000eaedf390,0x00000000eaf00000)
  to   space 1024K, 0% used [0x00000000eaf00000,0x00000000eaf00000,0x00000000eb000000)
 ParOldGen       total 137728K, used 133253K [0x00000000c0000000, 0x00000000c8680000, 0x00000000eab00000)
  object space 137728K, 96% used [0x00000000c0000000,0x00000000c82214e0,0x00000000c8680000)
 Metaspace       used 56608K, committed 57728K, reserved 1114112K
  class space    used 6146K, committed 6656K, reserved 1048576K
}
Event: 19.714 GC heap before
{Heap before GC invocations=94 (full 5):
 PSYoungGen      total 4096K, used 3964K [0x00000000eab00000, 0x00000000eb000000, 0x0000000100000000)
  eden space 3072K, 100% used [0x00000000eab00000,0x00000000eae00000,0x00000000eae00000)
  from space 1024K, 87% used [0x00000000eae00000,0x00000000eaedf390,0x00000000eaf00000)
  to   space 1024K, 0% used [0x00000000eaf00000,0x00000000eaf00000,0x00000000eb000000)
 ParOldGen       total 137728K, used 133253K [0x00000000c0000000, 0x00000000c8680000, 0x00000000eab00000)
  object space 137728K, 96% used [0x00000000c0000000,0x00000000c82214e0,0x00000000c8680000)
 Metaspace       used 56608K, committed 57728K, reserved 1114112K
  class space    used 6146K, committed 6656K, reserved 1048576K
}
Event: 19.715 GC heap after
{Heap after GC invocations=94 (full 5):
 PSYoungGen      total 4096K, used 896K [0x00000000eab00000, 0x00000000eb000000, 0x0000000100000000)
  eden space 3072K, 0% used [0x00000000eab00000,0x00000000eab00000,0x00000000eae00000)
  from space 1024K, 87% used [0x00000000eaf00000,0x00000000eafe0000,0x00000000eb000000)
  to   space 1024K, 0% used [0x00000000eae00000,0x00000000eae00000,0x00000000eaf00000)
 ParOldGen       total 137728K, used 133961K [0x00000000c0000000, 0x00000000c8680000, 0x00000000eab00000)
  object space 137728K, 97% used [0x00000000c0000000,0x00000000c82d2788,0x00000000c8680000)
 Metaspace       used 56608K, committed 57728K, reserved 1114112K
  class space    used 6146K, committed 6656K, reserved 1048576K
}
Event: 19.729 GC heap before
{Heap before GC invocations=95 (full 5):
 PSYoungGen      total 4096K, used 3968K [0x00000000eab00000, 0x00000000eb000000, 0x0000000100000000)
  eden space 3072K, 100% used [0x00000000eab00000,0x00000000eae00000,0x00000000eae00000)
  from space 1024K, 87% used [0x00000000eaf00000,0x00000000eafe0000,0x00000000eb000000)
  to   space 1024K, 0% used [0x00000000eae00000,0x00000000eae00000,0x00000000eaf00000)
 ParOldGen       total 137728K, used 133961K [0x00000000c0000000, 0x00000000c8680000, 0x00000000eab00000)
  object space 137728K, 97% used [0x00000000c0000000,0x00000000c82d2788,0x00000000c8680000)
 Metaspace       used 56608K, committed 57728K, reserved 1114112K
  class space    used 6146K, committed 6656K, reserved 1048576K
}
Event: 19.730 GC heap after
{Heap after GC invocations=95 (full 5):
 PSYoungGen      total 4096K, used 807K [0x00000000eab00000, 0x00000000eb000000, 0x0000000100000000)
  eden space 3072K, 0% used [0x00000000eab00000,0x00000000eab00000,0x00000000eae00000)
  from space 1024K, 78% used [0x00000000eae00000,0x00000000eaec9fc0,0x00000000eaf00000)
  to   space 1024K, 0% used [0x00000000eaf00000,0x00000000eaf00000,0x00000000eb000000)
 ParOldGen       total 137728K, used 134698K [0x00000000c0000000, 0x00000000c8680000, 0x00000000eab00000)
  object space 137728K, 97% used [0x00000000c0000000,0x00000000c838a960,0x00000000c8680000)
 Metaspace       used 56608K, committed 57728K, reserved 1114112K
  class space    used 6146K, committed 6656K, reserved 1048576K
}
Event: 19.740 GC heap before
{Heap before GC invocations=96 (full 5):
 PSYoungGen      total 4096K, used 3879K [0x00000000eab00000, 0x00000000eb000000, 0x0000000100000000)
  eden space 3072K, 100% used [0x00000000eab00000,0x00000000eae00000,0x00000000eae00000)
  from space 1024K, 78% used [0x00000000eae00000,0x00000000eaec9fc0,0x00000000eaf00000)
  to   space 1024K, 0% used [0x00000000eaf00000,0x00000000eaf00000,0x00000000eb000000)
 ParOldGen       total 137728K, used 134698K [0x00000000c0000000, 0x00000000c8680000, 0x00000000eab00000)
  object space 137728K, 97% used [0x00000000c0000000,0x00000000c838a960,0x00000000c8680000)
 Metaspace       used 56608K, committed 57728K, reserved 1114112K
  class space    used 6146K, committed 6656K, reserved 1048576K
}
Event: 19.741 GC heap after
{Heap after GC invocations=96 (full 5):
 PSYoungGen      total 4096K, used 834K [0x00000000eab00000, 0x00000000eb000000, 0x0000000100000000)
  eden space 3072K, 0% used [0x00000000eab00000,0x00000000eab00000,0x00000000eae00000)
  from space 1024K, 81% used [0x00000000eaf00000,0x00000000eafd09b8,0x00000000eb000000)
  to   space 1024K, 0% used [0x00000000eae00000,0x00000000eae00000,0x00000000eaf00000)
 ParOldGen       total 137728K, used 135411K [0x00000000c0000000, 0x00000000c8680000, 0x00000000eab00000)
  object space 137728K, 98% used [0x00000000c0000000,0x00000000c843cfc8,0x00000000c8680000)
 Metaspace       used 56608K, committed 57728K, reserved 1114112K
  class space    used 6146K, committed 6656K, reserved 1048576K
}
Event: 19.750 GC heap before
{Heap before GC invocations=97 (full 5):
 PSYoungGen      total 4096K, used 3904K [0x00000000eab00000, 0x00000000eb000000, 0x0000000100000000)
  eden space 3072K, 99% used [0x00000000eab00000,0x00000000eadff698,0x00000000eae00000)
  from space 1024K, 81% used [0x00000000eaf00000,0x00000000eafd09b8,0x00000000eb000000)
  to   space 1024K, 0% used [0x00000000eae00000,0x00000000eae00000,0x00000000eaf00000)
 ParOldGen       total 137728K, used 135411K [0x00000000c0000000, 0x00000000c8680000, 0x00000000eab00000)
  object space 137728K, 98% used [0x00000000c0000000,0x00000000c843cfc8,0x00000000c8680000)
 Metaspace       used 56608K, committed 57728K, reserved 1114112K
  class space    used 6146K, committed 6656K, reserved 1048576K
}
Event: 19.751 GC heap after
{Heap after GC invocations=97 (full 5):
 PSYoungGen      total 4096K, used 893K [0x00000000eab00000, 0x00000000eb000000, 0x0000000100000000)
  eden space 3072K, 0% used [0x00000000eab00000,0x00000000eab00000,0x00000000eae00000)
  from space 1024K, 87% used [0x00000000eae00000,0x00000000eaedf478,0x00000000eaf00000)
  to   space 1024K, 0% used [0x00000000eaf00000,0x00000000eaf00000,0x00000000eb000000)
 ParOldGen       total 137728K, used 136136K [0x00000000c0000000, 0x00000000c8680000, 0x00000000eab00000)
  object space 137728K, 98% used [0x00000000c0000000,0x00000000c84f20f8,0x00000000c8680000)
 Metaspace       used 56608K, committed 57728K, reserved 1114112K
  class space    used 6146K, committed 6656K, reserved 1048576K
}
Event: 19.761 GC heap before
{Heap before GC invocations=98 (full 5):
 PSYoungGen      total 4096K, used 3965K [0x00000000eab00000, 0x00000000eb000000, 0x0000000100000000)
  eden space 3072K, 100% used [0x00000000eab00000,0x00000000eae00000,0x00000000eae00000)
  from space 1024K, 87% used [0x00000000eae00000,0x00000000eaedf478,0x00000000eaf00000)
  to   space 1024K, 0% used [0x00000000eaf00000,0x00000000eaf00000,0x00000000eb000000)
 ParOldGen       total 137728K, used 136136K [0x00000000c0000000, 0x00000000c8680000, 0x00000000eab00000)
  object space 137728K, 98% used [0x00000000c0000000,0x00000000c84f20f8,0x00000000c8680000)
 Metaspace       used 56608K, committed 57728K, reserved 1114112K
  class space    used 6146K, committed 6656K, reserved 1048576K
}
Event: 19.762 GC heap after
{Heap after GC invocations=98 (full 5):
 PSYoungGen      total 4096K, used 867K [0x00000000eab00000, 0x00000000eb000000, 0x0000000100000000)
  eden space 3072K, 0% used [0x00000000eab00000,0x00000000eab00000,0x00000000eae00000)
  from space 1024K, 84% used [0x00000000eaf00000,0x00000000eafd8c00,0x00000000eb000000)
  to   space 1024K, 0% used [0x00000000eae00000,0x00000000eae00000,0x00000000eaf00000)
 ParOldGen       total 137728K, used 136886K [0x00000000c0000000, 0x00000000c8680000, 0x00000000eab00000)
  object space 137728K, 99% used [0x00000000c0000000,0x00000000c85ad900,0x00000000c8680000)
 Metaspace       used 56608K, committed 57728K, reserved 1114112K
  class space    used 6146K, committed 6656K, reserved 1048576K
}
Event: 19.777 GC heap before
{Heap before GC invocations=99 (full 5):
 PSYoungGen      total 4096K, used 3939K [0x00000000eab00000, 0x00000000eb000000, 0x0000000100000000)
  eden space 3072K, 100% used [0x00000000eab00000,0x00000000eae00000,0x00000000eae00000)
  from space 1024K, 84% used [0x00000000eaf00000,0x00000000eafd8c00,0x00000000eb000000)
  to   space 1024K, 0% used [0x00000000eae00000,0x00000000eae00000,0x00000000eaf00000)
 ParOldGen       total 137728K, used 136886K [0x00000000c0000000, 0x00000000c8680000, 0x00000000eab00000)
  object space 137728K, 99% used [0x00000000c0000000,0x00000000c85ad900,0x00000000c8680000)
 Metaspace       used 56608K, committed 57728K, reserved 1114112K
  class space    used 6146K, committed 6656K, reserved 1048576K
}
Event: 19.778 GC heap after
{Heap after GC invocations=99 (full 5):
 PSYoungGen      total 4096K, used 913K [0x00000000eab00000, 0x00000000eb000000, 0x0000000100000000)
  eden space 3072K, 0% used [0x00000000eab00000,0x00000000eab00000,0x00000000eae00000)
  from space 1024K, 89% used [0x00000000eae00000,0x00000000eaee4628,0x00000000eaf00000)
  to   space 1024K, 0% used [0x00000000eaf00000,0x00000000eaf00000,0x00000000eb000000)
 ParOldGen       total 137728K, used 137614K [0x00000000c0000000, 0x00000000c8680000, 0x00000000eab00000)
  object space 137728K, 99% used [0x00000000c0000000,0x00000000c8663b20,0x00000000c8680000)
 Metaspace       used 56608K, committed 57728K, reserved 1114112K
  class space    used 6146K, committed 6656K, reserved 1048576K
}
Event: 19.778 GC heap before
{Heap before GC invocations=100 (full 6):
 PSYoungGen      total 4096K, used 913K [0x00000000eab00000, 0x00000000eb000000, 0x0000000100000000)
  eden space 3072K, 0% used [0x00000000eab00000,0x00000000eab00000,0x00000000eae00000)
  from space 1024K, 89% used [0x00000000eae00000,0x00000000eaee4628,0x00000000eaf00000)
  to   space 1024K, 0% used [0x00000000eaf00000,0x00000000eaf00000,0x00000000eb000000)
 ParOldGen       total 137728K, used 137614K [0x00000000c0000000, 0x00000000c8680000, 0x00000000eab00000)
  object space 137728K, 99% used [0x00000000c0000000,0x00000000c8663b20,0x00000000c8680000)
 Metaspace       used 56608K, committed 57728K, reserved 1114112K
  class space    used 6146K, committed 6656K, reserved 1048576K
}
Event: 19.847 GC heap after
{Heap after GC invocations=100 (full 6):
 PSYoungGen      total 4096K, used 0K [0x00000000eab00000, 0x00000000eb000000, 0x0000000100000000)
  eden space 3072K, 0% used [0x00000000eab00000,0x00000000eab00000,0x00000000eae00000)
  from space 1024K, 0% used [0x00000000eaf00000,0x00000000eaf00000,0x00000000eb000000)
  to   space 1024K, 0% used [0x00000000eae00000,0x00000000eae00000,0x00000000eaf00000)
 ParOldGen       total 158720K, used 134515K [0x00000000c0000000, 0x00000000c9b00000, 0x00000000eab00000)
  object space 158720K, 84% used [0x00000000c0000000,0x00000000c835ceb0,0x00000000c9b00000)
 Metaspace       used 56608K, committed 57728K, reserved 1114112K
  class space    used 6146K, committed 6656K, reserved 1048576K
}
Event: 19.860 GC heap before
{Heap before GC invocations=101 (full 6):
 PSYoungGen      total 4096K, used 3072K [0x00000000eab00000, 0x00000000eb000000, 0x0000000100000000)
  eden space 3072K, 100% used [0x00000000eab00000,0x00000000eae00000,0x00000000eae00000)
  from space 1024K, 0% used [0x00000000eaf00000,0x00000000eaf00000,0x00000000eb000000)
  to   space 1024K, 0% used [0x00000000eae00000,0x00000000eae00000,0x00000000eaf00000)
 ParOldGen       total 158720K, used 134515K [0x00000000c0000000, 0x00000000c9b00000, 0x00000000eab00000)
  object space 158720K, 84% used [0x00000000c0000000,0x00000000c835ceb0,0x00000000c9b00000)
 Metaspace       used 56608K, committed 57728K, reserved 1114112K
  class space    used 6146K, committed 6656K, reserved 1048576K
}

Dll operation events (10 events):
Event: 0.008 Loaded shared library c:\Users\msi\.vscode\extensions\redhat.java-1.30.0-win32-x64\jre\17.0.10-win32-x86_64\bin\java.dll
Event: 0.180 Loaded shared library c:\Users\msi\.vscode\extensions\redhat.java-1.30.0-win32-x64\jre\17.0.10-win32-x86_64\bin\zip.dll
Event: 0.184 Loaded shared library C:\Users\msi\.vscode\extensions\redhat.java-1.30.0-win32-x64\jre\17.0.10-win32-x86_64\bin\instrument.dll
Event: 0.199 Loaded shared library C:\Users\msi\.vscode\extensions\redhat.java-1.30.0-win32-x64\jre\17.0.10-win32-x86_64\bin\net.dll
Event: 0.201 Loaded shared library C:\Users\msi\.vscode\extensions\redhat.java-1.30.0-win32-x64\jre\17.0.10-win32-x86_64\bin\nio.dll
Event: 0.210 Loaded shared library C:\Users\msi\.vscode\extensions\redhat.java-1.30.0-win32-x64\jre\17.0.10-win32-x86_64\bin\zip.dll
Event: 0.229 Loaded shared library C:\Users\msi\.vscode\extensions\redhat.java-1.30.0-win32-x64\jre\17.0.10-win32-x86_64\bin\jimage.dll
Event: 0.299 Loaded shared library c:\Users\msi\.vscode\extensions\redhat.java-1.30.0-win32-x64\jre\17.0.10-win32-x86_64\bin\verify.dll
Event: 4.746 Loaded shared library C:\Users\msi\AppData\Roaming\Code\User\globalStorage\redhat.java\1.30.0\config_win\org.eclipse.equinox.launcher\org.eclipse.equinox.launcher.win32.win32.x86_64_1.2.900.v20240213-1244\eclipse_11900.dll
Event: 13.143 Loaded shared library C:\Users\msi\AppData\Local\Temp\jna-108419\jna4283155656204827106.dll

Deoptimization events (20 events):
Event: 19.387 Thread 0x000001b345f14540 DEOPT PACKING pc=0x000001b32cd306c6 sp=0x000000b29e2feb10
Event: 19.387 Thread 0x000001b345f14540 DEOPT UNPACKING pc=0x000001b333666e43 sp=0x000000b29e2fdfa8 mode 0
Event: 19.392 Thread 0x000001b345f14540 DEOPT PACKING pc=0x000001b32cda5193 sp=0x000000b29e2fe9c0
Event: 19.392 Thread 0x000001b345f14540 DEOPT UNPACKING pc=0x000001b333666e43 sp=0x000000b29e2fdf40 mode 0
Event: 19.446 Thread 0x000001b345f14540 DEOPT PACKING pc=0x000001b32cda5193 sp=0x000000b29e2fe9c0
Event: 19.446 Thread 0x000001b345f14540 DEOPT UNPACKING pc=0x000001b333666e43 sp=0x000000b29e2fdf40 mode 0
Event: 19.452 Thread 0x000001b345f14540 DEOPT PACKING pc=0x000001b32cda5193 sp=0x000000b29e2fe9c0
Event: 19.452 Thread 0x000001b345f14540 DEOPT UNPACKING pc=0x000001b333666e43 sp=0x000000b29e2fdf40 mode 0
Event: 19.492 Thread 0x000001b345f14540 DEOPT PACKING pc=0x000001b32ce3e67f sp=0x000000b29e2fe980
Event: 19.492 Thread 0x000001b345f14540 DEOPT UNPACKING pc=0x000001b333666e43 sp=0x000000b29e2fddf0 mode 0
Event: 19.493 Thread 0x000001b345f14540 DEOPT PACKING pc=0x000001b32ce025a1 sp=0x000000b29e2fe7f0
Event: 19.493 Thread 0x000001b345f14540 DEOPT UNPACKING pc=0x000001b333666e43 sp=0x000000b29e2fdc50 mode 0
Event: 19.501 Thread 0x000001b345f14540 DEOPT PACKING pc=0x000001b32cd306c6 sp=0x000000b29e2fe790
Event: 19.501 Thread 0x000001b345f14540 DEOPT UNPACKING pc=0x000001b333666e43 sp=0x000000b29e2fdc18 mode 0
Event: 19.504 Thread 0x000001b345f14540 DEOPT PACKING pc=0x000001b32cdcacb5 sp=0x000000b29e2fe930
Event: 19.504 Thread 0x000001b345f14540 DEOPT UNPACKING pc=0x000001b333666e43 sp=0x000000b29e2fddd0 mode 0
Event: 19.521 Thread 0x000001b345f14540 DEOPT PACKING pc=0x000001b32cd306c6 sp=0x000000b29e2fe790
Event: 19.521 Thread 0x000001b345f14540 DEOPT UNPACKING pc=0x000001b333666e43 sp=0x000000b29e2fdc18 mode 0
Event: 19.570 Thread 0x000001b345f14540 DEOPT PACKING pc=0x000001b32cd35f4e sp=0x000000b29e2fe8f0
Event: 19.570 Thread 0x000001b345f14540 DEOPT UNPACKING pc=0x000001b333666e43 sp=0x000000b29e2fdd68 mode 0

Classes unloaded (20 events):
Event: 11.944 Thread 0x000001b3294fecd0 Unloading class 0x0000000100248000 'java/lang/invoke/LambdaForm$MH+0x0000000100248000'
Event: 11.944 Thread 0x000001b3294fecd0 Unloading class 0x0000000100247c00 'java/lang/invoke/LambdaForm$MH+0x0000000100247c00'
Event: 11.944 Thread 0x000001b3294fecd0 Unloading class 0x0000000100247800 'java/lang/invoke/LambdaForm$MH+0x0000000100247800'
Event: 11.944 Thread 0x000001b3294fecd0 Unloading class 0x0000000100247400 'java/lang/invoke/LambdaForm$BMH+0x0000000100247400'
Event: 11.944 Thread 0x000001b3294fecd0 Unloading class 0x0000000100247000 'java/lang/invoke/LambdaForm$DMH+0x0000000100247000'
Event: 11.944 Thread 0x000001b3294fecd0 Unloading class 0x0000000100244400 'java/lang/invoke/LambdaForm$DMH+0x0000000100244400'
Event: 17.907 Thread 0x000001b3294fecd0 Unloading class 0x0000000100435400 'java/lang/invoke/LambdaForm$MH+0x0000000100435400'
Event: 17.907 Thread 0x000001b3294fecd0 Unloading class 0x0000000100434800 'java/lang/invoke/LambdaForm$MH+0x0000000100434800'
Event: 17.907 Thread 0x000001b3294fecd0 Unloading class 0x0000000100434000 'java/lang/invoke/LambdaForm$MH+0x0000000100434000'
Event: 17.907 Thread 0x000001b3294fecd0 Unloading class 0x0000000100433800 'java/lang/invoke/LambdaForm$MH+0x0000000100433800'
Event: 17.907 Thread 0x000001b3294fecd0 Unloading class 0x0000000100433400 'java/lang/invoke/LambdaForm$DMH+0x0000000100433400'
Event: 17.907 Thread 0x000001b3294fecd0 Unloading class 0x0000000100432800 'java/lang/invoke/LambdaForm$MH+0x0000000100432800'
Event: 17.907 Thread 0x000001b3294fecd0 Unloading class 0x0000000100432000 'java/lang/invoke/LambdaForm$MH+0x0000000100432000'
Event: 17.907 Thread 0x000001b3294fecd0 Unloading class 0x000000010042c000 'java/lang/invoke/LambdaForm$MH+0x000000010042c000'
Event: 17.907 Thread 0x000001b3294fecd0 Unloading class 0x000000010042b800 'java/lang/invoke/LambdaForm$MH+0x000000010042b800'
Event: 17.907 Thread 0x000001b3294fecd0 Unloading class 0x000000010042b000 'java/lang/invoke/LambdaForm$MH+0x000000010042b000'
Event: 17.907 Thread 0x000001b3294fecd0 Unloading class 0x000000010042a800 'java/lang/invoke/LambdaForm$MH+0x000000010042a800'
Event: 17.907 Thread 0x000001b3294fecd0 Unloading class 0x000000010042a000 'java/lang/invoke/LambdaForm$MH+0x000000010042a000'
Event: 17.907 Thread 0x000001b3294fecd0 Unloading class 0x0000000100429800 'java/lang/invoke/LambdaForm$MH+0x0000000100429800'
Event: 17.907 Thread 0x000001b3294fecd0 Unloading class 0x0000000100429000 'java/lang/invoke/LambdaForm$MH+0x0000000100429000'

Classes redefined (0 events):
No events

Internal exceptions (20 events):
Event: 15.928 Thread 0x000001b345f1a570 Exception <a 'sun/nio/fs/WindowsException'{0x00000000eb1b6290}> (0x00000000eb1b6290) 
thrown [s\src\hotspot\share\prims\jni.cpp, line 516]
Event: 15.928 Thread 0x000001b345f1a570 Exception <a 'sun/nio/fs/WindowsException'{0x00000000eb1ba918}> (0x00000000eb1ba918) 
thrown [s\src\hotspot\share\prims\jni.cpp, line 516]
Event: 15.928 Thread 0x000001b345f1a570 Exception <a 'sun/nio/fs/WindowsException'{0x00000000eb1bafd0}> (0x00000000eb1bafd0) 
thrown [s\src\hotspot\share\prims\jni.cpp, line 516]
Event: 15.928 Thread 0x000001b345f1a570 Exception <a 'sun/nio/fs/WindowsException'{0x00000000eb1bb688}> (0x00000000eb1bb688) 
thrown [s\src\hotspot\share\prims\jni.cpp, line 516]
Event: 15.929 Thread 0x000001b345f1a570 Exception <a 'sun/nio/fs/WindowsException'{0x00000000eb1bbd58}> (0x00000000eb1bbd58) 
thrown [s\src\hotspot\share\prims\jni.cpp, line 516]
Event: 15.929 Thread 0x000001b345f1a570 Exception <a 'sun/nio/fs/WindowsException'{0x00000000eb1c01a0}> (0x00000000eb1c01a0) 
thrown [s\src\hotspot\share\prims\jni.cpp, line 516]
Event: 15.929 Thread 0x000001b345f1a570 Exception <a 'sun/nio/fs/WindowsException'{0x00000000eb1c07e0}> (0x00000000eb1c07e0) 
thrown [s\src\hotspot\share\prims\jni.cpp, line 516]
Event: 15.929 Thread 0x000001b345f1a570 Exception <a 'sun/nio/fs/WindowsException'{0x00000000eb1c0e30}> (0x00000000eb1c0e30) 
thrown [s\src\hotspot\share\prims\jni.cpp, line 516]
Event: 15.929 Thread 0x000001b345f1a570 Exception <a 'sun/nio/fs/WindowsException'{0x00000000eb1c1490}> (0x00000000eb1c1490) 
thrown [s\src\hotspot\share\prims\jni.cpp, line 516]
Event: 15.929 Thread 0x000001b345f1a570 Exception <a 'sun/nio/fs/WindowsException'{0x00000000eb1c5648}> (0x00000000eb1c5648) 
thrown [s\src\hotspot\share\prims\jni.cpp, line 516]
Event: 15.929 Thread 0x000001b345f1a570 Exception <a 'sun/nio/fs/WindowsException'{0x00000000eb1c5ca0}> (0x00000000eb1c5ca0) 
thrown [s\src\hotspot\share\prims\jni.cpp, line 516]
Event: 15.929 Thread 0x000001b345f1a570 Exception <a 'sun/nio/fs/WindowsException'{0x00000000eb1c62f8}> (0x00000000eb1c62f8) 
thrown [s\src\hotspot\share\prims\jni.cpp, line 516]
Event: 15.930 Thread 0x000001b345f1a570 Exception <a 'sun/nio/fs/WindowsException'{0x00000000eb1c6968}> (0x00000000eb1c6968) 
thrown [s\src\hotspot\share\prims\jni.cpp, line 516]
Event: 16.935 Thread 0x000001b345f1af90 Exception <a 'java/io/FileNotFoundException'{0x00000000eb278620}> (0x00000000eb278620) 
thrown [s\src\hotspot\share\prims\jni.cpp, line 516]
Event: 16.987 Thread 0x000001b345f1af90 Exception <a 'java/io/FileNotFoundException'{0x00000000eb112c50}> (0x00000000eb112c50) 
thrown [s\src\hotspot\share\prims\jni.cpp, line 516]
Event: 17.009 Thread 0x000001b345f1af90 Exception <a 'java/io/FileNotFoundException'{0x00000000eb2d7ed0}> (0x00000000eb2d7ed0) 
thrown [s\src\hotspot\share\prims\jni.cpp, line 516]
Event: 17.009 Thread 0x000001b345f1af90 Exception <a 'java/io/FileNotFoundException'{0x00000000eb2d8ec8}> (0x00000000eb2d8ec8) 
thrown [s\src\hotspot\share\prims\jni.cpp, line 516]
Event: 17.009 Thread 0x000001b345f1af90 Exception <a 'java/io/FileNotFoundException'{0x00000000eb2da0d8}> (0x00000000eb2da0d8) 
thrown [s\src\hotspot\share\prims\jni.cpp, line 516]
Event: 17.557 Thread 0x000001b345f14540 Implicit null exception at 0x000001b333fabb2c to 0x000001b333fabc4c
Event: 19.251 Thread 0x000001b345f14540 Implicit null exception at 0x000001b33405ca30 to 0x000001b334061118

VM Operations (20 events):
Event: 19.659 Executing VM operation: ParallelGCFailedAllocation done
Event: 19.672 Executing VM operation: ParallelGCFailedAllocation
Event: 19.673 Executing VM operation: ParallelGCFailedAllocation done
Event: 19.683 Executing VM operation: ParallelGCFailedAllocation
Event: 19.684 Executing VM operation: ParallelGCFailedAllocation done
Event: 19.698 Executing VM operation: ParallelGCFailedAllocation
Event: 19.700 Executing VM operation: ParallelGCFailedAllocation done
Event: 19.714 Executing VM operation: ParallelGCFailedAllocation
Event: 19.715 Executing VM operation: ParallelGCFailedAllocation done
Event: 19.729 Executing VM operation: ParallelGCFailedAllocation
Event: 19.730 Executing VM operation: ParallelGCFailedAllocation done
Event: 19.740 Executing VM operation: ParallelGCFailedAllocation
Event: 19.741 Executing VM operation: ParallelGCFailedAllocation done
Event: 19.750 Executing VM operation: ParallelGCFailedAllocation
Event: 19.751 Executing VM operation: ParallelGCFailedAllocation done
Event: 19.761 Executing VM operation: ParallelGCFailedAllocation
Event: 19.762 Executing VM operation: ParallelGCFailedAllocation done
Event: 19.777 Executing VM operation: ParallelGCFailedAllocation
Event: 19.847 Executing VM operation: ParallelGCFailedAllocation done
Event: 19.860 Executing VM operation: ParallelGCFailedAllocation

Events (20 events):
Event: 19.169 Thread 0x000001b3423e8eb0 flushing nmethod 0x000001b32cdd1c10
Event: 19.169 Thread 0x000001b3423e8eb0 flushing nmethod 0x000001b32cdd2590
Event: 19.169 Thread 0x000001b3423e8eb0 flushing nmethod 0x000001b32cde2210
Event: 19.169 Thread 0x000001b3423e8eb0 flushing nmethod 0x000001b32cde3090
Event: 19.169 Thread 0x000001b3423e8eb0 flushing nmethod 0x000001b32cde3810
Event: 19.169 Thread 0x000001b3423e8eb0 flushing nmethod 0x000001b32cde4610
Event: 19.169 Thread 0x000001b3423e8eb0 flushing nmethod 0x000001b32cde5510
Event: 19.169 Thread 0x000001b3423e8eb0 flushing nmethod 0x000001b32cde5f90
Event: 19.169 Thread 0x000001b3423e8eb0 flushing nmethod 0x000001b32cde6710
Event: 19.169 Thread 0x000001b3423e8eb0 flushing nmethod 0x000001b32cde7e90
Event: 19.169 Thread 0x000001b3423e8eb0 flushing nmethod 0x000001b32cded690
Event: 19.169 Thread 0x000001b3423e8eb0 flushing nmethod 0x000001b32cdefc90
Event: 19.169 Thread 0x000001b3423e8eb0 flushing nmethod 0x000001b32cdf1710
Event: 19.169 Thread 0x000001b3423e8eb0 flushing nmethod 0x000001b32cdf2d90
Event: 19.169 Thread 0x000001b3423e8eb0 flushing nmethod 0x000001b32cdf3110
Event: 19.169 Thread 0x000001b3423e8eb0 flushing nmethod 0x000001b32cdf3a90
Event: 19.169 Thread 0x000001b3423e8eb0 flushing nmethod 0x000001b32cdf7710
Event: 19.169 Thread 0x000001b3423e8eb0 flushing nmethod 0x000001b32ce07a90
Event: 19.169 Thread 0x000001b3423e8eb0 flushing nmethod 0x000001b32ce43110
Event: 19.169 Thread 0x000001b3423e8eb0 flushing nmethod 0x000001b32ce44e10


Dynamic libraries:
0x00007ff645590000 - 0x00007ff64559e000 	c:\Users\msi\.vscode\extensions\redhat.java-1.30.0-win32-x64\jre\17.0.10-win32-x86_64\bin\java.exe
0x00007ffba4450000 - 0x00007ffba4666000 	C:\WINDOWS\SYSTEM32\ntdll.dll
0x00007ffba2a00000 - 0x00007ffba2ac4000 	C:\WINDOWS\System32\KERNEL32.DLL
0x00007ffba1b50000 - 0x00007ffba1ef7000 	C:\WINDOWS\System32\KERNELBASE.dll
0x00007ffba1a30000 - 0x00007ffba1b41000 	C:\WINDOWS\System32\ucrtbase.dll
0x00007ffb72080000 - 0x00007ffb72097000 	c:\Users\msi\.vscode\extensions\redhat.java-1.30.0-win32-x64\jre\17.0.10-win32-x86_64\bin\jli.dll
0x00007ffba27d0000 - 0x00007ffba297e000 	C:\WINDOWS\System32\USER32.dll
0x00007ffba2060000 - 0x00007ffba2086000 	C:\WINDOWS\System32\win32u.dll
0x00007ffba2980000 - 0x00007ffba29a9000 	C:\WINDOWS\System32\GDI32.dll
0x00007ffba1770000 - 0x00007ffba1889000 	C:\WINDOWS\System32\gdi32full.dll
0x00007ffba1f00000 - 0x00007ffba1f9a000 	C:\WINDOWS\System32\msvcp_win.dll
0x00007ffb6e1a0000 - 0x00007ffb6e1bb000 	c:\Users\msi\.vscode\extensions\redhat.java-1.30.0-win32-x64\jre\17.0.10-win32-x86_64\bin\VCRUNTIME140.dll
0x00007ffba09d0000 - 0x00007ffba0c63000 	C:\WINDOWS\WinSxS\amd64_microsoft.windows.common-controls_6595b64144ccf1df_6.0.22621.3235_none_270f74e173860f98\COMCTL32.dll
0x00007ffba2d00000 - 0x00007ffba2da7000 	C:\WINDOWS\System32\msvcrt.dll
0x00007ffba3f60000 - 0x00007ffba3f91000 	C:\WINDOWS\System32\IMM32.DLL
0x00007ffb9d890000 - 0x00007ffb9d89c000 	c:\Users\msi\.vscode\extensions\redhat.java-1.30.0-win32-x64\jre\17.0.10-win32-x86_64\bin\vcruntime140_1.dll
0x00007ffb459b0000 - 0x00007ffb45a3d000 	c:\Users\msi\.vscode\extensions\redhat.java-1.30.0-win32-x64\jre\17.0.10-win32-x86_64\bin\msvcp140.dll
0x00007ffb001f0000 - 0x00007ffb00e52000 	c:\Users\msi\.vscode\extensions\redhat.java-1.30.0-win32-x64\jre\17.0.10-win32-x86_64\bin\server\jvm.dll
0x00007ffba2b50000 - 0x00007ffba2c02000 	C:\WINDOWS\System32\ADVAPI32.dll
0x00007ffba2270000 - 0x00007ffba2318000 	C:\WINDOWS\System32\sechost.dll
0x00007ffba1890000 - 0x00007ffba18b8000 	C:\WINDOWS\System32\bcrypt.dll
0x00007ffba26b0000 - 0x00007ffba27c5000 	C:\WINDOWS\System32\RPCRT4.dll
0x00007ffba12d0000 - 0x00007ffba131d000 	C:\WINDOWS\SYSTEM32\POWRPROF.dll
0x00007ffb86950000 - 0x00007ffb86959000 	C:\WINDOWS\SYSTEM32\WSOCK32.dll
0x00007ffba2ad0000 - 0x00007ffba2b41000 	C:\WINDOWS\System32\WS2_32.dll
0x00007ffb9e050000 - 0x00007ffb9e05a000 	C:\WINDOWS\SYSTEM32\VERSION.dll
0x00007ffb95b50000 - 0x00007ffb95b84000 	C:\WINDOWS\SYSTEM32\WINMM.dll
0x00007ffba0d60000 - 0x00007ffba0d73000 	C:\WINDOWS\SYSTEM32\UMPDC.dll
0x00007ffb9f8e0000 - 0x00007ffb9f8f8000 	C:\WINDOWS\SYSTEM32\kernel.appcore.dll
0x00007ffb995a0000 - 0x00007ffb995aa000 	c:\Users\msi\.vscode\extensions\redhat.java-1.30.0-win32-x64\jre\17.0.10-win32-x86_64\bin\jimage.dll
0x00007ffba1090000 - 0x00007ffba12c3000 	C:\WINDOWS\SYSTEM32\DBGHELP.DLL
0x00007ffba2320000 - 0x00007ffba26a8000 	C:\WINDOWS\System32\combase.dll
0x00007ffba4150000 - 0x00007ffba4227000 	C:\WINDOWS\System32\OLEAUT32.dll
0x00007ffba0f80000 - 0x00007ffba0fb2000 	C:\WINDOWS\SYSTEM32\dbgcore.DLL
0x00007ffba2090000 - 0x00007ffba2109000 	C:\WINDOWS\System32\bcryptPrimitives.dll
0x00007ffb99560000 - 0x00007ffb9956e000 	c:\Users\msi\.vscode\extensions\redhat.java-1.30.0-win32-x64\jre\17.0.10-win32-x86_64\bin\instrument.dll
0x00007ffb5a070000 - 0x00007ffb5a095000 	c:\Users\msi\.vscode\extensions\redhat.java-1.30.0-win32-x64\jre\17.0.10-win32-x86_64\bin\java.dll
0x00007ffb65d20000 - 0x00007ffb65d38000 	c:\Users\msi\.vscode\extensions\redhat.java-1.30.0-win32-x64\jre\17.0.10-win32-x86_64\bin\zip.dll
0x00007ffba2f40000 - 0x00007ffba379c000 	C:\WINDOWS\System32\SHELL32.dll
0x00007ffb9e780000 - 0x00007ffb9f079000 	C:\WINDOWS\SYSTEM32\windows.storage.dll
0x00007ffb9e640000 - 0x00007ffb9e77e000 	C:\WINDOWS\SYSTEM32\wintypes.dll
0x00007ffba4230000 - 0x00007ffba4323000 	C:\WINDOWS\System32\SHCORE.dll
0x00007ffba2180000 - 0x00007ffba21de000 	C:\WINDOWS\System32\shlwapi.dll
0x00007ffba16a0000 - 0x00007ffba16c1000 	C:\WINDOWS\SYSTEM32\profapi.dll
0x00007ffb64840000 - 0x00007ffb64859000 	C:\Users\msi\.vscode\extensions\redhat.java-1.30.0-win32-x64\jre\17.0.10-win32-x86_64\bin\net.dll
0x00007ffb9a530000 - 0x00007ffb9a666000 	C:\WINDOWS\SYSTEM32\WINHTTP.dll
0x00007ffb9fd00000 - 0x00007ffb9fd69000 	C:\WINDOWS\system32\mswsock.dll
0x00007ffb62c50000 - 0x00007ffb62c66000 	C:\Users\msi\.vscode\extensions\redhat.java-1.30.0-win32-x64\jre\17.0.10-win32-x86_64\bin\nio.dll
0x00007ffb8cce0000 - 0x00007ffb8ccf0000 	c:\Users\msi\.vscode\extensions\redhat.java-1.30.0-win32-x64\jre\17.0.10-win32-x86_64\bin\verify.dll
0x00007ffb59b20000 - 0x00007ffb59b5e000 	C:\Users\msi\AppData\Roaming\Code\User\globalStorage\redhat.java\1.30.0\config_win\org.eclipse.equinox.launcher\org.eclipse.equinox.launcher.win32.win32.x86_64_1.2.900.v20240213-1244\eclipse_11900.dll
0x00007ffba3fa0000 - 0x00007ffba4145000 	C:\WINDOWS\System32\ole32.dll
0x00007ffba1410000 - 0x00007ffba142b000 	C:\WINDOWS\SYSTEM32\CRYPTSP.dll
0x00007ffb9f840000 - 0x00007ffb9f875000 	C:\WINDOWS\system32\rsaenh.dll
0x00007ffb9fda0000 - 0x00007ffb9fdc8000 	C:\WINDOWS\SYSTEM32\USERENV.dll
0x00007ffba0030000 - 0x00007ffba003c000 	C:\WINDOWS\SYSTEM32\CRYPTBASE.dll
0x00007ffb9f350000 - 0x00007ffb9f37d000 	C:\WINDOWS\SYSTEM32\IPHLPAPI.DLL
0x00007ffba2cd0000 - 0x00007ffba2cd9000 	C:\WINDOWS\System32\NSI.dll
0x00007ffb9a770000 - 0x00007ffb9a789000 	C:\WINDOWS\SYSTEM32\dhcpcsvc6.DLL
0x00007ffb9a300000 - 0x00007ffb9a31f000 	C:\WINDOWS\SYSTEM32\dhcpcsvc.DLL
0x00007ffb9f3c0000 - 0x00007ffb9f4b9000 	C:\WINDOWS\SYSTEM32\DNSAPI.dll
0x00007ffb5a020000 - 0x00007ffb5a065000 	C:\Users\msi\AppData\Local\Temp\jna-108419\jna4283155656204827106.dll
0x00007ffba3f50000 - 0x00007ffba3f58000 	C:\WINDOWS\System32\PSAPI.DLL

dbghelp: loaded successfully - version: 4.0.5 - missing functions: none
symbol engine: initialized successfully - sym options: 0x614 - pdb path: .;c:\Users\msi\.vscode\extensions\redhat.java-1.30.0-win32-x64\jre\17.0.10-win32-x86_64\bin;C:\WINDOWS\SYSTEM32;C:\WINDOWS\WinSxS\amd64_microsoft.windows.common-controls_6595b64144ccf1df_6.0.22621.3235_none_270f74e173860f98;c:\Users\msi\.vscode\extensions\redhat.java-1.30.0-win32-x64\jre\17.0.10-win32-x86_64\bin\server;C:\Users\msi\AppData\Roaming\Code\User\globalStorage\redhat.java\1.30.0\config_win\org.eclipse.equinox.launcher\org.eclipse.equinox.launcher.win32.win32.x86_64_1.2.900.v20240213-1244;C:\Users\msi\AppData\Local\Temp\jna-108419

VM Arguments:
jvm_args: --add-modules=ALL-SYSTEM --add-opens=java.base/java.util=ALL-UNNAMED --add-opens=java.base/java.lang=ALL-UNNAMED --add-opens=java.base/sun.nio.fs=ALL-UNNAMED -Declipse.application=org.eclipse.jdt.ls.core.id1 -Dosgi.bundles.defaultStartLevel=4 -Declipse.product=org.eclipse.jdt.ls.core.product -Djava.import.generatesMetadataFilesAtProjectRoot=false -DDetectVMInstallationsJob.disabled=true -Dfile.encoding=utf8 -XX:+UseParallelGC -XX:GCTimeRatio=4 -XX:AdaptiveSizePolicyWeight=90 -Dsun.zip.disableMemoryMapping=true -Xmx1G -Xms100m -Xlog:disable -javaagent:c:\Users\msi\.vscode\extensions\redhat.java-1.30.0-win32-x64\lombok\lombok-1.18.32.jar -XX:+HeapDumpOnOutOfMemoryError -XX:HeapDumpPath=c:\Users\msi\AppData\Roaming\Code\User\workspaceStorage\ea2dbe5686b311bfe3bfbaa239bcab37\redhat.java -Daether.dependencyCollector.impl=bf 
java_command: c:\Users\msi\.vscode\extensions\redhat.java-1.30.0-win32-x64\server\plugins\org.eclipse.equinox.launcher_1.6.800.v20240330-1250.jar -configuration c:\Users\msi\AppData\Roaming\Code\User\globalStorage\redhat.java\1.30.0\config_win -data c:\Users\msi\AppData\Roaming\Code\User\workspaceStorage\ea2dbe5686b311bfe3bfbaa239bcab37\redhat.java\jdt_ws --pipe=\\.\pipe\lsp-c7df1348ff95085932ae147831576882-sock
java_class_path (initial): c:\Users\msi\.vscode\extensions\redhat.java-1.30.0-win32-x64\server\plugins\org.eclipse.equinox.launcher_1.6.800.v20240330-1250.jar
Launcher Type: SUN_STANDARD

[Global flags]
    uintx AdaptiveSizePolicyWeight                 = 90                                        {product} {command line}
     intx CICompilerCount                          = 4                                         {product} {ergonomic}
    uintx GCTimeRatio                              = 4                                         {product} {command line}
     bool HeapDumpOnOutOfMemoryError               = true                                   {manageable} {command line}
    ccstr HeapDumpPath                             = c:\Users\msi\AppData\Roaming\Code\User\workspaceStorage\ea2dbe5686b311bfe3bfbaa239bcab37\redhat.java         {manageable} {command line}
   size_t InitialHeapSize                          = 104857600                                 {product} {command line}
   size_t MaxHeapSize                              = 1073741824                                {product} {command line}
   size_t MaxNewSize                               = 357564416                                 {product} {ergonomic}
   size_t MinHeapDeltaBytes                        = 524288                                    {product} {ergonomic}
   size_t MinHeapSize                              = 104857600                                 {product} {command line}
   size_t NewSize                                  = 34603008                                  {product} {ergonomic}
    uintx NonNMethodCodeHeapSize                   = 5839372                                {pd product} {ergonomic}
    uintx NonProfiledCodeHeapSize                  = 122909434                              {pd product} {ergonomic}
   size_t OldSize                                  = 70254592                                  {product} {ergonomic}
    uintx ProfiledCodeHeapSize                     = 122909434                              {pd product} {ergonomic}
    uintx ReservedCodeCacheSize                    = 251658240                              {pd product} {ergonomic}
     bool SegmentedCodeCache                       = true                                      {product} {ergonomic}
   size_t SoftMaxHeapSize                          = 1073741824                             {manageable} {ergonomic}
     bool UseCompressedClassPointers               = true                           {product lp64_product} {ergonomic}
     bool UseCompressedOops                        = true                           {product lp64_product} {ergonomic}
     bool UseLargePagesIndividualAllocation        = false                                  {pd product} {ergonomic}
     bool UseParallelGC                            = true                                      {product} {command line}

Logging:
Log output configuration:
 #0: stdout all=off uptime,level,tags
 #1: stderr all=off uptime,level,tags

Environment Variables:
JAVA_HOME=C:\Program Files\Java\jdk-20
PATH=C:\Program Files\Common Files\Oracle\Java\javapath;C:\Windows\system32;C:\Windows;C:\Windows\System32\Wbem;C:\Windows\System32\WindowsPowerShell\v1.0\;C:\Windows\System32\OpenSSH\;C:\Program Files (x86)\NVIDIA Corporation\PhysX\Common;C:\Program Files\NVIDIA Corporation\NVIDIA NvDLISR;C:\Program Files\Git\cmd;C:\Users\msi\AppData\Roaming\npm\node_modules;C:\SQLite;C:\Program Files\MySQL\MySQL Server 8.0\bin;C:\Users\msi\Downloads\Redis-x64-3.2.100;C:\Users\msi\AppData\Roaming\nvm;C:\Program Files\nodejs;C:\WINDOWS\system32;C:\WINDOWS;C:\WINDOWS\System32\Wbem;C:\WINDOWS\System32\WindowsPowerShell\v1.0\;C:\WINDOWS\System32\OpenSSH\;;C:\Users\msi\AppData\Local\Android\Sdk\ndk\23.1.7779620;C:\Program Files\IBM\SPSS\Statistics\23\JRE\bin;C:\Program Files\Java\jdk-20\bin\;C:\gradle-8.2\bin;C:\Program Files (x86)\Yarn\bin\;C:\Program Files\PostgreSQL\15\bin;C:\Program Files\nodejs\;C:\Program Files (x86)\sbt\bin;C:\Program Files\Docker\Docker\resources\bin;C:\Users\msi\AppData\Local\Microsoft\WindowsApps;C:\Users\msi\AppData\Local\Programs\Microsoft VS Code\bin;C:\Program Files\heroku\bin;C:\Users\msi\AppData\Roaming\nvm;C:\Program Files\nodejs;C:\Program Files\MongoDB\Server\4.4\bin;C:\Users\msi\AppData\Local\Yarn\bin;C:\Program Files\JetBrains\PyCharm 2023.2.1\bin;;C:\Users\msi\AppData\Roaming\npm
USERNAME=msi
OS=Windows_NT
PROCESSOR_IDENTIFIER=Intel64 Family 6 Model 165 Stepping 2, GenuineIntel
TMP=C:\Users\msi\AppData\Local\Temp
TEMP=C:\Users\msi\AppData\Local\Temp



Periodic native trim disabled


---------------  S Y S T E M  ---------------

OS:
 Windows 11 , 64 bit Build 22621 (10.0.22621.3374)
OS uptime: 4 days 6:34 hours
Hyper-V role detected

CPU: total 12 (initial active 12) (6 cores per cpu, 2 threads per core) family 6 model 165 stepping 2 microcode 0xe2, cx8, cmov, fxsr, ht, mmx, 3dnowpref, sse, sse2, sse3, ssse3, sse4.1, sse4.2, popcnt, lzcnt, tsc, tscinvbit, avx, avx2, aes, erms, clmul, bmi1, bmi2, adx, fma, vzeroupper, clflush, clflushopt, hv
Processor Information for all 12 processors :
  Max Mhz: 2592, Current Mhz: 2592, Mhz Limit: 2592

Memory: 4k page, system-wide physical 16201M (1300M free)
TotalPageFile size 27465M (AvailPageFile size 5593M)
current process WorkingSet (physical memory assigned to process): 391M, peak: 391M
current process commit charge ("private bytes"): 411M, peak: 411M

vm_info: OpenJDK 64-Bit Server VM (17.0.10+7) for windows-amd64 JRE (17.0.10+7), built on Jan 16 2024 23:25:11 by "admin" with MS VC++ 16.10 / 16.11 (VS2019)

END.
