#
# A fatal error has been detected by the Java Runtime Environment:
#
#  EXCEPTION_ACCESS_VIOLATION (0xc0000005) at pc=0x00007ffd9e430316, pid=7324, tid=4076
#
# JRE version: OpenJDK Runtime Environment Temurin-17.0.10+7 (17.0.10+7) (build 17.0.10+7)
# Java VM: OpenJDK 64-Bit Server VM Temurin-17.0.10+7 (17.0.10+7, mixed mode, tiered, compressed oops, compressed class ptrs, parallel gc, windows-amd64)
# Problematic frame:
# V  [jvm.dll+0x6b0316]
#
# No core dump will be written. Minidumps are not enabled by default on client versions of Windows
#
# If you would like to submit a bug report, please visit:
#   https://github.com/adoptium/adoptium-support/issues
#

---------------  S U M M A R Y ------------

Command Line: --add-modules=ALL-SYSTEM --add-opens=java.base/java.util=ALL-UNNAMED --add-opens=java.base/java.lang=ALL-UNNAMED --add-opens=java.base/sun.nio.fs=ALL-UNNAMED -Declipse.application=org.eclipse.jdt.ls.core.id1 -Dosgi.bundles.defaultStartLevel=4 -Declipse.product=org.eclipse.jdt.ls.core.product -Djava.import.generatesMetadataFilesAtProjectRoot=false -DDetectVMInstallationsJob.disabled=true -Dfile.encoding=utf8 -XX:+UseParallelGC -XX:GCTimeRatio=4 -XX:AdaptiveSizePolicyWeight=90 -Dsun.zip.disableMemoryMapping=true -Xmx1G -Xms100m -Xlog:disable -javaagent:c:\Users\msi\.vscode\extensions\redhat.java-1.30.0-win32-x64\lombok\lombok-1.18.32.jar -XX:+HeapDumpOnOutOfMemoryError -XX:HeapDumpPath=c:\Users\msi\AppData\Roaming\Code\User\workspaceStorage\ea2dbe5686b311bfe3bfbaa239bcab37\redhat.java -Daether.dependencyCollector.impl=bf c:\Users\msi\.vscode\extensions\redhat.java-1.30.0-win32-x64\server\plugins\org.eclipse.equinox.launcher_1.6.800.v20240330-1250.jar -configuration c:\Users\msi\AppData\Roaming\Code\User\globalStorage\redhat.java\1.30.0\config_win -data c:\Users\msi\AppData\Roaming\Code\User\workspaceStorage\ea2dbe5686b311bfe3bfbaa239bcab37\redhat.java\jdt_ws --pipe=\\.\pipe\lsp-8d50ee070ad7ab62ff31d05293a505c0-sock

Host: Intel(R) Core(TM) i7-10750H CPU @ 2.60GHz, 12 cores, 15G,  Windows 11 , 64 bit Build 22621 (10.0.22621.3374)
Time: Sat Apr 27 13:06:40 2024 W. Europe Daylight Time elapsed time: 22.237631 seconds (0d 0h 0m 22s)

---------------  T H R E A D  ---------------

Current thread (0x00000256c5d60ba0):  GCTaskThread "GC Thread#1" [stack: 0x000000a312100000,0x000000a312200000] [id=4076]

Stack: [0x000000a312100000,0x000000a312200000],  sp=0x000000a3121ff810,  free space=1022k
Native frames: (J=compiled Java code, j=interpreted, Vv=VM code, C=native code)
V  [jvm.dll+0x6b0316]
V  [jvm.dll+0x6b0663]
V  [jvm.dll+0x6b8cfc]
V  [jvm.dll+0x6b9cfa]
V  [jvm.dll+0x86226b]
V  [jvm.dll+0x8622b6]
V  [jvm.dll+0x7e3fba]
V  [jvm.dll+0x67c1b5]
C  [ucrtbase.dll+0x29333]
C  [KERNEL32.DLL+0x1257d]
C  [ntdll.dll+0x5aa48]


siginfo: EXCEPTION_ACCESS_VIOLATION (0xc0000005), reading address 0xffffffffffffffff


Registers:
RAX=0x1fffffffe8000001, RBX=0x0000000000000008, RCX=0x0000000000000001, RDX=0x00000256bccb0000
RSP=0x000000a3121ff810, RBP=0x00000256bee8e070, RSI=0x0000000000000003, RDI=0x00000000eafacaac
R8 =0x007fffffffa00000, R9 =0x0000000000002f57, R10=0x00000000eafacba0, R11=0x000000000000055f
R12=0x000000a3112ff248, R13=0x0000000000000010, R14=0x00000000eafacad4, R15=0x0000000000000000
RIP=0x00007ffd9e430316, EFLAGS=0x0000000000010206


Register to memory mapping:

RIP=0x00007ffd9e430316 jvm.dll
RAX=0x1fffffffe8000001 is an unknown value
RBX=0x0000000000000008 is an unknown value
RCX=0x0000000000000001 is an unknown value
RDX=0x00000256bccb0000 points into unknown readable memory: 0x0000000000100005 | 05 00 10 00 00 00 00 00
RSP=0x000000a3121ff810 points into unknown readable memory: 0x00000000eafacba0 | a0 cb fa ea 00 00 00 00
RBP=0x00000256bee8e070 points into unknown readable memory: 0x00000256a8d70150 | 50 01 d7 a8 56 02 00 00
RSI=0x0000000000000003 is an unknown value
RDI=0x00000000eafacaac points into unknown readable memory: 08 00 00 00
R8 =0x007fffffffa00000 is an unknown value
R9 =0x0000000000002f57 is an unknown value
R10=0x00000000eafacba0 is an oop: org.eclipse.jdt.internal.core.util.SimpleWordSet 
{0x00000000eafacba0} - klass: 'org/eclipse/jdt/internal/core/util/SimpleWordSet'
 - ---- fields (total size 3 words):
 - public 'elementSize' 'I' @12  3
 - public 'threshold' 'I' @16  4
 - public 'words' '[[C' @20  a {type array char}[6] {0x00000000eafacbb8} (eafacbb8)
R11=0x000000000000055f is an unknown value
R12=0x000000a3112ff248 points into unknown readable memory: 0x000000000000000a | 0a 00 00 00 00 00 00 00
R13=0x0000000000000010 is an unknown value
R14=0x00000000eafacad4 points into unknown readable memory: 00 00 00 00
R15=0x0 is NULL


Top of Stack: (sp=0x000000a3121ff810)
0x000000a3121ff810:   00000000eafacba0 00000000eafacaa0
0x000000a3121ff820:   0000000000000000 00007ffd9e8ac7a0
0x000000a3121ff830:   00007ffd9e8ac7a0 00007ffd9e430663
0x000000a3121ff840:   00000256bee8e070 00007ffd9e69bb90
0x000000a3121ff850:   00007ffd9e731158 0000000000002f4f
0x000000a3121ff860:   00007ffd9e69bb90 00000256ab031440
0x000000a3121ff870:   0000025600000003 00000256bee8e070
0x000000a3121ff880:   0000000000000000 0000000000000000
0x000000a3121ff890:   00007ffd9e69bb90 00000256ab031440
0x000000a3121ff8a0:   0000025600000003 00000256bee8e070
0x000000a3121ff8b0:   0000000000000000 0000000000000000
0x000000a3121ff8c0:   0000000000000007 00000000c7900fe0
0x000000a3121ff8d0:   00000000c7900fe0 000000000000000c
0x000000a3121ff8e0:   00000256bee8e070 00007ffd9e438cfc
0x000000a3121ff8f0:   00000000ca6b2b98 00000000c7900fdc
0x000000a3121ff900:   00000256bee8e070 00000000ca6b2b98
0x000000a3121ff910:   00000000c78f6fd0 000000a300002000
0x000000a3121ff920:   00007ffd9e731948 000000a3112ff100
0x000000a3121ff930:   0000000000000000 0000000000000000
0x000000a3121ff940:   0000000000000007 000000a3112ff240
0x000000a3121ff950:   000000a3112ff208 000000a3112ff100
0x000000a3121ff960:   000000a3112ff100 00007ffd9e439cfa
0x000000a3121ff970:   0000000000000005 000000a3121ff9f0
0x000000a3121ff980:   0000000000000000 00000256c5d60ba0
0x000000a3121ff990:   000000a3112ff4a0 00000256c4186a90
0x000000a3121ff9a0:   0000000700000002 00000256bee8e070
0x000000a3121ff9b0:   00007ffd9e731948 00000256bee8e070
0x000000a3121ff9c0:   00007ffd9e731b50 0000000000000007
0x000000a3121ff9d0:   0000000000000000 0000000000000000
0x000000a3121ff9e0:   0000000000000000 0000665b3c9727f3
0x000000a3121ff9f0:   0000000000000000 00000256c5d60ba0
0x000000a3121ffa00:   0000000000000000 0000000000000000 

Instructions: (pc=0x00007ffd9e430316)
0x00007ffd9e430216:   48 8b 74 24 48 48 83 c4 20 5f c3 cc cc cc cc cc
0x00007ffd9e430226:   cc cc cc cc cc cc cc cc cc cc 48 89 5c 24 08 48
0x00007ffd9e430236:   89 6c 24 10 48 89 74 24 18 48 89 7c 24 20 41 56
0x00007ffd9e430246:   48 83 ec 20 80 3d 30 31 4d 00 00 bb 10 00 00 00
0x00007ffd9e430256:   48 8b e9 4d 63 d0 4c 8b da 8b c3 8d 4b fc 0f 84
0x00007ffd9e430266:   06 01 00 00 44 0f b6 0d 10 31 4d 00 45 84 c9 0f
0x00007ffd9e430276:   45 c1 4c 63 04 10 49 8b d2 49 8b c0 49 2b c2 41
0x00007ffd9e430286:   ba 00 08 00 00 49 3b c2 4c 0f 42 d0 b8 18 00 00
0x00007ffd9e430296:   00 4c 03 d2 45 84 c9 0f 45 c3 49 03 c3 48 8d 3c
0x00007ffd9e4302a6:   90 4e 8d 34 90 4d 3b d0 73 0e 4d 8b c2 49 8b d3
0x00007ffd9e4302b6:   48 8b cd e8 82 0b 00 00 49 3b fe 0f 83 90 01 00
0x00007ffd9e4302c6:   00 66 0f 1f 84 00 00 00 00 00 8b 07 85 c0 0f 84
0x00007ffd9e4302d6:   84 00 00 00 8b 0d 08 70 46 00 8b d8 48 8b 15 17
0x00007ffd9e4302e6:   d3 4e 00 48 d3 e3 48 03 1d ed 6f 46 00 8b 0d 3f
0x00007ffd9e4302f6:   7f 46 00 48 8b c3 48 2b 02 48 8b 52 10 48 c1 e8
0x00007ffd9e430306:   03 48 d3 e8 4c 8b c0 24 3f 49 c1 e8 06 0f b6 c8
0x00007ffd9e430316:   4a 8b 04 c2 48 0f a3 c8 72 3e 48 8b cb e8 78 c7
0x00007ffd9e430326:   95 ff 48 63 f0 48 8d 0d 9e d4 4e 00 4c 8b c6 48
0x00007ffd9e430336:   8b d3 e8 d3 72 fd ff 84 c0 74 1d 4c 8b c6 48 8d
0x00007ffd9e430346:   0d c5 d4 4e 00 48 8b d3 e8 0d 2f 00 00 48 8b d3
0x00007ffd9e430356:   48 8b cd e8 42 0a 00 00 48 83 c7 04 49 3b fe 0f
0x00007ffd9e430366:   82 65 ff ff ff e9 e7 00 00 00 0f b6 15 0b 30 4d
0x00007ffd9e430376:   00 84 d2 48 0f 45 c1 49 8b ca 4e 63 0c 18 49 8b
0x00007ffd9e430386:   c1 49 2b c2 41 ba 00 08 00 00 49 3b c2 4c 0f 42
0x00007ffd9e430396:   d0 b8 18 00 00 00 4c 03 d1 84 d2 48 0f 45 c3 49
0x00007ffd9e4303a6:   03 c3 48 8d 3c c8 4e 8d 34 d0 4d 3b d1 73 0e 4d
0x00007ffd9e4303b6:   8b c2 49 8b d3 48 8b cd e8 7d 0a 00 00 49 3b fe
0x00007ffd9e4303c6:   0f 83 8b 00 00 00 0f 1f 40 00 48 8b 1f 48 85 db
0x00007ffd9e4303d6:   74 72 48 8b 15 21 d2 4e 00 48 8b c3 8b 0d 50 7e
0x00007ffd9e4303e6:   46 00 48 2b 02 48 8b 52 10 48 c1 e8 03 48 d3 e8
0x00007ffd9e4303f6:   4c 8b c0 24 3f 49 c1 e8 06 0f b6 c8 4a 8b 04 c2
0x00007ffd9e430406:   48 0f a3 c8 72 3e 48 8b cb e8 8c c6 95 ff 48 63 


Stack slot to memory mapping:
stack at sp + 0 slots: 0x00000000eafacba0 is an oop: org.eclipse.jdt.internal.core.util.SimpleWordSet 
{0x00000000eafacba0} - klass: 'org/eclipse/jdt/internal/core/util/SimpleWordSet'
 - ---- fields (total size 3 words):
 - public 'elementSize' 'I' @12  3
 - public 'threshold' 'I' @16  4
 - public 'words' '[[C' @20  a {type array char}[6] {0x00000000eafacbb8} (eafacbb8)
stack at sp + 1 slots: 0x00000000eafacaa0 points into unknown readable memory: 0x00000000eafacba0 | a0 cb fa ea 00 00 00 00
stack at sp + 2 slots: 0x0 is NULL
stack at sp + 3 slots: 0x00007ffd9e8ac7a0 jvm.dll
stack at sp + 4 slots: 0x00007ffd9e8ac7a0 jvm.dll
stack at sp + 5 slots: 0x00007ffd9e430663 jvm.dll
stack at sp + 6 slots: 0x00000256bee8e070 points into unknown readable memory: 0x00000256a8d70150 | 50 01 d7 a8 56 02 00 00
stack at sp + 7 slots: 0x00007ffd9e69bb90 jvm.dll


---------------  P R O C E S S  ---------------

Threads class SMR info:
_java_thread_list=0x00000256c98a21f0, length=44, elements={
0x00000256ab022e90, 0x00000256beeac020, 0x00000256beead640, 0x00000256c3fa4f20,
0x00000256c3fa5af0, 0x00000256c3fa70c0, 0x00000256c3fa8fa0, 0x00000256c3fb8bc0,
0x00000256c3fbbd30, 0x00000256c3fbce20, 0x00000256c3fab310, 0x00000256c3faae00,
0x00000256c3faa8f0, 0x00000256c3fa9ed0, 0x00000256c3fa94b0, 0x00000256c3fab820,
0x00000256c3fa99c0, 0x00000256c3faa3e0, 0x00000256c64e9ec0, 0x00000256c64eb810,
0x00000256c64ee090, 0x00000256c64ee5a0, 0x00000256c64ebd20, 0x00000256c64eeab0,
0x00000256c64eefc0, 0x00000256c64eadf0, 0x00000256c64e8570, 0x00000256c64ef4d0,
0x00000256c64ed670, 0x00000256c64ed160, 0x00000256c64eb300, 0x00000256c64e8060,
0x00000256c64ef9e0, 0x00000256c64ea3d0, 0x00000256c64e8a80, 0x00000256c64e8f90,
0x00000256c64e94a0, 0x00000256c64ec740, 0x00000256c64e99b0, 0x00000256c64ecc50,
0x00000256cb833140, 0x00000256cb834fa0, 0x00000256cb830dd0, 0x00000256cb8354b0
}

Java Threads: ( => current thread )
  0x00000256ab022e90 JavaThread "main" [_thread_blocked, id=3948, stack(0x000000a311000000,0x000000a311100000)]
  0x00000256beeac020 JavaThread "Reference Handler" daemon [_thread_blocked, id=23128, stack(0x000000a311300000,0x000000a311400000)]
  0x00000256beead640 JavaThread "Finalizer" daemon [_thread_blocked, id=956, stack(0x000000a311400000,0x000000a311500000)]
  0x00000256c3fa4f20 JavaThread "Signal Dispatcher" daemon [_thread_blocked, id=12972, stack(0x000000a311500000,0x000000a311600000)]
  0x00000256c3fa5af0 JavaThread "Attach Listener" daemon [_thread_blocked, id=22012, stack(0x000000a311600000,0x000000a311700000)]
  0x00000256c3fa70c0 JavaThread "Service Thread" daemon [_thread_blocked, id=12480, stack(0x000000a311700000,0x000000a311800000)]
  0x00000256c3fa8fa0 JavaThread "Monitor Deflation Thread" daemon [_thread_blocked, id=19972, stack(0x000000a311800000,0x000000a311900000)]
  0x00000256c3fb8bc0 JavaThread "C2 CompilerThread0" daemon [_thread_blocked, id=12060, stack(0x000000a311900000,0x000000a311a00000)]
  0x00000256c3fbbd30 JavaThread "C1 CompilerThread0" daemon [_thread_blocked, id=2584, stack(0x000000a311a00000,0x000000a311b00000)]
  0x00000256c3fbce20 JavaThread "Sweeper thread" daemon [_thread_blocked, id=16800, stack(0x000000a311b00000,0x000000a311c00000)]
  0x00000256c3fab310 JavaThread "Common-Cleaner" daemon [_thread_blocked, id=19256, stack(0x000000a311c00000,0x000000a311d00000)]
  0x00000256c3faae00 JavaThread "Notification Thread" daemon [_thread_blocked, id=12704, stack(0x000000a311e00000,0x000000a311f00000)]
  0x00000256c3faa8f0 JavaThread "Active Thread: Equinox Container: 9d5af41a-c134-4ee3-b0d7-0f63c5a57d9f" [_thread_blocked, id=8488, stack(0x000000a312700000,0x000000a312800000)]
  0x00000256c3fa9ed0 JavaThread "Framework Event Dispatcher: Equinox Container: 9d5af41a-c134-4ee3-b0d7-0f63c5a57d9f" daemon [_thread_blocked, id=13060, stack(0x000000a312000000,0x000000a312100000)]
  0x00000256c3fa94b0 JavaThread "Start Level: Equinox Container: 9d5af41a-c134-4ee3-b0d7-0f63c5a57d9f" daemon [_thread_blocked, id=12692, stack(0x000000a312800000,0x000000a312900000)]
  0x00000256c3fab820 JavaThread "Bundle File Closer" daemon [_thread_blocked, id=5360, stack(0x000000a312a00000,0x000000a312b00000)]
  0x00000256c3fa99c0 JavaThread "SCR Component Actor" daemon [_thread_blocked, id=14076, stack(0x000000a312b00000,0x000000a312c00000)]
  0x00000256c3faa3e0 JavaThread "Worker-JM" [_thread_blocked, id=748, stack(0x000000a312d00000,0x000000a312e00000)]
  0x00000256c64e9ec0 JavaThread "Worker-0" [_thread_blocked, id=13484, stack(0x000000a313100000,0x000000a313200000)]
  0x00000256c64eb810 JavaThread "Worker-1" [_thread_blocked, id=15540, stack(0x000000a313200000,0x000000a313300000)]
  0x00000256c64ee090 JavaThread "Java indexing" daemon [_thread_blocked, id=11468, stack(0x000000a313300000,0x000000a313400000)]
  0x00000256c64ee5a0 JavaThread "JNA Cleaner" daemon [_thread_blocked, id=19976, stack(0x000000a313400000,0x000000a313500000)]
  0x00000256c64ebd20 JavaThread "Thread-2" daemon [_thread_in_native, id=21056, stack(0x000000a313700000,0x000000a313800000)]
  0x00000256c64eeab0 JavaThread "Thread-3" daemon [_thread_in_native, id=2884, stack(0x000000a313800000,0x000000a313900000)]
  0x00000256c64eefc0 JavaThread "Thread-4" daemon [_thread_in_native, id=14788, stack(0x000000a313900000,0x000000a313a00000)]
  0x00000256c64eadf0 JavaThread "Thread-5" daemon [_thread_in_native, id=2676, stack(0x000000a313a00000,0x000000a313b00000)]
  0x00000256c64e8570 JavaThread "Thread-6" daemon [_thread_in_native, id=22008, stack(0x000000a313b00000,0x000000a313c00000)]
  0x00000256c64ef4d0 JavaThread "Thread-7" daemon [_thread_in_native, id=24232, stack(0x000000a313c00000,0x000000a313d00000)]
  0x00000256c64ed670 JavaThread "Thread-8" daemon [_thread_in_native, id=10572, stack(0x000000a313d00000,0x000000a313e00000)]
  0x00000256c64ed160 JavaThread "Thread-9" daemon [_thread_in_native, id=17676, stack(0x000000a313e00000,0x000000a313f00000)]
  0x00000256c64eb300 JavaThread "Thread-10" daemon [_thread_in_native, id=21712, stack(0x000000a313f00000,0x000000a314000000)]
  0x00000256c64e8060 JavaThread "Thread-11" daemon [_thread_in_native, id=20016, stack(0x000000a314000000,0x000000a314100000)]
  0x00000256c64ef9e0 JavaThread "Thread-12" daemon [_thread_in_native, id=1860, stack(0x000000a314100000,0x000000a314200000)]
  0x00000256c64ea3d0 JavaThread "Thread-13" daemon [_thread_in_native, id=9912, stack(0x000000a314200000,0x000000a314300000)]
  0x00000256c64e8a80 JavaThread "Thread-14" daemon [_thread_in_native, id=10156, stack(0x000000a314300000,0x000000a314400000)]
  0x00000256c64e8f90 JavaThread "pool-2-thread-1" [_thread_blocked, id=16176, stack(0x000000a314400000,0x000000a314500000)]
  0x00000256c64e94a0 JavaThread "WorkspaceEventsHandler" [_thread_blocked, id=14960, stack(0x000000a314500000,0x000000a314600000)]
  0x00000256c64ec740 JavaThread "pool-1-thread-1" [_thread_blocked, id=15556, stack(0x000000a314600000,0x000000a314700000)]
  0x00000256c64e99b0 JavaThread "Worker-2: Initialize Workspace" [_thread_blocked, id=1344, stack(0x000000a314700000,0x000000a314800000)]
  0x00000256c64ecc50 JavaThread "Worker-3: Java indexing... " [_thread_blocked, id=4592, stack(0x000000a314800000,0x000000a314900000)]
  0x00000256cb833140 JavaThread "Keep-Alive-Timer" daemon [_thread_blocked, id=15280, stack(0x000000a314a00000,0x000000a314b00000)]
  0x00000256cb834fa0 JavaThread "Timer-0" [_thread_blocked, id=7120, stack(0x000000a314b00000,0x000000a314c00000)]
  0x00000256cb830dd0 JavaThread "Connection worker" [_thread_blocked, id=23660, stack(0x000000a314c00000,0x000000a314d00000)]
  0x00000256cb8354b0 JavaThread "Worker-4" [_thread_blocked, id=24316, stack(0x000000a314d00000,0x000000a314e00000)]

Other Threads:
  0x00000256ab0c6c50 VMThread "VM Thread" [stack: 0x000000a311200000,0x000000a311300000] [id=16600]
  0x00000256c42f4ae0 WatcherThread [stack: 0x000000a311f00000,0x000000a312000000] [id=21820]
  0x00000256ab037930 GCTaskThread "GC Thread#0" [stack: 0x000000a311100000,0x000000a311200000] [id=21624]
=>0x00000256c5d60ba0 GCTaskThread "GC Thread#1" [stack: 0x000000a312100000,0x000000a312200000] [id=4076]
  0x00000256c5c90e50 GCTaskThread "GC Thread#2" [stack: 0x000000a312200000,0x000000a312300000] [id=2788]
  0x00000256c6020ec0 GCTaskThread "GC Thread#3" [stack: 0x000000a312300000,0x000000a312400000] [id=6276]
  0x00000256c6021180 GCTaskThread "GC Thread#4" [stack: 0x000000a312400000,0x000000a312500000] [id=19916]
  0x00000256c6021650 GCTaskThread "GC Thread#5" [stack: 0x000000a312500000,0x000000a312600000] [id=17564]
  0x00000256c5d5c020 GCTaskThread "GC Thread#6" [stack: 0x000000a312600000,0x000000a312700000] [id=1448]
  0x00000256c605c570 GCTaskThread "GC Thread#7" [stack: 0x000000a312900000,0x000000a312a00000] [id=1236]
  0x00000256c5b57c90 GCTaskThread "GC Thread#8" [stack: 0x000000a311d00000,0x000000a311e00000] [id=21984]
  0x00000256c6495c50 GCTaskThread "GC Thread#9" [stack: 0x000000a312e00000,0x000000a312f00000] [id=6432]

Threads with active compile tasks:

VM state: at safepoint (normal execution)

VM Mutex/Monitor currently owned by a thread:  ([mutex/lock_event])
[0x00000256ab01ec50] Threads_lock - owner thread: 0x00000256ab0c6c50
[0x00000256ab01eb30] Heap_lock - owner thread: 0x00000256c64ee090

Heap address: 0x00000000c0000000, size: 1024 MB, Compressed Oops mode: 32-bit

CDS archive(s) not mapped
Compressed class space mapped at: 0x0000000100000000-0x0000000140000000, reserved size: 1073741824
Narrow klass base: 0x0000000000000000, Narrow klass shift: 3, Narrow klass range: 0x140000000

GC Precious Log:
 CPUs: 12 total, 12 available
 Memory: 16201M
 Large Page Support: Disabled
 NUMA Support: Disabled
 Compressed Oops: Enabled (32-bit)
 Alignments: Space 512K, Generation 512K, Heap 2M
 Heap Min Capacity: 100M
 Heap Initial Capacity: 100M
 Heap Max Capacity: 1G
 Pre-touch: Disabled
 Parallel Workers: 10

Heap:
 PSYoungGen      total 4096K, used 901K [0x00000000eab00000, 0x00000000eb000000, 0x0000000100000000)
  eden space 3072K, 0% used [0x00000000eab00000,0x00000000eab00000,0x00000000eae00000)
  from space 1024K, 88% used [0x00000000eaf00000,0x00000000eafe15a8,0x00000000eb000000)
  to   space 1024K, 0% used [0x00000000eae00000,0x00000000eae00000,0x00000000eaf00000)
 ParOldGen       total 172544K, used 172328K [0x00000000c0000000, 0x00000000ca880000, 0x00000000eab00000)
  object space 172544K, 99% used [0x00000000c0000000,0x00000000ca84a0e0,0x00000000ca880000)
 Metaspace       used 60802K, committed 61952K, reserved 1114112K
  class space    used 6682K, committed 7168K, reserved 1048576K

Card table byte_map: [0x00000256aa9b0000,0x00000256aabc0000] _byte_map_base: 0x00000256aa3b0000

Marking Bits: (ParMarkBitMap*) 0x00007ffd9e91d7d0
 Begin Bits: [0x00000256bccb0000, 0x00000256bdcb0000)
 End Bits:   [0x00000256bdcb0000, 0x00000256becb0000)

Polling page: 0x00000256a8fc0000

Metaspace:

Usage:
  Non-class:     52.85 MB used.
      Class:      6.53 MB used.
       Both:     59.38 MB used.

Virtual space:
  Non-class space:       64.00 MB reserved,      53.50 MB ( 84%) committed,  1 nodes.
      Class space:        1.00 GB reserved,       7.00 MB ( <1%) committed,  1 nodes.
             Both:        1.06 GB reserved,      60.50 MB (  6%) committed. 

Chunk freelists:
   Non-Class:  9.89 MB
       Class:  9.03 MB
        Both:  18.92 MB

MaxMetaspaceSize: unlimited
CompressedClassSpaceSize: 1.00 GB
Initial GC threshold: 21.00 MB
Current GC threshold: 100.88 MB
CDS: off
MetaspaceReclaimPolicy: balanced
 - commit_granule_bytes: 65536.
 - commit_granule_words: 8192.
 - virtual_space_node_default_size: 8388608.
 - enlarge_chunks_in_place: 1.
 - new_chunks_are_fully_committed: 0.
 - uncommit_free_chunks: 1.
 - use_allocation_guard: 0.
 - handle_deallocations: 1.


Internal statistics:

num_allocs_failed_limit: 9.
num_arena_births: 596.
num_arena_deaths: 14.
num_vsnodes_births: 2.
num_vsnodes_deaths: 0.
num_space_committed: 968.
num_space_uncommitted: 0.
num_chunks_returned_to_freelist: 23.
num_chunks_taken_from_freelist: 2687.
num_chunk_merges: 13.
num_chunk_splits: 1766.
num_chunks_enlarged: 1152.
num_inconsistent_stats: 0.

CodeHeap 'non-profiled nmethods': size=120000Kb used=4949Kb max_used=4949Kb free=115050Kb
 bounds [0x00000256b5780000, 0x00000256b5c70000, 0x00000256bccb0000]
CodeHeap 'profiled nmethods': size=120000Kb used=12181Kb max_used=14141Kb free=107819Kb
 bounds [0x00000256adcb0000, 0x00000256aea90000, 0x00000256b51e0000]
CodeHeap 'non-nmethods': size=5760Kb used=1365Kb max_used=1471Kb free=4394Kb
 bounds [0x00000256b51e0000, 0x00000256b5450000, 0x00000256b5780000]
 total_blobs=7037 nmethods=6333 adapters=616
 compilation: enabled
              stopped_count=0, restarted_count=0
 full_count=0

Compilation events (20 events):
Event: 21.510 Thread 0x00000256c3fb8bc0 7915       4       org.eclipse.jdt.internal.core.search.indexing.AbstractIndexer::addFieldReference (6 bytes)
Event: 21.517 Thread 0x00000256c57601c0 nmethod 7921 0x00000256b5aac610 code [0x00000256b5aac800, 0x00000256b5aad2a8]
Event: 21.517 Thread 0x00000256c57601c0 7927       4       java.util.stream.ReferencePipeline$3::opWrapSink (10 bytes)
Event: 21.517 Thread 0x00000256c3fb8bc0 nmethod 7915 0x00000256b5bcf990 code [0x00000256b5bcfb40, 0x00000256b5bd0248]
Event: 21.518 Thread 0x00000256c57601c0 nmethod 7927 0x00000256b57cba10 code [0x00000256b57cbba0, 0x00000256b57cbd18]
Event: 21.564 Thread 0x00000256c3fbbd30 7928       3       org.eclipse.jdt.core.Signature::encodeTypeSignature (908 bytes)
Event: 21.566 Thread 0x00000256c3fbbd30 nmethod 7928 0x00000256ae180290 code [0x00000256ae1809e0, 0x00000256ae1839d8]
Event: 21.580 Thread 0x00000256c3fb8bc0 7929       4       jdk.internal.jrtfs.JrtPath::hashCode (8 bytes)
Event: 21.583 Thread 0x00000256c57601c0 7930       4       org.eclipse.jdt.internal.compiler.util.SoftClassCache$JdkClasses$$Lambda$408/0x0000000100626d78::apply (12 bytes)
Event: 21.584 Thread 0x00000256c57601c0 nmethod 7930 0x00000256b57cb590 code [0x00000256b57cb720, 0x00000256b57cb858]
Event: 21.584 Thread 0x00000256c3fb8bc0 nmethod 7929 0x00000256b58dae10 code [0x00000256b58dafa0, 0x00000256b58db1a8]
Event: 21.906 Thread 0x00000256c575f1d0 nmethod 7913 0x00000256b5c59410 code [0x00000256b5c59f60, 0x00000256b5c64278]
Event: 21.935 Thread 0x00000256c3fbbd30 7931   !   3       org.eclipse.jdt.core.Signature::getTypeParameters (313 bytes)
Event: 21.936 Thread 0x00000256c3fbbd30 nmethod 7931 0x00000256ae46b390 code [0x00000256ae46b6c0, 0x00000256ae46cb88]
Event: 21.948 Thread 0x00000256c3fb8bc0 7932 % !   4       java.nio.file.Files::walkFileTree @ 19 (297 bytes)
Event: 22.000 Thread 0x00000256c3fb8bc0 nmethod 7932% 0x00000256b594e410 code [0x00000256b594e7c0, 0x00000256b5950ad0]
Event: 22.053 Thread 0x00000256c3fb8bc0 7933       4       org.eclipse.jdt.core.Signature::checkNextChar (42 bytes)
Event: 22.054 Thread 0x00000256c3fb8bc0 nmethod 7933 0x00000256b58da610 code [0x00000256b58da7a0, 0x00000256b58da958]
Event: 22.170 Thread 0x00000256c3fbbd30 7934       3       org.eclipse.jdt.internal.core.search.indexing.AbstractIndexer::addEnumDeclaration (114 bytes)
Event: 22.171 Thread 0x00000256c3fbbd30 nmethod 7934 0x00000256ae99d690 code [0x00000256ae99d9c0, 0x00000256ae99ef08]

GC Heap History (20 events):
Event: 22.101 GC heap after
{Heap after GC invocations=99 (full 7):
 PSYoungGen      total 4096K, used 940K [0x00000000eab00000, 0x00000000eb000000, 0x0000000100000000)
  eden space 3072K, 0% used [0x00000000eab00000,0x00000000eab00000,0x00000000eae00000)
  from space 1024K, 91% used [0x00000000eae00000,0x00000000eaeeb010,0x00000000eaf00000)
  to   space 1024K, 0% used [0x00000000eaf00000,0x00000000eaf00000,0x00000000eb000000)
 ParOldGen       total 172544K, used 165515K [0x00000000c0000000, 0x00000000ca880000, 0x00000000eab00000)
  object space 172544K, 95% used [0x00000000c0000000,0x00000000ca1a2e40,0x00000000ca880000)
 Metaspace       used 60802K, committed 61952K, reserved 1114112K
  class space    used 6682K, committed 7168K, reserved 1048576K
}
Event: 22.111 GC heap before
{Heap before GC invocations=100 (full 7):
 PSYoungGen      total 4096K, used 4012K [0x00000000eab00000, 0x00000000eb000000, 0x0000000100000000)
  eden space 3072K, 100% used [0x00000000eab00000,0x00000000eae00000,0x00000000eae00000)
  from space 1024K, 91% used [0x00000000eae00000,0x00000000eaeeb010,0x00000000eaf00000)
  to   space 1024K, 0% used [0x00000000eaf00000,0x00000000eaf00000,0x00000000eb000000)
 ParOldGen       total 172544K, used 165515K [0x00000000c0000000, 0x00000000ca880000, 0x00000000eab00000)
  object space 172544K, 95% used [0x00000000c0000000,0x00000000ca1a2e40,0x00000000ca880000)
 Metaspace       used 60802K, committed 61952K, reserved 1114112K
  class space    used 6682K, committed 7168K, reserved 1048576K
}
Event: 22.112 GC heap after
{Heap after GC invocations=100 (full 7):
 PSYoungGen      total 3584K, used 1017K [0x00000000eab00000, 0x00000000eb100000, 0x0000000100000000)
  eden space 2560K, 0% used [0x00000000eab00000,0x00000000eab00000,0x00000000ead80000)
  from space 1024K, 99% used [0x00000000eaf00000,0x00000000eaffe748,0x00000000eb000000)
  to   space 1536K, 0% used [0x00000000ead80000,0x00000000ead80000,0x00000000eaf00000)
 ParOldGen       total 172544K, used 166324K [0x00000000c0000000, 0x00000000ca880000, 0x00000000eab00000)
  object space 172544K, 96% used [0x00000000c0000000,0x00000000ca26d240,0x00000000ca880000)
 Metaspace       used 60802K, committed 61952K, reserved 1114112K
  class space    used 6682K, committed 7168K, reserved 1048576K
}
Event: 22.118 GC heap before
{Heap before GC invocations=101 (full 7):
 PSYoungGen      total 3584K, used 3577K [0x00000000eab00000, 0x00000000eb100000, 0x0000000100000000)
  eden space 2560K, 100% used [0x00000000eab00000,0x00000000ead80000,0x00000000ead80000)
  from space 1024K, 99% used [0x00000000eaf00000,0x00000000eaffe748,0x00000000eb000000)
  to   space 1536K, 0% used [0x00000000ead80000,0x00000000ead80000,0x00000000eaf00000)
 ParOldGen       total 172544K, used 166324K [0x00000000c0000000, 0x00000000ca880000, 0x00000000eab00000)
  object space 172544K, 96% used [0x00000000c0000000,0x00000000ca26d240,0x00000000ca880000)
 Metaspace       used 60802K, committed 61952K, reserved 1114112K
  class space    used 6682K, committed 7168K, reserved 1048576K
}
Event: 22.120 GC heap after
{Heap after GC invocations=101 (full 7):
 PSYoungGen      total 4096K, used 832K [0x00000000eab00000, 0x00000000eb000000, 0x0000000100000000)
  eden space 2560K, 0% used [0x00000000eab00000,0x00000000eab00000,0x00000000ead80000)
  from space 1536K, 54% used [0x00000000ead80000,0x00000000eae50000,0x00000000eaf00000)
  to   space 1024K, 0% used [0x00000000eaf00000,0x00000000eaf00000,0x00000000eb000000)
 ParOldGen       total 172544K, used 167148K [0x00000000c0000000, 0x00000000ca880000, 0x00000000eab00000)
  object space 172544K, 96% used [0x00000000c0000000,0x00000000ca33b2d8,0x00000000ca880000)
 Metaspace       used 60802K, committed 61952K, reserved 1114112K
  class space    used 6682K, committed 7168K, reserved 1048576K
}
Event: 22.127 GC heap before
{Heap before GC invocations=102 (full 7):
 PSYoungGen      total 4096K, used 3392K [0x00000000eab00000, 0x00000000eb000000, 0x0000000100000000)
  eden space 2560K, 100% used [0x00000000eab00000,0x00000000ead80000,0x00000000ead80000)
  from space 1536K, 54% used [0x00000000ead80000,0x00000000eae50000,0x00000000eaf00000)
  to   space 1024K, 0% used [0x00000000eaf00000,0x00000000eaf00000,0x00000000eb000000)
 ParOldGen       total 172544K, used 167148K [0x00000000c0000000, 0x00000000ca880000, 0x00000000eab00000)
  object space 172544K, 96% used [0x00000000c0000000,0x00000000ca33b2d8,0x00000000ca880000)
 Metaspace       used 60802K, committed 61952K, reserved 1114112K
  class space    used 6682K, committed 7168K, reserved 1048576K
}
Event: 22.128 GC heap after
{Heap after GC invocations=102 (full 7):
 PSYoungGen      total 4096K, used 918K [0x00000000eab00000, 0x00000000eb000000, 0x0000000100000000)
  eden space 3072K, 0% used [0x00000000eab00000,0x00000000eab00000,0x00000000eae00000)
  from space 1024K, 89% used [0x00000000eaf00000,0x00000000eafe58d0,0x00000000eb000000)
  to   space 1024K, 0% used [0x00000000eae00000,0x00000000eae00000,0x00000000eaf00000)
 ParOldGen       total 172544K, used 167832K [0x00000000c0000000, 0x00000000ca880000, 0x00000000eab00000)
  object space 172544K, 97% used [0x00000000c0000000,0x00000000ca3e6028,0x00000000ca880000)
 Metaspace       used 60802K, committed 61952K, reserved 1114112K
  class space    used 6682K, committed 7168K, reserved 1048576K
}
Event: 22.137 GC heap before
{Heap before GC invocations=103 (full 7):
 PSYoungGen      total 4096K, used 3990K [0x00000000eab00000, 0x00000000eb000000, 0x0000000100000000)
  eden space 3072K, 100% used [0x00000000eab00000,0x00000000eae00000,0x00000000eae00000)
  from space 1024K, 89% used [0x00000000eaf00000,0x00000000eafe58d0,0x00000000eb000000)
  to   space 1024K, 0% used [0x00000000eae00000,0x00000000eae00000,0x00000000eaf00000)
 ParOldGen       total 172544K, used 167832K [0x00000000c0000000, 0x00000000ca880000, 0x00000000eab00000)
  object space 172544K, 97% used [0x00000000c0000000,0x00000000ca3e6028,0x00000000ca880000)
 Metaspace       used 60802K, committed 61952K, reserved 1114112K
  class space    used 6682K, committed 7168K, reserved 1048576K
}
Event: 22.138 GC heap after
{Heap after GC invocations=103 (full 7):
 PSYoungGen      total 4096K, used 844K [0x00000000eab00000, 0x00000000eb000000, 0x0000000100000000)
  eden space 3072K, 0% used [0x00000000eab00000,0x00000000eab00000,0x00000000eae00000)
  from space 1024K, 82% used [0x00000000eae00000,0x00000000eaed3258,0x00000000eaf00000)
  to   space 1024K, 0% used [0x00000000eaf00000,0x00000000eaf00000,0x00000000eb000000)
 ParOldGen       total 172544K, used 168553K [0x00000000c0000000, 0x00000000ca880000, 0x00000000eab00000)
  object space 172544K, 97% used [0x00000000c0000000,0x00000000ca49a540,0x00000000ca880000)
 Metaspace       used 60802K, committed 61952K, reserved 1114112K
  class space    used 6682K, committed 7168K, reserved 1048576K
}
Event: 22.147 GC heap before
{Heap before GC invocations=104 (full 7):
 PSYoungGen      total 4096K, used 3916K [0x00000000eab00000, 0x00000000eb000000, 0x0000000100000000)
  eden space 3072K, 100% used [0x00000000eab00000,0x00000000eae00000,0x00000000eae00000)
  from space 1024K, 82% used [0x00000000eae00000,0x00000000eaed3258,0x00000000eaf00000)
  to   space 1024K, 0% used [0x00000000eaf00000,0x00000000eaf00000,0x00000000eb000000)
 ParOldGen       total 172544K, used 168553K [0x00000000c0000000, 0x00000000ca880000, 0x00000000eab00000)
  object space 172544K, 97% used [0x00000000c0000000,0x00000000ca49a540,0x00000000ca880000)
 Metaspace       used 60802K, committed 61952K, reserved 1114112K
  class space    used 6682K, committed 7168K, reserved 1048576K
}
Event: 22.148 GC heap after
{Heap after GC invocations=104 (full 7):
 PSYoungGen      total 4096K, used 848K [0x00000000eab00000, 0x00000000eb000000, 0x0000000100000000)
  eden space 3072K, 0% used [0x00000000eab00000,0x00000000eab00000,0x00000000eae00000)
  from space 1024K, 82% used [0x00000000eaf00000,0x00000000eafd4068,0x00000000eb000000)
  to   space 1024K, 0% used [0x00000000eae00000,0x00000000eae00000,0x00000000eaf00000)
 ParOldGen       total 172544K, used 169274K [0x00000000c0000000, 0x00000000ca880000, 0x00000000eab00000)
  object space 172544K, 98% used [0x00000000c0000000,0x00000000ca54eb18,0x00000000ca880000)
 Metaspace       used 60802K, committed 61952K, reserved 1114112K
  class space    used 6682K, committed 7168K, reserved 1048576K
}
Event: 22.163 GC heap before
{Heap before GC invocations=105 (full 7):
 PSYoungGen      total 4096K, used 3920K [0x00000000eab00000, 0x00000000eb000000, 0x0000000100000000)
  eden space 3072K, 100% used [0x00000000eab00000,0x00000000eae00000,0x00000000eae00000)
  from space 1024K, 82% used [0x00000000eaf00000,0x00000000eafd4068,0x00000000eb000000)
  to   space 1024K, 0% used [0x00000000eae00000,0x00000000eae00000,0x00000000eaf00000)
 ParOldGen       total 172544K, used 169274K [0x00000000c0000000, 0x00000000ca880000, 0x00000000eab00000)
  object space 172544K, 98% used [0x00000000c0000000,0x00000000ca54eb18,0x00000000ca880000)
 Metaspace       used 60802K, committed 61952K, reserved 1114112K
  class space    used 6682K, committed 7168K, reserved 1048576K
}
Event: 22.164 GC heap after
{Heap after GC invocations=105 (full 7):
 PSYoungGen      total 4096K, used 906K [0x00000000eab00000, 0x00000000eb000000, 0x0000000100000000)
  eden space 3072K, 0% used [0x00000000eab00000,0x00000000eab00000,0x00000000eae00000)
  from space 1024K, 88% used [0x00000000eae00000,0x00000000eaee29e0,0x00000000eaf00000)
  to   space 1024K, 0% used [0x00000000eaf00000,0x00000000eaf00000,0x00000000eb000000)
 ParOldGen       total 172544K, used 170024K [0x00000000c0000000, 0x00000000ca880000, 0x00000000eab00000)
  object space 172544K, 98% used [0x00000000c0000000,0x00000000ca60a118,0x00000000ca880000)
 Metaspace       used 60802K, committed 61952K, reserved 1114112K
  class space    used 6682K, committed 7168K, reserved 1048576K
}
Event: 22.176 GC heap before
{Heap before GC invocations=106 (full 7):
 PSYoungGen      total 4096K, used 3978K [0x00000000eab00000, 0x00000000eb000000, 0x0000000100000000)
  eden space 3072K, 100% used [0x00000000eab00000,0x00000000eae00000,0x00000000eae00000)
  from space 1024K, 88% used [0x00000000eae00000,0x00000000eaee29e0,0x00000000eaf00000)
  to   space 1024K, 0% used [0x00000000eaf00000,0x00000000eaf00000,0x00000000eb000000)
 ParOldGen       total 172544K, used 170024K [0x00000000c0000000, 0x00000000ca880000, 0x00000000eab00000)
  object space 172544K, 98% used [0x00000000c0000000,0x00000000ca60a118,0x00000000ca880000)
 Metaspace       used 60802K, committed 61952K, reserved 1114112K
  class space    used 6682K, committed 7168K, reserved 1048576K
}
Event: 22.178 GC heap after
{Heap after GC invocations=106 (full 7):
 PSYoungGen      total 4096K, used 876K [0x00000000eab00000, 0x00000000eb000000, 0x0000000100000000)
  eden space 3072K, 0% used [0x00000000eab00000,0x00000000eab00000,0x00000000eae00000)
  from space 1024K, 85% used [0x00000000eaf00000,0x00000000eafdb3c8,0x00000000eb000000)
  to   space 1024K, 0% used [0x00000000eae00000,0x00000000eae00000,0x00000000eaf00000)
 ParOldGen       total 172544K, used 170770K [0x00000000c0000000, 0x00000000ca880000, 0x00000000eab00000)
  object space 172544K, 98% used [0x00000000c0000000,0x00000000ca6c49d8,0x00000000ca880000)
 Metaspace       used 60802K, committed 61952K, reserved 1114112K
  class space    used 6682K, committed 7168K, reserved 1048576K
}
Event: 22.192 GC heap before
{Heap before GC invocations=107 (full 7):
 PSYoungGen      total 4096K, used 3948K [0x00000000eab00000, 0x00000000eb000000, 0x0000000100000000)
  eden space 3072K, 100% used [0x00000000eab00000,0x00000000eae00000,0x00000000eae00000)
  from space 1024K, 85% used [0x00000000eaf00000,0x00000000eafdb3c8,0x00000000eb000000)
  to   space 1024K, 0% used [0x00000000eae00000,0x00000000eae00000,0x00000000eaf00000)
 ParOldGen       total 172544K, used 170770K [0x00000000c0000000, 0x00000000ca880000, 0x00000000eab00000)
  object space 172544K, 98% used [0x00000000c0000000,0x00000000ca6c49d8,0x00000000ca880000)
 Metaspace       used 60802K, committed 61952K, reserved 1114112K
  class space    used 6682K, committed 7168K, reserved 1048576K
}
Event: 22.193 GC heap after
{Heap after GC invocations=107 (full 7):
 PSYoungGen      total 4096K, used 887K [0x00000000eab00000, 0x00000000eb000000, 0x0000000100000000)
  eden space 3072K, 0% used [0x00000000eab00000,0x00000000eab00000,0x00000000eae00000)
  from space 1024K, 86% used [0x00000000eae00000,0x00000000eaedde98,0x00000000eaf00000)
  to   space 1024K, 0% used [0x00000000eaf00000,0x00000000eaf00000,0x00000000eb000000)
 ParOldGen       total 172544K, used 171559K [0x00000000c0000000, 0x00000000ca880000, 0x00000000eab00000)
  object space 172544K, 99% used [0x00000000c0000000,0x00000000ca789df8,0x00000000ca880000)
 Metaspace       used 60802K, committed 61952K, reserved 1114112K
  class space    used 6682K, committed 7168K, reserved 1048576K
}
Event: 22.212 GC heap before
{Heap before GC invocations=108 (full 7):
 PSYoungGen      total 4096K, used 3959K [0x00000000eab00000, 0x00000000eb000000, 0x0000000100000000)
  eden space 3072K, 100% used [0x00000000eab00000,0x00000000eae00000,0x00000000eae00000)
  from space 1024K, 86% used [0x00000000eae00000,0x00000000eaedde98,0x00000000eaf00000)
  to   space 1024K, 0% used [0x00000000eaf00000,0x00000000eaf00000,0x00000000eb000000)
 ParOldGen       total 172544K, used 171559K [0x00000000c0000000, 0x00000000ca880000, 0x00000000eab00000)
  object space 172544K, 99% used [0x00000000c0000000,0x00000000ca789df8,0x00000000ca880000)
 Metaspace       used 60802K, committed 61952K, reserved 1114112K
  class space    used 6682K, committed 7168K, reserved 1048576K
}
Event: 22.213 GC heap after
{Heap after GC invocations=108 (full 7):
 PSYoungGen      total 4096K, used 901K [0x00000000eab00000, 0x00000000eb000000, 0x0000000100000000)
  eden space 3072K, 0% used [0x00000000eab00000,0x00000000eab00000,0x00000000eae00000)
  from space 1024K, 88% used [0x00000000eaf00000,0x00000000eafe15a8,0x00000000eb000000)
  to   space 1024K, 0% used [0x00000000eae00000,0x00000000eae00000,0x00000000eaf00000)
 ParOldGen       total 172544K, used 172328K [0x00000000c0000000, 0x00000000ca880000, 0x00000000eab00000)
  object space 172544K, 99% used [0x00000000c0000000,0x00000000ca84a0e0,0x00000000ca880000)
 Metaspace       used 60802K, committed 61952K, reserved 1114112K
  class space    used 6682K, committed 7168K, reserved 1048576K
}
Event: 22.213 GC heap before
{Heap before GC invocations=109 (full 8):
 PSYoungGen      total 4096K, used 901K [0x00000000eab00000, 0x00000000eb000000, 0x0000000100000000)
  eden space 3072K, 0% used [0x00000000eab00000,0x00000000eab00000,0x00000000eae00000)
  from space 1024K, 88% used [0x00000000eaf00000,0x00000000eafe15a8,0x00000000eb000000)
  to   space 1024K, 0% used [0x00000000eae00000,0x00000000eae00000,0x00000000eaf00000)
 ParOldGen       total 172544K, used 172328K [0x00000000c0000000, 0x00000000ca880000, 0x00000000eab00000)
  object space 172544K, 99% used [0x00000000c0000000,0x00000000ca84a0e0,0x00000000ca880000)
 Metaspace       used 60802K, committed 61952K, reserved 1114112K
  class space    used 6682K, committed 7168K, reserved 1048576K
}

Dll operation events (12 events):
Event: 0.028 Loaded shared library c:\Users\msi\.vscode\extensions\redhat.java-1.30.0-win32-x64\jre\17.0.10-win32-x86_64\bin\java.dll
Event: 0.174 Loaded shared library c:\Users\msi\.vscode\extensions\redhat.java-1.30.0-win32-x64\jre\17.0.10-win32-x86_64\bin\zip.dll
Event: 0.178 Loaded shared library C:\Users\msi\.vscode\extensions\redhat.java-1.30.0-win32-x64\jre\17.0.10-win32-x86_64\bin\instrument.dll
Event: 0.195 Loaded shared library C:\Users\msi\.vscode\extensions\redhat.java-1.30.0-win32-x64\jre\17.0.10-win32-x86_64\bin\net.dll
Event: 0.197 Loaded shared library C:\Users\msi\.vscode\extensions\redhat.java-1.30.0-win32-x64\jre\17.0.10-win32-x86_64\bin\nio.dll
Event: 0.205 Loaded shared library C:\Users\msi\.vscode\extensions\redhat.java-1.30.0-win32-x64\jre\17.0.10-win32-x86_64\bin\zip.dll
Event: 0.222 Loaded shared library C:\Users\msi\.vscode\extensions\redhat.java-1.30.0-win32-x64\jre\17.0.10-win32-x86_64\bin\jimage.dll
Event: 0.286 Loaded shared library c:\Users\msi\.vscode\extensions\redhat.java-1.30.0-win32-x64\jre\17.0.10-win32-x86_64\bin\verify.dll
Event: 4.646 Loaded shared library C:\Users\msi\AppData\Roaming\Code\User\globalStorage\redhat.java\1.30.0\config_win\org.eclipse.equinox.launcher\org.eclipse.equinox.launcher.win32.win32.x86_64_1.2.900.v20240213-1244\eclipse_11900.dll
Event: 14.908 Loaded shared library C:\Users\msi\AppData\Local\Temp\jna-108419\jna11525176119624291178.dll
Event: 16.759 Loaded shared library C:\Users\msi\.vscode\extensions\redhat.java-1.30.0-win32-x64\jre\17.0.10-win32-x86_64\bin\sunmscapi.dll
Event: 16.808 Loaded shared library C:\Users\msi\.vscode\extensions\redhat.java-1.30.0-win32-x64\jre\17.0.10-win32-x86_64\bin\extnet.dll

Deoptimization events (20 events):
Event: 21.254 Thread 0x00000256c64ee090 DEOPT PACKING pc=0x00000256ae995913 sp=0x000000a3133fe630
Event: 21.254 Thread 0x00000256c64ee090 DEOPT UNPACKING pc=0x00000256b5236e43 sp=0x000000a3133fdbb0 mode 0
Event: 21.267 Thread 0x00000256c64ee090 DEOPT PACKING pc=0x00000256ae995913 sp=0x000000a3133fe630
Event: 21.267 Thread 0x00000256c64ee090 DEOPT UNPACKING pc=0x00000256b5236e43 sp=0x000000a3133fdbb0 mode 0
Event: 21.283 Thread 0x00000256c64ee090 DEOPT PACKING pc=0x00000256ae995913 sp=0x000000a3133fe630
Event: 21.283 Thread 0x00000256c64ee090 DEOPT UNPACKING pc=0x00000256b5236e43 sp=0x000000a3133fdbb0 mode 0
Event: 21.286 Thread 0x00000256c64ee090 DEOPT PACKING pc=0x00000256ae995913 sp=0x000000a3133fe630
Event: 21.286 Thread 0x00000256c64ee090 DEOPT UNPACKING pc=0x00000256b5236e43 sp=0x000000a3133fdbb0 mode 0
Event: 21.298 Thread 0x00000256c64ee090 DEOPT PACKING pc=0x00000256ae995913 sp=0x000000a3133fe630
Event: 21.298 Thread 0x00000256c64ee090 DEOPT UNPACKING pc=0x00000256b5236e43 sp=0x000000a3133fdbb0 mode 0
Event: 21.303 Thread 0x00000256c64ee090 DEOPT PACKING pc=0x00000256ae995913 sp=0x000000a3133fe630
Event: 21.303 Thread 0x00000256c64ee090 DEOPT UNPACKING pc=0x00000256b5236e43 sp=0x000000a3133fdbb0 mode 0
Event: 21.307 Thread 0x00000256c64ee090 DEOPT PACKING pc=0x00000256ae995913 sp=0x000000a3133fe630
Event: 21.307 Thread 0x00000256c64ee090 DEOPT UNPACKING pc=0x00000256b5236e43 sp=0x000000a3133fdbb0 mode 0
Event: 21.315 Thread 0x00000256c64ee090 DEOPT PACKING pc=0x00000256ae995913 sp=0x000000a3133fe630
Event: 21.315 Thread 0x00000256c64ee090 DEOPT UNPACKING pc=0x00000256b5236e43 sp=0x000000a3133fdbb0 mode 0
Event: 21.333 Thread 0x00000256c64ee090 DEOPT PACKING pc=0x00000256ae995913 sp=0x000000a3133fe630
Event: 21.333 Thread 0x00000256c64ee090 DEOPT UNPACKING pc=0x00000256b5236e43 sp=0x000000a3133fdbb0 mode 0
Event: 21.845 Thread 0x00000256c64ee090 DEOPT PACKING pc=0x00000256ae370aef sp=0x000000a3133fe940
Event: 21.845 Thread 0x00000256c64ee090 DEOPT UNPACKING pc=0x00000256b5236e43 sp=0x000000a3133fde50 mode 0

Classes unloaded (7 events):
Event: 13.603 Thread 0x00000256ab0c6c50 Unloading class 0x0000000100254000 'java/lang/invoke/LambdaForm$MH+0x0000000100254000'
Event: 13.603 Thread 0x00000256ab0c6c50 Unloading class 0x0000000100253c00 'java/lang/invoke/LambdaForm$MH+0x0000000100253c00'
Event: 13.603 Thread 0x00000256ab0c6c50 Unloading class 0x0000000100253800 'java/lang/invoke/LambdaForm$MH+0x0000000100253800'
Event: 13.603 Thread 0x00000256ab0c6c50 Unloading class 0x0000000100253400 'java/lang/invoke/LambdaForm$MH+0x0000000100253400'
Event: 13.603 Thread 0x00000256ab0c6c50 Unloading class 0x0000000100253000 'java/lang/invoke/LambdaForm$BMH+0x0000000100253000'
Event: 13.603 Thread 0x00000256ab0c6c50 Unloading class 0x0000000100252c00 'java/lang/invoke/LambdaForm$DMH+0x0000000100252c00'
Event: 13.603 Thread 0x00000256ab0c6c50 Unloading class 0x0000000100250000 'java/lang/invoke/LambdaForm$DMH+0x0000000100250000'

Classes redefined (0 events):
No events

Internal exceptions (20 events):
Event: 18.000 Thread 0x00000256c64e99b0 Exception <a 'sun/nio/fs/WindowsException'{0x00000000eb640090}> (0x00000000eb640090) 
thrown [s\src\hotspot\share\prims\jni.cpp, line 516]
Event: 18.000 Thread 0x00000256c64e99b0 Exception <a 'sun/nio/fs/WindowsException'{0x00000000eb644428}> (0x00000000eb644428) 
thrown [s\src\hotspot\share\prims\jni.cpp, line 516]
Event: 18.000 Thread 0x00000256c64e99b0 Exception <a 'sun/nio/fs/WindowsException'{0x00000000eb644ae0}> (0x00000000eb644ae0) 
thrown [s\src\hotspot\share\prims\jni.cpp, line 516]
Event: 18.000 Thread 0x00000256c64e99b0 Exception <a 'sun/nio/fs/WindowsException'{0x00000000eb645198}> (0x00000000eb645198) 
thrown [s\src\hotspot\share\prims\jni.cpp, line 516]
Event: 18.000 Thread 0x00000256c64e99b0 Exception <a 'sun/nio/fs/WindowsException'{0x00000000eb645868}> (0x00000000eb645868) 
thrown [s\src\hotspot\share\prims\jni.cpp, line 516]
Event: 18.001 Thread 0x00000256c64e99b0 Exception <a 'sun/nio/fs/WindowsException'{0x00000000eb649cb0}> (0x00000000eb649cb0) 
thrown [s\src\hotspot\share\prims\jni.cpp, line 516]
Event: 18.001 Thread 0x00000256c64e99b0 Exception <a 'sun/nio/fs/WindowsException'{0x00000000eb64a2f0}> (0x00000000eb64a2f0) 
thrown [s\src\hotspot\share\prims\jni.cpp, line 516]
Event: 18.001 Thread 0x00000256c64e99b0 Exception <a 'sun/nio/fs/WindowsException'{0x00000000eb64a940}> (0x00000000eb64a940) 
thrown [s\src\hotspot\share\prims\jni.cpp, line 516]
Event: 18.001 Thread 0x00000256c64e99b0 Exception <a 'sun/nio/fs/WindowsException'{0x00000000eb64afa0}> (0x00000000eb64afa0) 
thrown [s\src\hotspot\share\prims\jni.cpp, line 516]
Event: 18.001 Thread 0x00000256c64e99b0 Exception <a 'sun/nio/fs/WindowsException'{0x00000000eb64f158}> (0x00000000eb64f158) 
thrown [s\src\hotspot\share\prims\jni.cpp, line 516]
Event: 18.001 Thread 0x00000256c64e99b0 Exception <a 'sun/nio/fs/WindowsException'{0x00000000eb64f7b0}> (0x00000000eb64f7b0) 
thrown [s\src\hotspot\share\prims\jni.cpp, line 516]
Event: 18.001 Thread 0x00000256c64e99b0 Exception <a 'sun/nio/fs/WindowsException'{0x00000000eb64fe08}> (0x00000000eb64fe08) 
thrown [s\src\hotspot\share\prims\jni.cpp, line 516]
Event: 18.001 Thread 0x00000256c64e99b0 Exception <a 'sun/nio/fs/WindowsException'{0x00000000eb650478}> (0x00000000eb650478) 
thrown [s\src\hotspot\share\prims\jni.cpp, line 516]
Event: 18.860 Thread 0x00000256c64eb810 Exception <a 'java/io/FileNotFoundException'{0x00000000eb73c6e8}> (0x00000000eb73c6e8) 
thrown [s\src\hotspot\share\prims\jni.cpp, line 516]
Event: 18.909 Thread 0x00000256c64eb810 Exception <a 'java/io/FileNotFoundException'{0x00000000eb5d43e8}> (0x00000000eb5d43e8) 
thrown [s\src\hotspot\share\prims\jni.cpp, line 516]
Event: 18.925 Thread 0x00000256c64eb810 Exception <a 'java/io/FileNotFoundException'{0x00000000eb857458}> (0x00000000eb857458) 
thrown [s\src\hotspot\share\prims\jni.cpp, line 516]
Event: 18.925 Thread 0x00000256c64eb810 Exception <a 'java/io/FileNotFoundException'{0x00000000eb858448}> (0x00000000eb858448) 
thrown [s\src\hotspot\share\prims\jni.cpp, line 516]
Event: 18.925 Thread 0x00000256c64eb810 Exception <a 'java/io/FileNotFoundException'{0x00000000eb859188}> (0x00000000eb859188) 
thrown [s\src\hotspot\share\prims\jni.cpp, line 516]
Event: 19.355 Thread 0x00000256c64ee090 Implicit null exception at 0x00000256b5bc062c to 0x00000256b5bc0744
Event: 20.897 Thread 0x00000256c64ee090 Implicit null exception at 0x00000256b5c18fe0 to 0x00000256b5c1e7e4

VM Operations (20 events):
Event: 22.091 Executing VM operation: ParallelGCFailedAllocation done
Event: 22.100 Executing VM operation: ParallelGCFailedAllocation
Event: 22.101 Executing VM operation: ParallelGCFailedAllocation done
Event: 22.111 Executing VM operation: ParallelGCFailedAllocation
Event: 22.112 Executing VM operation: ParallelGCFailedAllocation done
Event: 22.118 Executing VM operation: ParallelGCFailedAllocation
Event: 22.120 Executing VM operation: ParallelGCFailedAllocation done
Event: 22.127 Executing VM operation: ParallelGCFailedAllocation
Event: 22.128 Executing VM operation: ParallelGCFailedAllocation done
Event: 22.137 Executing VM operation: ParallelGCFailedAllocation
Event: 22.138 Executing VM operation: ParallelGCFailedAllocation done
Event: 22.147 Executing VM operation: ParallelGCFailedAllocation
Event: 22.148 Executing VM operation: ParallelGCFailedAllocation done
Event: 22.163 Executing VM operation: ParallelGCFailedAllocation
Event: 22.164 Executing VM operation: ParallelGCFailedAllocation done
Event: 22.176 Executing VM operation: ParallelGCFailedAllocation
Event: 22.178 Executing VM operation: ParallelGCFailedAllocation done
Event: 22.192 Executing VM operation: ParallelGCFailedAllocation
Event: 22.193 Executing VM operation: ParallelGCFailedAllocation done
Event: 22.212 Executing VM operation: ParallelGCFailedAllocation

Events (20 events):
Event: 19.937 Thread 0x00000256c3fbce20 flushing nmethod 0x00000256ae9f9810
Event: 19.937 Thread 0x00000256c3fbce20 flushing nmethod 0x00000256ae9fec10
Event: 19.937 Thread 0x00000256c3fbce20 flushing nmethod 0x00000256ae9ffd10
Event: 19.937 Thread 0x00000256c3fbce20 flushing nmethod 0x00000256aea14f90
Event: 19.937 Thread 0x00000256c3fbce20 flushing nmethod 0x00000256aea18110
Event: 19.937 Thread 0x00000256c3fbce20 flushing nmethod 0x00000256aea22b10
Event: 19.937 Thread 0x00000256c3fbce20 flushing nmethod 0x00000256aea24490
Event: 19.937 Thread 0x00000256c3fbce20 flushing nmethod 0x00000256aea25890
Event: 19.937 Thread 0x00000256c3fbce20 flushing nmethod 0x00000256aea26510
Event: 19.937 Thread 0x00000256c3fbce20 flushing nmethod 0x00000256aea2e610
Event: 19.937 Thread 0x00000256c3fbce20 flushing nmethod 0x00000256aea36810
Event: 19.937 Thread 0x00000256c3fbce20 flushing nmethod 0x00000256aea37690
Event: 19.937 Thread 0x00000256c3fbce20 flushing nmethod 0x00000256aea37b10
Event: 19.937 Thread 0x00000256c3fbce20 flushing nmethod 0x00000256aea3ef10
Event: 19.937 Thread 0x00000256c3fbce20 flushing nmethod 0x00000256aea40590
Event: 19.937 Thread 0x00000256c3fbce20 flushing nmethod 0x00000256aea42010
Event: 19.937 Thread 0x00000256c3fbce20 flushing nmethod 0x00000256aea46990
Event: 19.937 Thread 0x00000256c3fbce20 flushing nmethod 0x00000256aea53c10
Event: 21.935 Thread 0x00000256c57601c0 Thread exited: 0x00000256c57601c0
Event: 22.053 Thread 0x00000256c575f1d0 Thread exited: 0x00000256c575f1d0


Dynamic libraries:
0x00007ff774700000 - 0x00007ff77470e000 	c:\Users\msi\.vscode\extensions\redhat.java-1.30.0-win32-x64\jre\17.0.10-win32-x86_64\bin\java.exe
0x00007ffe3db10000 - 0x00007ffe3dd26000 	C:\WINDOWS\SYSTEM32\ntdll.dll
0x00007ffe3cd80000 - 0x00007ffe3ce44000 	C:\WINDOWS\System32\KERNEL32.DLL
0x00007ffe3aef0000 - 0x00007ffe3b297000 	C:\WINDOWS\System32\KERNELBASE.dll
0x00007ffe3b2a0000 - 0x00007ffe3b3b1000 	C:\WINDOWS\System32\ucrtbase.dll
0x00007ffe03da0000 - 0x00007ffe03dbb000 	c:\Users\msi\.vscode\extensions\redhat.java-1.30.0-win32-x64\jre\17.0.10-win32-x86_64\bin\VCRUNTIME140.dll
0x00007ffe06280000 - 0x00007ffe06297000 	c:\Users\msi\.vscode\extensions\redhat.java-1.30.0-win32-x64\jre\17.0.10-win32-x86_64\bin\jli.dll
0x00007ffe3b920000 - 0x00007ffe3bace000 	C:\WINDOWS\System32\USER32.dll
0x00007ffe1dfb0000 - 0x00007ffe1e243000 	C:\WINDOWS\WinSxS\amd64_microsoft.windows.common-controls_6595b64144ccf1df_6.0.22621.3235_none_270f74e173860f98\COMCTL32.dll
0x00007ffe3b440000 - 0x00007ffe3b466000 	C:\WINDOWS\System32\win32u.dll
0x00007ffe3ceb0000 - 0x00007ffe3cf57000 	C:\WINDOWS\System32\msvcrt.dll
0x00007ffe3bbd0000 - 0x00007ffe3bbf9000 	C:\WINDOWS\System32\GDI32.dll
0x00007ffe3b470000 - 0x00007ffe3b589000 	C:\WINDOWS\System32\gdi32full.dll
0x00007ffe3b590000 - 0x00007ffe3b62a000 	C:\WINDOWS\System32\msvcp_win.dll
0x00007ffe3bb90000 - 0x00007ffe3bbc1000 	C:\WINDOWS\System32\IMM32.DLL
0x00007ffe25de0000 - 0x00007ffe25dec000 	c:\Users\msi\.vscode\extensions\redhat.java-1.30.0-win32-x64\jre\17.0.10-win32-x86_64\bin\vcruntime140_1.dll
0x00007ffdbc010000 - 0x00007ffdbc09d000 	c:\Users\msi\.vscode\extensions\redhat.java-1.30.0-win32-x64\jre\17.0.10-win32-x86_64\bin\msvcp140.dll
0x00007ffd9dd80000 - 0x00007ffd9e9e2000 	c:\Users\msi\.vscode\extensions\redhat.java-1.30.0-win32-x64\jre\17.0.10-win32-x86_64\bin\server\jvm.dll
0x00007ffe3bad0000 - 0x00007ffe3bb82000 	C:\WINDOWS\System32\ADVAPI32.dll
0x00007ffe3d3e0000 - 0x00007ffe3d488000 	C:\WINDOWS\System32\sechost.dll
0x00007ffe3b6a0000 - 0x00007ffe3b6c8000 	C:\WINDOWS\System32\bcrypt.dll
0x00007ffe3d650000 - 0x00007ffe3d765000 	C:\WINDOWS\System32\RPCRT4.dll
0x00007ffe3a750000 - 0x00007ffe3a79d000 	C:\WINDOWS\SYSTEM32\POWRPROF.dll
0x00007ffe1dd10000 - 0x00007ffe1dd19000 	C:\WINDOWS\SYSTEM32\WSOCK32.dll
0x00007ffe3d8a0000 - 0x00007ffe3d911000 	C:\WINDOWS\System32\WS2_32.dll
0x00007ffe2b510000 - 0x00007ffe2b544000 	C:\WINDOWS\SYSTEM32\WINMM.dll
0x00007ffe33eb0000 - 0x00007ffe33eba000 	C:\WINDOWS\SYSTEM32\VERSION.dll
0x00007ffe3a420000 - 0x00007ffe3a433000 	C:\WINDOWS\SYSTEM32\UMPDC.dll
0x00007ffe38fa0000 - 0x00007ffe38fb8000 	C:\WINDOWS\SYSTEM32\kernel.appcore.dll
0x00007ffe25630000 - 0x00007ffe2563a000 	c:\Users\msi\.vscode\extensions\redhat.java-1.30.0-win32-x64\jre\17.0.10-win32-x86_64\bin\jimage.dll
0x00007ffe2b5e0000 - 0x00007ffe2b813000 	C:\WINDOWS\SYSTEM32\DBGHELP.DLL
0x00007ffe3c9f0000 - 0x00007ffe3cd78000 	C:\WINDOWS\System32\combase.dll
0x00007ffe3c8f0000 - 0x00007ffe3c9c7000 	C:\WINDOWS\System32\OLEAUT32.dll
0x00007ffe22890000 - 0x00007ffe228c2000 	C:\WINDOWS\SYSTEM32\dbgcore.DLL
0x00007ffe3b3c0000 - 0x00007ffe3b439000 	C:\WINDOWS\System32\bcryptPrimitives.dll
0x00007ffe21e10000 - 0x00007ffe21e1e000 	c:\Users\msi\.vscode\extensions\redhat.java-1.30.0-win32-x64\jre\17.0.10-win32-x86_64\bin\instrument.dll
0x00007ffdfebf0000 - 0x00007ffdfec15000 	c:\Users\msi\.vscode\extensions\redhat.java-1.30.0-win32-x64\jre\17.0.10-win32-x86_64\bin\java.dll
0x00007ffe03d80000 - 0x00007ffe03d98000 	c:\Users\msi\.vscode\extensions\redhat.java-1.30.0-win32-x64\jre\17.0.10-win32-x86_64\bin\zip.dll
0x00007ffe3c090000 - 0x00007ffe3c8ec000 	C:\WINDOWS\System32\SHELL32.dll
0x00007ffe37e40000 - 0x00007ffe38739000 	C:\WINDOWS\SYSTEM32\windows.storage.dll
0x00007ffe37d00000 - 0x00007ffe37e3e000 	C:\WINDOWS\SYSTEM32\wintypes.dll
0x00007ffe3bf00000 - 0x00007ffe3bff3000 	C:\WINDOWS\System32\SHCORE.dll
0x00007ffe3b8c0000 - 0x00007ffe3b91e000 	C:\WINDOWS\System32\shlwapi.dll
0x00007ffe3ad60000 - 0x00007ffe3ad81000 	C:\WINDOWS\SYSTEM32\profapi.dll
0x00007ffdfb850000 - 0x00007ffdfb869000 	C:\Users\msi\.vscode\extensions\redhat.java-1.30.0-win32-x64\jre\17.0.10-win32-x86_64\bin\net.dll
0x00007ffe348c0000 - 0x00007ffe349f6000 	C:\WINDOWS\SYSTEM32\WINHTTP.dll
0x00007ffe393c0000 - 0x00007ffe39429000 	C:\WINDOWS\system32\mswsock.dll
0x00007ffdf3e00000 - 0x00007ffdf3e16000 	C:\Users\msi\.vscode\extensions\redhat.java-1.30.0-win32-x64\jre\17.0.10-win32-x86_64\bin\nio.dll
0x00007ffe1ed60000 - 0x00007ffe1ed70000 	c:\Users\msi\.vscode\extensions\redhat.java-1.30.0-win32-x64\jre\17.0.10-win32-x86_64\bin\verify.dll
0x00007ffdc3440000 - 0x00007ffdc347e000 	C:\Users\msi\AppData\Roaming\Code\User\globalStorage\redhat.java\1.30.0\config_win\org.eclipse.equinox.launcher\org.eclipse.equinox.launcher.win32.win32.x86_64_1.2.900.v20240213-1244\eclipse_11900.dll
0x00007ffe3d920000 - 0x00007ffe3dac5000 	C:\WINDOWS\System32\ole32.dll
0x00007ffe3aad0000 - 0x00007ffe3aaeb000 	C:\WINDOWS\SYSTEM32\CRYPTSP.dll
0x00007ffe38f00000 - 0x00007ffe38f35000 	C:\WINDOWS\system32\rsaenh.dll
0x00007ffe39460000 - 0x00007ffe39488000 	C:\WINDOWS\SYSTEM32\USERENV.dll
0x00007ffe396f0000 - 0x00007ffe396fc000 	C:\WINDOWS\SYSTEM32\CRYPTBASE.dll
0x00007ffe38a10000 - 0x00007ffe38a3d000 	C:\WINDOWS\SYSTEM32\IPHLPAPI.DLL
0x00007ffe3c9d0000 - 0x00007ffe3c9d9000 	C:\WINDOWS\System32\NSI.dll
0x00007ffe34bc0000 - 0x00007ffe34bd9000 	C:\WINDOWS\SYSTEM32\dhcpcsvc6.DLL
0x00007ffe34b60000 - 0x00007ffe34b7f000 	C:\WINDOWS\SYSTEM32\dhcpcsvc.DLL
0x00007ffe38a80000 - 0x00007ffe38b79000 	C:\WINDOWS\SYSTEM32\DNSAPI.dll
0x00007ffdbb9a0000 - 0x00007ffdbb9e5000 	C:\Users\msi\AppData\Local\Temp\jna-108419\jna11525176119624291178.dll
0x00007ffe3d890000 - 0x00007ffe3d898000 	C:\WINDOWS\System32\PSAPI.DLL
0x00007ffe39f30000 - 0x00007ffe39f3e000 	C:\Users\msi\.vscode\extensions\redhat.java-1.30.0-win32-x64\jre\17.0.10-win32-x86_64\bin\sunmscapi.dll
0x00007ffe3b6d0000 - 0x00007ffe3b837000 	C:\WINDOWS\System32\CRYPT32.dll
0x00007ffe3a060000 - 0x00007ffe3a08e000 	C:\WINDOWS\SYSTEM32\ncrypt.dll
0x00007ffe3a020000 - 0x00007ffe3a057000 	C:\WINDOWS\SYSTEM32\NTASN1.dll
0x00007ffe33430000 - 0x00007ffe3343a000 	C:\Windows\System32\rasadhlp.dll
0x00007ffe33ec0000 - 0x00007ffe33f43000 	C:\WINDOWS\System32\fwpuclnt.dll
0x00007ffe17de0000 - 0x00007ffe17de9000 	C:\Users\msi\.vscode\extensions\redhat.java-1.30.0-win32-x64\jre\17.0.10-win32-x86_64\bin\extnet.dll

dbghelp: loaded successfully - version: 4.0.5 - missing functions: none
symbol engine: initialized successfully - sym options: 0x614 - pdb path: .;c:\Users\msi\.vscode\extensions\redhat.java-1.30.0-win32-x64\jre\17.0.10-win32-x86_64\bin;C:\WINDOWS\SYSTEM32;C:\WINDOWS\WinSxS\amd64_microsoft.windows.common-controls_6595b64144ccf1df_6.0.22621.3235_none_270f74e173860f98;c:\Users\msi\.vscode\extensions\redhat.java-1.30.0-win32-x64\jre\17.0.10-win32-x86_64\bin\server;C:\Users\msi\AppData\Roaming\Code\User\globalStorage\redhat.java\1.30.0\config_win\org.eclipse.equinox.launcher\org.eclipse.equinox.launcher.win32.win32.x86_64_1.2.900.v20240213-1244;C:\Users\msi\AppData\Local\Temp\jna-108419

VM Arguments:
jvm_args: --add-modules=ALL-SYSTEM --add-opens=java.base/java.util=ALL-UNNAMED --add-opens=java.base/java.lang=ALL-UNNAMED --add-opens=java.base/sun.nio.fs=ALL-UNNAMED -Declipse.application=org.eclipse.jdt.ls.core.id1 -Dosgi.bundles.defaultStartLevel=4 -Declipse.product=org.eclipse.jdt.ls.core.product -Djava.import.generatesMetadataFilesAtProjectRoot=false -DDetectVMInstallationsJob.disabled=true -Dfile.encoding=utf8 -XX:+UseParallelGC -XX:GCTimeRatio=4 -XX:AdaptiveSizePolicyWeight=90 -Dsun.zip.disableMemoryMapping=true -Xmx1G -Xms100m -Xlog:disable -javaagent:c:\Users\msi\.vscode\extensions\redhat.java-1.30.0-win32-x64\lombok\lombok-1.18.32.jar -XX:+HeapDumpOnOutOfMemoryError -XX:HeapDumpPath=c:\Users\msi\AppData\Roaming\Code\User\workspaceStorage\ea2dbe5686b311bfe3bfbaa239bcab37\redhat.java -Daether.dependencyCollector.impl=bf 
java_command: c:\Users\msi\.vscode\extensions\redhat.java-1.30.0-win32-x64\server\plugins\org.eclipse.equinox.launcher_1.6.800.v20240330-1250.jar -configuration c:\Users\msi\AppData\Roaming\Code\User\globalStorage\redhat.java\1.30.0\config_win -data c:\Users\msi\AppData\Roaming\Code\User\workspaceStorage\ea2dbe5686b311bfe3bfbaa239bcab37\redhat.java\jdt_ws --pipe=\\.\pipe\lsp-8d50ee070ad7ab62ff31d05293a505c0-sock
java_class_path (initial): c:\Users\msi\.vscode\extensions\redhat.java-1.30.0-win32-x64\server\plugins\org.eclipse.equinox.launcher_1.6.800.v20240330-1250.jar
Launcher Type: SUN_STANDARD

[Global flags]
    uintx AdaptiveSizePolicyWeight                 = 90                                        {product} {command line}
     intx CICompilerCount                          = 4                                         {product} {ergonomic}
    uintx GCTimeRatio                              = 4                                         {product} {command line}
     bool HeapDumpOnOutOfMemoryError               = true                                   {manageable} {command line}
    ccstr HeapDumpPath                             = c:\Users\msi\AppData\Roaming\Code\User\workspaceStorage\ea2dbe5686b311bfe3bfbaa239bcab37\redhat.java         {manageable} {command line}
   size_t InitialHeapSize                          = 104857600                                 {product} {command line}
   size_t MaxHeapSize                              = 1073741824                                {product} {command line}
   size_t MaxNewSize                               = 357564416                                 {product} {ergonomic}
   size_t MinHeapDeltaBytes                        = 524288                                    {product} {ergonomic}
   size_t MinHeapSize                              = 104857600                                 {product} {command line}
   size_t NewSize                                  = 34603008                                  {product} {ergonomic}
    uintx NonNMethodCodeHeapSize                   = 5839372                                {pd product} {ergonomic}
    uintx NonProfiledCodeHeapSize                  = 122909434                              {pd product} {ergonomic}
   size_t OldSize                                  = 70254592                                  {product} {ergonomic}
    uintx ProfiledCodeHeapSize                     = 122909434                              {pd product} {ergonomic}
    uintx ReservedCodeCacheSize                    = 251658240                              {pd product} {ergonomic}
     bool SegmentedCodeCache                       = true                                      {product} {ergonomic}
   size_t SoftMaxHeapSize                          = 1073741824                             {manageable} {ergonomic}
     bool UseCompressedClassPointers               = true                           {product lp64_product} {ergonomic}
     bool UseCompressedOops                        = true                           {product lp64_product} {ergonomic}
     bool UseLargePagesIndividualAllocation        = false                                  {pd product} {ergonomic}
     bool UseParallelGC                            = true                                      {product} {command line}

Logging:
Log output configuration:
 #0: stdout all=off uptime,level,tags
 #1: stderr all=off uptime,level,tags

Environment Variables:
JAVA_HOME=C:\Program Files\Java\jdk-20
PATH=C:\Program Files\Common Files\Oracle\Java\javapath;C:\Windows\system32;C:\Windows;C:\Windows\System32\Wbem;C:\Windows\System32\WindowsPowerShell\v1.0\;C:\Windows\System32\OpenSSH\;C:\Program Files (x86)\NVIDIA Corporation\PhysX\Common;C:\Program Files\NVIDIA Corporation\NVIDIA NvDLISR;C:\Program Files\Git\cmd;C:\Users\msi\AppData\Roaming\npm\node_modules;C:\SQLite;C:\Program Files\MySQL\MySQL Server 8.0\bin;C:\Users\msi\Downloads\Redis-x64-3.2.100;C:\Users\msi\AppData\Roaming\nvm;C:\Program Files\nodejs;C:\WINDOWS\system32;C:\WINDOWS;C:\WINDOWS\System32\Wbem;C:\WINDOWS\System32\WindowsPowerShell\v1.0\;C:\WINDOWS\System32\OpenSSH\;;C:\Users\msi\AppData\Local\Android\Sdk\ndk\23.1.7779620;C:\Program Files\IBM\SPSS\Statistics\23\JRE\bin;C:\Program Files\Java\jdk-20\bin\;C:\gradle-8.2\bin;C:\Program Files (x86)\Yarn\bin\;C:\Program Files\PostgreSQL\15\bin;C:\Program Files\nodejs\;C:\Program Files (x86)\sbt\bin;C:\Program Files\Docker\Docker\resources\bin;C:\Users\msi\AppData\Local\Microsoft\WindowsApps;C:\Users\msi\AppData\Local\Programs\Microsoft VS Code\bin;C:\Program Files\heroku\bin;C:\Users\msi\AppData\Roaming\nvm;C:\Program Files\nodejs;C:\Program Files\MongoDB\Server\4.4\bin;C:\Users\msi\AppData\Local\Yarn\bin;C:\Program Files\JetBrains\PyCharm 2023.2.1\bin;;C:\Users\msi\AppData\Roaming\npm
USERNAME=msi
OS=Windows_NT
PROCESSOR_IDENTIFIER=Intel64 Family 6 Model 165 Stepping 2, GenuineIntel
TMP=C:\Users\msi\AppData\Local\Temp
TEMP=C:\Users\msi\AppData\Local\Temp



Periodic native trim disabled


---------------  S Y S T E M  ---------------

OS:
 Windows 11 , 64 bit Build 22621 (10.0.22621.3374)
OS uptime: 4 days 20:21 hours
Hyper-V role detected

CPU: total 12 (initial active 12) (6 cores per cpu, 2 threads per core) family 6 model 165 stepping 2 microcode 0xe2, cx8, cmov, fxsr, ht, mmx, 3dnowpref, sse, sse2, sse3, ssse3, sse4.1, sse4.2, popcnt, lzcnt, tsc, tscinvbit, avx, avx2, aes, erms, clmul, bmi1, bmi2, adx, fma, vzeroupper, clflush, clflushopt, hv
Processor Information for all 12 processors :
  Max Mhz: 2592, Current Mhz: 2592, Mhz Limit: 2592

Memory: 4k page, system-wide physical 16201M (6315M free)
TotalPageFile size 27465M (AvailPageFile size 13478M)
current process WorkingSet (physical memory assigned to process): 426M, peak: 426M
current process commit charge ("private bytes"): 407M, peak: 431M

vm_info: OpenJDK 64-Bit Server VM (17.0.10+7) for windows-amd64 JRE (17.0.10+7), built on Jan 16 2024 23:25:11 by "admin" with MS VC++ 16.10 / 16.11 (VS2019)

END.
