#
# A fatal error has been detected by the Java Runtime Environment:
#
#  EXCEPTION_ACCESS_VIOLATION (0xc0000005) at pc=0x00007ffb00fa0886, pid=21676, tid=2112
#
# JRE version: Java(TM) SE Runtime Environment (20.0.2+9) (build 20.0.2+9-78)
# Java VM: Java HotSpot(TM) 64-Bit Server VM (20.0.2+9-78, mixed mode, sharing, tiered, compressed oops, compressed class ptrs, g1 gc, windows-amd64)
# Problematic frame:
# V  [jvm.dll+0x140886]
#
# No core dump will be written. Minidumps are not enabled by default on client versions of Windows
#
# If you would like to submit a bug report, please visit:
#   https://bugreport.java.com/bugreport/crash.jsp
#

---------------  S U M M A R Y ------------

Command Line: -XX:MaxMetaspaceSize=512m --add-opens=java.base/java.util=ALL-UNNAMED --add-opens=java.base/java.lang=ALL-UNNAMED --add-opens=java.base/java.lang.invoke=ALL-UNNAMED --add-opens=java.prefs/java.util.prefs=ALL-UNNAMED --add-opens=java.base/java.nio.charset=ALL-UNNAMED --add-opens=java.base/java.net=ALL-UNNAMED --add-opens=java.base/java.util.concurrent.atomic=ALL-UNNAMED -Xmx2048m -Dfile.encoding=utf8 -Duser.country=FR -Duser.language=fr -Duser.variant -javaagent:C:\Users\msi\.gradle\wrapper\dists\gradle-8.3-all\6en3ugtfdg5xnpx44z4qbwgas\gradle-8.3\lib\agents\gradle-instrumentation-agent-8.3.jar org.gradle.launcher.daemon.bootstrap.GradleDaemon 8.3

Host: Intel(R) Core(TM) i7-10750H CPU @ 2.60GHz, 12 cores, 15G,  Windows 11 , 64 bit Build 22621 (10.0.22621.3374)
Time: Thu May  9 13:32:24 2024 Europe de l , 64 bit Build 22621 (10.0.22621.3374) elapsed time: 31.315293 seconds (0d 0h 0m 31s)

---------------  T H R E A D  ---------------

Current thread (0x000001a9f686dfe0):  WorkerThread "GC Thread#0" [stack: 0x0000009493600000,0x0000009493700000] [id=2112]

Stack: [0x0000009493600000,0x0000009493700000],  sp=0x00000094936ff468,  free space=1021k
Native frames: (J=compiled Java code, j=interpreted, Vv=VM code, C=native code)
V  [jvm.dll+0x140886]


siginfo: EXCEPTION_ACCESS_VIOLATION (0xc0000005), reading address 0x000001aa18b5d4a0


Registers:
RAX=0x0000000000000000, RBX=0x0000000000000001, RCX=0x00000000866e3588, RDX=0x00000000866e3588
RSP=0x00000094936ff468, RBP=0x0000000000000e70, RSI=0x000001a9f8a49340, RDI=0x000000008533e108
R8 =0x000001aa18b5d498, R9 =0x000000008533e108, R10=0x00000000866e3588, R11=0x0000000000000001
R12=0x000001a9f8a3e8c8, R13=0x000001aa18b5d498, R14=0x00000000866e3588, R15=0x000001a9b64482a0
RIP=0x00007ffb00fa0886, EFLAGS=0x0000000000010202


Register to memory mapping:

RIP=0x00007ffb00fa0886 jvm.dll
RAX=0x0 is NULL
RBX=0x0000000000000001 is an unknown value
RCX=
[error occurred during error reporting (printing register info), id 0xc0000005, EXCEPTION_ACCESS_VIOLATION (0xc0000005) at pc=0x00007ffb00fa0886]
Top of Stack: (sp=0x00000094936ff468)
0x00000094936ff468:   00007ffb011bd1cb 0000000000000011
0x00000094936ff478:   0000000000000011 0000000000000002
0x00000094936ff488:   0000000000000001 0000000086d8ccd4
0x00000094936ff498:   00007ffb011bb539 0000000000000011
0x00000094936ff4a8:   000001a9fe72d340 00000094936ff530
0x00000094936ff4b8:   00007ffb011b0312 000001a9b6448420
0x00000094936ff4c8:   0000000000000000 0000000000000000
0x00000094936ff4d8:   000001a9b64482a0 000001a9f8a3e8c8
0x00000094936ff4e8:   0000000086d8f858 000001a9f8a49340
0x00000094936ff4f8:   0000000000000e70 000001a9b64482a0
0x00000094936ff508:   00007ffb011be43a 000001a9b6440000
0x00000094936ff518:   0000000000000100 000001a900000000
0x00000094936ff528:   0000000000000028 000001a9f8a3e4e0
0x00000094936ff538:   000001a9b6f8e7b0 00000094936ff630
0x00000094936ff548:   0000000000000013 00000094936ff5c0
0x00000094936ff558:   00007ffb011d2bd4 00000000000003d8
0x00000094936ff568:   000001a9b64482a0 00000094936ff649
0x00000094936ff578:   00007ffb011aff6a 0000009493bff000
0x00000094936ff588:   00007ffb0151579f 0000000000000000
0x00000094936ff598:   0000000000000000 0000000000000000
0x00000094936ff5a8:   0000000000000000 000001a9b6f8e7b0
0x00000094936ff5b8:   00007ffb01660cf7 000001a9f8a3e4e0
0x00000094936ff5c8:   000001a9b6f8e7b0 00000000000003d8
0x00000094936ff5d8:   000001a9f8a3e8c8 0000000000000003
0x00000094936ff5e8:   00007ffb011d330a 000001a9b64482a0
0x00000094936ff5f8:   0000000000000013 0000009493bff000
0x00000094936ff608:   0000000000000501 000001a9b64482a0
0x00000094936ff618:   000001a9f8a27cf0 0000000012a8190b
0x00000094936ff628:   00000012e1ed46bc 00007ffb017e94a8
0x00000094936ff638:   0000000000000000 0000000000000000
0x00000094936ff648:   0000000000000000 000001a9f8a3fba0
0x00000094936ff658:   000001a9b64482a0 000001a9f8a3d170 

Instructions: (pc=0x00007ffb00fa0886)
0x00007ffb00fa0786:   4c 63 c0 41 8b c1 48 c1 f8 10 48 63 14 19 41 8b
0x00007ffb00fa0796:   c9 83 e1 3f 48 d3 e2 0f b6 c8 49 8d 04 10 49 f7
0x00007ffb00fa07a6:   d0 48 03 c8 49 c1 e8 03 48 c1 e9 03 49 23 c8 eb
0x00007ffb00fa07b6:   12 49 8b 00 48 8b d3 49 8b c8 ff 90 00 01 00 00
0x00007ffb00fa07c6:   48 8b c8 48 89 1f 48 8b c7 48 8b 5c 24 30 48 89
0x00007ffb00fa07d6:   4f 08 48 83 c4 20 5f c3 cc cc 0f b6 05 84 10 a7
0x00007ffb00fa07e6:   00 48 8b d1 84 c0 74 16 44 8b 41 08 8b 0d f0 37
0x00007ffb00fa07f6:   a0 00 49 d3 e0 4c 03 05 de 37 a0 00 eb 04 4c 8b
0x00007ffb00fa0806:   41 08 45 8b 48 08 45 85 c9 7e 0e 41 f6 c1 01 75
0x00007ffb00fa0816:   53 41 c1 f9 03 49 63 c1 c3 79 49 84 c0 41 b8 0c
0x00007ffb00fa0826:   00 00 00 8b 05 69 49 a0 00 b9 10 00 00 00 41 0f
0x00007ffb00fa0836:   45 c8 ff c8 4c 63 c0 41 8b c1 48 c1 f8 10 0f b6
0x00007ffb00fa0846:   c0 48 63 14 11 41 8b c9 83 e1 3f 48 d3 e2 49 8d
0x00007ffb00fa0856:   0c 10 49 f7 d0 48 03 c1 49 c1 e8 03 48 c1 e8 03
0x00007ffb00fa0866:   49 23 c0 c3 49 8b 00 49 8b c8 48 ff a0 00 01 00
0x00007ffb00fa0876:   00 cc cc cc cc cc cc cc cc cc 4c 8b c2 48 8b d1
0x00007ffb00fa0886:   45 8b 48 08 45 85 c9 7e 0e 41 f6 c1 01 75 56 41
0x00007ffb00fa0896:   c1 f9 03 49 63 c1 c3 79 4c 80 3d c5 0f a7 00 00
0x00007ffb00fa08a6:   b8 0c 00 00 00 b9 10 00 00 00 0f 45 c8 8b 05 df
0x00007ffb00fa08b6:   48 a0 00 ff c8 4c 63 c0 41 8b c1 48 c1 f8 10 48
0x00007ffb00fa08c6:   63 14 11 41 8b c9 83 e1 3f 0f b6 c0 48 d3 e2 49
0x00007ffb00fa08d6:   8d 0c 10 49 f7 d0 48 03 c1 49 c1 e8 03 48 c1 e8
0x00007ffb00fa08e6:   03 49 23 c0 c3 49 8b 00 49 8b c8 48 ff a0 00 01
0x00007ffb00fa08f6:   00 00 cc cc cc cc cc cc cc cc 40 53 48 83 ec 20
0x00007ffb00fa0906:   48 8b d9 49 8b c0 33 c9 45 0f b6 c1 48 89 0b 48
0x00007ffb00fa0916:   89 4b 08 48 8b cb 48 89 53 10 48 8b d0 e8 88 09
0x00007ffb00fa0926:   00 00 48 8b c3 48 83 c4 20 5b c3 cc cc cc cc cc
0x00007ffb00fa0936:   cc cc cc cc cc cc cc cc cc cc 40 53 48 83 ec 20
0x00007ffb00fa0946:   33 c0 44 88 41 10 45 0f b6 c1 48 89 01 48 89 41
0x00007ffb00fa0956:   08 48 8b d9 e8 61 0a 00 00 48 8b c3 48 83 c4 20
0x00007ffb00fa0966:   5b c3 cc cc cc cc cc cc cc cc 40 53 48 83 ec 20
0x00007ffb00fa0976:   33 c0 48 8b d9 48 89 01 48 89 41 08 e8 e9 0b 00 


Stack slot to memory mapping:
stack at sp + 0 slots: 0x00007ffb011bd1cb jvm.dll
stack at sp + 1 slots: 0x0000000000000011 is an unknown value
stack at sp + 2 slots: 0x0000000000000011 is an unknown value
stack at sp + 3 slots: 0x0000000000000002 is an unknown value
stack at sp + 4 slots: 0x0000000000000001 is an unknown value
stack at sp + 5 slots: 0x0000000086d8ccd4 is pointing into object: [Ljava.lang.Object; 
{0x0000000086d8ca90} - klass: 'java/lang/Object'[]
 - length: 163
stack at sp + 6 slots: 0x00007ffb011bb539 jvm.dll
stack at sp + 7 slots: 0x0000000000000011 is an unknown value


---------------  P R O C E S S  ---------------

Threads class SMR info:
_java_thread_list=0x000001a9bcabab40, length=126, elements={
0x000001a9f8a297e0, 0x000001a9b202c400, 0x000001a9b202dbc0, 0x000001a9b2034960,
0x000001a9b20359a0, 0x000001a9b20382f0, 0x000001a9b2038f00, 0x000001a9b2046460,
0x000001a9b2046f10, 0x000001a9fe8e9a50, 0x000001a9b2210210, 0x000001a9b7dd50c0,
0x000001a9b6e8db30, 0x000001a9b6e8e080, 0x000001a9b6e8e5d0, 0x000001a9b6e8fb10,
0x000001a9b6e8f5c0, 0x000001a9b6e90060, 0x000001a9b6e905b0, 0x000001a9b6e8d090,
0x000001a9b6e8eb20, 0x000001a9b6e8d5e0, 0x000001a9b6e8f070, 0x000001a9b8194df0,
0x000001a9b81948a0, 0x000001a9b8191e20, 0x000001a9b81928c0, 0x000001a9b8192370,
0x000001a9b81938b0, 0x000001a9b8192e10, 0x000001a9b8193360, 0x000001a9b8193e00,
0x000001a9b8195340, 0x000001a9b98786c0, 0x000001a9b98776d0, 0x000001a9b9876190,
0x000001a9b987b140, 0x000001a9b9877180, 0x000001a9b987c680, 0x000001a9b98766e0,
0x000001a9b987bbe0, 0x000001a9b987abf0, 0x000001a9b9876c30, 0x000001a9b9878170,
0x000001a9b987b690, 0x000001a9b987a150, 0x000001a9b9874c50, 0x000001a9b98751a0,
0x000001a9ba207410, 0x000001a9ba205980, 0x000001a9ba209e90, 0x000001a9ba205430,
0x000001a9ba20ae80, 0x000001a9ba208400, 0x000001a9ba20c910, 0x000001a9ba20a3e0,
0x000001a9ba20be70, 0x000001a9ba208ea0, 0x000001a9ba20a930, 0x000001a9ba205ed0,
0x000001a9ba206420, 0x000001a9ba209940, 0x000001a9ba20ce60, 0x000001a9ba206ec0,
0x000001a9ba207960, 0x000001a9ba208950, 0x000001a9ba207eb0, 0x000001a9ba2093f0,
0x000001a9b9877c20, 0x000001a9b9879c00, 0x000001a9bb4b06a0, 0x000001a9bb4aa700,
0x000001a9bb4af6b0, 0x000001a9bb4af160, 0x000001a9bb4afc00, 0x000001a9bb4aac50,
0x000001a9bb4b1be0, 0x000001a9bb4b1690, 0x000001a9bb4b1140, 0x000001a9bb4acc30,
0x000001a9bb4aec10, 0x000001a9bb4b2130, 0x000001a9bb4b0bf0, 0x000001a9bb4ab1a0,
0x000001a9bb4abc40, 0x000001a9bb4b0150, 0x000001a9bb4ad180, 0x000001a9bb4ab6f0,
0x000001a9bb4ad6d0, 0x000001a9bb4ac6e0, 0x000001a9bb4adc20, 0x000001a9bb4ac190,
0x000001a9bb4ae170, 0x000001a9bb4ae6c0, 0x000001a9bbd29b00, 0x000001a9bbd24b50,
0x000001a9bbd26090, 0x000001a9bbd285c0, 0x000001a9bbd265e0, 0x000001a9bbd255f0,
0x000001a9bbd2a050, 0x000001a9bbd240b0, 0x000001a9bbd27b20, 0x000001a9bbd275d0,
0x000001a9bbd24600, 0x000001a9bbd2a5a0, 0x000001a9bbd28b10, 0x000001a9bbd29060,
0x000001a9bbd28070, 0x000001a9bbd26b30, 0x000001a9bbd27080, 0x000001a9bbd250a0,
0x000001a9bbd25b40, 0x000001a9bbd295b0, 0x000001a9bb9b8590, 0x000001a9bb9b9580,
0x000001a9bb9bb010, 0x000001a9bb9ba020, 0x000001a9bb9ba570, 0x000001a9bb9b9ad0,
0x000001a9bb9baac0, 0x000001a9b987c130, 0x000001a9bc1da5b0, 0x000001a9bc1dd580,
0x000001a9bc1e0ff0, 0x000001a9bc1e1a90
}

Java Threads: ( => current thread )
  0x000001a9f8a297e0 JavaThread "main" [_thread_blocked, id=20500, stack(0x0000009493500000,0x0000009493600000)]
  0x000001a9b202c400 JavaThread "Reference Handler" daemon [_thread_blocked, id=22388, stack(0x0000009493c00000,0x0000009493d00000)]
  0x000001a9b202dbc0 JavaThread "Finalizer" daemon [_thread_blocked, id=22400, stack(0x0000009493d00000,0x0000009493e00000)]
  0x000001a9b2034960 JavaThread "Signal Dispatcher" daemon [_thread_blocked, id=19984, stack(0x0000009493e00000,0x0000009493f00000)]
  0x000001a9b20359a0 JavaThread "Attach Listener" daemon [_thread_blocked, id=15732, stack(0x0000009493f00000,0x0000009494000000)]
  0x000001a9b20382f0 JavaThread "Service Thread" daemon [_thread_blocked, id=6188, stack(0x0000009494000000,0x0000009494100000)]
  0x000001a9b2038f00 JavaThread "Monitor Deflation Thread" daemon [_thread_blocked, id=5760, stack(0x0000009494100000,0x0000009494200000)]
  0x000001a9b2046460 JavaThread "C2 CompilerThread0" daemon [_thread_blocked, id=7376, stack(0x0000009494200000,0x0000009494300000)]
  0x000001a9b2046f10 JavaThread "C1 CompilerThread0" daemon [_thread_blocked, id=20360, stack(0x0000009494300000,0x0000009494400000)]
  0x000001a9fe8e9a50 JavaThread "Common-Cleaner" daemon [_thread_blocked, id=10352, stack(0x0000009494400000,0x0000009494500000)]
  0x000001a9b2210210 JavaThread "Notification Thread" daemon [_thread_blocked, id=4656, stack(0x0000009494500000,0x0000009494600000)]
  0x000001a9b7dd50c0 JavaThread "Daemon health stats" [_thread_blocked, id=21876, stack(0x0000009494e00000,0x0000009494f00000)]
  0x000001a9b6e8db30 JavaThread "Incoming local TCP Connector on port 52533" [_thread_in_native, id=17948, stack(0x0000009494f00000,0x0000009495000000)]
  0x000001a9b6e8e080 JavaThread "Daemon periodic checks" [_thread_blocked, id=16544, stack(0x0000009495000000,0x0000009495100000)]
  0x000001a9b6e8e5d0 JavaThread "Daemon" [_thread_blocked, id=16392, stack(0x0000009495100000,0x0000009495200000)]
  0x000001a9b6e8fb10 JavaThread "Handler for socket connection from /127.0.0.1:52533 to /127.0.0.1:52534" [_thread_in_native, id=18904, stack(0x0000009495200000,0x0000009495300000)]
  0x000001a9b6e8f5c0 JavaThread "Cancel handler" [_thread_blocked, id=17460, stack(0x0000009495300000,0x0000009495400000)]
  0x000001a9b6e90060 JavaThread "Daemon worker" [_thread_blocked, id=12524, stack(0x0000009495400000,0x0000009495500000)]
  0x000001a9b6e905b0 JavaThread "Asynchronous log dispatcher for DefaultDaemonConnection: socket connection from /127.0.0.1:52533 to /127.0.0.1:52534" [_thread_blocked, id=12056, stack(0x0000009495500000,0x0000009495600000)]
  0x000001a9b6e8d090 JavaThread "Stdin handler" [_thread_blocked, id=23460, stack(0x0000009495600000,0x0000009495700000)]
  0x000001a9b6e8eb20 JavaThread "Daemon client event forwarder" [_thread_blocked, id=20328, stack(0x0000009495700000,0x0000009495800000)]
  0x000001a9b6e8d5e0 JavaThread "Cache worker for journal cache (C:\Users\msi\.gradle\caches\journal-1)" [_thread_blocked, id=9724, stack(0x0000009494800000,0x0000009494900000)]
  0x000001a9b6e8f070 JavaThread "File lock request listener" [_thread_blocked, id=17508, stack(0x0000009495800000,0x0000009495900000)]
  0x000001a9b8194df0 JavaThread "Cache worker for file hash cache (C:\Users\msi\.gradle\caches\8.3\fileHashes)" [_thread_blocked, id=20636, stack(0x0000009495900000,0x0000009495a00000)]
  0x000001a9b81948a0 JavaThread "File watcher server" daemon [_thread_in_native, id=20560, stack(0x0000009495b00000,0x0000009495c00000)]
  0x000001a9b8191e20 JavaThread "File watcher consumer" daemon [_thread_blocked, id=8532, stack(0x0000009496200000,0x0000009496300000)]
  0x000001a9b81928c0 JavaThread "Cache worker for checksums cache (C:\Users\msi\Desktop\match-mate-app\MatchMateApp\android\.gradle\8.3\checksums)" [_thread_blocked, id=20312, stack(0x0000009496300000,0x0000009496400000)]
  0x000001a9b8192370 JavaThread "Cache worker for file hash cache (C:\Users\msi\Desktop\match-mate-app\MatchMateApp\android\.gradle\8.3\fileHashes)" [_thread_blocked, id=23400, stack(0x0000009496400000,0x0000009496500000)]
  0x000001a9b81938b0 JavaThread "Cache worker for cache directory md-supplier (C:\Users\msi\.gradle\caches\8.3\md-supplier)" [_thread_blocked, id=2100, stack(0x0000009496500000,0x0000009496600000)]
  0x000001a9b8192e10 JavaThread "Cache worker for file content cache (C:\Users\msi\.gradle\caches\8.3\fileContent)" [_thread_blocked, id=20668, stack(0x0000009496600000,0x0000009496700000)]
  0x000001a9b8193360 JavaThread "Cache worker for cache directory md-rule (C:\Users\msi\.gradle\caches\8.3\md-rule)" [_thread_blocked, id=17124, stack(0x0000009496700000,0x0000009496800000)]
  0x000001a9b8193e00 JavaThread "Cache worker for execution history cache (C:\Users\msi\.gradle\caches\8.3\executionHistory)" [_thread_blocked, id=22664, stack(0x0000009496800000,0x0000009496900000)]
  0x000001a9b8195340 JavaThread "jar transforms" [_thread_blocked, id=20896, stack(0x0000009496900000,0x0000009496a00000)]
  0x000001a9b98786c0 JavaThread "jar transforms Thread 2" [_thread_blocked, id=22480, stack(0x0000009496a00000,0x0000009496b00000)]
  0x000001a9b98776d0 JavaThread "jar transforms Thread 3" [_thread_blocked, id=10476, stack(0x0000009496b00000,0x0000009496c00000)]
  0x000001a9b9876190 JavaThread "jar transforms Thread 4" [_thread_blocked, id=15712, stack(0x0000009496c00000,0x0000009496d00000)]
  0x000001a9b987b140 JavaThread "jar transforms Thread 5" [_thread_blocked, id=17004, stack(0x0000009496d00000,0x0000009496e00000)]
  0x000001a9b9877180 JavaThread "jar transforms Thread 6" [_thread_blocked, id=17040, stack(0x0000009496e00000,0x0000009496f00000)]
  0x000001a9b987c680 JavaThread "File lock release action executor" [_thread_blocked, id=21640, stack(0x0000009494700000,0x0000009494800000)]
  0x000001a9b98766e0 JavaThread "Cache worker for kotlin-dsl (C:\Users\msi\.gradle\caches\8.3\kotlin-dsl)" [_thread_blocked, id=11624, stack(0x0000009496f00000,0x0000009497000000)]
  0x000001a9b987bbe0 JavaThread "jar transforms Thread 7" [_thread_blocked, id=20168, stack(0x0000009497000000,0x0000009497100000)]
  0x000001a9b987abf0 JavaThread "jar transforms Thread 8" [_thread_blocked, id=20536, stack(0x0000009497100000,0x0000009497200000)]
  0x000001a9b9876c30 JavaThread "Unconstrained build operations" [_thread_blocked, id=6688, stack(0x0000009495a00000,0x0000009495b00000)]
  0x000001a9b9878170 JavaThread "Unconstrained build operations Thread 2" [_thread_blocked, id=17896, stack(0x0000009497200000,0x0000009497300000)]
  0x000001a9b987b690 JavaThread "jar transforms Thread 9" [_thread_blocked, id=8920, stack(0x0000009497400000,0x0000009497500000)]
  0x000001a9b987a150 JavaThread "jar transforms Thread 10" [_thread_blocked, id=5632, stack(0x0000009497500000,0x0000009497600000)]
  0x000001a9b9874c50 JavaThread "jar transforms Thread 11" [_thread_blocked, id=11232, stack(0x0000009497600000,0x0000009497700000)]
  0x000001a9b98751a0 JavaThread "jar transforms Thread 12" [_thread_blocked, id=17476, stack(0x0000009497700000,0x0000009497800000)]
  0x000001a9ba207410 JavaThread "Cache worker for dependencies-accessors (C:\Users\msi\Desktop\match-mate-app\MatchMateApp\android\.gradle\8.3\dependencies-accessors)" [_thread_blocked, id=4208, stack(0x0000009497800000,0x0000009497900000)]
  0x000001a9ba205980 JavaThread "Cache worker for Build Output Cleanup Cache (C:\Users\msi\Desktop\match-mate-app\MatchMateApp\node_modules\@react-native\gradle-plugin\.gradle\buildOutputCleanup)" [_thread_blocked, id=4676, stack(0x0000009497a00000,0x0000009497b00000)]
  0x000001a9ba209e90 JavaThread "Unconstrained build operations Thread 3" [_thread_blocked, id=5520, stack(0x0000009497c00000,0x0000009497d00000)]
  0x000001a9ba205430 JavaThread "Unconstrained build operations Thread 4" [_thread_blocked, id=21580, stack(0x0000009497d00000,0x0000009497e00000)]
  0x000001a9ba20ae80 JavaThread "Unconstrained build operations Thread 5" [_thread_blocked, id=21480, stack(0x0000009497e00000,0x0000009497f00000)]
  0x000001a9ba208400 JavaThread "Unconstrained build operations Thread 6" [_thread_blocked, id=18576, stack(0x0000009497f00000,0x0000009498000000)]
  0x000001a9ba20c910 JavaThread "Unconstrained build operations Thread 7" [_thread_blocked, id=22244, stack(0x0000009498000000,0x0000009498100000)]
  0x000001a9ba20a3e0 JavaThread "Unconstrained build operations Thread 8" [_thread_blocked, id=5376, stack(0x0000009498100000,0x0000009498200000)]
  0x000001a9ba20be70 JavaThread "Unconstrained build operations Thread 9" [_thread_blocked, id=13256, stack(0x0000009498200000,0x0000009498300000)]
  0x000001a9ba208ea0 JavaThread "Unconstrained build operations Thread 10" [_thread_blocked, id=14384, stack(0x0000009498300000,0x0000009498400000)]
  0x000001a9ba20a930 JavaThread "Unconstrained build operations Thread 11" [_thread_blocked, id=5944, stack(0x0000009498400000,0x0000009498500000)]
  0x000001a9ba205ed0 JavaThread "Unconstrained build operations Thread 12" [_thread_blocked, id=5380, stack(0x0000009498500000,0x0000009498600000)]
  0x000001a9ba206420 JavaThread "Unconstrained build operations Thread 13" [_thread_blocked, id=2196, stack(0x0000009498600000,0x0000009498700000)]
  0x000001a9ba209940 JavaThread "Memory manager" [_thread_blocked, id=9720, stack(0x0000009497b00000,0x0000009497c00000)]
  0x000001a9ba20ce60 JavaThread "Cache worker for Build Output Cleanup Cache (C:\Users\msi\Desktop\match-mate-app\MatchMateApp\android\.gradle\buildOutputCleanup)" [_thread_blocked, id=22012, stack(0x0000009498700000,0x0000009498800000)]
  0x000001a9ba206ec0 JavaThread "ForkJoinPool.commonPool-worker-1" daemon [_thread_blocked, id=8632, stack(0x0000009498900000,0x0000009498a00000)]
  0x000001a9ba207960 JavaThread "ForkJoinPool.commonPool-worker-2" daemon [_thread_blocked, id=22648, stack(0x0000009498a00000,0x0000009498b00000)]
  0x000001a9ba208950 JavaThread "ForkJoinPool.commonPool-worker-3" daemon [_thread_blocked, id=7308, stack(0x0000009498b00000,0x0000009498c00000)]
  0x000001a9ba207eb0 JavaThread "ForkJoinPool.commonPool-worker-4" daemon [_thread_blocked, id=11316, stack(0x0000009498c00000,0x0000009498d00000)]
  0x000001a9ba2093f0 JavaThread "ForkJoinPool.commonPool-worker-5" daemon [_thread_blocked, id=19728, stack(0x0000009498d00000,0x0000009498e00000)]
  0x000001a9b9877c20 JavaThread "ForkJoinPool.commonPool-worker-6" daemon [_thread_blocked, id=21208, stack(0x0000009498e00000,0x0000009498f00000)]
  0x000001a9b9879c00 JavaThread "ForkJoinPool.commonPool-worker-7" daemon [_thread_blocked, id=2600, stack(0x0000009498f00000,0x0000009499000000)]
  0x000001a9bb4b06a0 JavaThread "ForkJoinPool.commonPool-worker-8" daemon [_thread_blocked, id=20132, stack(0x0000009499000000,0x0000009499100000)]
  0x000001a9bb4aa700 JavaThread "ForkJoinPool.commonPool-worker-9" daemon [_thread_blocked, id=18536, stack(0x0000009499100000,0x0000009499200000)]
  0x000001a9bb4af6b0 JavaThread "ForkJoinPool.commonPool-worker-10" daemon [_thread_blocked, id=10908, stack(0x0000009499200000,0x0000009499300000)]
  0x000001a9bb4af160 JavaThread "ForkJoinPool.commonPool-worker-11" daemon [_thread_blocked, id=21072, stack(0x0000009499300000,0x0000009499400000)]
  0x000001a9bb4afc00 JavaThread "Exec process" [_thread_blocked, id=2080, stack(0x0000009499400000,0x0000009499500000)]
  0x000001a9bb4aac50 JavaThread "Exec process Thread 2" [_thread_blocked, id=7948, stack(0x0000009499500000,0x0000009499600000)]
  0x000001a9bb4b1be0 JavaThread "Exec process Thread 3" [_thread_blocked, id=22688, stack(0x0000009499600000,0x0000009499700000)]
  0x000001a9bb4b1690 JavaThread "included builds" [_thread_blocked, id=20456, stack(0x0000009497900000,0x0000009497a00000)]
  0x000001a9bb4b1140 JavaThread "Execution worker" [_thread_blocked, id=21100, stack(0x0000009498800000,0x0000009498900000)]
  0x000001a9bb4acc30 JavaThread "Execution worker Thread 2" [_thread_blocked, id=18424, stack(0x0000009499700000,0x0000009499800000)]
  0x000001a9bb4aec10 JavaThread "Execution worker Thread 3" [_thread_blocked, id=3364, stack(0x0000009499800000,0x0000009499900000)]
  0x000001a9bb4b2130 JavaThread "Execution worker Thread 4" [_thread_blocked, id=20816, stack(0x0000009499900000,0x0000009499a00000)]
  0x000001a9bb4b0bf0 JavaThread "Execution worker Thread 5" [_thread_blocked, id=13804, stack(0x0000009499a00000,0x0000009499b00000)]
  0x000001a9bb4ab1a0 JavaThread "Execution worker Thread 6" [_thread_blocked, id=3212, stack(0x0000009499b00000,0x0000009499c00000)]
  0x000001a9bb4abc40 JavaThread "Execution worker Thread 7" [_thread_blocked, id=18552, stack(0x0000009499c00000,0x0000009499d00000)]
  0x000001a9bb4b0150 JavaThread "Execution worker Thread 8" [_thread_blocked, id=7160, stack(0x0000009499d00000,0x0000009499e00000)]
  0x000001a9bb4ad180 JavaThread "Execution worker Thread 9" [_thread_blocked, id=12764, stack(0x0000009499e00000,0x0000009499f00000)]
  0x000001a9bb4ab6f0 JavaThread "Execution worker Thread 10" [_thread_blocked, id=15976, stack(0x0000009499f00000,0x000000949a000000)]
  0x000001a9bb4ad6d0 JavaThread "Execution worker Thread 11" [_thread_blocked, id=15216, stack(0x000000949a000000,0x000000949a100000)]
  0x000001a9bb4ac6e0 JavaThread "Cache worker for execution history cache (C:\Users\msi\Desktop\match-mate-app\MatchMateApp\node_modules\@react-native\gradle-plugin\.gradle\8.3\executionHistory)" [_thread_blocked, id=84, stack(0x000000949a100000,0x000000949a200000)]
  0x000001a9bb4adc20 JavaThread "Unconstrained build operations Thread 14" [_thread_blocked, id=11676, stack(0x000000949a200000,0x000000949a300000)]
  0x000001a9bb4ac190 JavaThread "Unconstrained build operations Thread 15" [_thread_blocked, id=20904, stack(0x000000949a300000,0x000000949a400000)]
  0x000001a9bb4ae170 JavaThread "Unconstrained build operations Thread 16" [_thread_blocked, id=20720, stack(0x000000949a400000,0x000000949a500000)]
  0x000001a9bb4ae6c0 JavaThread "Unconstrained build operations Thread 17" [_thread_blocked, id=21284, stack(0x000000949a500000,0x000000949a600000)]
  0x000001a9bbd29b00 JavaThread "Unconstrained build operations Thread 18" [_thread_blocked, id=23028, stack(0x000000949a600000,0x000000949a700000)]
  0x000001a9bbd24b50 JavaThread "Unconstrained build operations Thread 19" [_thread_blocked, id=17928, stack(0x000000949a700000,0x000000949a800000)]
  0x000001a9bbd26090 JavaThread "Unconstrained build operations Thread 20" [_thread_blocked, id=11460, stack(0x000000949a800000,0x000000949a900000)]
  0x000001a9bbd285c0 JavaThread "Unconstrained build operations Thread 21" [_thread_blocked, id=23332, stack(0x000000949a900000,0x000000949aa00000)]
  0x000001a9bbd265e0 JavaThread "Unconstrained build operations Thread 22" [_thread_blocked, id=19772, stack(0x000000949aa00000,0x000000949ab00000)]
  0x000001a9bbd255f0 JavaThread "Unconstrained build operations Thread 23" [_thread_blocked, id=22888, stack(0x000000949ab00000,0x000000949ac00000)]
  0x000001a9bbd2a050 JavaThread "Unconstrained build operations Thread 24" [_thread_blocked, id=22996, stack(0x000000949ac00000,0x000000949ad00000)]
  0x000001a9bbd240b0 JavaThread "Unconstrained build operations Thread 25" [_thread_blocked, id=19296, stack(0x000000949ad00000,0x000000949ae00000)]
  0x000001a9bbd27b20 JavaThread "Unconstrained build operations Thread 26" [_thread_blocked, id=9208, stack(0x000000949ae00000,0x000000949af00000)]
  0x000001a9bbd275d0 JavaThread "Unconstrained build operations Thread 27" [_thread_blocked, id=15332, stack(0x000000949b000000,0x000000949b100000)]
  0x000001a9bbd24600 JavaThread "Unconstrained build operations Thread 28" [_thread_blocked, id=20652, stack(0x000000949b100000,0x000000949b200000)]
  0x000001a9bbd2a5a0 JavaThread "Unconstrained build operations Thread 29" [_thread_blocked, id=10544, stack(0x000000949b200000,0x000000949b300000)]
  0x000001a9bbd28b10 JavaThread "Unconstrained build operations Thread 30" [_thread_blocked, id=12608, stack(0x000000949b300000,0x000000949b400000)]
  0x000001a9bbd29060 JavaThread "Unconstrained build operations Thread 31" [_thread_blocked, id=21272, stack(0x000000949b400000,0x000000949b500000)]
  0x000001a9bbd28070 JavaThread "Unconstrained build operations Thread 32" [_thread_blocked, id=18100, stack(0x000000949b500000,0x000000949b600000)]
  0x000001a9bbd26b30 JavaThread "Unconstrained build operations Thread 33" [_thread_blocked, id=18032, stack(0x000000949b600000,0x000000949b700000)]
  0x000001a9bbd27080 JavaThread "Unconstrained build operations Thread 34" [_thread_blocked, id=7624, stack(0x000000949b700000,0x000000949b800000)]
  0x000001a9bbd250a0 JavaThread "Unconstrained build operations Thread 35" [_thread_blocked, id=6176, stack(0x000000949b800000,0x000000949b900000)]
  0x000001a9bbd25b40 JavaThread "Unconstrained build operations Thread 36" [_thread_blocked, id=3800, stack(0x000000949b900000,0x000000949ba00000)]
  0x000001a9bbd295b0 JavaThread "Unconstrained build operations Thread 37" [_thread_blocked, id=9396, stack(0x000000949ba00000,0x000000949bb00000)]
  0x000001a9bb9b8590 JavaThread "Unconstrained build operations Thread 38" [_thread_blocked, id=20780, stack(0x000000949bc00000,0x000000949bd00000)]
  0x000001a9bb9b9580 JavaThread "Unconstrained build operations Thread 39" [_thread_blocked, id=6596, stack(0x000000949bd00000,0x000000949be00000)]
  0x000001a9bb9bb010 JavaThread "Unconstrained build operations Thread 40" [_thread_blocked, id=14864, stack(0x000000949be00000,0x000000949bf00000)]
  0x000001a9bb9ba020 JavaThread "Unconstrained build operations Thread 41" [_thread_blocked, id=22288, stack(0x000000949bf00000,0x000000949c000000)]
  0x000001a9bb9ba570 JavaThread "Unconstrained build operations Thread 42" [_thread_blocked, id=13872, stack(0x000000949c000000,0x000000949c100000)]
  0x000001a9bb9b9ad0 JavaThread "Unconstrained build operations Thread 43" [_thread_blocked, id=12100, stack(0x000000949c100000,0x000000949c200000)]
  0x000001a9bb9baac0 JavaThread "Unconstrained build operations Thread 44" [_thread_blocked, id=11124, stack(0x000000949c200000,0x000000949c300000)]
  0x000001a9b987c130 JavaThread "Unconstrained build operations Thread 45" [_thread_blocked, id=8940, stack(0x000000949c300000,0x000000949c400000)]
  0x000001a9bc1da5b0 JavaThread "Unconstrained build operations Thread 46" [_thread_blocked, id=21400, stack(0x000000949c400000,0x000000949c500000)]
  0x000001a9bc1dd580 JavaThread "Unconstrained build operations Thread 47" [_thread_blocked, id=12548, stack(0x000000949c500000,0x000000949c600000)]
  0x000001a9bc1e0ff0 JavaThread "Unconstrained build operations Thread 48" [_thread_blocked, id=22620, stack(0x000000949c600000,0x000000949c700000)]
  0x000001a9bc1e1a90 JavaThread "Unconstrained build operations Thread 49" [_thread_blocked, id=3000, stack(0x000000949c700000,0x000000949c800000)]

Other Threads:
  0x000001a9b2012fd0 VMThread "VM Thread" [stack: 0x0000009493b00000,0x0000009493c00000] [id=20932]
  0x000001a9b21d8a80 WatcherThread "VM Periodic Task Thread" [stack: 0x0000009494600000,0x0000009494700000] [id=15224]
=>0x000001a9f686dfe0 WorkerThread "GC Thread#0" [stack: 0x0000009493600000,0x0000009493700000] [id=2112]
  0x000001a9b6ea99a0 WorkerThread "GC Thread#1" [stack: 0x0000009494900000,0x0000009494a00000] [id=4412]
  0x000001a9b6ea9130 WorkerThread "GC Thread#2" [stack: 0x0000009494a00000,0x0000009494b00000] [id=19144]
  0x000001a9b6ea85f0 WorkerThread "GC Thread#3" [stack: 0x0000009494b00000,0x0000009494c00000] [id=19652]
  0x000001a9b6ea9c70 WorkerThread "GC Thread#4" [stack: 0x0000009494c00000,0x0000009494d00000] [id=22076]
  0x000001a9b6ea8e60 WorkerThread "GC Thread#5" [stack: 0x0000009494d00000,0x0000009494e00000] [id=9652]
  0x000001a9b81cc2b0 WorkerThread "GC Thread#6" [stack: 0x0000009495c00000,0x0000009495d00000] [id=22992]
  0x000001a9b81cc580 WorkerThread "GC Thread#7" [stack: 0x0000009495d00000,0x0000009495e00000] [id=4428]
  0x000001a9b81cac30 WorkerThread "GC Thread#8" [stack: 0x0000009495e00000,0x0000009495f00000] [id=23324]
  0x000001a9b81caf00 WorkerThread "GC Thread#9" [stack: 0x0000009495f00000,0x0000009496000000] [id=21768]
  0x000001a9f8a96660 ConcurrentGCThread "G1 Main Marker" [stack: 0x0000009493700000,0x0000009493800000] [id=18968]
  0x000001a9f8a96fa0 WorkerThread "G1 Conc#0" [stack: 0x0000009493800000,0x0000009493900000] [id=12276]
  0x000001a9b81cb1d0 WorkerThread "G1 Conc#1" [stack: 0x0000009496000000,0x0000009496100000] [id=21300]
  0x000001a9b91593d0 WorkerThread "G1 Conc#2" [stack: 0x0000009496100000,0x0000009496200000] [id=12032]
  0x000001a9f8adec10 ConcurrentGCThread "G1 Refine#0" [stack: 0x0000009493900000,0x0000009493a00000] [id=21764]
  0x000001a9fe7c0180 ConcurrentGCThread "G1 Service" [stack: 0x0000009493a00000,0x0000009493b00000] [id=18692]

Threads with active compile tasks:
C2 CompilerThread0    31357 12501       4       java.beans.MethodDescriptor::<init> (48 bytes)
C1 CompilerThread0    31357 12558       3       org.gradle.api.internal.artifacts.configurations.DefaultConfiguration_Decorated::getOutgoing (40 bytes)

VM state: at safepoint (normal execution)

VM Mutex/Monitor currently owned by a thread:  ([mutex/lock_event])
[0x000001a9f8a23f70] Threads_lock - owner thread: 0x000001a9b2012fd0
[0x000001a9f8a22d70] Heap_lock - owner thread: 0x000001a9b6e8eb20

Heap address: 0x0000000080000000, size: 2048 MB, Compressed Oops mode: 32-bit

CDS archive(s) mapped at: [0x000001a997400000-0x000001a998060000-0x000001a998060000), size 12976128, SharedBaseAddress: 0x000001a997400000, ArchiveRelocationMode: 1.
Compressed class space mapped at: 0x000001a998400000-0x000001a9b2000000, reserved size: 432013312
Narrow klass base: 0x000001a997400000, Narrow klass shift: 0, Narrow klass range: 0x100000000

GC Precious Log:
 CardTable entry size: 512
 Card Set container configuration: InlinePtr #cards 5 size 8 Array Of Cards #cards 12 size 40 Howl #buckets 4 coarsen threshold 1843 Howl Bitmap #cards 512 size 80 coarsen threshold 460 Card regions per heap region 1 cards per card region 2048
 CPUs: 12 total, 12 available
 Memory: 16201M
 Large Page Support: Disabled
 NUMA Support: Disabled
 Compressed Oops: Enabled (32-bit)
 Heap Region Size: 1M
 Heap Min Capacity: 8M
 Heap Initial Capacity: 254M
 Heap Max Capacity: 2G
 Pre-touch: Disabled
 Parallel Workers: 10
 Concurrent Workers: 3
 Concurrent Refinement Workers: 10
 Periodic GC: Disabled

Heap:
 garbage-first heap   total 189440K, used 161084K [0x0000000080000000, 0x0000000100000000)
  region size 1024K, 53 young (54272K), 7 survivors (7168K)
 Metaspace       used 101616K, committed 104064K, reserved 552960K
  class space    used 14114K, committed 15296K, reserved 421888K

Heap Regions: E=young(eden), S=young(survivor), O=old, HS=humongous(starts), HC=humongous(continues), CS=collection set, F=free, OA=open archive, CA=closed archive, TAMS=top-at-mark-start, PB=parsable bottom
|   0|0x0000000080000000, 0x0000000080100000, 0x0000000080100000|100%|HS|  |TAMS 0x0000000080000000| PB 0x0000000080000000| Complete 
|   1|0x0000000080100000, 0x0000000080200000, 0x0000000080200000|100%|HC|  |TAMS 0x0000000080100000| PB 0x0000000080100000| Complete 
|   2|0x0000000080200000, 0x0000000080300000, 0x0000000080300000|100%|HC|  |TAMS 0x0000000080200000| PB 0x0000000080200000| Complete 
|   3|0x0000000080300000, 0x0000000080400000, 0x0000000080400000|100%|HC|  |TAMS 0x0000000080300000| PB 0x0000000080300000| Complete 
|   4|0x0000000080400000, 0x0000000080500000, 0x0000000080500000|100%| O|  |TAMS 0x0000000080400000| PB 0x0000000080400000| Untracked 
|   5|0x0000000080500000, 0x0000000080600000, 0x0000000080600000|100%| O|  |TAMS 0x0000000080500000| PB 0x0000000080500000| Untracked 
|   6|0x0000000080600000, 0x0000000080700000, 0x0000000080700000|100%| O|  |TAMS 0x0000000080600000| PB 0x0000000080600000| Untracked 
|   7|0x0000000080700000, 0x0000000080800000, 0x0000000080800000|100%| O|  |TAMS 0x0000000080700000| PB 0x0000000080700000| Untracked 
|   8|0x0000000080800000, 0x0000000080900000, 0x0000000080900000|100%| O|  |TAMS 0x0000000080800000| PB 0x0000000080800000| Untracked 
|   9|0x0000000080900000, 0x0000000080a00000, 0x0000000080a00000|100%| O|  |TAMS 0x0000000080900000| PB 0x0000000080900000| Untracked 
|  10|0x0000000080a00000, 0x0000000080b00000, 0x0000000080b00000|100%| O|  |TAMS 0x0000000080a00000| PB 0x0000000080a00000| Untracked 
|  11|0x0000000080b00000, 0x0000000080c00000, 0x0000000080c00000|100%| O|  |TAMS 0x0000000080b00000| PB 0x0000000080b00000| Untracked 
|  12|0x0000000080c00000, 0x0000000080d00000, 0x0000000080d00000|100%| O|  |TAMS 0x0000000080c00000| PB 0x0000000080c00000| Untracked 
|  13|0x0000000080d00000, 0x0000000080e00000, 0x0000000080e00000|100%| O|  |TAMS 0x0000000080d00000| PB 0x0000000080d00000| Untracked 
|  14|0x0000000080e00000, 0x0000000080f00000, 0x0000000080f00000|100%| O|  |TAMS 0x0000000080e00000| PB 0x0000000080e00000| Untracked 
|  15|0x0000000080f00000, 0x0000000081000000, 0x0000000081000000|100%| O|  |TAMS 0x0000000080f00000| PB 0x0000000080f00000| Untracked 
|  16|0x0000000081000000, 0x0000000081100000, 0x0000000081100000|100%| O|  |TAMS 0x0000000081000000| PB 0x0000000081000000| Untracked 
|  17|0x0000000081100000, 0x0000000081200000, 0x0000000081200000|100%| O|  |TAMS 0x0000000081100000| PB 0x0000000081100000| Untracked 
|  18|0x0000000081200000, 0x0000000081300000, 0x0000000081300000|100%| O|  |TAMS 0x0000000081200000| PB 0x0000000081200000| Untracked 
|  19|0x0000000081300000, 0x0000000081400000, 0x0000000081400000|100%| O|  |TAMS 0x0000000081300000| PB 0x0000000081300000| Untracked 
|  20|0x0000000081400000, 0x0000000081500000, 0x0000000081500000|100%| O|  |TAMS 0x0000000081400000| PB 0x0000000081400000| Untracked 
|  21|0x0000000081500000, 0x0000000081600000, 0x0000000081600000|100%| O|  |TAMS 0x0000000081500000| PB 0x0000000081500000| Untracked 
|  22|0x0000000081600000, 0x0000000081700000, 0x0000000081700000|100%| O|  |TAMS 0x0000000081600000| PB 0x0000000081600000| Untracked 
|  23|0x0000000081700000, 0x0000000081800000, 0x0000000081800000|100%| O|  |TAMS 0x0000000081700000| PB 0x0000000081700000| Untracked 
|  24|0x0000000081800000, 0x0000000081900000, 0x0000000081900000|100%|HS|  |TAMS 0x0000000081800000| PB 0x0000000081800000| Complete 
|  25|0x0000000081900000, 0x0000000081a00000, 0x0000000081a00000|100%|HC|  |TAMS 0x0000000081900000| PB 0x0000000081900000| Complete 
|  26|0x0000000081a00000, 0x0000000081b00000, 0x0000000081b00000|100%|HS|  |TAMS 0x0000000081a00000| PB 0x0000000081a00000| Complete 
|  27|0x0000000081b00000, 0x0000000081c00000, 0x0000000081c00000|100%|HC|  |TAMS 0x0000000081b00000| PB 0x0000000081b00000| Complete 
|  28|0x0000000081c00000, 0x0000000081d00000, 0x0000000081d00000|100%| O|  |TAMS 0x0000000081c00000| PB 0x0000000081c00000| Untracked 
|  29|0x0000000081d00000, 0x0000000081e00000, 0x0000000081e00000|100%| O|  |TAMS 0x0000000081d00000| PB 0x0000000081d00000| Untracked 
|  30|0x0000000081e00000, 0x0000000081f00000, 0x0000000081f00000|100%| O|  |TAMS 0x0000000081e00000| PB 0x0000000081e00000| Untracked 
|  31|0x0000000081f00000, 0x0000000082000000, 0x0000000082000000|100%| O|  |TAMS 0x0000000081f00000| PB 0x0000000081f00000| Untracked 
|  32|0x0000000082000000, 0x0000000082100000, 0x0000000082100000|100%| O|  |TAMS 0x0000000082000000| PB 0x0000000082000000| Untracked 
|  33|0x0000000082100000, 0x0000000082200000, 0x0000000082200000|100%| O|  |TAMS 0x0000000082100000| PB 0x0000000082100000| Untracked 
|  34|0x0000000082200000, 0x0000000082300000, 0x0000000082300000|100%| O|  |TAMS 0x0000000082200000| PB 0x0000000082200000| Untracked 
|  35|0x0000000082300000, 0x0000000082400000, 0x0000000082400000|100%| O|  |TAMS 0x0000000082300000| PB 0x0000000082300000| Untracked 
|  36|0x0000000082400000, 0x0000000082500000, 0x0000000082500000|100%|HS|  |TAMS 0x0000000082400000| PB 0x0000000082400000| Complete 
|  37|0x0000000082500000, 0x0000000082600000, 0x0000000082600000|100%|HC|  |TAMS 0x0000000082500000| PB 0x0000000082500000| Complete 
|  38|0x0000000082600000, 0x0000000082700000, 0x0000000082700000|100%|HC|  |TAMS 0x0000000082600000| PB 0x0000000082600000| Complete 
|  39|0x0000000082700000, 0x0000000082800000, 0x0000000082800000|100%|HC|  |TAMS 0x0000000082700000| PB 0x0000000082700000| Complete 
|  40|0x0000000082800000, 0x0000000082900000, 0x0000000082900000|100%| O|  |TAMS 0x0000000082800000| PB 0x0000000082800000| Untracked 
|  41|0x0000000082900000, 0x0000000082a00000, 0x0000000082a00000|100%| O|  |TAMS 0x0000000082900000| PB 0x0000000082900000| Untracked 
|  42|0x0000000082a00000, 0x0000000082b00000, 0x0000000082b00000|100%| O|  |TAMS 0x0000000082a00000| PB 0x0000000082a00000| Untracked 
|  43|0x0000000082b00000, 0x0000000082c00000, 0x0000000082c00000|100%| O|  |TAMS 0x0000000082b00000| PB 0x0000000082b00000| Untracked 
|  44|0x0000000082c00000, 0x0000000082d00000, 0x0000000082d00000|100%| O|  |TAMS 0x0000000082c00000| PB 0x0000000082c00000| Untracked 
|  45|0x0000000082d00000, 0x0000000082e00000, 0x0000000082e00000|100%| O|  |TAMS 0x0000000082d00000| PB 0x0000000082d00000| Untracked 
|  46|0x0000000082e00000, 0x0000000082f00000, 0x0000000082f00000|100%| O|  |TAMS 0x0000000082e00000| PB 0x0000000082e00000| Untracked 
|  47|0x0000000082f00000, 0x0000000083000000, 0x0000000083000000|100%|HS|  |TAMS 0x0000000082f00000| PB 0x0000000082f00000| Complete 
|  48|0x0000000083000000, 0x0000000083100000, 0x0000000083100000|100%|HC|  |TAMS 0x0000000083000000| PB 0x0000000083000000| Complete 
|  49|0x0000000083100000, 0x0000000083200000, 0x0000000083200000|100%|HC|  |TAMS 0x0000000083100000| PB 0x0000000083100000| Complete 
|  50|0x0000000083200000, 0x0000000083300000, 0x0000000083300000|100%|HC|  |TAMS 0x0000000083200000| PB 0x0000000083200000| Complete 
|  51|0x0000000083300000, 0x0000000083400000, 0x0000000083400000|100%| O|  |TAMS 0x0000000083300000| PB 0x0000000083300000| Untracked 
|  52|0x0000000083400000, 0x0000000083500000, 0x0000000083500000|100%| O|  |TAMS 0x0000000083400000| PB 0x0000000083400000| Untracked 
|  53|0x0000000083500000, 0x0000000083600000, 0x0000000083600000|100%| O|  |TAMS 0x0000000083500000| PB 0x0000000083500000| Untracked 
|  54|0x0000000083600000, 0x0000000083700000, 0x0000000083700000|100%| O|  |TAMS 0x0000000083600000| PB 0x0000000083600000| Untracked 
|  55|0x0000000083700000, 0x0000000083800000, 0x0000000083800000|100%|HS|  |TAMS 0x0000000083700000| PB 0x0000000083700000| Complete 
|  56|0x0000000083800000, 0x0000000083900000, 0x0000000083900000|100%|HS|  |TAMS 0x0000000083800000| PB 0x0000000083800000| Complete 
|  57|0x0000000083900000, 0x0000000083a00000, 0x0000000083a00000|100%|HS|  |TAMS 0x0000000083900000| PB 0x0000000083900000| Complete 
|  58|0x0000000083a00000, 0x0000000083b00000, 0x0000000083b00000|100%| O|  |TAMS 0x0000000083a00000| PB 0x0000000083a00000| Untracked 
|  59|0x0000000083b00000, 0x0000000083c00000, 0x0000000083c00000|100%| O|  |TAMS 0x0000000083b00000| PB 0x0000000083b00000| Untracked 
|  60|0x0000000083c00000, 0x0000000083d00000, 0x0000000083d00000|100%| O|  |TAMS 0x0000000083c00000| PB 0x0000000083c00000| Untracked 
|  61|0x0000000083d00000, 0x0000000083e00000, 0x0000000083e00000|100%| O|  |TAMS 0x0000000083d00000| PB 0x0000000083d00000| Untracked 
|  62|0x0000000083e00000, 0x0000000083f00000, 0x0000000083f00000|100%| O|  |TAMS 0x0000000083e00000| PB 0x0000000083e00000| Complete 
|  63|0x0000000083f00000, 0x0000000084000000, 0x0000000084000000|100%| O|  |TAMS 0x0000000083f00000| PB 0x0000000083f00000| Untracked 
|  64|0x0000000084000000, 0x0000000084100000, 0x0000000084100000|100%|HS|  |TAMS 0x0000000084000000| PB 0x0000000084000000| Complete 
|  65|0x0000000084100000, 0x0000000084200000, 0x0000000084200000|100%| O|  |TAMS 0x0000000084100000| PB 0x0000000084100000| Untracked 
|  66|0x0000000084200000, 0x0000000084300000, 0x0000000084300000|100%| O|  |TAMS 0x0000000084200000| PB 0x0000000084200000| Untracked 
|  67|0x0000000084300000, 0x0000000084400000, 0x0000000084400000|100%| O|  |TAMS 0x0000000084300000| PB 0x0000000084300000| Untracked 
|  68|0x0000000084400000, 0x0000000084500000, 0x0000000084500000|100%| O|  |TAMS 0x0000000084400000| PB 0x0000000084400000| Untracked 
|  69|0x0000000084500000, 0x0000000084600000, 0x0000000084600000|100%| O|  |TAMS 0x0000000084500000| PB 0x0000000084500000| Untracked 
|  70|0x0000000084600000, 0x0000000084700000, 0x0000000084700000|100%| O|  |TAMS 0x0000000084600000| PB 0x0000000084600000| Untracked 
|  71|0x0000000084700000, 0x0000000084800000, 0x0000000084800000|100%| O|  |TAMS 0x0000000084700000| PB 0x0000000084700000| Untracked 
|  72|0x0000000084800000, 0x0000000084900000, 0x0000000084900000|100%| O|  |TAMS 0x0000000084800000| PB 0x0000000084800000| Untracked 
|  73|0x0000000084900000, 0x0000000084a00000, 0x0000000084a00000|100%| O|  |TAMS 0x0000000084900000| PB 0x0000000084900000| Untracked 
|  74|0x0000000084a00000, 0x0000000084b00000, 0x0000000084b00000|100%| O|  |TAMS 0x0000000084a00000| PB 0x0000000084a00000| Untracked 
|  75|0x0000000084b00000, 0x0000000084c00000, 0x0000000084c00000|100%| O|  |TAMS 0x0000000084b00000| PB 0x0000000084b00000| Untracked 
|  76|0x0000000084c00000, 0x0000000084d00000, 0x0000000084d00000|100%| O|  |TAMS 0x0000000084c00000| PB 0x0000000084c00000| Untracked 
|  77|0x0000000084d00000, 0x0000000084e00000, 0x0000000084e00000|100%| O|  |TAMS 0x0000000084d00000| PB 0x0000000084d00000| Untracked 
|  78|0x0000000084e00000, 0x0000000084f00000, 0x0000000084f00000|100%| O|  |TAMS 0x0000000084e00000| PB 0x0000000084e00000| Untracked 
|  79|0x0000000084f00000, 0x0000000085000000, 0x0000000085000000|100%| O|  |TAMS 0x0000000084f00000| PB 0x0000000084f00000| Untracked 
|  80|0x0000000085000000, 0x0000000085100000, 0x0000000085100000|100%| O|  |TAMS 0x0000000085000000| PB 0x0000000085000000| Untracked 
|  81|0x0000000085100000, 0x0000000085200000, 0x0000000085200000|100%| O|  |TAMS 0x0000000085100000| PB 0x0000000085100000| Untracked 
|  82|0x0000000085200000, 0x0000000085300000, 0x0000000085300000|100%| O|  |TAMS 0x0000000085200000| PB 0x0000000085200000| Untracked 
|  83|0x0000000085300000, 0x0000000085400000, 0x0000000085400000|100%| O|  |TAMS 0x0000000085300000| PB 0x0000000085300000| Untracked 
|  84|0x0000000085400000, 0x0000000085500000, 0x0000000085500000|100%| O|  |TAMS 0x0000000085400000| PB 0x0000000085400000| Untracked 
|  85|0x0000000085500000, 0x0000000085600000, 0x0000000085600000|100%| O|  |TAMS 0x0000000085500000| PB 0x0000000085500000| Complete 
|  86|0x0000000085600000, 0x0000000085700000, 0x0000000085700000|100%| O|  |TAMS 0x0000000085600000| PB 0x0000000085600000| Untracked 
|  87|0x0000000085700000, 0x0000000085800000, 0x0000000085800000|100%| O|  |TAMS 0x0000000085700000| PB 0x0000000085700000| Complete 
|  88|0x0000000085800000, 0x0000000085900000, 0x0000000085900000|100%| O|  |TAMS 0x0000000085800000| PB 0x0000000085800000| Untracked 
|  89|0x0000000085900000, 0x0000000085a00000, 0x0000000085a00000|100%|HS|  |TAMS 0x0000000085900000| PB 0x0000000085900000| Complete 
|  90|0x0000000085a00000, 0x0000000085b00000, 0x0000000085b00000|100%|HS|  |TAMS 0x0000000085a00000| PB 0x0000000085a00000| Complete 
|  91|0x0000000085b00000, 0x0000000085c00000, 0x0000000085c00000|100%|HS|  |TAMS 0x0000000085b00000| PB 0x0000000085b00000| Complete 
|  92|0x0000000085c00000, 0x0000000085d00000, 0x0000000085d00000|100%|HC|  |TAMS 0x0000000085c00000| PB 0x0000000085c00000| Complete 
|  93|0x0000000085d00000, 0x0000000085e00000, 0x0000000085e00000|100%| O|  |TAMS 0x0000000085d00000| PB 0x0000000085d00000| Untracked 
|  94|0x0000000085e00000, 0x0000000085f00000, 0x0000000085f00000|100%| O|  |TAMS 0x0000000085e00000| PB 0x0000000085e00000| Untracked 
|  95|0x0000000085f00000, 0x0000000086000000, 0x0000000086000000|100%| O|  |TAMS 0x0000000085f00000| PB 0x0000000085f00000| Untracked 
|  96|0x0000000086000000, 0x0000000086100000, 0x0000000086100000|100%| O|  |TAMS 0x0000000086000000| PB 0x0000000086000000| Untracked 
|  97|0x0000000086100000, 0x0000000086200000, 0x0000000086200000|100%| O|  |TAMS 0x0000000086100000| PB 0x0000000086100000| Untracked 
|  98|0x0000000086200000, 0x0000000086300000, 0x0000000086300000|100%| O|  |TAMS 0x0000000086200000| PB 0x0000000086200000| Untracked 
|  99|0x0000000086300000, 0x0000000086400000, 0x0000000086400000|100%| O|  |TAMS 0x0000000086300000| PB 0x0000000086300000| Untracked 
| 100|0x0000000086400000, 0x0000000086500000, 0x0000000086500000|100%| O|  |TAMS 0x0000000086400000| PB 0x0000000086400000| Untracked 
| 101|0x0000000086500000, 0x0000000086600000, 0x0000000086600000|100%| E|CS|TAMS 0x0000000086500000| PB 0x0000000086500000| Complete 
| 102|0x0000000086600000, 0x0000000086700000, 0x0000000086700000|100%| E|CS|TAMS 0x0000000086600000| PB 0x0000000086600000| Complete 
| 103|0x0000000086700000, 0x0000000086800000, 0x0000000086800000|100%| E|CS|TAMS 0x0000000086700000| PB 0x0000000086700000| Complete 
| 104|0x0000000086800000, 0x0000000086900000, 0x0000000086900000|100%| E|CS|TAMS 0x0000000086800000| PB 0x0000000086800000| Complete 
| 105|0x0000000086900000, 0x0000000086a00000, 0x0000000086a00000|100%| E|CS|TAMS 0x0000000086900000| PB 0x0000000086900000| Complete 
| 106|0x0000000086a00000, 0x0000000086b00000, 0x0000000086b00000|100%| E|CS|TAMS 0x0000000086a00000| PB 0x0000000086a00000| Complete 
| 107|0x0000000086b00000, 0x0000000086c00000, 0x0000000086c00000|100%| E|CS|TAMS 0x0000000086b00000| PB 0x0000000086b00000| Complete 
| 108|0x0000000086c00000, 0x0000000086d00000, 0x0000000086d00000|100%| E|CS|TAMS 0x0000000086c00000| PB 0x0000000086c00000| Complete 
| 109|0x0000000086d00000, 0x0000000086e00000, 0x0000000086e00000|100%| O|  |TAMS 0x0000000086d00000| PB 0x0000000086d00000| Untracked 
| 110|0x0000000086e00000, 0x0000000086f00000, 0x0000000086f00000|100%| O|  |TAMS 0x0000000086e00000| PB 0x0000000086e00000| Untracked 
| 111|0x0000000086f00000, 0x0000000086f5c610, 0x0000000087000000| 36%| O|  |TAMS 0x0000000086f00000| PB 0x0000000086f00000| Untracked 
| 112|0x0000000087000000, 0x0000000087000000, 0x0000000087100000|  0%| F|  |TAMS 0x0000000087000000| PB 0x0000000087000000| Untracked 
| 113|0x0000000087100000, 0x0000000087100000, 0x0000000087200000|  0%| F|  |TAMS 0x0000000087100000| PB 0x0000000087100000| Untracked 
| 114|0x0000000087200000, 0x0000000087200000, 0x0000000087300000|  0%| F|  |TAMS 0x0000000087200000| PB 0x0000000087200000| Untracked 
| 115|0x0000000087300000, 0x0000000087300000, 0x0000000087400000|  0%| F|  |TAMS 0x0000000087300000| PB 0x0000000087300000| Untracked 
| 116|0x0000000087400000, 0x0000000087400000, 0x0000000087500000|  0%| F|  |TAMS 0x0000000087400000| PB 0x0000000087400000| Untracked 
| 117|0x0000000087500000, 0x0000000087500000, 0x0000000087600000|  0%| F|  |TAMS 0x0000000087500000| PB 0x0000000087500000| Untracked 
| 118|0x0000000087600000, 0x0000000087600000, 0x0000000087700000|  0%| F|  |TAMS 0x0000000087600000| PB 0x0000000087600000| Untracked 
| 119|0x0000000087700000, 0x0000000087700000, 0x0000000087800000|  0%| F|  |TAMS 0x0000000087700000| PB 0x0000000087700000| Untracked 
| 120|0x0000000087800000, 0x0000000087800000, 0x0000000087900000|  0%| F|  |TAMS 0x0000000087800000| PB 0x0000000087800000| Untracked 
| 121|0x0000000087900000, 0x0000000087a00000, 0x0000000087a00000|100%| S|  |TAMS 0x0000000087900000| PB 0x0000000087900000| Complete 
| 122|0x0000000087a00000, 0x0000000087b00000, 0x0000000087b00000|100%| S|  |TAMS 0x0000000087a00000| PB 0x0000000087a00000| Complete 
| 123|0x0000000087b00000, 0x0000000087c00000, 0x0000000087c00000|100%| S|  |TAMS 0x0000000087b00000| PB 0x0000000087b00000| Complete 
| 124|0x0000000087c00000, 0x0000000087d00000, 0x0000000087d00000|100%| S|  |TAMS 0x0000000087c00000| PB 0x0000000087c00000| Complete 
| 125|0x0000000087d00000, 0x0000000087e00000, 0x0000000087e00000|100%| S|  |TAMS 0x0000000087d00000| PB 0x0000000087d00000| Complete 
| 126|0x0000000087e00000, 0x0000000087f00000, 0x0000000087f00000|100%| S|  |TAMS 0x0000000087e00000| PB 0x0000000087e00000| Complete 
| 127|0x0000000087f00000, 0x0000000088000000, 0x0000000088000000|100%| S|  |TAMS 0x0000000087f00000| PB 0x0000000087f00000| Complete 
| 128|0x0000000088000000, 0x0000000088100000, 0x0000000088100000|100%| E|CS|TAMS 0x0000000088000000| PB 0x0000000088000000| Complete 
| 129|0x0000000088100000, 0x0000000088200000, 0x0000000088200000|100%| E|CS|TAMS 0x0000000088100000| PB 0x0000000088100000| Complete 
| 130|0x0000000088200000, 0x0000000088300000, 0x0000000088300000|100%| E|CS|TAMS 0x0000000088200000| PB 0x0000000088200000| Complete 
| 131|0x0000000088300000, 0x0000000088400000, 0x0000000088400000|100%| E|CS|TAMS 0x0000000088300000| PB 0x0000000088300000| Complete 
| 132|0x0000000088400000, 0x0000000088500000, 0x0000000088500000|100%| E|CS|TAMS 0x0000000088400000| PB 0x0000000088400000| Complete 
| 133|0x0000000088500000, 0x0000000088600000, 0x0000000088600000|100%| E|CS|TAMS 0x0000000088500000| PB 0x0000000088500000| Complete 
| 134|0x0000000088600000, 0x0000000088700000, 0x0000000088700000|100%| E|CS|TAMS 0x0000000088600000| PB 0x0000000088600000| Complete 
| 135|0x0000000088700000, 0x0000000088800000, 0x0000000088800000|100%| E|CS|TAMS 0x0000000088700000| PB 0x0000000088700000| Complete 
| 136|0x0000000088800000, 0x0000000088900000, 0x0000000088900000|100%| E|CS|TAMS 0x0000000088800000| PB 0x0000000088800000| Complete 
| 137|0x0000000088900000, 0x0000000088a00000, 0x0000000088a00000|100%| E|CS|TAMS 0x0000000088900000| PB 0x0000000088900000| Complete 
| 138|0x0000000088a00000, 0x0000000088b00000, 0x0000000088b00000|100%| E|CS|TAMS 0x0000000088a00000| PB 0x0000000088a00000| Complete 
| 139|0x0000000088b00000, 0x0000000088c00000, 0x0000000088c00000|100%| E|CS|TAMS 0x0000000088b00000| PB 0x0000000088b00000| Complete 
| 140|0x0000000088c00000, 0x0000000088d00000, 0x0000000088d00000|100%| E|CS|TAMS 0x0000000088c00000| PB 0x0000000088c00000| Complete 
| 141|0x0000000088d00000, 0x0000000088e00000, 0x0000000088e00000|100%| E|CS|TAMS 0x0000000088d00000| PB 0x0000000088d00000| Complete 
| 142|0x0000000088e00000, 0x0000000088f00000, 0x0000000088f00000|100%| E|CS|TAMS 0x0000000088e00000| PB 0x0000000088e00000| Complete 
| 143|0x0000000088f00000, 0x0000000089000000, 0x0000000089000000|100%| E|CS|TAMS 0x0000000088f00000| PB 0x0000000088f00000| Complete 
| 144|0x0000000089000000, 0x0000000089100000, 0x0000000089100000|100%| E|CS|TAMS 0x0000000089000000| PB 0x0000000089000000| Complete 
| 145|0x0000000089100000, 0x0000000089200000, 0x0000000089200000|100%| E|CS|TAMS 0x0000000089100000| PB 0x0000000089100000| Complete 
| 146|0x0000000089200000, 0x0000000089300000, 0x0000000089300000|100%| E|CS|TAMS 0x0000000089200000| PB 0x0000000089200000| Complete 
| 147|0x0000000089300000, 0x0000000089400000, 0x0000000089400000|100%| E|CS|TAMS 0x0000000089300000| PB 0x0000000089300000| Complete 
| 148|0x0000000089400000, 0x0000000089500000, 0x0000000089500000|100%| E|CS|TAMS 0x0000000089400000| PB 0x0000000089400000| Complete 
| 149|0x0000000089500000, 0x0000000089600000, 0x0000000089600000|100%| E|CS|TAMS 0x0000000089500000| PB 0x0000000089500000| Complete 
| 150|0x0000000089600000, 0x0000000089700000, 0x0000000089700000|100%| E|CS|TAMS 0x0000000089600000| PB 0x0000000089600000| Complete 
| 151|0x0000000089700000, 0x0000000089800000, 0x0000000089800000|100%| E|CS|TAMS 0x0000000089700000| PB 0x0000000089700000| Complete 
| 152|0x0000000089800000, 0x0000000089900000, 0x0000000089900000|100%| E|CS|TAMS 0x0000000089800000| PB 0x0000000089800000| Complete 
| 153|0x0000000089900000, 0x0000000089a00000, 0x0000000089a00000|100%| E|CS|TAMS 0x0000000089900000| PB 0x0000000089900000| Complete 
| 154|0x0000000089a00000, 0x0000000089b00000, 0x0000000089b00000|100%| E|CS|TAMS 0x0000000089a00000| PB 0x0000000089a00000| Complete 
| 155|0x0000000089b00000, 0x0000000089c00000, 0x0000000089c00000|100%| E|CS|TAMS 0x0000000089b00000| PB 0x0000000089b00000| Complete 
| 156|0x0000000089c00000, 0x0000000089d00000, 0x0000000089d00000|100%| E|CS|TAMS 0x0000000089c00000| PB 0x0000000089c00000| Complete 
| 157|0x0000000089d00000, 0x0000000089e00000, 0x0000000089e00000|100%| E|CS|TAMS 0x0000000089d00000| PB 0x0000000089d00000| Complete 
| 158|0x0000000089e00000, 0x0000000089f00000, 0x0000000089f00000|100%| E|CS|TAMS 0x0000000089e00000| PB 0x0000000089e00000| Complete 
| 159|0x0000000089f00000, 0x000000008a000000, 0x000000008a000000|100%| E|CS|TAMS 0x0000000089f00000| PB 0x0000000089f00000| Complete 
| 160|0x000000008a000000, 0x000000008a100000, 0x000000008a100000|100%| E|CS|TAMS 0x000000008a000000| PB 0x000000008a000000| Complete 
| 161|0x000000008a100000, 0x000000008a200000, 0x000000008a200000|100%| E|CS|TAMS 0x000000008a100000| PB 0x000000008a100000| Complete 
| 162|0x000000008a200000, 0x000000008a300000, 0x000000008a300000|100%| E|CS|TAMS 0x000000008a200000| PB 0x000000008a200000| Complete 
| 163|0x000000008a300000, 0x000000008a400000, 0x000000008a400000|100%| E|CS|TAMS 0x000000008a300000| PB 0x000000008a300000| Complete 
| 164|0x000000008a400000, 0x000000008a500000, 0x000000008a500000|100%| E|CS|TAMS 0x000000008a400000| PB 0x000000008a400000| Complete 
| 165|0x000000008a500000, 0x000000008a600000, 0x000000008a600000|100%| E|CS|TAMS 0x000000008a500000| PB 0x000000008a500000| Complete 
| 166|0x000000008a600000, 0x000000008a700000, 0x000000008a700000|100%| E|CS|TAMS 0x000000008a600000| PB 0x000000008a600000| Complete 
| 167|0x000000008a700000, 0x000000008a800000, 0x000000008a800000|100%| E|CS|TAMS 0x000000008a700000| PB 0x000000008a700000| Complete 
| 168|0x000000008a800000, 0x000000008a900000, 0x000000008a900000|100%| E|CS|TAMS 0x000000008a800000| PB 0x000000008a800000| Complete 
| 169|0x000000008a900000, 0x000000008aa00000, 0x000000008aa00000|100%| E|CS|TAMS 0x000000008a900000| PB 0x000000008a900000| Complete 
| 252|0x000000008fc00000, 0x000000008fd00000, 0x000000008fd00000|100%| E|CS|TAMS 0x000000008fc00000| PB 0x000000008fc00000| Complete 
| 253|0x000000008fd00000, 0x000000008fe00000, 0x000000008fe00000|100%| E|CS|TAMS 0x000000008fd00000| PB 0x000000008fd00000| Complete 
|2035|0x00000000ff300000, 0x00000000ff400000, 0x00000000ff400000|100%| E|CS|TAMS 0x00000000ff300000| PB 0x00000000ff300000| Complete 
|2036|0x00000000ff400000, 0x00000000ff500000, 0x00000000ff500000|100%| E|CS|TAMS 0x00000000ff400000| PB 0x00000000ff400000| Complete 
|2037|0x00000000ff500000, 0x00000000ff600000, 0x00000000ff600000|100%| O|  |TAMS 0x00000000ff500000| PB 0x00000000ff500000| Untracked 
|2038|0x00000000ff600000, 0x00000000ff700000, 0x00000000ff700000|100%| O|  |TAMS 0x00000000ff600000| PB 0x00000000ff600000| Untracked 
|2039|0x00000000ff700000, 0x00000000ff800000, 0x00000000ff800000|100%| O|  |TAMS 0x00000000ff700000| PB 0x00000000ff700000| Untracked 
|2040|0x00000000ff800000, 0x00000000ff900000, 0x00000000ff900000|100%| O|  |TAMS 0x00000000ff800000| PB 0x00000000ff800000| Untracked 
|2041|0x00000000ff900000, 0x00000000ffa00000, 0x00000000ffa00000|100%| O|  |TAMS 0x00000000ff900000| PB 0x00000000ff900000| Untracked 
|2042|0x00000000ffa00000, 0x00000000ffb00000, 0x00000000ffb00000|100%| O|  |TAMS 0x00000000ffa00000| PB 0x00000000ffa00000| Untracked 
|2043|0x00000000ffb00000, 0x00000000ffc00000, 0x00000000ffc00000|100%| O|  |TAMS 0x00000000ffb00000| PB 0x00000000ffb00000| Untracked 
|2044|0x00000000ffc00000, 0x00000000ffd00000, 0x00000000ffd00000|100%| O|  |TAMS 0x00000000ffc00000| PB 0x00000000ffc00000| Untracked 
|2045|0x00000000ffd00000, 0x00000000ffe00000, 0x00000000ffe00000|100%| O|  |TAMS 0x00000000ffd00000| PB 0x00000000ffd00000| Untracked 
|2046|0x00000000ffe00000, 0x00000000fff00000, 0x00000000fff00000|100%| O|  |TAMS 0x00000000ffe00000| PB 0x00000000ffe00000| Untracked 
|2047|0x00000000fff00000, 0x0000000100000000, 0x0000000100000000|100%| O|  |TAMS 0x00000000fff00000| PB 0x00000000fff00000| Untracked 

Card table byte_map: [0x000001a9f9430000,0x000001a9f9830000] _byte_map_base: 0x000001a9f9030000

Marking Bits: (CMBitMap*) 0x000001a9f686e610
 Bits: [0x000001a9f9c30000, 0x000001a9fbc30000)

Polling page: 0x000001a9f81e0000

Metaspace:

Usage:
  Non-class:     85.45 MB used.
      Class:     13.78 MB used.
       Both:     99.24 MB used.

Virtual space:
  Non-class space:      128.00 MB reserved,      86.69 MB ( 68%) committed,  2 nodes.
      Class space:      412.00 MB reserved,      14.94 MB (  4%) committed,  1 nodes.
             Both:      540.00 MB reserved,     101.62 MB ( 19%) committed. 

Chunk freelists:
   Non-Class:  656.00 KB
       Class:  1.09 MB
        Both:  1.73 MB

MaxMetaspaceSize: 512.00 MB
CompressedClassSpaceSize: 412.00 MB
Initial GC threshold: 21.00 MB
Current GC threshold: 166.81 MB
CDS: on
MetaspaceReclaimPolicy: balanced
 - commit_granule_bytes: 65536.
 - commit_granule_words: 8192.
 - virtual_space_node_default_size: 8388608.
 - enlarge_chunks_in_place: 1.
 - new_chunks_are_fully_committed: 0.
 - uncommit_free_chunks: 1.
 - use_allocation_guard: 0.


Internal statistics:

num_allocs_failed_limit: 12.
num_arena_births: 4112.
num_arena_deaths: 0.
num_vsnodes_births: 3.
num_vsnodes_deaths: 0.
num_space_committed: 1626.
num_space_uncommitted: 0.
num_chunks_returned_to_freelist: 12.
num_chunks_taken_from_freelist: 8538.
num_chunk_merges: 9.
num_chunk_splits: 5629.
num_chunks_enlarged: 3625.
num_inconsistent_stats: 0.

CodeHeap 'non-profiled nmethods': size=120000Kb used=6547Kb max_used=6547Kb free=113452Kb
 bounds [0x000001a98fae0000, 0x000001a990150000, 0x000001a997010000]
CodeHeap 'profiled nmethods': size=120000Kb used=20080Kb max_used=20080Kb free=99919Kb
 bounds [0x000001a988010000, 0x000001a9893b0000, 0x000001a98f540000]
CodeHeap 'non-nmethods': size=5760Kb used=2962Kb max_used=3069Kb free=2797Kb
 bounds [0x000001a98f540000, 0x000001a98f850000, 0x000001a98fae0000]
 total_blobs=11669 nmethods=10676 adapters=902
 compilation: enabled
              stopped_count=0, restarted_count=0
 full_count=0

Compilation events (20 events):
Event: 31.290 Thread 0x000001a9b2046f10 12548       3       org.gradle.internal.execution.model.annotations.AbstractInputFilePropertyAnnotationHandler::visitPropertyValue (63 bytes)
Event: 31.291 Thread 0x000001a9b2046f10 nmethod 12548 0x000001a9893a7390 code [0x000001a9893a76c0, 0x000001a9893a8db8]
Event: 31.291 Thread 0x000001a9b2046f10 12550       1       com.android.build.api.component.impl.ComponentImpl::getGlobal (5 bytes)
Event: 31.291 Thread 0x000001a9b2046f10 nmethod 12550 0x000001a990144990 code [0x000001a990144b00, 0x000001a990144bc8]
Event: 31.292 Thread 0x000001a9b2046f10 12551       3       org.gradle.internal.metaobject.AbstractDynamicObject::getProperty (24 bytes)
Event: 31.292 Thread 0x000001a9b2046f10 nmethod 12551 0x000001a9893a9590 code [0x000001a9893a9780, 0x000001a9893a9d88]
Event: 31.292 Thread 0x000001a9b2046f10 12552       3       org.gradle.api.internal.DefaultNamedDomainObjectSet::<init> (32 bytes)
Event: 31.292 Thread 0x000001a9b2046f10 nmethod 12552 0x000001a9893a9f90 code [0x000001a9893aa160, 0x000001a9893aa5b8]
Event: 31.292 Thread 0x000001a9b2046f10 12554       3       com.android.build.gradle.internal.publishing.PublishedConfigSpec::hashCode (50 bytes)
Event: 31.293 Thread 0x000001a9b2046f10 nmethod 12554 0x000001a9893aa790 code [0x000001a9893aa940, 0x000001a9893aabe8]
Event: 31.293 Thread 0x000001a9b2046f10 12553       3       org.gradle.api.Namer$Comparator::<init> (10 bytes)
Event: 31.293 Thread 0x000001a9b2046f10 nmethod 12553 0x000001a9893aad10 code [0x000001a9893aaea0, 0x000001a9893ab058]
Event: 31.293 Thread 0x000001a9b2046f10 12556       3       com.google.common.collect.Iterators$9::next (25 bytes)
Event: 31.293 Thread 0x000001a9b2046f10 nmethod 12556 0x000001a9893ab110 code [0x000001a9893ab2a0, 0x000001a9893ab4c8]
Event: 31.293 Thread 0x000001a9b2046f10 12555       3       com.google.common.collect.SingletonImmutableList::iterator (5 bytes)
Event: 31.293 Thread 0x000001a9b2046f10 nmethod 12555 0x000001a9893ab590 code [0x000001a9893ab740, 0x000001a9893abae8]
Event: 31.293 Thread 0x000001a9b2046f10 12557       3       com.google.common.base.Preconditions::checkArgument (13 bytes)
Event: 31.293 Thread 0x000001a9b2046f10 nmethod 12557 0x000001a9893abc90 code [0x000001a9893abe20, 0x000001a9893ac000]
Event: 31.294 Thread 0x000001a9b2046f10 12558       3       org.gradle.api.internal.artifacts.configurations.DefaultConfiguration_Decorated::getOutgoing (40 bytes)
Event: 31.294 Thread 0x000001a9b2046f10 nmethod 12558 0x000001a9893ac110 code [0x000001a9893ac2c0, 0x000001a9893ac658]

GC Heap History (20 events):
Event: 21.150 GC heap after
{Heap after GC invocations=24 (full 0):
 garbage-first heap   total 125952K, used 86265K [0x0000000080000000, 0x0000000100000000)
  region size 1024K, 1 young (1024K), 1 survivors (1024K)
 Metaspace       used 80633K, committed 82816K, reserved 552960K
  class space    used 11205K, committed 12288K, reserved 421888K
}
Event: 21.720 GC heap before
{Heap before GC invocations=25 (full 0):
 garbage-first heap   total 147456K, used 119033K [0x0000000080000000, 0x0000000100000000)
  region size 1024K, 29 young (29696K), 1 survivors (1024K)
 Metaspace       used 82257K, committed 84416K, reserved 552960K
  class space    used 11399K, committed 12480K, reserved 421888K
}
Event: 21.724 GC heap after
{Heap after GC invocations=26 (full 0):
 garbage-first heap   total 147456K, used 94328K [0x0000000080000000, 0x0000000100000000)
  region size 1024K, 4 young (4096K), 4 survivors (4096K)
 Metaspace       used 82257K, committed 84416K, reserved 552960K
  class space    used 11399K, committed 12480K, reserved 421888K
}
Event: 22.257 GC heap before
{Heap before GC invocations=26 (full 0):
 garbage-first heap   total 147456K, used 134264K [0x0000000080000000, 0x0000000100000000)
  region size 1024K, 41 young (41984K), 4 survivors (4096K)
 Metaspace       used 84582K, committed 86720K, reserved 552960K
  class space    used 11700K, committed 12736K, reserved 421888K
}
Event: 22.261 GC heap after
{Heap after GC invocations=27 (full 0):
 garbage-first heap   total 147456K, used 92813K [0x0000000080000000, 0x0000000100000000)
  region size 1024K, 3 young (3072K), 3 survivors (3072K)
 Metaspace       used 84582K, committed 86720K, reserved 552960K
  class space    used 11700K, committed 12736K, reserved 421888K
}
Event: 22.851 GC heap before
{Heap before GC invocations=27 (full 0):
 garbage-first heap   total 147456K, used 133773K [0x0000000080000000, 0x0000000100000000)
  region size 1024K, 43 young (44032K), 3 survivors (3072K)
 Metaspace       used 87548K, committed 89728K, reserved 552960K
  class space    used 12080K, committed 13184K, reserved 421888K
}
Event: 22.855 GC heap after
{Heap after GC invocations=28 (full 0):
 garbage-first heap   total 147456K, used 94530K [0x0000000080000000, 0x0000000100000000)
  region size 1024K, 5 young (5120K), 5 survivors (5120K)
 Metaspace       used 87548K, committed 89728K, reserved 552960K
  class space    used 12080K, committed 13184K, reserved 421888K
}
Event: 23.322 GC heap before
{Heap before GC invocations=29 (full 0):
 garbage-first heap   total 162816K, used 131394K [0x0000000080000000, 0x0000000100000000)
  region size 1024K, 42 young (43008K), 5 survivors (5120K)
 Metaspace       used 88529K, committed 90752K, reserved 552960K
  class space    used 12215K, committed 13312K, reserved 421888K
}
Event: 23.325 GC heap after
{Heap after GC invocations=30 (full 0):
 garbage-first heap   total 162816K, used 95949K [0x0000000080000000, 0x0000000100000000)
  region size 1024K, 5 young (5120K), 5 survivors (5120K)
 Metaspace       used 88529K, committed 90752K, reserved 552960K
  class space    used 12215K, committed 13312K, reserved 421888K
}
Event: 27.837 GC heap before
{Heap before GC invocations=30 (full 0):
 garbage-first heap   total 162816K, used 147149K [0x0000000080000000, 0x0000000100000000)
  region size 1024K, 55 young (56320K), 5 survivors (5120K)
 Metaspace       used 90846K, committed 93120K, reserved 552960K
  class space    used 12536K, committed 13632K, reserved 421888K
}
Event: 27.841 GC heap after
{Heap after GC invocations=31 (full 0):
 garbage-first heap   total 162816K, used 98429K [0x0000000080000000, 0x0000000100000000)
  region size 1024K, 6 young (6144K), 6 survivors (6144K)
 Metaspace       used 90846K, committed 93120K, reserved 552960K
  class space    used 12536K, committed 13632K, reserved 421888K
}
Event: 28.049 GC heap before
{Heap before GC invocations=31 (full 0):
 garbage-first heap   total 162816K, used 115837K [0x0000000080000000, 0x0000000100000000)
  region size 1024K, 24 young (24576K), 6 survivors (6144K)
 Metaspace       used 92043K, committed 94336K, reserved 552960K
  class space    used 12701K, committed 13824K, reserved 421888K
}
Event: 28.053 GC heap after
{Heap after GC invocations=32 (full 0):
 garbage-first heap   total 162816K, used 99516K [0x0000000080000000, 0x0000000100000000)
  region size 1024K, 5 young (5120K), 5 survivors (5120K)
 Metaspace       used 92043K, committed 94336K, reserved 552960K
  class space    used 12701K, committed 13824K, reserved 421888K
}
Event: 28.722 GC heap before
{Heap before GC invocations=33 (full 0):
 garbage-first heap   total 176128K, used 147644K [0x0000000080000000, 0x0000000100000000)
  region size 1024K, 51 young (52224K), 5 survivors (5120K)
 Metaspace       used 95209K, committed 97472K, reserved 552960K
  class space    used 13298K, committed 14400K, reserved 421888K
}
Event: 28.725 GC heap after
{Heap after GC invocations=34 (full 0):
 garbage-first heap   total 176128K, used 100986K [0x0000000080000000, 0x0000000100000000)
  region size 1024K, 3 young (3072K), 3 survivors (3072K)
 Metaspace       used 95209K, committed 97472K, reserved 552960K
  class space    used 13298K, committed 14400K, reserved 421888K
}
Event: 29.422 GC heap before
{Heap before GC invocations=34 (full 0):
 garbage-first heap   total 176128K, used 161402K [0x0000000080000000, 0x0000000100000000)
  region size 1024K, 62 young (63488K), 3 survivors (3072K)
 Metaspace       used 97948K, committed 100288K, reserved 552960K
  class space    used 13665K, committed 14784K, reserved 421888K
}
Event: 29.429 GC heap after
{Heap after GC invocations=35 (full 0):
 garbage-first heap   total 176128K, used 104261K [0x0000000080000000, 0x0000000100000000)
  region size 1024K, 7 young (7168K), 7 survivors (7168K)
 Metaspace       used 97948K, committed 100288K, reserved 552960K
  class space    used 13665K, committed 14784K, reserved 421888K
}
Event: 30.303 GC heap before
{Heap before GC invocations=35 (full 0):
 garbage-first heap   total 176128K, used 157509K [0x0000000080000000, 0x0000000100000000)
  region size 1024K, 59 young (60416K), 7 survivors (7168K)
 Metaspace       used 99972K, committed 102400K, reserved 552960K
  class space    used 13974K, committed 15168K, reserved 421888K
}
Event: 30.311 GC heap after
{Heap after GC invocations=36 (full 0):
 garbage-first heap   total 176128K, used 109884K [0x0000000080000000, 0x0000000100000000)
  region size 1024K, 8 young (8192K), 8 survivors (8192K)
 Metaspace       used 99972K, committed 102400K, reserved 552960K
  class space    used 13974K, committed 15168K, reserved 421888K
}
Event: 31.294 GC heap before
{Heap before GC invocations=37 (full 0):
 garbage-first heap   total 189440K, used 160060K [0x0000000080000000, 0x0000000100000000)
  region size 1024K, 54 young (55296K), 8 survivors (8192K)
 Metaspace       used 101616K, committed 104064K, reserved 552960K
  class space    used 14114K, committed 15296K, reserved 421888K
}

Dll operation events (15 events):
Event: 0.011 Loaded shared library C:\Program Files\Java\jdk-20\bin\java.dll
Event: 0.031 Loaded shared library C:\Program Files\Java\jdk-20\bin\jsvml.dll
Event: 0.088 Loaded shared library C:\Program Files\Java\jdk-20\bin\zip.dll
Event: 0.091 Loaded shared library C:\Program Files\Java\jdk-20\bin\instrument.dll
Event: 0.096 Loaded shared library C:\Program Files\Java\jdk-20\bin\net.dll
Event: 0.097 Loaded shared library C:\Program Files\Java\jdk-20\bin\nio.dll
Event: 0.101 Loaded shared library C:\Program Files\Java\jdk-20\bin\zip.dll
Event: 0.262 Loaded shared library C:\Program Files\Java\jdk-20\bin\jimage.dll
Event: 0.320 Loaded shared library C:\Program Files\Java\jdk-20\bin\verify.dll
Event: 0.503 Loaded shared library C:\Users\msi\.gradle\native\68d5fa5c4cc2d200863cafc0d521ce42e7d3e7ee720ec0a83991735586a16f82\windows-amd64\native-platform.dll
Event: 0.518 Loaded shared library C:\Users\msi\.gradle\native\e376f236ea51e6404a007f0833ffe2c6e607c4080706a723a18a27aeea778392\windows-amd64\native-platform-file-events.dll
Event: 1.137 Loaded shared library C:\Program Files\Java\jdk-20\bin\management.dll
Event: 1.139 Loaded shared library C:\Program Files\Java\jdk-20\bin\management_ext.dll
Event: 1.410 Loaded shared library C:\Program Files\Java\jdk-20\bin\extnet.dll
Event: 1.732 Loaded shared library C:\Program Files\Java\jdk-20\bin\sunmscapi.dll

Deoptimization events (20 events):
Event: 29.683 Thread 0x000001a9b6e90060 DEOPT PACKING pc=0x000001a988a6e798 sp=0x00000094954f7da0
Event: 29.683 Thread 0x000001a9b6e90060 DEOPT UNPACKING pc=0x000001a98f5aa4c2 sp=0x00000094954f7260 mode 0
Event: 29.771 Thread 0x000001a9b6e90060 DEOPT PACKING pc=0x000001a988bbc99e sp=0x00000094954f86e0
Event: 29.771 Thread 0x000001a9b6e90060 DEOPT UNPACKING pc=0x000001a98f5aa4c2 sp=0x00000094954f7b90 mode 0
Event: 29.848 Thread 0x000001a9b6e90060 DEOPT PACKING pc=0x000001a988fca818 sp=0x00000094954f7510
Event: 29.848 Thread 0x000001a9b6e90060 DEOPT UNPACKING pc=0x000001a98f5aa4c2 sp=0x00000094954f6a10 mode 0
Event: 29.968 Thread 0x000001a9b6e90060 DEOPT PACKING pc=0x000001a988fca818 sp=0x00000094954f7530
Event: 29.968 Thread 0x000001a9b6e90060 DEOPT UNPACKING pc=0x000001a98f5aa4c2 sp=0x00000094954f6a30 mode 0
Event: 30.298 Thread 0x000001a9b6e90060 Uncommon trap: trap_request=0xfffffff4 fr.pc=0x000001a9900f7788 relative=0x0000000000000108
Event: 30.298 Thread 0x000001a9b6e90060 Uncommon trap: reason=null_check action=make_not_entrant pc=0x000001a9900f7788 method=org.gradle.internal.instantiation.generator.AbstractClassGenerator.isPropertyType(Ljava/lang/Class;)Z @ 3 c2
Event: 30.298 Thread 0x000001a9b6e90060 DEOPT PACKING pc=0x000001a9900f7788 sp=0x00000094954f8e00
Event: 30.299 Thread 0x000001a9b6e90060 DEOPT UNPACKING pc=0x000001a98f5a9d22 sp=0x00000094954f8d90 mode 2
Event: 30.653 Thread 0x000001a9b6e90060 Uncommon trap: trap_request=0xffffffdc fr.pc=0x000001a9900ac66c relative=0x000000000000034c
Event: 30.653 Thread 0x000001a9b6e90060 Uncommon trap: reason=class_check action=make_not_entrant pc=0x000001a9900ac66c method=java.util.ArrayList$SubList.toArray([Ljava/lang/Object;)[Ljava/lang/Object; @ 37 c2
Event: 30.653 Thread 0x000001a9b6e90060 DEOPT PACKING pc=0x000001a9900ac66c sp=0x00000094954f83b0
Event: 30.653 Thread 0x000001a9b6e90060 DEOPT UNPACKING pc=0x000001a98f5a9d22 sp=0x00000094954f8388 mode 2
Event: 30.809 Thread 0x000001a9bc1e1a90 Uncommon trap: trap_request=0xffffff45 fr.pc=0x000001a98ff82a2c relative=0x0000000000000f6c
Event: 30.809 Thread 0x000001a9bc1e1a90 Uncommon trap: reason=unstable_if action=reinterpret pc=0x000001a98ff82a2c method=java.util.concurrent.ConcurrentHashMap.addCount(JI)V @ 171 c2
Event: 30.809 Thread 0x000001a9bc1e1a90 DEOPT PACKING pc=0x000001a98ff82a2c sp=0x000000949c7fec00
Event: 30.809 Thread 0x000001a9bc1e1a90 DEOPT UNPACKING pc=0x000001a98f5a9d22 sp=0x000000949c7feae0 mode 2

Classes loaded (20 events):
Event: 30.497 Loading class com/sun/org/apache/xerces/internal/dom/AttributeMap
Event: 30.498 Loading class com/sun/org/apache/xerces/internal/dom/NamedNodeMapImpl
Event: 30.498 Loading class com/sun/org/apache/xerces/internal/dom/NamedNodeMapImpl done
Event: 30.498 Loading class com/sun/org/apache/xerces/internal/dom/AttributeMap done
Event: 30.498 Loading class com/sun/org/apache/xerces/internal/dom/DeferredAttrImpl
Event: 30.498 Loading class com/sun/org/apache/xerces/internal/dom/AttrImpl
Event: 30.498 Loading class com/sun/org/apache/xerces/internal/dom/AttrImpl done
Event: 30.498 Loading class com/sun/org/apache/xerces/internal/dom/DeferredAttrImpl done
Event: 31.252 Loading class java/beans/ParameterDescriptor
Event: 31.252 Loading class java/beans/ParameterDescriptor done
Event: 31.253 Loading class java/lang/BooleanBeanInfo
Event: 31.253 Loading class java/lang/BooleanBeanInfo done
Event: 31.254 Loading class java/lang/BooleanBeanInfo
Event: 31.254 Loading class java/lang/BooleanBeanInfo done
Event: 31.254 Loading class java/lang/BooleanCustomizer
Event: 31.254 Loading class java/lang/BooleanCustomizer done
Event: 31.254 Loading class java/lang/BooleanCustomizer
Event: 31.254 Loading class java/lang/BooleanCustomizer done
Event: 31.254 Loading class jdk/internal/ValueBased
Event: 31.254 Loading class jdk/internal/ValueBased done

Classes unloaded (0 events):
No events

Classes redefined (0 events):
No events

Internal exceptions (20 events):
Event: 30.316 Thread 0x000001a9b6e90060 Exception <a 'java/lang/ClassNotFoundException'{0x00000000ff4287a8}: com/android/build/gradle/internal/api/LibraryVariantOutputImplCustomizer> (0x00000000ff4287a8) 
thrown [s\open\src\hotspot\share\classfile\systemDictionary.cpp, line 305]
Event: 30.317 Thread 0x000001a9b6e90060 Exception <a 'java/lang/ClassNotFoundException'{0x00000000ff43d6a0}: com/android/build/gradle/internal/api/LibraryVariantOutputImpl_DecoratedCustomizer> (0x00000000ff43d6a0) 
thrown [s\open\src\hotspot\share\classfile\systemDictionary.cpp, line 305]
Event: 30.366 Thread 0x000001a9b6e90060 Exception <a 'java/lang/ClassNotFoundException'{0x00000000ff3d2710}: build_a9olc5v43rnkyh6l4uzdlbhboBeanInfo> (0x00000000ff3d2710) 
thrown [s\open\src\hotspot\share\classfile\systemDictionary.cpp, line 305]
Event: 30.366 Thread 0x000001a9b6e90060 Exception <a 'java/lang/ClassNotFoundException'{0x00000000ff3d8cb8}: build_a9olc5v43rnkyh6l4uzdlbhboCustomizer> (0x00000000ff3d8cb8) 
thrown [s\open\src\hotspot\share\classfile\systemDictionary.cpp, line 305]
Event: 30.454 Thread 0x000001a9b6e90060 Exception <a 'java/lang/ClassNotFoundException'{0x000000008a979e28}: build_a9olc5v43rnkyh6l4uzdlbhbo$_run_closure1BeanInfo> (0x000000008a979e28) 
thrown [s\open\src\hotspot\share\classfile\systemDictionary.cpp, line 305]
Event: 30.455 Thread 0x000001a9b6e90060 Exception <a 'java/lang/ClassNotFoundException'{0x000000008a9d8d20}: build_a9olc5v43rnkyh6l4uzdlbhbo$_run_closure1Customizer> (0x000000008a9d8d20) 
thrown [s\open\src\hotspot\share\classfile\systemDictionary.cpp, line 305]
Event: 30.568 Thread 0x000001a9b6e90060 Exception <a 'java/lang/ClassNotFoundException'{0x000000008a28fa10}: build_67p8l13hweoqqj4w9w52ad3q8BeanInfo> (0x000000008a28fa10) 
thrown [s\open\src\hotspot\share\classfile\systemDictionary.cpp, line 305]
Event: 30.569 Thread 0x000001a9b6e90060 Exception <a 'java/lang/ClassNotFoundException'{0x000000008a295fb8}: build_67p8l13hweoqqj4w9w52ad3q8Customizer> (0x000000008a295fb8) 
thrown [s\open\src\hotspot\share\classfile\systemDictionary.cpp, line 305]
Event: 30.947 Thread 0x000001a9b6e90060 Exception <a 'java/lang/ClassNotFoundException'{0x0000000088f881e0}: build_67p8l13hweoqqj4w9w52ad3q8BeanInfo> (0x0000000088f881e0) 
thrown [s\open\src\hotspot\share\classfile\systemDictionary.cpp, line 305]
Event: 30.947 Thread 0x000001a9b6e90060 Exception <a 'java/lang/ClassNotFoundException'{0x0000000088f8e728}: build_67p8l13hweoqqj4w9w52ad3q8Customizer> (0x0000000088f8e728) 
thrown [s\open\src\hotspot\share\classfile\systemDictionary.cpp, line 305]
Event: 31.237 Thread 0x000001a9b6e90060 Exception <a 'java/lang/ClassNotFoundException'{0x00000000886fb218}: build_67p8l13hweoqqj4w9w52ad3q8$_run_closure1BeanInfo> (0x00000000886fb218) 
thrown [s\open\src\hotspot\share\classfile\systemDictionary.cpp, line 305]
Event: 31.238 Thread 0x000001a9b6e90060 Exception <a 'java/lang/ClassNotFoundException'{0x0000000088527f00}: build_67p8l13hweoqqj4w9w52ad3q8$_run_closure1Customizer> (0x0000000088527f00) 
thrown [s\open\src\hotspot\share\classfile\systemDictionary.cpp, line 305]
Event: 31.248 Thread 0x000001a9b6e90060 Exception <a 'java/lang/ClassNotFoundException'{0x000000008859fad0}: com/android/build/gradle/internal/dsl/VectorDrawablesOptions_DecoratedBeanInfo> (0x000000008859fad0) 
thrown [s\open\src\hotspot\share\classfile\systemDictionary.cpp, line 305]
Event: 31.249 Thread 0x000001a9b6e90060 Exception <a 'java/lang/ClassNotFoundException'{0x00000000885ad2c8}: com/android/build/gradle/internal/dsl/VectorDrawablesOptionsBeanInfo> (0x00000000885ad2c8) 
thrown [s\open\src\hotspot\share\classfile\systemDictionary.cpp, line 305]
Event: 31.250 Thread 0x000001a9b6e90060 Exception <a 'java/lang/ClassNotFoundException'{0x00000000885baba0}: com/android/builder/core/DefaultVectorDrawablesOptionsBeanInfo> (0x00000000885baba0) 
thrown [s\open\src\hotspot\share\classfile\systemDictionary.cpp, line 305]
Event: 31.250 Thread 0x000001a9b6e90060 Exception <a 'java/lang/ClassNotFoundException'{0x00000000885c8340}: com/android/builder/core/DefaultVectorDrawablesOptionsCustomizer> (0x00000000885c8340) 
thrown [s\open\src\hotspot\share\classfile\systemDictionary.cpp, line 305]
Event: 31.251 Thread 0x000001a9b6e90060 Exception <a 'java/lang/ClassNotFoundException'{0x00000000885dc158}: com/android/build/gradle/internal/dsl/VectorDrawablesOptionsCustomizer> (0x00000000885dc158) 
thrown [s\open\src\hotspot\share\classfile\systemDictionary.cpp, line 305]
Event: 31.252 Thread 0x000001a9b6e90060 Exception <a 'java/lang/ClassNotFoundException'{0x00000000885ed4a8}: com/android/build/gradle/internal/dsl/VectorDrawablesOptions_DecoratedCustomizer> (0x00000000885ed4a8) 
thrown [s\open\src\hotspot\share\classfile\systemDictionary.cpp, line 305]
Event: 31.254 Thread 0x000001a9b6e90060 Exception <a 'java/lang/ClassNotFoundException'{0x000000008841ae20}: java/lang/BooleanBeanInfo> (0x000000008841ae20) 
thrown [s\open\src\hotspot\share\classfile\systemDictionary.cpp, line 305]
Event: 31.254 Thread 0x000001a9b6e90060 Exception <a 'java/lang/ClassNotFoundException'{0x0000000088423d80}: java/lang/BooleanCustomizer> (0x0000000088423d80) 
thrown [s\open\src\hotspot\share\classfile\systemDictionary.cpp, line 305]

VM Operations (20 events):
Event: 28.156 Executing VM operation: G1PauseCleanup done
Event: 28.722 Executing VM operation: G1CollectForAllocation
Event: 28.725 Executing VM operation: G1CollectForAllocation done
Event: 29.415 Executing VM operation: ICBufferFull
Event: 29.415 Executing VM operation: ICBufferFull done
Event: 29.422 Executing VM operation: G1CollectForAllocation
Event: 29.429 Executing VM operation: G1CollectForAllocation done
Event: 29.829 Executing VM operation: ICBufferFull
Event: 29.829 Executing VM operation: ICBufferFull done
Event: 30.303 Executing VM operation: G1CollectForAllocation
Event: 30.311 Executing VM operation: G1CollectForAllocation done
Event: 30.389 Executing VM operation: G1PauseRemark
Event: 30.395 Executing VM operation: G1PauseRemark done
Event: 30.441 Executing VM operation: G1PauseCleanup
Event: 30.448 Executing VM operation: G1PauseCleanup done
Event: 30.472 Executing VM operation: HandshakeAllThreads
Event: 30.473 Executing VM operation: HandshakeAllThreads done
Event: 30.797 Executing VM operation: ICBufferFull
Event: 30.798 Executing VM operation: ICBufferFull done
Event: 31.294 Executing VM operation: G1CollectForAllocation

Events (20 events):
Event: 30.395 Thread 0x000001a9b2012fd0 flushing nmethod 0x000001a98ff39410
Event: 30.395 Thread 0x000001a9b2012fd0 flushing nmethod 0x000001a98fe52190
Event: 30.395 Thread 0x000001a9b2012fd0 flushing nmethod 0x000001a98ff29890
Event: 30.395 Thread 0x000001a9b2012fd0 flushing nmethod 0x000001a98fe7ac90
Event: 30.395 Thread 0x000001a9b2012fd0 flushing nmethod 0x000001a98fdc5e90
Event: 30.395 Thread 0x000001a9b2012fd0 flushing nmethod 0x000001a98fd4d990
Event: 30.395 Thread 0x000001a9b2012fd0 flushing nmethod 0x000001a98fc57410
Event: 30.806 Thread 0x000001a9bb9b9580 Thread added: 0x000001a9bb9b9580
Event: 30.807 Thread 0x000001a9bb9bb010 Thread added: 0x000001a9bb9bb010
Event: 30.807 Thread 0x000001a9bb9ba020 Thread added: 0x000001a9bb9ba020
Event: 30.807 Thread 0x000001a9bb9ba570 Thread added: 0x000001a9bb9ba570
Event: 30.807 Thread 0x000001a9bb9b9ad0 Thread added: 0x000001a9bb9b9ad0
Event: 30.807 Thread 0x000001a9bb9baac0 Thread added: 0x000001a9bb9baac0
Event: 30.807 Thread 0x000001a9b987c130 Thread added: 0x000001a9b987c130
Event: 30.808 Thread 0x000001a9bc1da5b0 Thread added: 0x000001a9bc1da5b0
Event: 30.808 Thread 0x000001a9bc1dd580 Thread added: 0x000001a9bc1dd580
Event: 30.808 Thread 0x000001a9bc1e0ff0 Thread added: 0x000001a9bc1e0ff0
Event: 30.808 Thread 0x000001a9bc1e1a90 Thread added: 0x000001a9bc1e1a90
Event: 31.197 Thread 0x000001a9b9c446b0 Thread exited: 0x000001a9b9c446b0
Event: 31.197 Thread 0x000001a9ba459e50 Thread exited: 0x000001a9ba459e50


Dynamic libraries:
0x00007ff6a15a0000 - 0x00007ff6a15b0000 	C:\Program Files\Java\jdk-20\bin\java.exe
0x00007ffba4450000 - 0x00007ffba4666000 	C:\WINDOWS\SYSTEM32\ntdll.dll
0x00007ffba2a00000 - 0x00007ffba2ac4000 	C:\WINDOWS\System32\KERNEL32.DLL
0x00007ffba1b50000 - 0x00007ffba1ef7000 	C:\WINDOWS\System32\KERNELBASE.dll
0x00007ffba1a30000 - 0x00007ffba1b41000 	C:\WINDOWS\System32\ucrtbase.dll
0x00007ffb771b0000 - 0x00007ffb771cb000 	C:\Program Files\Java\jdk-20\bin\VCRUNTIME140.dll
0x00007ffb76c50000 - 0x00007ffb76c69000 	C:\Program Files\Java\jdk-20\bin\jli.dll
0x00007ffba2b50000 - 0x00007ffba2c02000 	C:\WINDOWS\System32\ADVAPI32.dll
0x00007ffba2d00000 - 0x00007ffba2da7000 	C:\WINDOWS\System32\msvcrt.dll
0x00007ffba2270000 - 0x00007ffba2318000 	C:\WINDOWS\System32\sechost.dll
0x00007ffba1890000 - 0x00007ffba18b8000 	C:\WINDOWS\System32\bcrypt.dll
0x00007ffba26b0000 - 0x00007ffba27c5000 	C:\WINDOWS\System32\RPCRT4.dll
0x00007ffba27d0000 - 0x00007ffba297e000 	C:\WINDOWS\System32\USER32.dll
0x00007ffba09d0000 - 0x00007ffba0c63000 	C:\WINDOWS\WinSxS\amd64_microsoft.windows.common-controls_6595b64144ccf1df_6.0.22621.3235_none_270f74e173860f98\COMCTL32.dll
0x00007ffba2060000 - 0x00007ffba2086000 	C:\WINDOWS\System32\win32u.dll
0x00007ffba2980000 - 0x00007ffba29a9000 	C:\WINDOWS\System32\GDI32.dll
0x00007ffba1770000 - 0x00007ffba1889000 	C:\WINDOWS\System32\gdi32full.dll
0x00007ffba1f00000 - 0x00007ffba1f9a000 	C:\WINDOWS\System32\msvcp_win.dll
0x00007ffb9e050000 - 0x00007ffb9e05a000 	C:\WINDOWS\SYSTEM32\VERSION.dll
0x00007ffba3f60000 - 0x00007ffba3f91000 	C:\WINDOWS\System32\IMM32.DLL
0x00007ffb995a0000 - 0x00007ffb995ac000 	C:\Program Files\Java\jdk-20\bin\vcruntime140_1.dll
0x00007ffb459b0000 - 0x00007ffb45a3e000 	C:\Program Files\Java\jdk-20\bin\msvcp140.dll
0x00007ffb00e60000 - 0x00007ffb01af8000 	C:\Program Files\Java\jdk-20\bin\server\jvm.dll
0x00007ffb86950000 - 0x00007ffb86959000 	C:\WINDOWS\SYSTEM32\WSOCK32.dll
0x00007ffb95b50000 - 0x00007ffb95b84000 	C:\WINDOWS\SYSTEM32\WINMM.dll
0x00007ffba2ad0000 - 0x00007ffba2b41000 	C:\WINDOWS\System32\WS2_32.dll
0x00007ffb9f8e0000 - 0x00007ffb9f8f8000 	C:\WINDOWS\SYSTEM32\kernel.appcore.dll
0x00007ffb99560000 - 0x00007ffb9956a000 	C:\Program Files\Java\jdk-20\bin\jimage.dll
0x00007ffba1090000 - 0x00007ffba12c3000 	C:\WINDOWS\SYSTEM32\DBGHELP.DLL
0x00007ffba2320000 - 0x00007ffba26a8000 	C:\WINDOWS\System32\combase.dll
0x00007ffba4150000 - 0x00007ffba4227000 	C:\WINDOWS\System32\OLEAUT32.dll
0x00007ffba0f80000 - 0x00007ffba0fb2000 	C:\WINDOWS\SYSTEM32\dbgcore.DLL
0x00007ffba2090000 - 0x00007ffba2109000 	C:\WINDOWS\System32\bcryptPrimitives.dll
0x00007ffb72060000 - 0x00007ffb7206e000 	C:\Program Files\Java\jdk-20\bin\instrument.dll
0x00007ffb64830000 - 0x00007ffb64856000 	C:\Program Files\Java\jdk-20\bin\java.dll
0x00007ffb360a0000 - 0x00007ffb36177000 	C:\Program Files\Java\jdk-20\bin\jsvml.dll
0x00007ffba2f40000 - 0x00007ffba379c000 	C:\WINDOWS\System32\SHELL32.dll
0x00007ffb9e780000 - 0x00007ffb9f079000 	C:\WINDOWS\SYSTEM32\windows.storage.dll
0x00007ffb9e640000 - 0x00007ffb9e77e000 	C:\WINDOWS\SYSTEM32\wintypes.dll
0x00007ffba4230000 - 0x00007ffba4323000 	C:\WINDOWS\System32\SHCORE.dll
0x00007ffba2180000 - 0x00007ffba21de000 	C:\WINDOWS\System32\shlwapi.dll
0x00007ffba16a0000 - 0x00007ffba16c1000 	C:\WINDOWS\SYSTEM32\profapi.dll
0x00007ffb6e1a0000 - 0x00007ffb6e1b8000 	C:\Program Files\Java\jdk-20\bin\zip.dll
0x00007ffb72120000 - 0x00007ffb72133000 	C:\Program Files\Java\jdk-20\bin\net.dll
0x00007ffb9a530000 - 0x00007ffb9a666000 	C:\WINDOWS\SYSTEM32\WINHTTP.dll
0x00007ffb9fd00000 - 0x00007ffb9fd69000 	C:\WINDOWS\system32\mswsock.dll
0x00007ffb72100000 - 0x00007ffb72116000 	C:\Program Files\Java\jdk-20\bin\nio.dll
0x00007ffb72050000 - 0x00007ffb72060000 	C:\Program Files\Java\jdk-20\bin\verify.dll
0x00007ffb72070000 - 0x00007ffb72097000 	C:\Users\msi\.gradle\native\68d5fa5c4cc2d200863cafc0d521ce42e7d3e7ee720ec0a83991735586a16f82\windows-amd64\native-platform.dll
0x00007ffb2ba30000 - 0x00007ffb2bb74000 	C:\Users\msi\.gradle\native\e376f236ea51e6404a007f0833ffe2c6e607c4080706a723a18a27aeea778392\windows-amd64\native-platform-file-events.dll
0x00007ffb8c720000 - 0x00007ffb8c72a000 	C:\Program Files\Java\jdk-20\bin\management.dll
0x00007ffb87030000 - 0x00007ffb8703b000 	C:\Program Files\Java\jdk-20\bin\management_ext.dll
0x00007ffba3f50000 - 0x00007ffba3f58000 	C:\WINDOWS\System32\PSAPI.DLL
0x00007ffba1410000 - 0x00007ffba142b000 	C:\WINDOWS\SYSTEM32\CRYPTSP.dll
0x00007ffb9f840000 - 0x00007ffb9f875000 	C:\WINDOWS\system32\rsaenh.dll
0x00007ffb9fda0000 - 0x00007ffb9fdc8000 	C:\WINDOWS\SYSTEM32\USERENV.dll
0x00007ffba0030000 - 0x00007ffba003c000 	C:\WINDOWS\SYSTEM32\CRYPTBASE.dll
0x00007ffb9f350000 - 0x00007ffb9f37d000 	C:\WINDOWS\SYSTEM32\IPHLPAPI.DLL
0x00007ffba2cd0000 - 0x00007ffba2cd9000 	C:\WINDOWS\System32\NSI.dll
0x00007ffb9a770000 - 0x00007ffb9a789000 	C:\WINDOWS\SYSTEM32\dhcpcsvc6.DLL
0x00007ffb9a300000 - 0x00007ffb9a31f000 	C:\WINDOWS\SYSTEM32\dhcpcsvc.DLL
0x00007ffb9f3c0000 - 0x00007ffb9f4b9000 	C:\WINDOWS\SYSTEM32\DNSAPI.dll
0x00007ffb77180000 - 0x00007ffb77187000 	C:\Program Files\Java\jdk-20\bin\extnet.dll
0x00007ffb84dc0000 - 0x00007ffb84dce000 	C:\Program Files\Java\jdk-20\bin\sunmscapi.dll
0x00007ffba18c0000 - 0x00007ffba1a27000 	C:\WINDOWS\System32\CRYPT32.dll
0x00007ffba09a0000 - 0x00007ffba09ce000 	C:\WINDOWS\SYSTEM32\ncrypt.dll
0x00007ffba0960000 - 0x00007ffba0997000 	C:\WINDOWS\SYSTEM32\NTASN1.dll
0x00007ffb80800000 - 0x00007ffb80808000 	C:\WINDOWS\system32\wshunix.dll
0x00007ffb99550000 - 0x00007ffb9955a000 	C:\Windows\System32\rasadhlp.dll
0x00007ffb99750000 - 0x00007ffb997d3000 	C:\WINDOWS\System32\fwpuclnt.dll
0x00007ffb86fb0000 - 0x00007ffb86fc7000 	C:\WINDOWS\system32\napinsp.dll
0x00007ffb86960000 - 0x00007ffb8697b000 	C:\WINDOWS\system32\pnrpnsp.dll
0x00007ffb86930000 - 0x00007ffb86941000 	C:\WINDOWS\System32\winrnr.dll
0x00007ffb99b90000 - 0x00007ffb99ba5000 	C:\WINDOWS\system32\wshbth.dll
0x00007ffb855f0000 - 0x00007ffb85611000 	C:\WINDOWS\system32\nlansp_c.dll

dbghelp: loaded successfully - version: 4.0.5 - missing functions: none
symbol engine: initialized successfully - sym options: 0x614 - pdb path: .;C:\Program Files\Java\jdk-20\bin;C:\WINDOWS\SYSTEM32;C:\WINDOWS\WinSxS\amd64_microsoft.windows.common-controls_6595b64144ccf1df_6.0.22621.3235_none_270f74e173860f98;C:\Program Files\Java\jdk-20\bin\server;C:\Users\msi\.gradle\native\68d5fa5c4cc2d200863cafc0d521ce42e7d3e7ee720ec0a83991735586a16f82\windows-amd64;C:\Users\msi\.gradle\native\e376f236ea51e6404a007f0833ffe2c6e607c4080706a723a18a27aeea778392\windows-amd64

VM Arguments:
jvm_args: -XX:MaxMetaspaceSize=512m --add-opens=java.base/java.util=ALL-UNNAMED --add-opens=java.base/java.lang=ALL-UNNAMED --add-opens=java.base/java.lang.invoke=ALL-UNNAMED --add-opens=java.prefs/java.util.prefs=ALL-UNNAMED --add-opens=java.base/java.nio.charset=ALL-UNNAMED --add-opens=java.base/java.net=ALL-UNNAMED --add-opens=java.base/java.util.concurrent.atomic=ALL-UNNAMED -Xmx2048m -Dfile.encoding=utf8 -Duser.country=FR -Duser.language=fr -Duser.variant -javaagent:C:\Users\msi\.gradle\wrapper\dists\gradle-8.3-all\6en3ugtfdg5xnpx44z4qbwgas\gradle-8.3\lib\agents\gradle-instrumentation-agent-8.3.jar 
java_command: org.gradle.launcher.daemon.bootstrap.GradleDaemon 8.3
java_class_path (initial): C:\Users\msi\.gradle\wrapper\dists\gradle-8.3-all\6en3ugtfdg5xnpx44z4qbwgas\gradle-8.3\lib\gradle-launcher-8.3.jar
Launcher Type: SUN_STANDARD

[Global flags]
     intx CICompilerCount                          = 4                                         {product} {ergonomic}
   size_t CompressedClassSpaceSize                 = 432013312                                 {product} {ergonomic}
     uint ConcGCThreads                            = 3                                         {product} {ergonomic}
     uint G1ConcRefinementThreads                  = 10                                        {product} {ergonomic}
   size_t G1HeapRegionSize                         = 1048576                                   {product} {ergonomic}
    uintx GCDrainStackTargetSize                   = 64                                        {product} {ergonomic}
   size_t InitialHeapSize                          = 266338304                                 {product} {ergonomic}
   size_t MarkStackSize                            = 4194304                                   {product} {ergonomic}
   size_t MaxHeapSize                              = 2147483648                                {product} {command line}
   size_t MaxMetaspaceSize                         = 536870912                                 {product} {command line}
   size_t MaxNewSize                               = 1287651328                                {product} {ergonomic}
   size_t MinHeapDeltaBytes                        = 1048576                                   {product} {ergonomic}
   size_t MinHeapSize                              = 8388608                                   {product} {ergonomic}
    uintx NonNMethodCodeHeapSize                   = 5839372                                {pd product} {ergonomic}
    uintx NonProfiledCodeHeapSize                  = 122909434                              {pd product} {ergonomic}
    uintx ProfiledCodeHeapSize                     = 122909434                              {pd product} {ergonomic}
    uintx ReservedCodeCacheSize                    = 251658240                              {pd product} {ergonomic}
     bool SegmentedCodeCache                       = true                                      {product} {ergonomic}
   size_t SoftMaxHeapSize                          = 2147483648                             {manageable} {ergonomic}
     bool UseCompressedClassPointers               = true                           {product lp64_product} {ergonomic}
     bool UseCompressedOops                        = true                           {product lp64_product} {ergonomic}
     bool UseG1GC                                  = true                                      {product} {ergonomic}
     bool UseLargePagesIndividualAllocation        = false                                  {pd product} {ergonomic}

Logging:
Log output configuration:
 #0: stdout all=warning uptime,level,tags foldmultilines=false
 #1: stderr all=off uptime,level,tags foldmultilines=false

Environment Variables:
JAVA_HOME=C:\Program Files\Java\jdk-20
PATH=C:\Program Files\Common Files\Oracle\Java\javapath;C:\Windows\system32;C:\Windows;C:\Windows\System32\Wbem;C:\Windows\System32\WindowsPowerShell\v1.0\;C:\Windows\System32\OpenSSH\;C:\Program Files (x86)\NVIDIA Corporation\PhysX\Common;C:\Program Files\NVIDIA Corporation\NVIDIA NvDLISR;C:\Program Files\Git\cmd;C:\Users\msi\AppData\Roaming\npm\node_modules;C:\SQLite;C:\Program Files\MySQL\MySQL Server 8.0\bin;C:\Users\msi\Downloads\Redis-x64-3.2.100;C:\Users\msi\AppData\Roaming\nvm;C:\Program Files\nodejs;C:\WINDOWS\system32;C:\WINDOWS;C:\WINDOWS\System32\Wbem;C:\WINDOWS\System32\WindowsPowerShell\v1.0\;C:\WINDOWS\System32\OpenSSH\;;C:\Users\msi\AppData\Local\Android\Sdk\ndk\23.1.7779620;C:\Program Files\IBM\SPSS\Statistics\23\JRE\bin;C:\Program Files\Java\jdk-20\bin\;C:\gradle-8.2\bin;C:\Program Files (x86)\Yarn\bin\;C:\Program Files\PostgreSQL\15\bin;C:\Program Files\nodejs\;C:\Program Files (x86)\sbt\bin;C:\Program Files\Docker\Docker\resources\bin;C:\Users\msi\AppData\Local\Microsoft\WindowsApps;C:\Users\msi\AppData\Local\Programs\Microsoft VS Code\bin;C:\Program Files\heroku\bin;C:\Users\msi\AppData\Roaming\nvm;C:\Program Files\nodejs;C:\Program Files\MongoDB\Server\4.4\bin;C:\Users\msi\AppData\Local\Yarn\bin;C:\Program Files\JetBrains\PyCharm 2023.2.1\bin;;C:\Users\msi\AppData\Roaming\npm
USERNAME=msi
OS=Windows_NT
PROCESSOR_IDENTIFIER=Intel64 Family 6 Model 165 Stepping 2, GenuineIntel
TMP=C:\Users\msi\AppData\Local\Temp
TEMP=C:\Users\msi\AppData\Local\Temp




---------------  S Y S T E M  ---------------

OS:
 Windows 11 , 64 bit Build 22621 (10.0.22621.3374)
OS uptime: 3 days 8:28 hours
Hyper-V role detected

CPU: total 12 (initial active 12) (6 cores per cpu, 2 threads per core) family 6 model 165 stepping 2 microcode 0xe2, cx8, cmov, fxsr, ht, mmx, 3dnowpref, sse, sse2, sse3, ssse3, sse4.1, sse4.2, popcnt, lzcnt, tsc, tscinvbit, avx, avx2, aes, erms, clmul, bmi1, bmi2, adx, fma, vzeroupper, clflush, clflushopt, hv, rdtscp, f16c

Memory: 4k page, system-wide physical 16201M (752M free)
TotalPageFile size 27465M (AvailPageFile size 5964M)
current process WorkingSet (physical memory assigned to process): 456M, peak: 464M
current process commit charge ("private bytes"): 508M, peak: 518M

vm_info: Java HotSpot(TM) 64-Bit Server VM (20.0.2+9-78) for windows-amd64 JRE (20.0.2+9-78), built on 2023-06-14T10:08:48Z by "mach5one" with MS VC++ 17.1 (VS2022)

END.
