#
# A fatal error has been detected by the Java Runtime Environment:
#
#  EXCEPTION_ACCESS_VIOLATION (0xc0000005) at pc=0x00007ffb00bbb6b0, pid=16916, tid=21368
#
# JRE version: OpenJDK Runtime Environment Temurin-17.0.10+7 (17.0.10+7) (build 17.0.10+7)
# Java VM: OpenJDK 64-Bit Server VM Temurin-17.0.10+7 (17.0.10+7, mixed mode, tiered, compressed oops, compressed class ptrs, parallel gc, windows-amd64)
# Problematic frame:
# V  [jvm.dll+0x9cb6b0]
#
# No core dump will be written. Minidumps are not enabled by default on client versions of Windows
#
# If you would like to submit a bug report, please visit:
#   https://github.com/adoptium/adoptium-support/issues
#

---------------  S U M M A R Y ------------

Command Line: --add-modules=ALL-SYSTEM --add-opens=java.base/java.util=ALL-UNNAMED --add-opens=java.base/java.lang=ALL-UNNAMED --add-opens=java.base/sun.nio.fs=ALL-UNNAMED -Declipse.application=org.eclipse.jdt.ls.core.id1 -Dosgi.bundles.defaultStartLevel=4 -Declipse.product=org.eclipse.jdt.ls.core.product -Djava.import.generatesMetadataFilesAtProjectRoot=false -DDetectVMInstallationsJob.disabled=true -Dfile.encoding=utf8 -XX:+UseParallelGC -XX:GCTimeRatio=4 -XX:AdaptiveSizePolicyWeight=90 -Dsun.zip.disableMemoryMapping=true -Xmx1G -Xms100m -Xlog:disable -javaagent:c:\Users\msi\.vscode\extensions\redhat.java-1.30.0-win32-x64\lombok\lombok-1.18.32.jar -XX:+HeapDumpOnOutOfMemoryError -XX:HeapDumpPath=c:\Users\msi\AppData\Roaming\Code\User\workspaceStorage\ea2dbe5686b311bfe3bfbaa239bcab37\redhat.java -Daether.dependencyCollector.impl=bf c:\Users\msi\.vscode\extensions\redhat.java-1.30.0-win32-x64\server\plugins\org.eclipse.equinox.launcher_1.6.800.v20240330-1250.jar -configuration c:\Users\msi\AppData\Roaming\Code\User\globalStorage\redhat.java\1.30.0\config_win -data c:\Users\msi\AppData\Roaming\Code\User\workspaceStorage\ea2dbe5686b311bfe3bfbaa239bcab37\redhat.java\jdt_ws --pipe=\\.\pipe\lsp-4a9ba1309b5710dea19079f2c5b43ca4-sock

Host: Intel(R) Core(TM) i7-10750H CPU @ 2.60GHz, 12 cores, 15G,  Windows 11 , 64 bit Build 22621 (10.0.22621.3374)
Time: Thu May  9 13:31:33 2024 Europe de l , 64 bit Build 22621 (10.0.22621.3374) elapsed time: 23.705148 seconds (0d 0h 0m 23s)

---------------  T H R E A D  ---------------

Current thread (0x0000019e254f9b90):  JavaThread "C2 CompilerThread0" daemon [_thread_in_native, id=21368, stack(0x0000004d61700000,0x0000004d61800000)]


Current CompileTask:
C2:  23705 8379   !   4       org.eclipse.jdt.internal.compiler.classfmt.ClassFileReader::<init> (2158 bytes)

Stack: [0x0000004d61700000,0x0000004d61800000],  sp=0x0000004d617fb7f8,  free space=1005k
Native frames: (J=compiled Java code, j=interpreted, Vv=VM code, C=native code)
V  [jvm.dll+0x9cb6b0]


siginfo: EXCEPTION_ACCESS_VIOLATION (0xc0000005), data execution prevention violation at address 0x00007ffb00bbb6b0


Registers:
RAX=0x0000019e2b2a51e0, RBX=0x0000000000000002, RCX=0x0000019e2b2a5390, RDX=0x0000019e2b2e6960
RSP=0x0000004d617fb7f8, RBP=0x0000000000000001, RSI=0x0000004d617fba01, RDI=0x0000000000000000
R8 =0x0000000000000360, R9 =0x0000019e2be07e40, R10=0xffffffffffffffff, R11=0x0000000000000000
R12=0x0000000000000000, R13=0x0000004d617fbaf0, R14=0x0000019e2b2e6960, R15=0x0000019e2a40f508
RIP=0x00007ffb00bbb6b0, EFLAGS=0x0000000000010206


Register to memory mapping:

RIP=0x00007ffb00bbb6b0 jvm.dll
RAX=0x0000019e2b2a51e0 points into unknown readable memory: 0x00007ffb00bbb6b0 | b0 b6 bb 00 fb 7f 00 00
RBX=0x0000000000000002 is an unknown value
RCX=0x0000019e2b2a5390 points into unknown readable memory: 0x0000019e2b2a51e0 | e0 51 2a 2b 9e 01 00 00
RDX=0x0000019e2b2e6960 points into unknown readable memory: 0x00007ffb00b07928 | 28 79 b0 00 fb 7f 00 00
RSP=0x0000004d617fb7f8 is pointing into the stack for thread: 0x0000019e254f9b90
RBP=0x0000000000000001 is an unknown value
RSI=0x0000004d617fba01 is pointing into the stack for thread: 0x0000019e254f9b90
RDI=0x0 is NULL
R8 =0x0000000000000360 is an unknown value
R9 =0x0000019e2be07e40 points into unknown readable memory: 0x0000019e25516c90 | 90 6c 51 25 9e 01 00 00
R10=0xffffffffffffffff is an unknown value
R11=0x0 is NULL
R12=0x0 is NULL
R13=0x0000004d617fbaf0 is pointing into the stack for thread: 0x0000019e254f9b90
R14=0x0000019e2b2e6960 points into unknown readable memory: 0x00007ffb00b07928 | 28 79 b0 00 fb 7f 00 00
R15=0x0000019e2a40f508 points into unknown readable memory: 0x00007ffb00b1daf8 | f8 da b1 00 fb 7f 00 00


Top of Stack: (sp=0x0000004d617fb7f8)
0x0000004d617fb7f8:   00007ffb003a5fe1 ffffffffffffffff
0x0000004d617fb808:   0000004d617fba01 0000004d617fbaf0
0x0000004d617fb818:   0000019e2a40f508 0000019e2a8d8868
0x0000004d617fb828:   00007ffb0084aeaa 0000000000000000
0x0000004d617fb838:   00007ffb003a968a 0000019e2b7a9c58
0x0000004d617fb848:   0000019e2a40f508 0000000000000000
0x0000004d617fb858:   00007ffb003a968a 0000019e2b2e6960
0x0000004d617fb868:   0000004d617fbaf0 0000019e255831f8
0x0000004d617fb878:   0000019e255831f8 0000000000002aa0
0x0000004d617fb888:   0000019e0c55a640 0000000000000000
0x0000004d617fb898:   0000000000000000 0000004d617fbaf0
0x0000004d617fb8a8:   000000000000216c 0000019e2b2e6960
0x0000004d617fb8b8:   00007ffb008944c7 0000019e2b2e6960
0x0000004d617fb8c8:   0000004d617fbaf0 0000000000002101
0x0000004d617fb8d8:   0000004d00000002 0000004d617fbaf0
0x0000004d617fb8e8:   00007ffb00892f0a 0000004d617feab0
0x0000004d617fb8f8:   000000000000216c 0000019e2b2e6960
0x0000004d617fb908:   0000019e29418258 0000000000000050
0x0000004d617fb918:   00007ffb00b2fca0 0000000000000020
0x0000004d617fb928:   00007ffb0040aeb0 0000000000000000
0x0000004d617fb938:   0000019e0c5eb2d0 0000004d617feab0
0x0000004d617fb948:   0000004d617fba30 0000000000000000
0x0000004d617fb958:   0000019e27ad3748 0000004d617f0000
0x0000004d617fb968:   0000000000000000 0000000000000000
0x0000004d617fb978:   00007ffb00751900 0000019e254f9b90
0x0000004d617fb988:   00007ffb00b2fca0 0000000000000000
0x0000004d617fb998:   0000000000000000 0000000000000000
0x0000004d617fb9a8:   00007ffb00b2fca0 0000019e254f9b00
0x0000004d617fb9b8:   00007ffb007519e0 0000019e254f9b90
0x0000004d617fb9c8:   0000000000000000 0000004d617fbb48
0x0000004d617fb9d8:   00007ffb00b2c168 0000000000000000
0x0000004d617fb9e8:   0000019e254f9b90 0000019e254f59b0 

Instructions: (pc=0x00007ffb00bbb6b0)
0x00007ffb00bbb5b0:   d0 ed 1f 00 fb 7f 00 00 d0 ed 1f 00 fb 7f 00 00
0x00007ffb00bbb5c0:   c0 24 25 00 fb 7f 00 00 b0 24 25 00 fb 7f 00 00
0x00007ffb00bbb5d0:   f0 27 20 00 fb 7f 00 00 f0 d8 24 00 fb 7f 00 00
0x00007ffb00bbb5e0:   e0 29 20 00 fb 7f 00 00 c0 5f 39 00 fb 7f 00 00
0x00007ffb00bbb5f0:   20 81 c5 00 fb 7f 00 00 70 70 9e 00 fb 7f 00 00
0x00007ffb00bbb600:   b0 71 9e 00 fb 7f 00 00 d0 ed 1f 00 fb 7f 00 00
0x00007ffb00bbb610:   d0 ed 1f 00 fb 7f 00 00 f0 cc 9e 00 fb 7f 00 00
0x00007ffb00bbb620:   a0 bc 9e 00 fb 7f 00 00 f0 d8 24 00 fb 7f 00 00
0x00007ffb00bbb630:   f0 d8 24 00 fb 7f 00 00 f0 d8 24 00 fb 7f 00 00
0x00007ffb00bbb640:   a0 6c 9e 00 fb 7f 00 00 b0 7e 9e 00 fb 7f 00 00
0x00007ffb00bbb650:   f0 ee 1f 00 fb 7f 00 00 f0 ee 1f 00 fb 7f 00 00
0x00007ffb00bbb660:   f0 ee 1f 00 fb 7f 00 00 f0 27 20 00 fb 7f 00 00
0x00007ffb00bbb670:   f0 27 20 00 fb 7f 00 00 d0 ed 1f 00 fb 7f 00 00
0x00007ffb00bbb680:   d0 ed 1f 00 fb 7f 00 00 c0 24 25 00 fb 7f 00 00
0x00007ffb00bbb690:   b0 24 25 00 fb 7f 00 00 f0 27 20 00 fb 7f 00 00
0x00007ffb00bbb6a0:   f0 d8 24 00 fb 7f 00 00 a0 80 c5 00 fb 7f 00 00
0x00007ffb00bbb6b0:   00 6d 9e 00 fb 7f 00 00 b0 71 9e 00 fb 7f 00 00
0x00007ffb00bbb6c0:   d0 ed 1f 00 fb 7f 00 00 d0 ed 1f 00 fb 7f 00 00
0x00007ffb00bbb6d0:   c0 bf 9e 00 fb 7f 00 00 f0 b4 9e 00 fb 7f 00 00
0x00007ffb00bbb6e0:   f0 d8 24 00 fb 7f 00 00 f0 d8 24 00 fb 7f 00 00
0x00007ffb00bbb6f0:   f0 d8 24 00 fb 7f 00 00 d0 6b 9e 00 fb 7f 00 00
0x00007ffb00bbb700:   e0 7b 9e 00 fb 7f 00 00 f0 ee 1f 00 fb 7f 00 00
0x00007ffb00bbb710:   f0 ee 1f 00 fb 7f 00 00 f0 ee 1f 00 fb 7f 00 00
0x00007ffb00bbb720:   f0 27 20 00 fb 7f 00 00 f0 27 20 00 fb 7f 00 00
0x00007ffb00bbb730:   60 a8 9e 00 fb 7f 00 00 c0 68 9e 00 fb 7f 00 00
0x00007ffb00bbb740:   c0 24 25 00 fb 7f 00 00 b0 24 25 00 fb 7f 00 00
0x00007ffb00bbb750:   f0 27 20 00 fb 7f 00 00 f0 d8 24 00 fb 7f 00 00
0x00007ffb00bbb760:   a0 81 c5 00 fb 7f 00 00 b0 70 9e 00 fb 7f 00 00
0x00007ffb00bbb770:   b0 71 9e 00 fb 7f 00 00 d0 ed 1f 00 fb 7f 00 00
0x00007ffb00bbb780:   d0 ed 1f 00 fb 7f 00 00 20 ce 9e 00 fb 7f 00 00
0x00007ffb00bbb790:   c0 bd 9e 00 fb 7f 00 00 f0 d8 24 00 fb 7f 00 00
0x00007ffb00bbb7a0:   f0 d8 24 00 fb 7f 00 00 f0 d8 24 00 fb 7f 00 00 


Stack slot to memory mapping:
stack at sp + 0 slots: 0x00007ffb003a5fe1 jvm.dll
stack at sp + 1 slots: 0xffffffffffffffff is an unknown value
stack at sp + 2 slots: 0x0000004d617fba01 is pointing into the stack for thread: 0x0000019e254f9b90
stack at sp + 3 slots: 0x0000004d617fbaf0 is pointing into the stack for thread: 0x0000019e254f9b90
stack at sp + 4 slots: 0x0000019e2a40f508 points into unknown readable memory: 0x00007ffb00b1daf8 | f8 da b1 00 fb 7f 00 00
stack at sp + 5 slots: 0x0000019e2a8d8868 points into unknown readable memory: 0x00007ffb00b07928 | 28 79 b0 00 fb 7f 00 00
stack at sp + 6 slots: 0x00007ffb0084aeaa jvm.dll
stack at sp + 7 slots: 0x0 is NULL


---------------  P R O C E S S  ---------------

Threads class SMR info:
_java_thread_list=0x0000019e2a5319d0, length=59, elements={
0x0000019e0c544400, 0x0000019e203c6020, 0x0000019e203c7090, 0x0000019e254f6f20,
0x0000019e254f77f0, 0x0000019e254f82c0, 0x0000019e254f8d90, 0x0000019e254f9b90,
0x0000019e2554e390, 0x0000019e25551060, 0x0000019e2567c470, 0x0000019e26d94910,
0x0000019e2752ddd0, 0x0000019e2745b900, 0x0000019e275c5f50, 0x0000019e26d0bbd0,
0x0000019e2782c010, 0x0000019e2741d120, 0x0000019e2741ef80, 0x0000019e2741ea70,
0x0000019e2741f490, 0x0000019e2741c700, 0x0000019e2741e050, 0x0000019e2741d630,
0x0000019e2741e560, 0x0000019e2741c1f0, 0x0000019e29e7f180, 0x0000019e29e79b70,
0x0000019e29e78c40, 0x0000019e29e7c3f0, 0x0000019e29e79150, 0x0000019e29e78220,
0x0000019e29e7aaa0, 0x0000019e29e7b4c0, 0x0000019e29e7a080, 0x0000019e29e7c900,
0x0000019e29e7bee0, 0x0000019e29e79660, 0x0000019e29e7e760, 0x0000019e29e7a590,
0x0000019e29e7f690, 0x0000019e29e7ce10, 0x0000019e29e7afb0, 0x0000019e29e7d320,
0x0000019e29e7b9d0, 0x0000019e29e78730, 0x0000019e29e7ec70, 0x0000019e2741db40,
0x0000019e2741f9a0, 0x0000019e2a473ed0, 0x0000019e2a478ac0, 0x0000019e2a475310,
0x0000019e2a477170, 0x0000019e2a477680, 0x0000019e2a476240, 0x0000019e2a4743e0,
0x0000019e2a471650, 0x0000019e2a476c60, 0x0000019e2a477b90
}

Java Threads: ( => current thread )
  0x0000019e0c544400 JavaThread "main" [_thread_blocked, id=20264, stack(0x0000004d60e00000,0x0000004d60f00000)]
  0x0000019e203c6020 JavaThread "Reference Handler" daemon [_thread_blocked, id=20724, stack(0x0000004d61100000,0x0000004d61200000)]
  0x0000019e203c7090 JavaThread "Finalizer" daemon [_thread_blocked, id=3684, stack(0x0000004d61200000,0x0000004d61300000)]
  0x0000019e254f6f20 JavaThread "Signal Dispatcher" daemon [_thread_blocked, id=3828, stack(0x0000004d61300000,0x0000004d61400000)]
  0x0000019e254f77f0 JavaThread "Attach Listener" daemon [_thread_blocked, id=4664, stack(0x0000004d61400000,0x0000004d61500000)]
  0x0000019e254f82c0 JavaThread "Service Thread" daemon [_thread_blocked, id=20952, stack(0x0000004d61500000,0x0000004d61600000)]
  0x0000019e254f8d90 JavaThread "Monitor Deflation Thread" daemon [_thread_blocked, id=20776, stack(0x0000004d61600000,0x0000004d61700000)]
=>0x0000019e254f9b90 JavaThread "C2 CompilerThread0" daemon [_thread_in_native, id=21368, stack(0x0000004d61700000,0x0000004d61800000)]
  0x0000019e2554e390 JavaThread "C1 CompilerThread0" daemon [_thread_blocked, id=2896, stack(0x0000004d61800000,0x0000004d61900000)]
  0x0000019e25551060 JavaThread "Sweeper thread" daemon [_thread_blocked, id=1980, stack(0x0000004d61900000,0x0000004d61a00000)]
  0x0000019e2567c470 JavaThread "Common-Cleaner" daemon [_thread_blocked, id=17124, stack(0x0000004d61a00000,0x0000004d61b00000)]
  0x0000019e26d94910 JavaThread "Notification Thread" daemon [_thread_blocked, id=13872, stack(0x0000004d61c00000,0x0000004d61d00000)]
  0x0000019e2752ddd0 JavaThread "Active Thread: Equinox Container: bfc60392-d590-42bb-b23a-0e301942cb77" [_thread_blocked, id=17004, stack(0x0000004d62400000,0x0000004d62500000)]
  0x0000019e2745b900 JavaThread "Framework Event Dispatcher: Equinox Container: bfc60392-d590-42bb-b23a-0e301942cb77" daemon [_thread_blocked, id=14596, stack(0x0000004d62300000,0x0000004d62400000)]
  0x0000019e275c5f50 JavaThread "Start Level: Equinox Container: bfc60392-d590-42bb-b23a-0e301942cb77" daemon [_thread_blocked, id=4780, stack(0x0000004d62500000,0x0000004d62600000)]
  0x0000019e26d0bbd0 JavaThread "Bundle File Closer" daemon [_thread_blocked, id=5624, stack(0x0000004d62800000,0x0000004d62900000)]
  0x0000019e2782c010 JavaThread "SCR Component Actor" daemon [_thread_blocked, id=13092, stack(0x0000004d62a00000,0x0000004d62b00000)]
  0x0000019e2741d120 JavaThread "Worker-JM" [_thread_blocked, id=21036, stack(0x0000004d62d00000,0x0000004d62e00000)]
  0x0000019e2741ef80 JavaThread "Worker-0" [_thread_blocked, id=19052, stack(0x0000004d62f00000,0x0000004d63000000)]
  0x0000019e2741ea70 JavaThread "Worker-1: Refreshing workspace" [_thread_blocked, id=8528, stack(0x0000004d63000000,0x0000004d63100000)]
  0x0000019e2741f490 JavaThread "Worker-2" [_thread_blocked, id=16392, stack(0x0000004d63100000,0x0000004d63200000)]
  0x0000019e2741c700 JavaThread "Java indexing" daemon [_thread_in_Java, id=6040, stack(0x0000004d63200000,0x0000004d63300000)]
  0x0000019e2741e050 JavaThread "JNA Cleaner" daemon [_thread_blocked, id=8064, stack(0x0000004d63300000,0x0000004d63400000)]
  0x0000019e2741d630 JavaThread "Thread-2" daemon [_thread_in_native, id=23156, stack(0x0000004d63600000,0x0000004d63700000)]
  0x0000019e2741e560 JavaThread "Thread-3" daemon [_thread_in_native, id=10888, stack(0x0000004d63700000,0x0000004d63800000)]
  0x0000019e2741c1f0 JavaThread "Thread-4" daemon [_thread_in_native, id=19956, stack(0x0000004d63800000,0x0000004d63900000)]
  0x0000019e29e7f180 JavaThread "Thread-5" daemon [_thread_in_native, id=10720, stack(0x0000004d63900000,0x0000004d63a00000)]
  0x0000019e29e79b70 JavaThread "Thread-6" daemon [_thread_in_native, id=13560, stack(0x0000004d63a00000,0x0000004d63b00000)]
  0x0000019e29e78c40 JavaThread "Thread-7" daemon [_thread_in_native, id=12032, stack(0x0000004d63b00000,0x0000004d63c00000)]
  0x0000019e29e7c3f0 JavaThread "Thread-8" daemon [_thread_in_native, id=20164, stack(0x0000004d63c00000,0x0000004d63d00000)]
  0x0000019e29e79150 JavaThread "Thread-9" daemon [_thread_in_native, id=18008, stack(0x0000004d63d00000,0x0000004d63e00000)]
  0x0000019e29e78220 JavaThread "Thread-10" daemon [_thread_in_native, id=3468, stack(0x0000004d63e00000,0x0000004d63f00000)]
  0x0000019e29e7aaa0 JavaThread "Thread-11" daemon [_thread_in_native, id=17060, stack(0x0000004d63f00000,0x0000004d64000000)]
  0x0000019e29e7b4c0 JavaThread "Thread-12" daemon [_thread_in_native, id=18960, stack(0x0000004d64000000,0x0000004d64100000)]
  0x0000019e29e7a080 JavaThread "Thread-13" daemon [_thread_in_native, id=18708, stack(0x0000004d64100000,0x0000004d64200000)]
  0x0000019e29e7c900 JavaThread "Thread-14" daemon [_thread_in_native, id=17608, stack(0x0000004d64200000,0x0000004d64300000)]
  0x0000019e29e7bee0 JavaThread "pool-2-thread-1" [_thread_blocked, id=22632, stack(0x0000004d64300000,0x0000004d64400000)]
  0x0000019e29e79660 JavaThread "Worker-3" [_thread_blocked, id=15476, stack(0x0000004d64400000,0x0000004d64500000)]
  0x0000019e29e7e760 JavaThread "WorkspaceEventsHandler" [_thread_blocked, id=7240, stack(0x0000004d64500000,0x0000004d64600000)]
  0x0000019e29e7a590 JavaThread "pool-1-thread-1" [_thread_in_native, id=20392, stack(0x0000004d64600000,0x0000004d64700000)]
  0x0000019e29e7f690 JavaThread "Worker-4" [_thread_blocked, id=10728, stack(0x0000004d64700000,0x0000004d64800000)]
  0x0000019e29e7ce10 JavaThread "Worker-5: Java indexing... " [_thread_blocked, id=2576, stack(0x0000004d64800000,0x0000004d64900000)]
  0x0000019e29e7afb0 JavaThread "Worker-6" [_thread_blocked, id=23152, stack(0x0000004d64900000,0x0000004d64a00000)]
  0x0000019e29e7d320 JavaThread "Worker-7: Initialize Workspace" [_thread_blocked, id=22572, stack(0x0000004d64b00000,0x0000004d64c00000)]
  0x0000019e29e7b9d0 JavaThread "Keep-Alive-Timer" daemon [_thread_blocked, id=21468, stack(0x0000004d64c00000,0x0000004d64d00000)]
  0x0000019e29e78730 JavaThread "Equinox resolver thread - Equinox Container: bfc60392-d590-42bb-b23a-0e301942cb77" daemon [_thread_blocked, id=19768, stack(0x0000004d64d00000,0x0000004d64e00000)]
  0x0000019e29e7ec70 JavaThread "Equinox resolver thread - Equinox Container: bfc60392-d590-42bb-b23a-0e301942cb77" daemon [_thread_blocked, id=1200, stack(0x0000004d64e00000,0x0000004d64f00000)]
  0x0000019e2741db40 JavaThread "Equinox resolver thread - Equinox Container: bfc60392-d590-42bb-b23a-0e301942cb77" daemon [_thread_blocked, id=18324, stack(0x0000004d64f00000,0x0000004d65000000)]
  0x0000019e2741f9a0 JavaThread "Equinox resolver thread - Equinox Container: bfc60392-d590-42bb-b23a-0e301942cb77" daemon [_thread_blocked, id=3672, stack(0x0000004d65000000,0x0000004d65100000)]
  0x0000019e2a473ed0 JavaThread "Equinox resolver thread - Equinox Container: bfc60392-d590-42bb-b23a-0e301942cb77" daemon [_thread_blocked, id=12744, stack(0x0000004d65100000,0x0000004d65200000)]
  0x0000019e2a478ac0 JavaThread "Equinox resolver thread - Equinox Container: bfc60392-d590-42bb-b23a-0e301942cb77" daemon [_thread_blocked, id=2384, stack(0x0000004d65200000,0x0000004d65300000)]
  0x0000019e2a475310 JavaThread "Equinox resolver thread - Equinox Container: bfc60392-d590-42bb-b23a-0e301942cb77" daemon [_thread_blocked, id=6072, stack(0x0000004d65300000,0x0000004d65400000)]
  0x0000019e2a477170 JavaThread "Equinox resolver thread - Equinox Container: bfc60392-d590-42bb-b23a-0e301942cb77" daemon [_thread_blocked, id=16024, stack(0x0000004d65400000,0x0000004d65500000)]
  0x0000019e2a477680 JavaThread "Equinox resolver thread - Equinox Container: bfc60392-d590-42bb-b23a-0e301942cb77" daemon [_thread_blocked, id=16444, stack(0x0000004d65500000,0x0000004d65600000)]
  0x0000019e2a476240 JavaThread "Equinox resolver thread - Equinox Container: bfc60392-d590-42bb-b23a-0e301942cb77" daemon [_thread_blocked, id=9832, stack(0x0000004d65600000,0x0000004d65700000)]
  0x0000019e2a4743e0 JavaThread "Equinox resolver thread - Equinox Container: bfc60392-d590-42bb-b23a-0e301942cb77" daemon [_thread_blocked, id=3984, stack(0x0000004d65700000,0x0000004d65800000)]
  0x0000019e2a471650 JavaThread "Equinox resolver thread - Equinox Container: bfc60392-d590-42bb-b23a-0e301942cb77" daemon [_thread_blocked, id=9796, stack(0x0000004d65800000,0x0000004d65900000)]
  0x0000019e2a476c60 JavaThread "Timer-0" [_thread_blocked, id=8224, stack(0x0000004d62b00000,0x0000004d62c00000)]
  0x0000019e2a477b90 JavaThread "Connection worker" [_thread_in_native, id=13828, stack(0x0000004d65900000,0x0000004d65a00000)]

Other Threads:
  0x0000019e254d4870 VMThread "VM Thread" [stack: 0x0000004d61000000,0x0000004d61100000] [id=1464]
  0x0000019e26ce4d50 WatcherThread [stack: 0x0000004d61d00000,0x0000004d61e00000] [id=21880]
  0x0000019e0c55a6e0 GCTaskThread "GC Thread#0" [stack: 0x0000004d60f00000,0x0000004d61000000] [id=9724]
  0x0000019e27081670 GCTaskThread "GC Thread#1" [stack: 0x0000004d61b00000,0x0000004d61c00000] [id=23304]
  0x0000019e27443450 GCTaskThread "GC Thread#2" [stack: 0x0000004d61e00000,0x0000004d61f00000] [id=16544]
  0x0000019e27443710 GCTaskThread "GC Thread#3" [stack: 0x0000004d61f00000,0x0000004d62000000] [id=2380]
  0x0000019e25684bf0 GCTaskThread "GC Thread#4" [stack: 0x0000004d62000000,0x0000004d62100000] [id=12416]
  0x0000019e25684eb0 GCTaskThread "GC Thread#5" [stack: 0x0000004d62100000,0x0000004d62200000] [id=22068]
  0x0000019e25685170 GCTaskThread "GC Thread#6" [stack: 0x0000004d62200000,0x0000004d62300000] [id=22704]
  0x0000019e26ddf740 GCTaskThread "GC Thread#7" [stack: 0x0000004d62600000,0x0000004d62700000] [id=20612]
  0x0000019e277c2590 GCTaskThread "GC Thread#8" [stack: 0x0000004d62700000,0x0000004d62800000] [id=1608]
  0x0000019e257107b0 GCTaskThread "GC Thread#9" [stack: 0x0000004d62900000,0x0000004d62a00000] [id=12356]

Threads with active compile tasks:
C2 CompilerThread0    23763 8379   !   4       org.eclipse.jdt.internal.compiler.classfmt.ClassFileReader::<init> (2158 bytes)

VM state: not at safepoint (normal execution)

VM Mutex/Monitor currently owned by a thread: None

Heap address: 0x00000000c0000000, size: 1024 MB, Compressed Oops mode: 32-bit

CDS archive(s) not mapped
Compressed class space mapped at: 0x0000000100000000-0x0000000140000000, reserved size: 1073741824
Narrow klass base: 0x0000000000000000, Narrow klass shift: 3, Narrow klass range: 0x140000000

GC Precious Log:
 CPUs: 12 total, 12 available
 Memory: 16201M
 Large Page Support: Disabled
 NUMA Support: Disabled
 Compressed Oops: Enabled (32-bit)
 Alignments: Space 512K, Generation 512K, Heap 2M
 Heap Min Capacity: 100M
 Heap Initial Capacity: 100M
 Heap Max Capacity: 1G
 Pre-touch: Disabled
 Parallel Workers: 10

Heap:
 PSYoungGen      total 15872K, used 12054K [0x00000000eab00000, 0x00000000ec300000, 0x0000000100000000)
  eden space 11264K, 66% used [0x00000000eab00000,0x00000000eb24dec0,0x00000000eb600000)
  from space 4608K, 99% used [0x00000000eb600000,0x00000000eba77b70,0x00000000eba80000)
  to   space 6144K, 0% used [0x00000000ebd00000,0x00000000ebd00000,0x00000000ec300000)
 ParOldGen       total 225792K, used 199031K [0x00000000c0000000, 0x00000000cdc80000, 0x00000000eab00000)
  object space 225792K, 88% used [0x00000000c0000000,0x00000000cc25dd08,0x00000000cdc80000)
 Metaspace       used 61322K, committed 62336K, reserved 1114112K
  class space    used 6715K, committed 7168K, reserved 1048576K

Card table byte_map: [0x0000019e0bee0000,0x0000019e0c0f0000] _byte_map_base: 0x0000019e0b8e0000

Marking Bits: (ParMarkBitMap*) 0x00007ffb00d8d7d0
 Begin Bits: [0x0000019e1e1d0000, 0x0000019e1f1d0000)
 End Bits:   [0x0000019e1f1d0000, 0x0000019e201d0000)

Polling page: 0x0000019e0a4b0000

Metaspace:

Usage:
  Non-class:     53.33 MB used.
      Class:      6.56 MB used.
       Both:     59.89 MB used.

Virtual space:
  Non-class space:       64.00 MB reserved,      53.88 MB ( 84%) committed,  1 nodes.
      Class space:        1.00 GB reserved,       7.00 MB ( <1%) committed,  1 nodes.
             Both:        1.06 GB reserved,      60.88 MB (  6%) committed. 

Chunk freelists:
   Non-Class:  10.05 MB
       Class:  9.02 MB
        Both:  19.06 MB

MaxMetaspaceSize: unlimited
CompressedClassSpaceSize: 1.00 GB
Initial GC threshold: 21.00 MB
Current GC threshold: 101.50 MB
CDS: off
MetaspaceReclaimPolicy: balanced
 - commit_granule_bytes: 65536.
 - commit_granule_words: 8192.
 - virtual_space_node_default_size: 8388608.
 - enlarge_chunks_in_place: 1.
 - new_chunks_are_fully_committed: 0.
 - uncommit_free_chunks: 1.
 - use_allocation_guard: 0.
 - handle_deallocations: 1.


Internal statistics:

num_allocs_failed_limit: 9.
num_arena_births: 612.
num_arena_deaths: 28.
num_vsnodes_births: 2.
num_vsnodes_deaths: 0.
num_space_committed: 974.
num_space_uncommitted: 0.
num_chunks_returned_to_freelist: 38.
num_chunks_taken_from_freelist: 2857.
num_chunk_merges: 12.
num_chunk_splits: 1767.
num_chunks_enlarged: 1053.
num_inconsistent_stats: 0.

CodeHeap 'non-profiled nmethods': size=120000Kb used=4893Kb max_used=4893Kb free=115106Kb
 bounds [0x0000019e16ca0000, 0x0000019e17170000, 0x0000019e1e1d0000]
CodeHeap 'profiled nmethods': size=120000Kb used=12933Kb max_used=15061Kb free=107066Kb
 bounds [0x0000019e0f1d0000, 0x0000019e10090000, 0x0000019e16700000]
CodeHeap 'non-nmethods': size=5760Kb used=1362Kb max_used=1505Kb free=4397Kb
 bounds [0x0000019e16700000, 0x0000019e16970000, 0x0000019e16ca0000]
 total_blobs=7422 nmethods=6720 adapters=616
 compilation: enabled
              stopped_count=0, restarted_count=0
 full_count=0

Compilation events (20 events):
Event: 23.366 Thread 0x0000019e254f9b90 nmethod 8368 0x0000019e170d8010 code [0x0000019e170d8200, 0x0000019e170d8988]
Event: 23.374 Thread 0x0000019e2554e390 8371       3       org.eclipse.jdt.core.Signature::checkName (102 bytes)
Event: 23.375 Thread 0x0000019e2554e390 nmethod 8371 0x0000019e0f401610 code [0x0000019e0f401800, 0x0000019e0f401cd8]
Event: 23.406 Thread 0x0000019e254f9b90 8372       4       org.eclipse.jdt.internal.compiler.classfmt.MethodInfo::createMethod (713 bytes)
Event: 23.536 Thread 0x0000019e254f9b90 nmethod 8372 0x0000019e17161190 code [0x0000019e17161400, 0x0000019e17163b80]
Event: 23.547 Thread 0x0000019e2554e390 8373       3       java.util.Collections$SetFromMap::<init> (39 bytes)
Event: 23.547 Thread 0x0000019e2554e390 nmethod 8373 0x0000019e0f53ab90 code [0x0000019e0f53ad80, 0x0000019e0f53b268]
Event: 23.616 Thread 0x0000019e2554e390 8374   !   3       org.eclipse.jdt.internal.compiler.classfmt.ClassFileReader::<init> (2158 bytes)
Event: 23.616 Thread 0x0000019e254f9b90 8375       4       org.eclipse.jdt.internal.compiler.classfmt.FieldInfo::createField (453 bytes)
Event: 23.623 Thread 0x0000019e2554e390 nmethod 8374 0x0000019e0fdca590 code [0x0000019e0fdcb040, 0x0000019e0fdd4708]
Event: 23.637 Thread 0x0000019e254f9b90 nmethod 8375 0x0000019e17164d90 code [0x0000019e17164fc0, 0x0000019e171666d0]
Event: 23.640 Thread 0x0000019e254f9b90 8376       4       org.eclipse.jdt.internal.compiler.classfmt.InnerClassInfo::getEnclosingTypeName (76 bytes)
Event: 23.647 Thread 0x0000019e2554e390 8377       3       org.eclipse.jdt.internal.core.search.indexing.AbstractIndexer::addModuleExportedPackages (42 bytes)
Event: 23.648 Thread 0x0000019e2554e390 nmethod 8377 0x0000019e0f243310 code [0x0000019e0f243500, 0x0000019e0f243b48]
Event: 23.648 Thread 0x0000019e2554e390 8378       3       org.eclipse.jdt.internal.core.search.matching.ModulePattern::createIndexKey (2 bytes)
Event: 23.648 Thread 0x0000019e2554e390 nmethod 8378 0x0000019e0f234810 code [0x0000019e0f2349a0, 0x0000019e0f234a98]
Event: 23.650 Thread 0x0000019e254f9b90 nmethod 8376 0x0000019e17167490 code [0x0000019e17167680, 0x0000019e17167da8]
Event: 23.651 Thread 0x0000019e254f9b90 8379   !   4       org.eclipse.jdt.internal.compiler.classfmt.ClassFileReader::<init> (2158 bytes)
Event: 23.652 Thread 0x0000019e2554e390 8380       3       org.eclipse.jdt.internal.core.search.indexing.AbstractIndexer::addModuleReference (12 bytes)
Event: 23.652 Thread 0x0000019e2554e390 nmethod 8380 0x0000019e0f533310 code [0x0000019e0f533500, 0x0000019e0f533a78]

GC Heap History (20 events):
Event: 23.287 GC heap before
{Heap before GC invocations=207 (full 8):
 PSYoungGen      total 8192K, used 8168K [0x00000000eab00000, 0x00000000ebc00000, 0x0000000100000000)
  eden space 6656K, 100% used [0x00000000eab00000,0x00000000eb180000,0x00000000eb180000)
  from space 1536K, 98% used [0x00000000eb180000,0x00000000eb2fa378,0x00000000eb300000)
  to   space 4608K, 0% used [0x00000000eb780000,0x00000000eb780000,0x00000000ebc00000)
 ParOldGen       total 188928K, used 181338K [0x00000000c0000000, 0x00000000cb880000, 0x00000000eab00000)
  object space 188928K, 95% used [0x00000000c0000000,0x00000000cb116828,0x00000000cb880000)
 Metaspace       used 61317K, committed 62336K, reserved 1114112K
  class space    used 6715K, committed 7168K, reserved 1048576K
}
Event: 23.289 GC heap after
{Heap after GC invocations=207 (full 8):
 PSYoungGen      total 10752K, used 2812K [0x00000000eab00000, 0x00000000eba80000, 0x0000000100000000)
  eden space 7680K, 0% used [0x00000000eab00000,0x00000000eab00000,0x00000000eb280000)
  from space 3072K, 91% used [0x00000000eb780000,0x00000000eba3f220,0x00000000eba80000)
  to   space 3584K, 0% used [0x00000000eb380000,0x00000000eb380000,0x00000000eb700000)
 ParOldGen       total 188928K, used 181338K [0x00000000c0000000, 0x00000000cb880000, 0x00000000eab00000)
  object space 188928K, 95% used [0x00000000c0000000,0x00000000cb116828,0x00000000cb880000)
 Metaspace       used 61317K, committed 62336K, reserved 1114112K
  class space    used 6715K, committed 7168K, reserved 1048576K
}
Event: 23.315 GC heap before
{Heap before GC invocations=208 (full 8):
 PSYoungGen      total 10752K, used 10492K [0x00000000eab00000, 0x00000000eba80000, 0x0000000100000000)
  eden space 7680K, 100% used [0x00000000eab00000,0x00000000eb280000,0x00000000eb280000)
  from space 3072K, 91% used [0x00000000eb780000,0x00000000eba3f220,0x00000000eba80000)
  to   space 3584K, 0% used [0x00000000eb380000,0x00000000eb380000,0x00000000eb700000)
 ParOldGen       total 188928K, used 181338K [0x00000000c0000000, 0x00000000cb880000, 0x00000000eab00000)
  object space 188928K, 95% used [0x00000000c0000000,0x00000000cb116828,0x00000000cb880000)
 Metaspace       used 61318K, committed 62336K, reserved 1114112K
  class space    used 6715K, committed 7168K, reserved 1048576K
}
Event: 23.318 GC heap after
{Heap after GC invocations=208 (full 8):
 PSYoungGen      total 12288K, used 3563K [0x00000000eab00000, 0x00000000ebd80000, 0x0000000100000000)
  eden space 8704K, 0% used [0x00000000eab00000,0x00000000eab00000,0x00000000eb380000)
  from space 3584K, 99% used [0x00000000eb380000,0x00000000eb6facf0,0x00000000eb700000)
  to   space 5120K, 0% used [0x00000000eb880000,0x00000000eb880000,0x00000000ebd80000)
 ParOldGen       total 188928K, used 182304K [0x00000000c0000000, 0x00000000cb880000, 0x00000000eab00000)
  object space 188928K, 96% used [0x00000000c0000000,0x00000000cb208188,0x00000000cb880000)
 Metaspace       used 61318K, committed 62336K, reserved 1114112K
  class space    used 6715K, committed 7168K, reserved 1048576K
}
Event: 23.348 GC heap before
{Heap before GC invocations=209 (full 8):
 PSYoungGen      total 12288K, used 12267K [0x00000000eab00000, 0x00000000ebd80000, 0x0000000100000000)
  eden space 8704K, 100% used [0x00000000eab00000,0x00000000eb380000,0x00000000eb380000)
  from space 3584K, 99% used [0x00000000eb380000,0x00000000eb6facf0,0x00000000eb700000)
  to   space 5120K, 0% used [0x00000000eb880000,0x00000000eb880000,0x00000000ebd80000)
 ParOldGen       total 188928K, used 182304K [0x00000000c0000000, 0x00000000cb880000, 0x00000000eab00000)
  object space 188928K, 96% used [0x00000000c0000000,0x00000000cb208188,0x00000000cb880000)
 Metaspace       used 61318K, committed 62336K, reserved 1114112K
  class space    used 6715K, committed 7168K, reserved 1048576K
}
Event: 23.352 GC heap after
{Heap after GC invocations=209 (full 8):
 PSYoungGen      total 13824K, used 3433K [0x00000000eab00000, 0x00000000ebc80000, 0x0000000100000000)
  eden space 9728K, 0% used [0x00000000eab00000,0x00000000eab00000,0x00000000eb480000)
  from space 4096K, 83% used [0x00000000eb880000,0x00000000ebbda568,0x00000000ebc80000)
  to   space 4096K, 0% used [0x00000000eb480000,0x00000000eb480000,0x00000000eb880000)
 ParOldGen       total 188928K, used 184438K [0x00000000c0000000, 0x00000000cb880000, 0x00000000eab00000)
  object space 188928K, 97% used [0x00000000c0000000,0x00000000cb41db00,0x00000000cb880000)
 Metaspace       used 61318K, committed 62336K, reserved 1114112K
  class space    used 6715K, committed 7168K, reserved 1048576K
}
Event: 23.385 GC heap before
{Heap before GC invocations=210 (full 8):
 PSYoungGen      total 13824K, used 13161K [0x00000000eab00000, 0x00000000ebc80000, 0x0000000100000000)
  eden space 9728K, 100% used [0x00000000eab00000,0x00000000eb480000,0x00000000eb480000)
  from space 4096K, 83% used [0x00000000eb880000,0x00000000ebbda568,0x00000000ebc80000)
  to   space 4096K, 0% used [0x00000000eb480000,0x00000000eb480000,0x00000000eb880000)
 ParOldGen       total 188928K, used 184438K [0x00000000c0000000, 0x00000000cb880000, 0x00000000eab00000)
  object space 188928K, 97% used [0x00000000c0000000,0x00000000cb41db00,0x00000000cb880000)
 Metaspace       used 61319K, committed 62336K, reserved 1114112K
  class space    used 6715K, committed 7168K, reserved 1048576K
}
Event: 23.387 GC heap after
{Heap after GC invocations=210 (full 8):
 PSYoungGen      total 13824K, used 4084K [0x00000000eab00000, 0x00000000ec180000, 0x0000000100000000)
  eden space 9728K, 0% used [0x00000000eab00000,0x00000000eab00000,0x00000000eb480000)
  from space 4096K, 99% used [0x00000000eb480000,0x00000000eb87d160,0x00000000eb880000)
  to   space 6144K, 0% used [0x00000000ebb80000,0x00000000ebb80000,0x00000000ec180000)
 ParOldGen       total 188928K, used 185866K [0x00000000c0000000, 0x00000000cb880000, 0x00000000eab00000)
  object space 188928K, 98% used [0x00000000c0000000,0x00000000cb582a58,0x00000000cb880000)
 Metaspace       used 61319K, committed 62336K, reserved 1114112K
  class space    used 6715K, committed 7168K, reserved 1048576K
}
Event: 23.414 GC heap before
{Heap before GC invocations=211 (full 8):
 PSYoungGen      total 13824K, used 13812K [0x00000000eab00000, 0x00000000ec180000, 0x0000000100000000)
  eden space 9728K, 100% used [0x00000000eab00000,0x00000000eb480000,0x00000000eb480000)
  from space 4096K, 99% used [0x00000000eb480000,0x00000000eb87d160,0x00000000eb880000)
  to   space 6144K, 0% used [0x00000000ebb80000,0x00000000ebb80000,0x00000000ec180000)
 ParOldGen       total 188928K, used 185866K [0x00000000c0000000, 0x00000000cb880000, 0x00000000eab00000)
  object space 188928K, 98% used [0x00000000c0000000,0x00000000cb582a58,0x00000000cb880000)
 Metaspace       used 61319K, committed 62336K, reserved 1114112K
  class space    used 6715K, committed 7168K, reserved 1048576K
}
Event: 23.417 GC heap after
{Heap after GC invocations=211 (full 8):
 PSYoungGen      total 14848K, used 3906K [0x00000000eab00000, 0x00000000ebf80000, 0x0000000100000000)
  eden space 10752K, 0% used [0x00000000eab00000,0x00000000eab00000,0x00000000eb580000)
  from space 4096K, 95% used [0x00000000ebb80000,0x00000000ebf50bd0,0x00000000ebf80000)
  to   space 4608K, 0% used [0x00000000eb680000,0x00000000eb680000,0x00000000ebb00000)
 ParOldGen       total 188928K, used 188243K [0x00000000c0000000, 0x00000000cb880000, 0x00000000eab00000)
  object space 188928K, 99% used [0x00000000c0000000,0x00000000cb7d4dc0,0x00000000cb880000)
 Metaspace       used 61319K, committed 62336K, reserved 1114112K
  class space    used 6715K, committed 7168K, reserved 1048576K
}
Event: 23.417 GC heap before
{Heap before GC invocations=212 (full 9):
 PSYoungGen      total 14848K, used 3906K [0x00000000eab00000, 0x00000000ebf80000, 0x0000000100000000)
  eden space 10752K, 0% used [0x00000000eab00000,0x00000000eab00000,0x00000000eb580000)
  from space 4096K, 95% used [0x00000000ebb80000,0x00000000ebf50bd0,0x00000000ebf80000)
  to   space 4608K, 0% used [0x00000000eb680000,0x00000000eb680000,0x00000000ebb00000)
 ParOldGen       total 188928K, used 188243K [0x00000000c0000000, 0x00000000cb880000, 0x00000000eab00000)
  object space 188928K, 99% used [0x00000000c0000000,0x00000000cb7d4dc0,0x00000000cb880000)
 Metaspace       used 61319K, committed 62336K, reserved 1114112K
  class space    used 6715K, committed 7168K, reserved 1048576K
}
Event: 23.507 GC heap after
{Heap after GC invocations=212 (full 9):
 PSYoungGen      total 16384K, used 0K [0x00000000eab00000, 0x00000000ebf80000, 0x0000000100000000)
  eden space 11776K, 0% used [0x00000000eab00000,0x00000000eab00000,0x00000000eb680000)
  from space 4608K, 0% used [0x00000000eb680000,0x00000000eb680000,0x00000000ebb00000)
  to   space 4608K, 0% used [0x00000000ebb00000,0x00000000ebb00000,0x00000000ebf80000)
 ParOldGen       total 225792K, used 187376K [0x00000000c0000000, 0x00000000cdc80000, 0x00000000eab00000)
  object space 225792K, 82% used [0x00000000c0000000,0x00000000cb6fc2f0,0x00000000cdc80000)
 Metaspace       used 61319K, committed 62336K, reserved 1114112K
  class space    used 6715K, committed 7168K, reserved 1048576K
}
Event: 23.545 GC heap before
{Heap before GC invocations=213 (full 9):
 PSYoungGen      total 16384K, used 11776K [0x00000000eab00000, 0x00000000ebf80000, 0x0000000100000000)
  eden space 11776K, 100% used [0x00000000eab00000,0x00000000eb680000,0x00000000eb680000)
  from space 4608K, 0% used [0x00000000eb680000,0x00000000eb680000,0x00000000ebb00000)
  to   space 4608K, 0% used [0x00000000ebb00000,0x00000000ebb00000,0x00000000ebf80000)
 ParOldGen       total 225792K, used 187376K [0x00000000c0000000, 0x00000000cdc80000, 0x00000000eab00000)
  object space 225792K, 82% used [0x00000000c0000000,0x00000000cb6fc2f0,0x00000000cdc80000)
 Metaspace       used 61319K, committed 62336K, reserved 1114112K
  class space    used 6715K, committed 7168K, reserved 1048576K
}
Event: 23.547 GC heap after
{Heap after GC invocations=213 (full 9):
 PSYoungGen      total 16384K, used 2745K [0x00000000eab00000, 0x00000000ebe80000, 0x0000000100000000)
  eden space 12800K, 0% used [0x00000000eab00000,0x00000000eab00000,0x00000000eb780000)
  from space 3584K, 76% used [0x00000000ebb00000,0x00000000ebdae7d8,0x00000000ebe80000)
  to   space 3584K, 0% used [0x00000000eb780000,0x00000000eb780000,0x00000000ebb00000)
 ParOldGen       total 225792K, used 187376K [0x00000000c0000000, 0x00000000cdc80000, 0x00000000eab00000)
  object space 225792K, 82% used [0x00000000c0000000,0x00000000cb6fc2f0,0x00000000cdc80000)
 Metaspace       used 61319K, committed 62336K, reserved 1114112K
  class space    used 6715K, committed 7168K, reserved 1048576K
}
Event: 23.581 GC heap before
{Heap before GC invocations=214 (full 9):
 PSYoungGen      total 16384K, used 15545K [0x00000000eab00000, 0x00000000ebe80000, 0x0000000100000000)
  eden space 12800K, 100% used [0x00000000eab00000,0x00000000eb780000,0x00000000eb780000)
  from space 3584K, 76% used [0x00000000ebb00000,0x00000000ebdae7d8,0x00000000ebe80000)
  to   space 3584K, 0% used [0x00000000eb780000,0x00000000eb780000,0x00000000ebb00000)
 ParOldGen       total 225792K, used 187376K [0x00000000c0000000, 0x00000000cdc80000, 0x00000000eab00000)
  object space 225792K, 82% used [0x00000000c0000000,0x00000000cb6fc2f0,0x00000000cdc80000)
 Metaspace       used 61319K, committed 62336K, reserved 1114112K
  class space    used 6715K, committed 7168K, reserved 1048576K
}
Event: 23.583 GC heap after
{Heap after GC invocations=214 (full 9):
 PSYoungGen      total 16384K, used 3555K [0x00000000eab00000, 0x00000000ec480000, 0x0000000100000000)
  eden space 12800K, 0% used [0x00000000eab00000,0x00000000eab00000,0x00000000eb780000)
  from space 3584K, 99% used [0x00000000eb780000,0x00000000ebaf8f98,0x00000000ebb00000)
  to   space 6144K, 0% used [0x00000000ebe80000,0x00000000ebe80000,0x00000000ec480000)
 ParOldGen       total 225792K, used 189198K [0x00000000c0000000, 0x00000000cdc80000, 0x00000000eab00000)
  object space 225792K, 83% used [0x00000000c0000000,0x00000000cb8c3980,0x00000000cdc80000)
 Metaspace       used 61319K, committed 62336K, reserved 1114112K
  class space    used 6715K, committed 7168K, reserved 1048576K
}
Event: 23.612 GC heap before
{Heap before GC invocations=215 (full 9):
 PSYoungGen      total 16384K, used 16355K [0x00000000eab00000, 0x00000000ec480000, 0x0000000100000000)
  eden space 12800K, 100% used [0x00000000eab00000,0x00000000eb780000,0x00000000eb780000)
  from space 3584K, 99% used [0x00000000eb780000,0x00000000ebaf8f98,0x00000000ebb00000)
  to   space 6144K, 0% used [0x00000000ebe80000,0x00000000ebe80000,0x00000000ec480000)
 ParOldGen       total 225792K, used 189198K [0x00000000c0000000, 0x00000000cdc80000, 0x00000000eab00000)
  object space 225792K, 83% used [0x00000000c0000000,0x00000000cb8c3980,0x00000000cdc80000)
 Metaspace       used 61319K, committed 62336K, reserved 1114112K
  class space    used 6715K, committed 7168K, reserved 1048576K
}
Event: 23.615 GC heap after
{Heap after GC invocations=215 (full 9):
 PSYoungGen      total 18944K, used 6140K [0x00000000eab00000, 0x00000000ec680000, 0x0000000100000000)
  eden space 12800K, 0% used [0x00000000eab00000,0x00000000eab00000,0x00000000eb780000)
  from space 6144K, 99% used [0x00000000ebe80000,0x00000000ec47f098,0x00000000ec480000)
  to   space 7168K, 0% used [0x00000000eb780000,0x00000000eb780000,0x00000000ebe80000)
 ParOldGen       total 225792K, used 189798K [0x00000000c0000000, 0x00000000cdc80000, 0x00000000eab00000)
  object space 225792K, 84% used [0x00000000c0000000,0x00000000cb959870,0x00000000cdc80000)
 Metaspace       used 61319K, committed 62336K, reserved 1114112K
  class space    used 6715K, committed 7168K, reserved 1048576K
}
Event: 23.653 GC heap before
{Heap before GC invocations=216 (full 9):
 PSYoungGen      total 18944K, used 18940K [0x00000000eab00000, 0x00000000ec680000, 0x0000000100000000)
  eden space 12800K, 100% used [0x00000000eab00000,0x00000000eb780000,0x00000000eb780000)
  from space 6144K, 99% used [0x00000000ebe80000,0x00000000ec47f098,0x00000000ec480000)
  to   space 7168K, 0% used [0x00000000eb780000,0x00000000eb780000,0x00000000ebe80000)
 ParOldGen       total 225792K, used 189798K [0x00000000c0000000, 0x00000000cdc80000, 0x00000000eab00000)
  object space 225792K, 84% used [0x00000000c0000000,0x00000000cb959870,0x00000000cdc80000)
 Metaspace       used 61322K, committed 62336K, reserved 1114112K
  class space    used 6715K, committed 7168K, reserved 1048576K
}
Event: 23.656 GC heap after
{Heap after GC invocations=216 (full 9):
 PSYoungGen      total 19968K, used 5644K [0x00000000eab00000, 0x00000000ec480000, 0x0000000100000000)
  eden space 12800K, 0% used [0x00000000eab00000,0x00000000eab00000,0x00000000eb780000)
  from space 7168K, 78% used [0x00000000eb780000,0x00000000ebd033a0,0x00000000ebe80000)
  to   space 6144K, 0% used [0x00000000ebe80000,0x00000000ebe80000,0x00000000ec480000)
 ParOldGen       total 225792K, used 193008K [0x00000000c0000000, 0x00000000cdc80000, 0x00000000eab00000)
  object space 225792K, 85% used [0x00000000c0000000,0x00000000cbc7c078,0x00000000cdc80000)
 Metaspace       used 61322K, committed 62336K, reserved 1114112K
  class space    used 6715K, committed 7168K, reserved 1048576K
}

Dll operation events (12 events):
Event: 0.014 Loaded shared library c:\Users\msi\.vscode\extensions\redhat.java-1.30.0-win32-x64\jre\17.0.10-win32-x86_64\bin\java.dll
Event: 0.227 Loaded shared library c:\Users\msi\.vscode\extensions\redhat.java-1.30.0-win32-x64\jre\17.0.10-win32-x86_64\bin\zip.dll
Event: 0.230 Loaded shared library C:\Users\msi\.vscode\extensions\redhat.java-1.30.0-win32-x64\jre\17.0.10-win32-x86_64\bin\instrument.dll
Event: 0.270 Loaded shared library C:\Users\msi\.vscode\extensions\redhat.java-1.30.0-win32-x64\jre\17.0.10-win32-x86_64\bin\net.dll
Event: 0.273 Loaded shared library C:\Users\msi\.vscode\extensions\redhat.java-1.30.0-win32-x64\jre\17.0.10-win32-x86_64\bin\nio.dll
Event: 0.297 Loaded shared library C:\Users\msi\.vscode\extensions\redhat.java-1.30.0-win32-x64\jre\17.0.10-win32-x86_64\bin\zip.dll
Event: 0.318 Loaded shared library C:\Users\msi\.vscode\extensions\redhat.java-1.30.0-win32-x64\jre\17.0.10-win32-x86_64\bin\jimage.dll
Event: 0.407 Loaded shared library c:\Users\msi\.vscode\extensions\redhat.java-1.30.0-win32-x64\jre\17.0.10-win32-x86_64\bin\verify.dll
Event: 6.702 Loaded shared library C:\Users\msi\AppData\Roaming\Code\User\globalStorage\redhat.java\1.30.0\config_win\org.eclipse.equinox.launcher\org.eclipse.equinox.launcher.win32.win32.x86_64_1.2.900.v20240213-1244\eclipse_11900.dll
Event: 16.890 Loaded shared library C:\Users\msi\AppData\Local\Temp\jna-108419\jna11453129940058643468.dll
Event: 17.908 Loaded shared library C:\Users\msi\.vscode\extensions\redhat.java-1.30.0-win32-x64\jre\17.0.10-win32-x86_64\bin\sunmscapi.dll
Event: 18.292 Loaded shared library C:\Users\msi\.vscode\extensions\redhat.java-1.30.0-win32-x64\jre\17.0.10-win32-x86_64\bin\extnet.dll

Deoptimization events (20 events):
Event: 23.616 Thread 0x0000019e2741c700 DEOPT PACKING pc=0x0000019e1709acf8 sp=0x0000004d632feac0
Event: 23.616 Thread 0x0000019e2741c700 DEOPT UNPACKING pc=0x0000019e167566a3 sp=0x0000004d632fea48 mode 2
Event: 23.629 Thread 0x0000019e2741c700 DEOPT PACKING pc=0x0000019e0fdd24c5 sp=0x0000004d632fe990
Event: 23.629 Thread 0x0000019e2741c700 DEOPT UNPACKING pc=0x0000019e16756e43 sp=0x0000004d632fdf30 mode 0
Event: 23.634 Thread 0x0000019e2741c700 DEOPT PACKING pc=0x0000019e0fdd24c5 sp=0x0000004d632fe990
Event: 23.634 Thread 0x0000019e2741c700 DEOPT UNPACKING pc=0x0000019e16756e43 sp=0x0000004d632fdf30 mode 0
Event: 23.639 Thread 0x0000019e2741c700 DEOPT PACKING pc=0x0000019e0fdd24c5 sp=0x0000004d632fe990
Event: 23.639 Thread 0x0000019e2741c700 DEOPT UNPACKING pc=0x0000019e16756e43 sp=0x0000004d632fdf30 mode 0
Event: 23.651 Thread 0x0000019e2741c700 DEOPT PACKING pc=0x0000019e0fdd24c5 sp=0x0000004d632fe990
Event: 23.651 Thread 0x0000019e2741c700 DEOPT UNPACKING pc=0x0000019e16756e43 sp=0x0000004d632fdf30 mode 0
Event: 23.660 Thread 0x0000019e2741c700 DEOPT PACKING pc=0x0000019e0fdd24c5 sp=0x0000004d632fe990
Event: 23.660 Thread 0x0000019e2741c700 DEOPT UNPACKING pc=0x0000019e16756e43 sp=0x0000004d632fdf30 mode 0
Event: 23.666 Thread 0x0000019e2741c700 DEOPT PACKING pc=0x0000019e0fdd24c5 sp=0x0000004d632fe990
Event: 23.666 Thread 0x0000019e2741c700 DEOPT UNPACKING pc=0x0000019e16756e43 sp=0x0000004d632fdf30 mode 0
Event: 23.674 Thread 0x0000019e2741c700 DEOPT PACKING pc=0x0000019e0fdd24c5 sp=0x0000004d632fe990
Event: 23.674 Thread 0x0000019e2741c700 DEOPT UNPACKING pc=0x0000019e16756e43 sp=0x0000004d632fdf30 mode 0
Event: 23.679 Thread 0x0000019e2741c700 DEOPT PACKING pc=0x0000019e0fdd24c5 sp=0x0000004d632fe990
Event: 23.679 Thread 0x0000019e2741c700 DEOPT UNPACKING pc=0x0000019e16756e43 sp=0x0000004d632fdf30 mode 0
Event: 23.695 Thread 0x0000019e2741c700 DEOPT PACKING pc=0x0000019e0fdd24c5 sp=0x0000004d632fe990
Event: 23.695 Thread 0x0000019e2741c700 DEOPT UNPACKING pc=0x0000019e16756e43 sp=0x0000004d632fdf30 mode 0

Classes unloaded (14 events):
Event: 16.729 Thread 0x0000019e254d4870 Unloading class 0x000000010024c400 'java/lang/invoke/LambdaForm$MH+0x000000010024c400'
Event: 16.729 Thread 0x0000019e254d4870 Unloading class 0x000000010024c000 'java/lang/invoke/LambdaForm$MH+0x000000010024c000'
Event: 16.729 Thread 0x0000019e254d4870 Unloading class 0x000000010024bc00 'java/lang/invoke/LambdaForm$MH+0x000000010024bc00'
Event: 16.729 Thread 0x0000019e254d4870 Unloading class 0x000000010024b800 'java/lang/invoke/LambdaForm$MH+0x000000010024b800'
Event: 16.729 Thread 0x0000019e254d4870 Unloading class 0x000000010024b400 'java/lang/invoke/LambdaForm$BMH+0x000000010024b400'
Event: 16.729 Thread 0x0000019e254d4870 Unloading class 0x000000010024b000 'java/lang/invoke/LambdaForm$DMH+0x000000010024b000'
Event: 16.729 Thread 0x0000019e254d4870 Unloading class 0x0000000100248400 'java/lang/invoke/LambdaForm$DMH+0x0000000100248400'
Event: 19.123 Thread 0x0000019e254d4870 Unloading class 0x000000010041b000 'java/lang/invoke/LambdaForm$MH+0x000000010041b000'
Event: 19.123 Thread 0x0000019e254d4870 Unloading class 0x000000010041a400 'java/lang/invoke/LambdaForm$MH+0x000000010041a400'
Event: 19.123 Thread 0x0000019e254d4870 Unloading class 0x0000000100419c00 'java/lang/invoke/LambdaForm$MH+0x0000000100419c00'
Event: 19.123 Thread 0x0000019e254d4870 Unloading class 0x0000000100419400 'java/lang/invoke/LambdaForm$MH+0x0000000100419400'
Event: 19.123 Thread 0x0000019e254d4870 Unloading class 0x0000000100419000 'java/lang/invoke/LambdaForm$DMH+0x0000000100419000'
Event: 19.123 Thread 0x0000019e254d4870 Unloading class 0x0000000100418400 'java/lang/invoke/LambdaForm$MH+0x0000000100418400'
Event: 19.123 Thread 0x0000019e254d4870 Unloading class 0x0000000100417c00 'java/lang/invoke/LambdaForm$MH+0x0000000100417c00'

Classes redefined (0 events):
No events

Internal exceptions (20 events):
Event: 21.030 Thread 0x0000019e29e7d320 Exception <a 'sun/nio/fs/WindowsException'{0x00000000eab30400}> (0x00000000eab30400) 
thrown [s\src\hotspot\share\prims\jni.cpp, line 516]
Event: 21.030 Thread 0x0000019e29e7d320 Exception <a 'sun/nio/fs/WindowsException'{0x00000000eab30a98}> (0x00000000eab30a98) 
thrown [s\src\hotspot\share\prims\jni.cpp, line 516]
Event: 21.030 Thread 0x0000019e29e7d320 Exception <a 'sun/nio/fs/WindowsException'{0x00000000eab31130}> (0x00000000eab31130) 
thrown [s\src\hotspot\share\prims\jni.cpp, line 516]
Event: 21.030 Thread 0x0000019e29e7d320 Exception <a 'sun/nio/fs/WindowsException'{0x00000000eab317e8}> (0x00000000eab317e8) 
thrown [s\src\hotspot\share\prims\jni.cpp, line 516]
Event: 21.030 Thread 0x0000019e29e7d320 Exception <a 'sun/nio/fs/WindowsException'{0x00000000eab5eaa0}> (0x00000000eab5eaa0) 
thrown [s\src\hotspot\share\prims\jni.cpp, line 516]
Event: 21.030 Thread 0x0000019e29e7d320 Exception <a 'sun/nio/fs/WindowsException'{0x00000000eab5f160}> (0x00000000eab5f160) 
thrown [s\src\hotspot\share\prims\jni.cpp, line 516]
Event: 21.031 Thread 0x0000019e29e7d320 Exception <a 'sun/nio/fs/WindowsException'{0x00000000eab5f828}> (0x00000000eab5f828) 
thrown [s\src\hotspot\share\prims\jni.cpp, line 516]
Event: 21.031 Thread 0x0000019e29e7d320 Exception <a 'sun/nio/fs/WindowsException'{0x00000000eab6cb08}> (0x00000000eab6cb08) 
thrown [s\src\hotspot\share\prims\jni.cpp, line 516]
Event: 21.031 Thread 0x0000019e29e7d320 Exception <a 'sun/nio/fs/WindowsException'{0x00000000eab7e198}> (0x00000000eab7e198) 
thrown [s\src\hotspot\share\prims\jni.cpp, line 516]
Event: 21.031 Thread 0x0000019e29e7d320 Exception <a 'sun/nio/fs/WindowsException'{0x00000000eab7e850}> (0x00000000eab7e850) 
thrown [s\src\hotspot\share\prims\jni.cpp, line 516]
Event: 21.031 Thread 0x0000019e29e7d320 Exception <a 'sun/nio/fs/WindowsException'{0x00000000eab7ef08}> (0x00000000eab7ef08) 
thrown [s\src\hotspot\share\prims\jni.cpp, line 516]
Event: 21.031 Thread 0x0000019e29e7d320 Exception <a 'sun/nio/fs/WindowsException'{0x00000000eab7f5d8}> (0x00000000eab7f5d8) 
thrown [s\src\hotspot\share\prims\jni.cpp, line 516]
Event: 21.032 Thread 0x0000019e29e7d320 Exception <a 'sun/nio/fs/WindowsException'{0x00000000eabab968}> (0x00000000eabab968) 
thrown [s\src\hotspot\share\prims\jni.cpp, line 516]
Event: 21.032 Thread 0x0000019e29e7d320 Exception <a 'sun/nio/fs/WindowsException'{0x00000000eababfa8}> (0x00000000eababfa8) 
thrown [s\src\hotspot\share\prims\jni.cpp, line 516]
Event: 21.032 Thread 0x0000019e29e7d320 Exception <a 'sun/nio/fs/WindowsException'{0x00000000eabac5f8}> (0x00000000eabac5f8) 
thrown [s\src\hotspot\share\prims\jni.cpp, line 516]
Event: 21.032 Thread 0x0000019e29e7d320 Exception <a 'sun/nio/fs/WindowsException'{0x00000000eabacec8}> (0x00000000eabacec8) 
thrown [s\src\hotspot\share\prims\jni.cpp, line 516]
Event: 21.032 Thread 0x0000019e29e7d320 Exception <a 'sun/nio/fs/WindowsException'{0x00000000eabc5178}> (0x00000000eabc5178) 
thrown [s\src\hotspot\share\prims\jni.cpp, line 516]
Event: 21.032 Thread 0x0000019e29e7d320 Exception <a 'sun/nio/fs/WindowsException'{0x00000000eabc5a10}> (0x00000000eabc5a10) 
thrown [s\src\hotspot\share\prims\jni.cpp, line 516]
Event: 21.032 Thread 0x0000019e29e7d320 Exception <a 'sun/nio/fs/WindowsException'{0x00000000eabc6068}> (0x00000000eabc6068) 
thrown [s\src\hotspot\share\prims\jni.cpp, line 516]
Event: 21.032 Thread 0x0000019e29e7d320 Exception <a 'sun/nio/fs/WindowsException'{0x00000000eabc66d8}> (0x00000000eabc66d8) 
thrown [s\src\hotspot\share\prims\jni.cpp, line 516]

VM Operations (20 events):
Event: 23.260 Executing VM operation: ParallelGCFailedAllocation
Event: 23.266 Executing VM operation: ParallelGCFailedAllocation done
Event: 23.287 Executing VM operation: ParallelGCFailedAllocation
Event: 23.289 Executing VM operation: ParallelGCFailedAllocation done
Event: 23.315 Executing VM operation: ParallelGCFailedAllocation
Event: 23.318 Executing VM operation: ParallelGCFailedAllocation done
Event: 23.348 Executing VM operation: ParallelGCFailedAllocation
Event: 23.352 Executing VM operation: ParallelGCFailedAllocation done
Event: 23.384 Executing VM operation: ParallelGCFailedAllocation
Event: 23.387 Executing VM operation: ParallelGCFailedAllocation done
Event: 23.414 Executing VM operation: ParallelGCFailedAllocation
Event: 23.507 Executing VM operation: ParallelGCFailedAllocation done
Event: 23.545 Executing VM operation: ParallelGCFailedAllocation
Event: 23.547 Executing VM operation: ParallelGCFailedAllocation done
Event: 23.581 Executing VM operation: ParallelGCFailedAllocation
Event: 23.583 Executing VM operation: ParallelGCFailedAllocation done
Event: 23.612 Executing VM operation: ParallelGCFailedAllocation
Event: 23.615 Executing VM operation: ParallelGCFailedAllocation done
Event: 23.653 Executing VM operation: ParallelGCFailedAllocation
Event: 23.656 Executing VM operation: ParallelGCFailedAllocation done

Events (20 events):
Event: 21.077 Thread 0x0000019e25551060 flushing nmethod 0x0000019e1004dd90
Event: 21.077 Thread 0x0000019e25551060 flushing nmethod 0x0000019e1004eb10
Event: 21.077 Thread 0x0000019e25551060 flushing nmethod 0x0000019e1004ef10
Event: 21.077 Thread 0x0000019e25551060 flushing nmethod 0x0000019e10056d10
Event: 21.077 Thread 0x0000019e25551060 flushing nmethod 0x0000019e10066b90
Event: 21.077 Thread 0x0000019e25551060 flushing nmethod 0x0000019e10077010
Event: 21.134 Thread 0x0000019e2a476c60 Thread added: 0x0000019e2a476c60
Event: 21.158 loading class java/util/concurrent/CopyOnWriteArraySet
Event: 21.158 loading class java/util/concurrent/CopyOnWriteArraySet done
Event: 21.205 loading class java/util/concurrent/ArrayBlockingQueue
Event: 21.206 loading class java/util/concurrent/ArrayBlockingQueue done
Event: 21.234 Thread 0x0000019e2a477b90 Thread added: 0x0000019e2a477b90
Event: 21.320 loading class java/io/FileFilter
Event: 21.320 loading class java/io/FileFilter done
Event: 21.330 loading class java/util/concurrent/ConcurrentHashMap$ValueSpliterator
Event: 21.330 loading class java/util/concurrent/ConcurrentHashMap$ValueSpliterator done
Event: 21.332 loading class jdk/internal/loader/BootLoader$PackageHelper
Event: 21.332 loading class jdk/internal/loader/BootLoader$PackageHelper done
Event: 23.083 Thread 0x0000019e26fcafe0 Thread exited: 0x0000019e26fcafe0
Event: 23.266 Thread 0x0000019e274b2430 Thread exited: 0x0000019e274b2430


Dynamic libraries:
0x00007ff645590000 - 0x00007ff64559e000 	c:\Users\msi\.vscode\extensions\redhat.java-1.30.0-win32-x64\jre\17.0.10-win32-x86_64\bin\java.exe
0x00007ffba4450000 - 0x00007ffba4666000 	C:\WINDOWS\SYSTEM32\ntdll.dll
0x00007ffba2a00000 - 0x00007ffba2ac4000 	C:\WINDOWS\System32\KERNEL32.DLL
0x00007ffba1b50000 - 0x00007ffba1ef7000 	C:\WINDOWS\System32\KERNELBASE.dll
0x00007ffba1a30000 - 0x00007ffba1b41000 	C:\WINDOWS\System32\ucrtbase.dll
0x00007ffb62c50000 - 0x00007ffb62c67000 	c:\Users\msi\.vscode\extensions\redhat.java-1.30.0-win32-x64\jre\17.0.10-win32-x86_64\bin\jli.dll
0x00007ffba27d0000 - 0x00007ffba297e000 	C:\WINDOWS\System32\USER32.dll
0x00007ffba2060000 - 0x00007ffba2086000 	C:\WINDOWS\System32\win32u.dll
0x00007ffba2980000 - 0x00007ffba29a9000 	C:\WINDOWS\System32\GDI32.dll
0x00007ffba1770000 - 0x00007ffba1889000 	C:\WINDOWS\System32\gdi32full.dll
0x00007ffba1f00000 - 0x00007ffba1f9a000 	C:\WINDOWS\System32\msvcp_win.dll
0x00007ffb65d20000 - 0x00007ffb65d3b000 	c:\Users\msi\.vscode\extensions\redhat.java-1.30.0-win32-x64\jre\17.0.10-win32-x86_64\bin\VCRUNTIME140.dll
0x00007ffba09d0000 - 0x00007ffba0c63000 	C:\WINDOWS\WinSxS\amd64_microsoft.windows.common-controls_6595b64144ccf1df_6.0.22621.3235_none_270f74e173860f98\COMCTL32.dll
0x00007ffba2d00000 - 0x00007ffba2da7000 	C:\WINDOWS\System32\msvcrt.dll
0x00007ffba3f60000 - 0x00007ffba3f91000 	C:\WINDOWS\System32\IMM32.DLL
0x00007ffb76da0000 - 0x00007ffb76dac000 	c:\Users\msi\.vscode\extensions\redhat.java-1.30.0-win32-x64\jre\17.0.10-win32-x86_64\bin\vcruntime140_1.dll
0x00007ffb39d10000 - 0x00007ffb39d9d000 	c:\Users\msi\.vscode\extensions\redhat.java-1.30.0-win32-x64\jre\17.0.10-win32-x86_64\bin\msvcp140.dll
0x00007ffb001f0000 - 0x00007ffb00e52000 	c:\Users\msi\.vscode\extensions\redhat.java-1.30.0-win32-x64\jre\17.0.10-win32-x86_64\bin\server\jvm.dll
0x00007ffba2b50000 - 0x00007ffba2c02000 	C:\WINDOWS\System32\ADVAPI32.dll
0x00007ffba2270000 - 0x00007ffba2318000 	C:\WINDOWS\System32\sechost.dll
0x00007ffba1890000 - 0x00007ffba18b8000 	C:\WINDOWS\System32\bcrypt.dll
0x00007ffba26b0000 - 0x00007ffba27c5000 	C:\WINDOWS\System32\RPCRT4.dll
0x00007ffba12d0000 - 0x00007ffba131d000 	C:\WINDOWS\SYSTEM32\POWRPROF.dll
0x00007ffb86950000 - 0x00007ffb86959000 	C:\WINDOWS\SYSTEM32\WSOCK32.dll
0x00007ffba2ad0000 - 0x00007ffba2b41000 	C:\WINDOWS\System32\WS2_32.dll
0x00007ffb95b50000 - 0x00007ffb95b84000 	C:\WINDOWS\SYSTEM32\WINMM.dll
0x00007ffb9e050000 - 0x00007ffb9e05a000 	C:\WINDOWS\SYSTEM32\VERSION.dll
0x00007ffba0d60000 - 0x00007ffba0d73000 	C:\WINDOWS\SYSTEM32\UMPDC.dll
0x00007ffb9f8e0000 - 0x00007ffb9f8f8000 	C:\WINDOWS\SYSTEM32\kernel.appcore.dll
0x00007ffb762c0000 - 0x00007ffb762ca000 	c:\Users\msi\.vscode\extensions\redhat.java-1.30.0-win32-x64\jre\17.0.10-win32-x86_64\bin\jimage.dll
0x00007ffba1090000 - 0x00007ffba12c3000 	C:\WINDOWS\SYSTEM32\DBGHELP.DLL
0x00007ffba2320000 - 0x00007ffba26a8000 	C:\WINDOWS\System32\combase.dll
0x00007ffba4150000 - 0x00007ffba4227000 	C:\WINDOWS\System32\OLEAUT32.dll
0x00007ffba0f80000 - 0x00007ffba0fb2000 	C:\WINDOWS\SYSTEM32\dbgcore.DLL
0x00007ffba2090000 - 0x00007ffba2109000 	C:\WINDOWS\System32\bcryptPrimitives.dll
0x00007ffb760a0000 - 0x00007ffb760ae000 	c:\Users\msi\.vscode\extensions\redhat.java-1.30.0-win32-x64\jre\17.0.10-win32-x86_64\bin\instrument.dll
0x00007ffb59b30000 - 0x00007ffb59b55000 	c:\Users\msi\.vscode\extensions\redhat.java-1.30.0-win32-x64\jre\17.0.10-win32-x86_64\bin\java.dll
0x00007ffb62b30000 - 0x00007ffb62b48000 	c:\Users\msi\.vscode\extensions\redhat.java-1.30.0-win32-x64\jre\17.0.10-win32-x86_64\bin\zip.dll
0x00007ffba2f40000 - 0x00007ffba379c000 	C:\WINDOWS\System32\SHELL32.dll
0x00007ffb9e780000 - 0x00007ffb9f079000 	C:\WINDOWS\SYSTEM32\windows.storage.dll
0x00007ffb9e640000 - 0x00007ffb9e77e000 	C:\WINDOWS\SYSTEM32\wintypes.dll
0x00007ffba4230000 - 0x00007ffba4323000 	C:\WINDOWS\System32\SHCORE.dll
0x00007ffba2180000 - 0x00007ffba21de000 	C:\WINDOWS\System32\shlwapi.dll
0x00007ffba16a0000 - 0x00007ffba16c1000 	C:\WINDOWS\SYSTEM32\profapi.dll
0x00007ffb62c30000 - 0x00007ffb62c49000 	C:\Users\msi\.vscode\extensions\redhat.java-1.30.0-win32-x64\jre\17.0.10-win32-x86_64\bin\net.dll
0x00007ffb9a530000 - 0x00007ffb9a666000 	C:\WINDOWS\SYSTEM32\WINHTTP.dll
0x00007ffb9fd00000 - 0x00007ffb9fd69000 	C:\WINDOWS\system32\mswsock.dll
0x00007ffb62ba0000 - 0x00007ffb62bb6000 	C:\Users\msi\.vscode\extensions\redhat.java-1.30.0-win32-x64\jre\17.0.10-win32-x86_64\bin\nio.dll
0x00007ffb757b0000 - 0x00007ffb757c0000 	c:\Users\msi\.vscode\extensions\redhat.java-1.30.0-win32-x64\jre\17.0.10-win32-x86_64\bin\verify.dll
0x00007ffb58fc0000 - 0x00007ffb58ffe000 	C:\Users\msi\AppData\Roaming\Code\User\globalStorage\redhat.java\1.30.0\config_win\org.eclipse.equinox.launcher\org.eclipse.equinox.launcher.win32.win32.x86_64_1.2.900.v20240213-1244\eclipse_11900.dll
0x00007ffba3fa0000 - 0x00007ffba4145000 	C:\WINDOWS\System32\ole32.dll
0x00007ffba1410000 - 0x00007ffba142b000 	C:\WINDOWS\SYSTEM32\CRYPTSP.dll
0x00007ffb9f840000 - 0x00007ffb9f875000 	C:\WINDOWS\system32\rsaenh.dll
0x00007ffb9fda0000 - 0x00007ffb9fdc8000 	C:\WINDOWS\SYSTEM32\USERENV.dll
0x00007ffba0030000 - 0x00007ffba003c000 	C:\WINDOWS\SYSTEM32\CRYPTBASE.dll
0x00007ffb9f350000 - 0x00007ffb9f37d000 	C:\WINDOWS\SYSTEM32\IPHLPAPI.DLL
0x00007ffba2cd0000 - 0x00007ffba2cd9000 	C:\WINDOWS\System32\NSI.dll
0x00007ffb9a770000 - 0x00007ffb9a789000 	C:\WINDOWS\SYSTEM32\dhcpcsvc6.DLL
0x00007ffb9a300000 - 0x00007ffb9a31f000 	C:\WINDOWS\SYSTEM32\dhcpcsvc.DLL
0x00007ffb9f3c0000 - 0x00007ffb9f4b9000 	C:\WINDOWS\SYSTEM32\DNSAPI.dll
0x00007ffb393d0000 - 0x00007ffb39415000 	C:\Users\msi\AppData\Local\Temp\jna-108419\jna11453129940058643468.dll
0x00007ffba3f50000 - 0x00007ffba3f58000 	C:\WINDOWS\System32\PSAPI.DLL
0x00007ffb73910000 - 0x00007ffb7391e000 	C:\Users\msi\.vscode\extensions\redhat.java-1.30.0-win32-x64\jre\17.0.10-win32-x86_64\bin\sunmscapi.dll
0x00007ffba18c0000 - 0x00007ffba1a27000 	C:\WINDOWS\System32\CRYPT32.dll
0x00007ffba09a0000 - 0x00007ffba09ce000 	C:\WINDOWS\SYSTEM32\ncrypt.dll
0x00007ffba0960000 - 0x00007ffba0997000 	C:\WINDOWS\SYSTEM32\NTASN1.dll
0x00007ffb99550000 - 0x00007ffb9955a000 	C:\Windows\System32\rasadhlp.dll
0x00007ffb99750000 - 0x00007ffb997d3000 	C:\WINDOWS\System32\fwpuclnt.dll
0x00007ffb74530000 - 0x00007ffb74539000 	C:\Users\msi\.vscode\extensions\redhat.java-1.30.0-win32-x64\jre\17.0.10-win32-x86_64\bin\extnet.dll

dbghelp: loaded successfully - version: 4.0.5 - missing functions: none
symbol engine: initialized successfully - sym options: 0x614 - pdb path: .;c:\Users\msi\.vscode\extensions\redhat.java-1.30.0-win32-x64\jre\17.0.10-win32-x86_64\bin;C:\WINDOWS\SYSTEM32;C:\WINDOWS\WinSxS\amd64_microsoft.windows.common-controls_6595b64144ccf1df_6.0.22621.3235_none_270f74e173860f98;c:\Users\msi\.vscode\extensions\redhat.java-1.30.0-win32-x64\jre\17.0.10-win32-x86_64\bin\server;C:\Users\msi\AppData\Roaming\Code\User\globalStorage\redhat.java\1.30.0\config_win\org.eclipse.equinox.launcher\org.eclipse.equinox.launcher.win32.win32.x86_64_1.2.900.v20240213-1244;C:\Users\msi\AppData\Local\Temp\jna-108419

VM Arguments:
jvm_args: --add-modules=ALL-SYSTEM --add-opens=java.base/java.util=ALL-UNNAMED --add-opens=java.base/java.lang=ALL-UNNAMED --add-opens=java.base/sun.nio.fs=ALL-UNNAMED -Declipse.application=org.eclipse.jdt.ls.core.id1 -Dosgi.bundles.defaultStartLevel=4 -Declipse.product=org.eclipse.jdt.ls.core.product -Djava.import.generatesMetadataFilesAtProjectRoot=false -DDetectVMInstallationsJob.disabled=true -Dfile.encoding=utf8 -XX:+UseParallelGC -XX:GCTimeRatio=4 -XX:AdaptiveSizePolicyWeight=90 -Dsun.zip.disableMemoryMapping=true -Xmx1G -Xms100m -Xlog:disable -javaagent:c:\Users\msi\.vscode\extensions\redhat.java-1.30.0-win32-x64\lombok\lombok-1.18.32.jar -XX:+HeapDumpOnOutOfMemoryError -XX:HeapDumpPath=c:\Users\msi\AppData\Roaming\Code\User\workspaceStorage\ea2dbe5686b311bfe3bfbaa239bcab37\redhat.java -Daether.dependencyCollector.impl=bf 
java_command: c:\Users\msi\.vscode\extensions\redhat.java-1.30.0-win32-x64\server\plugins\org.eclipse.equinox.launcher_1.6.800.v20240330-1250.jar -configuration c:\Users\msi\AppData\Roaming\Code\User\globalStorage\redhat.java\1.30.0\config_win -data c:\Users\msi\AppData\Roaming\Code\User\workspaceStorage\ea2dbe5686b311bfe3bfbaa239bcab37\redhat.java\jdt_ws --pipe=\\.\pipe\lsp-4a9ba1309b5710dea19079f2c5b43ca4-sock
java_class_path (initial): c:\Users\msi\.vscode\extensions\redhat.java-1.30.0-win32-x64\server\plugins\org.eclipse.equinox.launcher_1.6.800.v20240330-1250.jar
Launcher Type: SUN_STANDARD

[Global flags]
    uintx AdaptiveSizePolicyWeight                 = 90                                        {product} {command line}
     intx CICompilerCount                          = 4                                         {product} {ergonomic}
    uintx GCTimeRatio                              = 4                                         {product} {command line}
     bool HeapDumpOnOutOfMemoryError               = true                                   {manageable} {command line}
    ccstr HeapDumpPath                             = c:\Users\msi\AppData\Roaming\Code\User\workspaceStorage\ea2dbe5686b311bfe3bfbaa239bcab37\redhat.java         {manageable} {command line}
   size_t InitialHeapSize                          = 104857600                                 {product} {command line}
   size_t MaxHeapSize                              = 1073741824                                {product} {command line}
   size_t MaxNewSize                               = 357564416                                 {product} {ergonomic}
   size_t MinHeapDeltaBytes                        = 524288                                    {product} {ergonomic}
   size_t MinHeapSize                              = 104857600                                 {product} {command line}
   size_t NewSize                                  = 34603008                                  {product} {ergonomic}
    uintx NonNMethodCodeHeapSize                   = 5839372                                {pd product} {ergonomic}
    uintx NonProfiledCodeHeapSize                  = 122909434                              {pd product} {ergonomic}
   size_t OldSize                                  = 70254592                                  {product} {ergonomic}
    uintx ProfiledCodeHeapSize                     = 122909434                              {pd product} {ergonomic}
    uintx ReservedCodeCacheSize                    = 251658240                              {pd product} {ergonomic}
     bool SegmentedCodeCache                       = true                                      {product} {ergonomic}
   size_t SoftMaxHeapSize                          = 1073741824                             {manageable} {ergonomic}
     bool UseCompressedClassPointers               = true                           {product lp64_product} {ergonomic}
     bool UseCompressedOops                        = true                           {product lp64_product} {ergonomic}
     bool UseLargePagesIndividualAllocation        = false                                  {pd product} {ergonomic}
     bool UseParallelGC                            = true                                      {product} {command line}

Logging:
Log output configuration:
 #0: stdout all=off uptime,level,tags
 #1: stderr all=off uptime,level,tags

Environment Variables:
JAVA_HOME=C:\Program Files\Java\jdk-20
PATH=C:\Program Files\Common Files\Oracle\Java\javapath;C:\Windows\system32;C:\Windows;C:\Windows\System32\Wbem;C:\Windows\System32\WindowsPowerShell\v1.0\;C:\Windows\System32\OpenSSH\;C:\Program Files (x86)\NVIDIA Corporation\PhysX\Common;C:\Program Files\NVIDIA Corporation\NVIDIA NvDLISR;C:\Program Files\Git\cmd;C:\Users\msi\AppData\Roaming\npm\node_modules;C:\SQLite;C:\Program Files\MySQL\MySQL Server 8.0\bin;C:\Users\msi\Downloads\Redis-x64-3.2.100;C:\Users\msi\AppData\Roaming\nvm;C:\Program Files\nodejs;C:\WINDOWS\system32;C:\WINDOWS;C:\WINDOWS\System32\Wbem;C:\WINDOWS\System32\WindowsPowerShell\v1.0\;C:\WINDOWS\System32\OpenSSH\;;C:\Users\msi\AppData\Local\Android\Sdk\ndk\23.1.7779620;C:\Program Files\IBM\SPSS\Statistics\23\JRE\bin;C:\Program Files\Java\jdk-20\bin\;C:\gradle-8.2\bin;C:\Program Files (x86)\Yarn\bin\;C:\Program Files\PostgreSQL\15\bin;C:\Program Files\nodejs\;C:\Program Files (x86)\sbt\bin;C:\Program Files\Docker\Docker\resources\bin;C:\Users\msi\AppData\Local\Microsoft\WindowsApps;C:\Users\msi\AppData\Local\Programs\Microsoft VS Code\bin;C:\Program Files\heroku\bin;C:\Users\msi\AppData\Roaming\nvm;C:\Program Files\nodejs;C:\Program Files\MongoDB\Server\4.4\bin;C:\Users\msi\AppData\Local\Yarn\bin;C:\Program Files\JetBrains\PyCharm 2023.2.1\bin;;C:\Users\msi\AppData\Roaming\npm
USERNAME=msi
OS=Windows_NT
PROCESSOR_IDENTIFIER=Intel64 Family 6 Model 165 Stepping 2, GenuineIntel
TMP=C:\Users\msi\AppData\Local\Temp
TEMP=C:\Users\msi\AppData\Local\Temp



Periodic native trim disabled


---------------  S Y S T E M  ---------------

OS:
 Windows 11 , 64 bit Build 22621 (10.0.22621.3374)
OS uptime: 3 days 8:27 hours
Hyper-V role detected

CPU: total 12 (initial active 12) (6 cores per cpu, 2 threads per core) family 6 model 165 stepping 2 microcode 0xe2, cx8, cmov, fxsr, ht, mmx, 3dnowpref, sse, sse2, sse3, ssse3, sse4.1, sse4.2, popcnt, lzcnt, tsc, tscinvbit, avx, avx2, aes, erms, clmul, bmi1, bmi2, adx, fma, vzeroupper, clflush, clflushopt, hv
Processor Information for all 12 processors :
  Max Mhz: 2592, Current Mhz: 2592, Mhz Limit: 2592

Memory: 4k page, system-wide physical 16201M (3704M free)
TotalPageFile size 27465M (AvailPageFile size 9599M)
current process WorkingSet (physical memory assigned to process): 496M, peak: 496M
current process commit charge ("private bytes"): 487M, peak: 494M

vm_info: OpenJDK 64-Bit Server VM (17.0.10+7) for windows-amd64 JRE (17.0.10+7), built on Jan 16 2024 23:25:11 by "admin" with MS VC++ 16.10 / 16.11 (VS2019)

END.
