#
# A fatal error has been detected by the Java Runtime Environment:
#
#  EXCEPTION_ACCESS_VIOLATION (0xc0000005) at pc=0x00007ffa83ea0886, pid=5644, tid=25116
#
# JRE version: Java(TM) SE Runtime Environment (20.0.2+9) (build 20.0.2+9-78)
# Java VM: Java HotSpot(TM) 64-Bit Server VM (20.0.2+9-78, mixed mode, sharing, tiered, compressed oops, compressed class ptrs, g1 gc, windows-amd64)
# Problematic frame:
# V  [jvm.dll+0x140886]
#
# No core dump will be written. Minidumps are not enabled by default on client versions of Windows
#
# If you would like to submit a bug report, please visit:
#   https://bugreport.java.com/bugreport/crash.jsp
#

---------------  S U M M A R Y ------------

Command Line: -XX:MaxMetaspaceSize=512m --add-opens=java.base/java.util=ALL-UNNAMED --add-opens=java.base/java.lang=ALL-UNNAMED --add-opens=java.base/java.lang.invoke=ALL-UNNAMED --add-opens=java.prefs/java.util.prefs=ALL-UNNAMED --add-opens=java.base/java.nio.charset=ALL-UNNAMED --add-opens=java.base/java.net=ALL-UNNAMED --add-opens=java.base/java.util.concurrent.atomic=ALL-UNNAMED -Xmx2048m -Dfile.encoding=UTF-8 -Duser.country=US -Duser.language=en -Duser.variant -javaagent:C:\Users\msi\.gradle\wrapper\dists\gradle-8.3-all\6en3ugtfdg5xnpx44z4qbwgas\gradle-8.3\lib\agents\gradle-instrumentation-agent-8.3.jar org.gradle.launcher.daemon.bootstrap.GradleDaemon 8.3

Host: Intel(R) Core(TM) i7-10750H CPU @ 2.60GHz, 12 cores, 15G,  Windows 11 , 64 bit Build 22621 (10.0.22621.3374)
Time: Mon Apr 22 16:41:06 2024 W. Europe Daylight Time elapsed time: 18.173641 seconds (0d 0h 0m 18s)

---------------  T H R E A D  ---------------

Current thread (0x000001bedbfe12c0):  WorkerThread "G1 Conc#2" [stack: 0x0000003f5f600000,0x0000003f5f700000] [id=25116]

Stack: [0x0000003f5f600000,0x0000003f5f700000],  sp=0x0000003f5f6ff3d8,  free space=1020k
Native frames: (J=compiled Java code, j=interpreted, Vv=VM code, C=native code)
V  [jvm.dll+0x140886]


siginfo: EXCEPTION_ACCESS_VIOLATION (0xc0000005), reading address 0x000001bf2da72e64


Registers:
RAX=0x0000000000000000, RBX=0x000001be9e2afe01, RCX=0x0000000080cb0ce0, RDX=0x0000000080cb0ce0
RSP=0x0000003f5f6ff3d8, RBP=0x0000000000000000, RSI=0x000001be9e29cc50, RDI=0x0000000080cb0ce0
R8 =0x000001bf2da72e5c, R9 =0x000000000000000c, R10=0x000001be9e253150, R11=0x0000000000000003
R12=0x0000000000000000, R13=0xaaaaaaaaaaaaaaab, R14=0x000001bebb495378, R15=0x0000000080dd1538
RIP=0x00007ffa83ea0886, EFLAGS=0x0000000000010206


Register to memory mapping:

RIP=0x00007ffa83ea0886 jvm.dll
RAX=0x0 is NULL
RBX=0x000001be9e2afe01 points into unknown readable memory: 00 00 00 28 62 a0 45
RCX=0x0000000080cb0ce0 is pointing into object: [B 
{0x0000000080caf188} - klass: {type array byte}
 - length: 8192
RDX=0x0000000080cb0ce0 is pointing into object: [B 
{0x0000000080caf188} - klass: {type array byte}
 - length: 8192
RSP=0x0000003f5f6ff3d8 points into unknown readable memory: 0x00007ffa8407cf0a | 0a cf 07 84 fa 7f 00 00
RBP=0x0 is NULL
RSI=0x000001be9e29cc50 points into unknown readable memory: 0x000001be9e2ad6e0 | e0 d6 2a 9e be 01 00 00
RDI=0x0000000080cb0ce0 is pointing into object: [B 
{0x0000000080caf188} - klass: {type array byte}
 - length: 8192
R8 =0x000001bf2da72e5c is an unknown value
R9 =0x000000000000000c is an unknown value
R10=0x000001be9e253150 points into unknown readable memory: 0x00007ffa846df3e8 | e8 f3 6d 84 fa 7f 00 00
R11=0x0000000000000003 is an unknown value
R12=0x0 is NULL
R13=0xaaaaaaaaaaaaaaab is an unknown value
R14={method} {0x000001bebb495380} 'equals' '(Ljava/lang/Object;)Z' in 'java/lang/invoke/MemberName'
R15=0x0000000080dd1538 is an oop: java.lang.invoke.MemberName 
{0x0000000080dd1538} - klass: 'java/lang/invoke/MemberName'
 - ---- fields (total size 6 words):
 - private 'flags' 'I' @12  100728840 (0x06010008)
 - abstract internal 'vmindex' 'J' @16  -2 (0xfffffffffffffffe)
 - private 'clazz' 'Ljava/lang/Class;' @24  
[error occurred during error reporting (printing register info), id 0xc0000005, EXCEPTION_ACCESS_VIOLATION (0xc0000005) at pc=0x00007ffa844082f0]
Top of Stack: (sp=0x0000003f5f6ff3d8)
0x0000003f5f6ff3d8:   00007ffa8407cf0a 0000000000000001
0x0000003f5f6ff3e8:   00007ffa8407ce76 0000f2f4d8fb4272
0x0000003f5f6ff3f8:   0000003f5f6ff490 0000000080cb0ce0
0x0000003f5f6ff408:   00007ffa8407ccdf 000001be9e2afe90
0x0000003f5f6ff418:   0000003f5f6ff560 000001bebb495370
0x0000003f5f6ff428:   0000003f5f6ff560 0000000080dd1564
0x0000003f5f6ff438:   00007ffa8407a60d 0000000080dd1550
0x0000003f5f6ff448:   00007ffa8407ad5d 0000000080dd1cd0
0x0000003f5f6ff458:   0000000080db0c50 000001bedc7acc50
0x0000003f5f6ff468:   0000000000000000 0000000080dd1538
0x0000003f5f6ff478:   00007ffa8407a252 000001bebb495138
0x0000003f5f6ff488:   0000000000000006 0000003f5f6ff560
0x0000003f5f6ff498:   0000000000000000 0000000080dd1538
0x0000003f5f6ff4a8:   00007ffa8409658a 000001be9e2afe90
0x0000003f5f6ff4b8:   0000000000000000 0000000000000055
0x0000003f5f6ff4c8:   00007ffa84097d6e 0000000000000001
0x0000003f5f6ff4d8:   000001be9e2afe90 0000003f5caffa01
0x0000003f5f6ff4e8:   0000000000000000 0000000080f31d80
0x0000003f5f6ff4f8:   00007ffa84095c8a 0000000080f31d80
0x0000003f5f6ff508:   0000000000000000 0000000080dd1538
0x0000003f5f6ff518:   000001f400000036 000001be9e29cc50
0x0000003f5f6ff528:   000001be9e2afe90 00000000ffd00000
0x0000003f5f6ff538:   0000000000020000 00000000ffd00000
0x0000003f5f6ff548:   0000000000020000 0000000000000000
0x0000003f5f6ff558:   000000000017d784 00007ffa846e0e18
0x0000003f5f6ff568:   000001bebafeff90 0000003f00000003
0x0000003f5f6ff578:   000001be9e253150 000001be9e2afe90
0x0000003f5f6ff588:   00007ffa843ecd73 c215b08487ff5f3b
0x0000003f5f6ff598:   0000000000000000 0000000000000000
0x0000003f5f6ff5a8:   0000000000000000 000001bedc7acc50
0x0000003f5f6ff5b8:   000001beddea5408 000001bedc7ad028
0x0000003f5f6ff5c8:   0000000000000000 000001bedbace2e0 

Instructions: (pc=0x00007ffa83ea0886)
0x00007ffa83ea0786:   4c 63 c0 41 8b c1 48 c1 f8 10 48 63 14 19 41 8b
0x00007ffa83ea0796:   c9 83 e1 3f 48 d3 e2 0f b6 c8 49 8d 04 10 49 f7
0x00007ffa83ea07a6:   d0 48 03 c8 49 c1 e8 03 48 c1 e9 03 49 23 c8 eb
0x00007ffa83ea07b6:   12 49 8b 00 48 8b d3 49 8b c8 ff 90 00 01 00 00
0x00007ffa83ea07c6:   48 8b c8 48 89 1f 48 8b c7 48 8b 5c 24 30 48 89
0x00007ffa83ea07d6:   4f 08 48 83 c4 20 5f c3 cc cc 0f b6 05 84 10 a7
0x00007ffa83ea07e6:   00 48 8b d1 84 c0 74 16 44 8b 41 08 8b 0d f0 37
0x00007ffa83ea07f6:   a0 00 49 d3 e0 4c 03 05 de 37 a0 00 eb 04 4c 8b
0x00007ffa83ea0806:   41 08 45 8b 48 08 45 85 c9 7e 0e 41 f6 c1 01 75
0x00007ffa83ea0816:   53 41 c1 f9 03 49 63 c1 c3 79 49 84 c0 41 b8 0c
0x00007ffa83ea0826:   00 00 00 8b 05 69 49 a0 00 b9 10 00 00 00 41 0f
0x00007ffa83ea0836:   45 c8 ff c8 4c 63 c0 41 8b c1 48 c1 f8 10 0f b6
0x00007ffa83ea0846:   c0 48 63 14 11 41 8b c9 83 e1 3f 48 d3 e2 49 8d
0x00007ffa83ea0856:   0c 10 49 f7 d0 48 03 c1 49 c1 e8 03 48 c1 e8 03
0x00007ffa83ea0866:   49 23 c0 c3 49 8b 00 49 8b c8 48 ff a0 00 01 00
0x00007ffa83ea0876:   00 cc cc cc cc cc cc cc cc cc 4c 8b c2 48 8b d1
0x00007ffa83ea0886:   45 8b 48 08 45 85 c9 7e 0e 41 f6 c1 01 75 56 41
0x00007ffa83ea0896:   c1 f9 03 49 63 c1 c3 79 4c 80 3d c5 0f a7 00 00
0x00007ffa83ea08a6:   b8 0c 00 00 00 b9 10 00 00 00 0f 45 c8 8b 05 df
0x00007ffa83ea08b6:   48 a0 00 ff c8 4c 63 c0 41 8b c1 48 c1 f8 10 48
0x00007ffa83ea08c6:   63 14 11 41 8b c9 83 e1 3f 0f b6 c0 48 d3 e2 49
0x00007ffa83ea08d6:   8d 0c 10 49 f7 d0 48 03 c1 49 c1 e8 03 48 c1 e8
0x00007ffa83ea08e6:   03 49 23 c0 c3 49 8b 00 49 8b c8 48 ff a0 00 01
0x00007ffa83ea08f6:   00 00 cc cc cc cc cc cc cc cc 40 53 48 83 ec 20
0x00007ffa83ea0906:   48 8b d9 49 8b c0 33 c9 45 0f b6 c1 48 89 0b 48
0x00007ffa83ea0916:   89 4b 08 48 8b cb 48 89 53 10 48 8b d0 e8 88 09
0x00007ffa83ea0926:   00 00 48 8b c3 48 83 c4 20 5b c3 cc cc cc cc cc
0x00007ffa83ea0936:   cc cc cc cc cc cc cc cc cc cc 40 53 48 83 ec 20
0x00007ffa83ea0946:   33 c0 44 88 41 10 45 0f b6 c1 48 89 01 48 89 41
0x00007ffa83ea0956:   08 48 8b d9 e8 61 0a 00 00 48 8b c3 48 83 c4 20
0x00007ffa83ea0966:   5b c3 cc cc cc cc cc cc cc cc 40 53 48 83 ec 20
0x00007ffa83ea0976:   33 c0 48 8b d9 48 89 01 48 89 41 08 e8 e9 0b 00 


Stack slot to memory mapping:
stack at sp + 0 slots: 0x00007ffa8407cf0a jvm.dll
stack at sp + 1 slots: 0x0000000000000001 is an unknown value
stack at sp + 2 slots: 0x00007ffa8407ce76 jvm.dll
stack at sp + 3 slots: 0x0000f2f4d8fb4272 is an unknown value
stack at sp + 4 slots: 0x0000003f5f6ff490 points into unknown readable memory: 0x0000003f5f6ff560 | 60 f5 6f 5f 3f 00 00 00
stack at sp + 5 slots: 0x0000000080cb0ce0 is pointing into object: [B 
{0x0000000080caf188} - klass: {type array byte}
 - length: 8192
stack at sp + 6 slots: 0x00007ffa8407ccdf jvm.dll
stack at sp + 7 slots: 0x000001be9e2afe90 points into unknown readable memory: 0x00007ffa846e0df8 | f8 0d 6e 84 fa 7f 00 00


---------------  P R O C E S S  ---------------

Threads class SMR info:
_java_thread_list=0x000001bedf779ce0, length=116, elements={
0x000001be9e23ca50, 0x000001bebb0c9940, 0x000001bebb0ca740, 0x000001bebb0cbee0,
0x000001bebb0cda30, 0x000001bebb0d0480, 0x000001bebb0d0ef0, 0x000001bebb0df9c0,
0x000001bebb0e8a60, 0x000001bed618a3b0, 0x000001bed63152c0, 0x000001bedba45050,
0x000001bedaf2be80, 0x000001bedaf2c3d0, 0x000001bedbbbc850, 0x000001bedbd917b0,
0x000001bedbd91260, 0x000001bedbd907c0, 0x000001bedbd91d00, 0x000001bedbd90d10,
0x000001bedbcb5ad0, 0x000001bedbcb4590, 0x000001bedbcb4ae0, 0x000001bedbcb1070,
0x000001bedbcb15c0, 0x000001bedbcb1b10, 0x000001bedbcb6020, 0x000001bedbcb25b0,
0x000001bedbcb05d0, 0x000001bedbcb7010, 0x000001bedbcb5580, 0x000001bedbcb2b00,
0x000001bedbcb0b20, 0x000001bedbcb3af0, 0x000001bedbcb6ac0, 0x000001bedd3526e0,
0x000001bedd34e1d0, 0x000001bedd3516f0, 0x000001bedd34f1c0, 0x000001bedd34f710,
0x000001bedd3511a0, 0x000001bedd350700, 0x000001bedd3501b0, 0x000001bedd351c40,
0x000001bedd3536d0, 0x000001bedd352190, 0x000001bedd34e720, 0x000001bedd352c30,
0x000001bedd34c1f0, 0x000001bedd34c740, 0x000001bedd34fc60, 0x000001bedd34d1e0,
0x000001bedd34cc90, 0x000001bedd34d730, 0x000001bedd34dc80, 0x000001bedf706c00,
0x000001bedf708be0, 0x000001bedf7066b0, 0x000001bedf70bbb0, 0x000001bedf70b110,
0x000001bedf709130, 0x000001bedf7076a0, 0x000001bedf70c650, 0x000001bedf70a120,
0x000001bedf70abc0, 0x000001bedf708140, 0x000001bedf709bd0, 0x000001bedf708690,
0x000001bedf70b660, 0x000001bedf70cba0, 0x000001bedf7056c0, 0x000001bedf705c10,
0x000001bede1abfb0, 0x000001bede1af4d0, 0x000001bede1ae4e0, 0x000001bede1ac500,
0x000001bede1aea30, 0x000001bede1aef80, 0x000001bede1ada40, 0x000001bede1ad4f0,
0x000001bede1aca50, 0x000001bede1adf90, 0x000001bede1acfa0, 0x000001bedee8be50,
0x000001bedee8b900, 0x000001bedee8c3a0, 0x000001bedee88e80, 0x000001bedee8c8f0,
0x000001bedee85410, 0x000001bedc7d12d0, 0x000001bedee87e90, 0x000001bedee893d0,
0x000001bedee8ce40, 0x000001bedee8b3b0, 0x000001bedee85960, 0x000001bedee86400,
0x000001bedee85eb0, 0x000001bedee86950, 0x000001bedee883e0, 0x000001bedee86ea0,
0x000001bedee88930, 0x000001bedee873f0, 0x000001bedee89e70, 0x000001bedee89920,
0x000001bedee8ae60, 0x000001bedee87940, 0x000001bedee8a3c0, 0x000001bedee8a910,
0x000001bedbcb5030, 0x000001bedbcb7ab0, 0x000001bede785180, 0x000001bede782c50,
0x000001bede787160, 0x000001bede7821b0, 0x000001bede7811c0, 0x000001bedc7ce650
}

Java Threads: ( => current thread )
  0x000001be9e23ca50 JavaThread "main" [_thread_blocked, id=11488, stack(0x0000003f5c800000,0x0000003f5c900000)]
  0x000001bebb0c9940 JavaThread "Reference Handler" daemon [_thread_blocked, id=21960, stack(0x0000003f5cf00000,0x0000003f5d000000)]
  0x000001bebb0ca740 JavaThread "Finalizer" daemon [_thread_blocked, id=24340, stack(0x0000003f5d000000,0x0000003f5d100000)]
  0x000001bebb0cbee0 JavaThread "Signal Dispatcher" daemon [_thread_blocked, id=11908, stack(0x0000003f5d100000,0x0000003f5d200000)]
  0x000001bebb0cda30 JavaThread "Attach Listener" daemon [_thread_blocked, id=11800, stack(0x0000003f5d200000,0x0000003f5d300000)]
  0x000001bebb0d0480 JavaThread "Service Thread" daemon [_thread_blocked, id=25776, stack(0x0000003f5d300000,0x0000003f5d400000)]
  0x000001bebb0d0ef0 JavaThread "Monitor Deflation Thread" daemon [_thread_blocked, id=6920, stack(0x0000003f5d400000,0x0000003f5d500000)]
  0x000001bebb0df9c0 JavaThread "C2 CompilerThread0" daemon [_thread_blocked, id=25684, stack(0x0000003f5d500000,0x0000003f5d600000)]
  0x000001bebb0e8a60 JavaThread "C1 CompilerThread0" daemon [_thread_blocked, id=24560, stack(0x0000003f5d600000,0x0000003f5d700000)]
  0x000001bed618a3b0 JavaThread "Common-Cleaner" daemon [_thread_blocked, id=14632, stack(0x0000003f5d700000,0x0000003f5d800000)]
  0x000001bed63152c0 JavaThread "Notification Thread" daemon [_thread_blocked, id=8728, stack(0x0000003f5d800000,0x0000003f5d900000)]
  0x000001bedba45050 JavaThread "Daemon health stats" [_thread_blocked, id=21772, stack(0x0000003f5e000000,0x0000003f5e100000)]
  0x000001bedaf2be80 JavaThread "Incoming local TCP Connector on port 50768" [_thread_in_native, id=17916, stack(0x0000003f5e100000,0x0000003f5e200000)]
  0x000001bedaf2c3d0 JavaThread "Daemon periodic checks" [_thread_blocked, id=23988, stack(0x0000003f5da00000,0x0000003f5db00000)]
  0x000001bedbbbc850 JavaThread "Daemon" [_thread_blocked, id=25340, stack(0x0000003f5e200000,0x0000003f5e300000)]
  0x000001bedbd917b0 JavaThread "Handler for socket connection from /127.0.0.1:50768 to /127.0.0.1:50769" [_thread_in_native, id=11996, stack(0x0000003f5e300000,0x0000003f5e400000)]
  0x000001bedbd91260 JavaThread "Cancel handler" [_thread_blocked, id=25224, stack(0x0000003f5e400000,0x0000003f5e500000)]
  0x000001bedbd907c0 JavaThread "Daemon worker" [_thread_in_vm, id=26100, stack(0x0000003f5e500000,0x0000003f5e600000)]
  0x000001bedbd91d00 JavaThread "Asynchronous log dispatcher for DefaultDaemonConnection: socket connection from /127.0.0.1:50768 to /127.0.0.1:50769" [_thread_blocked, id=23360, stack(0x0000003f5e700000,0x0000003f5e800000)]
  0x000001bedbd90d10 JavaThread "Stdin handler" [_thread_blocked, id=15888, stack(0x0000003f5e800000,0x0000003f5e900000)]
  0x000001bedbcb5ad0 JavaThread "Daemon client event forwarder" [_thread_blocked, id=26780, stack(0x0000003f5e900000,0x0000003f5ea00000)]
  0x000001bedbcb4590 JavaThread "Cache worker for journal cache (C:\Users\msi\.gradle\caches\journal-1)" [_thread_blocked, id=5848, stack(0x0000003f5ea00000,0x0000003f5eb00000)]
  0x000001bedbcb4ae0 JavaThread "File lock request listener" [_thread_in_native, id=22324, stack(0x0000003f5eb00000,0x0000003f5ec00000)]
  0x000001bedbcb1070 JavaThread "File lock release action executor" [_thread_blocked, id=27212, stack(0x0000003f5ec00000,0x0000003f5ed00000)]
  0x000001bedbcb15c0 JavaThread "Cache worker for file hash cache (C:\Users\msi\.gradle\caches\8.3\fileHashes)" [_thread_blocked, id=12096, stack(0x0000003f5ed00000,0x0000003f5ee00000)]
  0x000001bedbcb1b10 JavaThread "File watcher server" daemon [_thread_in_native, id=18352, stack(0x0000003f5ef00000,0x0000003f5f000000)]
  0x000001bedbcb6020 JavaThread "File watcher consumer" daemon [_thread_blocked, id=7412, stack(0x0000003f5f000000,0x0000003f5f100000)]
  0x000001bedbcb25b0 JavaThread "Cache worker for checksums cache (C:\Users\msi\Desktop\match-mate-app\MatchMateApp\android\.gradle\8.3\checksums)" [_thread_blocked, id=26880, stack(0x0000003f5f700000,0x0000003f5f800000)]
  0x000001bedbcb05d0 JavaThread "Cache worker for file hash cache (C:\Users\msi\Desktop\match-mate-app\MatchMateApp\android\.gradle\8.3\fileHashes)" [_thread_blocked, id=2312, stack(0x0000003f5f800000,0x0000003f5f900000)]
  0x000001bedbcb7010 JavaThread "Cache worker for cache directory md-supplier (C:\Users\msi\.gradle\caches\8.3\md-supplier)" [_thread_blocked, id=16276, stack(0x0000003f5f900000,0x0000003f5fa00000)]
  0x000001bedbcb5580 JavaThread "Cache worker for file content cache (C:\Users\msi\.gradle\caches\8.3\fileContent)" [_thread_blocked, id=20204, stack(0x0000003f5fa00000,0x0000003f5fb00000)]
  0x000001bedbcb2b00 JavaThread "Cache worker for cache directory md-rule (C:\Users\msi\.gradle\caches\8.3\md-rule)" [_thread_blocked, id=26824, stack(0x0000003f5fb00000,0x0000003f5fc00000)]
  0x000001bedbcb0b20 JavaThread "Cache worker for execution history cache (C:\Users\msi\.gradle\caches\8.3\executionHistory)" [_thread_blocked, id=13512, stack(0x0000003f5fc00000,0x0000003f5fd00000)]
  0x000001bedbcb3af0 JavaThread "jar transforms" [_thread_blocked, id=18304, stack(0x0000003f5fd00000,0x0000003f5fe00000)]
  0x000001bedbcb6ac0 JavaThread "jar transforms Thread 2" [_thread_blocked, id=24276, stack(0x0000003f5fe00000,0x0000003f5ff00000)]
  0x000001bedd3526e0 JavaThread "jar transforms Thread 3" [_thread_blocked, id=10336, stack(0x0000003f5e600000,0x0000003f5e700000)]
  0x000001bedd34e1d0 JavaThread "jar transforms Thread 4" [_thread_blocked, id=16560, stack(0x0000003f5ee00000,0x0000003f5ef00000)]
  0x000001bedd3516f0 JavaThread "Cache worker for kotlin-dsl (C:\Users\msi\.gradle\caches\8.3\kotlin-dsl)" [_thread_blocked, id=17084, stack(0x0000003f60000000,0x0000003f60100000)]
  0x000001bedd34f1c0 JavaThread "jar transforms Thread 5" [_thread_blocked, id=22816, stack(0x0000003f60200000,0x0000003f60300000)]
  0x000001bedd34f710 JavaThread "jar transforms Thread 6" [_thread_blocked, id=17228, stack(0x0000003f60300000,0x0000003f60400000)]
  0x000001bedd3511a0 JavaThread "Unconstrained build operations" [_thread_blocked, id=13608, stack(0x0000003f60400000,0x0000003f60500000)]
  0x000001bedd350700 JavaThread "Unconstrained build operations Thread 2" [_thread_blocked, id=19656, stack(0x0000003f60500000,0x0000003f60600000)]
  0x000001bedd3501b0 JavaThread "jar transforms Thread 7" [_thread_blocked, id=22212, stack(0x0000003f60600000,0x0000003f60700000)]
  0x000001bedd351c40 JavaThread "jar transforms Thread 8" [_thread_blocked, id=24808, stack(0x0000003f60700000,0x0000003f60800000)]
  0x000001bedd3536d0 JavaThread "jar transforms Thread 9" [_thread_blocked, id=6000, stack(0x0000003f60800000,0x0000003f60900000)]
  0x000001bedd352190 JavaThread "jar transforms Thread 10" [_thread_blocked, id=22208, stack(0x0000003f60900000,0x0000003f60a00000)]
  0x000001bedd34e720 JavaThread "jar transforms Thread 11" [_thread_blocked, id=24664, stack(0x0000003f60a00000,0x0000003f60b00000)]
  0x000001bedd352c30 JavaThread "jar transforms Thread 12" [_thread_blocked, id=2240, stack(0x0000003f60b00000,0x0000003f60c00000)]
  0x000001bedd34c1f0 JavaThread "Cache worker for dependencies-accessors (C:\Users\msi\Desktop\match-mate-app\MatchMateApp\android\.gradle\8.3\dependencies-accessors)" [_thread_blocked, id=6912, stack(0x0000003f60c00000,0x0000003f60d00000)]
  0x000001bedd34c740 JavaThread "Cache worker for Build Output Cleanup Cache (C:\Users\msi\Desktop\match-mate-app\MatchMateApp\node_modules\@react-native\gradle-plugin\.gradle\buildOutputCleanup)" [_thread_blocked, id=9184, stack(0x0000003f60d00000,0x0000003f60e00000)]
  0x000001bedd34fc60 JavaThread "Unconstrained build operations Thread 3" [_thread_blocked, id=14204, stack(0x0000003f60e00000,0x0000003f60f00000)]
  0x000001bedd34d1e0 JavaThread "Unconstrained build operations Thread 4" [_thread_blocked, id=1716, stack(0x0000003f60f00000,0x0000003f61000000)]
  0x000001bedd34cc90 JavaThread "Unconstrained build operations Thread 5" [_thread_blocked, id=19092, stack(0x0000003f61000000,0x0000003f61100000)]
  0x000001bedd34d730 JavaThread "Unconstrained build operations Thread 6" [_thread_blocked, id=16748, stack(0x0000003f61100000,0x0000003f61200000)]
  0x000001bedd34dc80 JavaThread "Unconstrained build operations Thread 7" [_thread_blocked, id=5524, stack(0x0000003f61200000,0x0000003f61300000)]
  0x000001bedf706c00 JavaThread "Unconstrained build operations Thread 8" [_thread_blocked, id=27068, stack(0x0000003f61300000,0x0000003f61400000)]
  0x000001bedf708be0 JavaThread "Unconstrained build operations Thread 9" [_thread_blocked, id=14644, stack(0x0000003f61400000,0x0000003f61500000)]
  0x000001bedf7066b0 JavaThread "Unconstrained build operations Thread 10" [_thread_blocked, id=25876, stack(0x0000003f61500000,0x0000003f61600000)]
  0x000001bedf70bbb0 JavaThread "Unconstrained build operations Thread 11" [_thread_blocked, id=5988, stack(0x0000003f61600000,0x0000003f61700000)]
  0x000001bedf70b110 JavaThread "Unconstrained build operations Thread 12" [_thread_blocked, id=18832, stack(0x0000003f61700000,0x0000003f61800000)]
  0x000001bedf709130 JavaThread "Unconstrained build operations Thread 13" [_thread_blocked, id=18948, stack(0x0000003f61800000,0x0000003f61900000)]
  0x000001bedf7076a0 JavaThread "Memory manager" [_thread_blocked, id=4208, stack(0x0000003f61900000,0x0000003f61a00000)]
  0x000001bedf70c650 JavaThread "Cache worker for Build Output Cleanup Cache (C:\Users\msi\Desktop\match-mate-app\MatchMateApp\android\.gradle\buildOutputCleanup)" [_thread_blocked, id=14124, stack(0x0000003f60100000,0x0000003f60200000)]
  0x000001bedf70a120 JavaThread "ForkJoinPool.commonPool-worker-1" daemon [_thread_blocked, id=2472, stack(0x0000003f61a00000,0x0000003f61b00000)]
  0x000001bedf70abc0 JavaThread "ForkJoinPool.commonPool-worker-2" daemon [_thread_blocked, id=11840, stack(0x0000003f61b00000,0x0000003f61c00000)]
  0x000001bedf708140 JavaThread "ForkJoinPool.commonPool-worker-3" daemon [_thread_blocked, id=18212, stack(0x0000003f61c00000,0x0000003f61d00000)]
  0x000001bedf709bd0 JavaThread "ForkJoinPool.commonPool-worker-4" daemon [_thread_blocked, id=20376, stack(0x0000003f61d00000,0x0000003f61e00000)]
  0x000001bedf708690 JavaThread "ForkJoinPool.commonPool-worker-5" daemon [_thread_blocked, id=13624, stack(0x0000003f61e00000,0x0000003f61f00000)]
  0x000001bedf70b660 JavaThread "ForkJoinPool.commonPool-worker-7" daemon [_thread_blocked, id=16332, stack(0x0000003f61f00000,0x0000003f62000000)]
  0x000001bedf70cba0 JavaThread "ForkJoinPool.commonPool-worker-6" daemon [_thread_blocked, id=2800, stack(0x0000003f62000000,0x0000003f62100000)]
  0x000001bedf7056c0 JavaThread "ForkJoinPool.commonPool-worker-8" daemon [_thread_blocked, id=12828, stack(0x0000003f62100000,0x0000003f62200000)]
  0x000001bedf705c10 JavaThread "ForkJoinPool.commonPool-worker-9" daemon [_thread_blocked, id=13472, stack(0x0000003f62200000,0x0000003f62300000)]
  0x000001bede1abfb0 JavaThread "ForkJoinPool.commonPool-worker-10" daemon [_thread_blocked, id=9952, stack(0x0000003f62300000,0x0000003f62400000)]
  0x000001bede1af4d0 JavaThread "ForkJoinPool.commonPool-worker-11" daemon [_thread_blocked, id=23056, stack(0x0000003f62400000,0x0000003f62500000)]
  0x000001bede1ae4e0 JavaThread "Exec process" daemon [_thread_blocked, id=700, stack(0x0000003f62500000,0x0000003f62600000)]
  0x000001bede1ac500 JavaThread "Exec process Thread 2" daemon [_thread_blocked, id=14096, stack(0x0000003f62600000,0x0000003f62700000)]
  0x000001bede1aea30 JavaThread "Exec process Thread 3" daemon [_thread_blocked, id=8376, stack(0x0000003f62700000,0x0000003f62800000)]
  0x000001bede1aef80 JavaThread "included builds" [_thread_blocked, id=10828, stack(0x0000003f5ff00000,0x0000003f60000000)]
  0x000001bede1ada40 JavaThread "Execution worker" [_thread_blocked, id=15248, stack(0x0000003f62800000,0x0000003f62900000)]
  0x000001bede1ad4f0 JavaThread "Execution worker Thread 2" [_thread_blocked, id=24920, stack(0x0000003f62900000,0x0000003f62a00000)]
  0x000001bede1aca50 JavaThread "Execution worker Thread 3" [_thread_blocked, id=7904, stack(0x0000003f62a00000,0x0000003f62b00000)]
  0x000001bede1adf90 JavaThread "Execution worker Thread 4" [_thread_blocked, id=26180, stack(0x0000003f62b00000,0x0000003f62c00000)]
  0x000001bede1acfa0 JavaThread "Execution worker Thread 5" [_thread_blocked, id=23804, stack(0x0000003f62c00000,0x0000003f62d00000)]
  0x000001bedee8be50 JavaThread "Execution worker Thread 6" [_thread_blocked, id=3296, stack(0x0000003f62d00000,0x0000003f62e00000)]
  0x000001bedee8b900 JavaThread "Execution worker Thread 7" [_thread_blocked, id=1512, stack(0x0000003f62e00000,0x0000003f62f00000)]
  0x000001bedee8c3a0 JavaThread "Execution worker Thread 8" [_thread_blocked, id=22716, stack(0x0000003f62f00000,0x0000003f63000000)]
  0x000001bedee88e80 JavaThread "Execution worker Thread 9" [_thread_blocked, id=17564, stack(0x0000003f63000000,0x0000003f63100000)]
  0x000001bedee8c8f0 JavaThread "Execution worker Thread 10" [_thread_blocked, id=10368, stack(0x0000003f63100000,0x0000003f63200000)]
  0x000001bedee85410 JavaThread "Execution worker Thread 11" [_thread_blocked, id=9612, stack(0x0000003f63200000,0x0000003f63300000)]
  0x000001bedc7d12d0 JavaThread "C2 CompilerThread1" daemon [_thread_in_native, id=26092, stack(0x0000003f63300000,0x0000003f63400000)]
  0x000001bedee87e90 JavaThread "Cache worker for execution history cache (C:\Users\msi\Desktop\match-mate-app\MatchMateApp\node_modules\@react-native\gradle-plugin\.gradle\8.3\executionHistory)" [_thread_blocked, id=17736, stack(0x0000003f63400000,0x0000003f63500000)]
  0x000001bedee893d0 JavaThread "Unconstrained build operations Thread 14" [_thread_blocked, id=26188, stack(0x0000003f63500000,0x0000003f63600000)]
  0x000001bedee8ce40 JavaThread "Unconstrained build operations Thread 15" [_thread_blocked, id=4188, stack(0x0000003f63600000,0x0000003f63700000)]
  0x000001bedee8b3b0 JavaThread "Unconstrained build operations Thread 16" [_thread_blocked, id=25888, stack(0x0000003f63700000,0x0000003f63800000)]
  0x000001bedee85960 JavaThread "Unconstrained build operations Thread 17" [_thread_blocked, id=26376, stack(0x0000003f63800000,0x0000003f63900000)]
  0x000001bedee86400 JavaThread "Unconstrained build operations Thread 18" [_thread_blocked, id=19048, stack(0x0000003f63900000,0x0000003f63a00000)]
  0x000001bedee85eb0 JavaThread "Unconstrained build operations Thread 19" [_thread_blocked, id=8504, stack(0x0000003f63a00000,0x0000003f63b00000)]
  0x000001bedee86950 JavaThread "Unconstrained build operations Thread 20" [_thread_blocked, id=18080, stack(0x0000003f63b00000,0x0000003f63c00000)]
  0x000001bedee883e0 JavaThread "Unconstrained build operations Thread 21" [_thread_blocked, id=15032, stack(0x0000003f63c00000,0x0000003f63d00000)]
  0x000001bedee86ea0 JavaThread "Unconstrained build operations Thread 22" [_thread_blocked, id=8032, stack(0x0000003f63d00000,0x0000003f63e00000)]
  0x000001bedee88930 JavaThread "Unconstrained build operations Thread 23" [_thread_blocked, id=22520, stack(0x0000003f63e00000,0x0000003f63f00000)]
  0x000001bedee873f0 JavaThread "Unconstrained build operations Thread 24" [_thread_blocked, id=22372, stack(0x0000003f63f00000,0x0000003f64000000)]
  0x000001bedee89e70 JavaThread "Unconstrained build operations Thread 25" [_thread_blocked, id=24308, stack(0x0000003f64000000,0x0000003f64100000)]
  0x000001bedee89920 JavaThread "Unconstrained build operations Thread 26" [_thread_blocked, id=16188, stack(0x0000003f64100000,0x0000003f64200000)]
  0x000001bedee8ae60 JavaThread "Unconstrained build operations Thread 27" [_thread_blocked, id=24424, stack(0x0000003f64200000,0x0000003f64300000)]
  0x000001bedee87940 JavaThread "Unconstrained build operations Thread 28" [_thread_blocked, id=10848, stack(0x0000003f64300000,0x0000003f64400000)]
  0x000001bedee8a3c0 JavaThread "Unconstrained build operations Thread 29" [_thread_blocked, id=4048, stack(0x0000003f64400000,0x0000003f64500000)]
  0x000001bedee8a910 JavaThread "Unconstrained build operations Thread 30" [_thread_blocked, id=16988, stack(0x0000003f64500000,0x0000003f64600000)]
  0x000001bedbcb5030 JavaThread "Unconstrained build operations Thread 31" [_thread_blocked, id=24452, stack(0x0000003f64600000,0x0000003f64700000)]
  0x000001bedbcb7ab0 JavaThread "Unconstrained build operations Thread 32" [_thread_blocked, id=25492, stack(0x0000003f64700000,0x0000003f64800000)]
  0x000001bede785180 JavaThread "Unconstrained build operations Thread 33" [_thread_blocked, id=14728, stack(0x0000003f64800000,0x0000003f64900000)]
  0x000001bede782c50 JavaThread "Unconstrained build operations Thread 34" [_thread_blocked, id=18120, stack(0x0000003f64900000,0x0000003f64a00000)]
  0x000001bede787160 JavaThread "Unconstrained build operations Thread 35" [_thread_blocked, id=19224, stack(0x0000003f64a00000,0x0000003f64b00000)]
  0x000001bede7821b0 JavaThread "Unconstrained build operations Thread 36" [_thread_blocked, id=3120, stack(0x0000003f64b00000,0x0000003f64c00000)]
  0x000001bede7811c0 JavaThread "Unconstrained build operations Thread 37" [_thread_blocked, id=19992, stack(0x0000003f64c00000,0x0000003f64d00000)]
  0x000001bedc7ce650 JavaThread "C2 CompilerThread2" daemon [_thread_blocked, id=7396, stack(0x0000003f64d00000,0x0000003f64e00000)]

Other Threads:
  0x000001bebb0a5bf0 VMThread "VM Thread" [stack: 0x0000003f5ce00000,0x0000003f5cf00000] [id=22748]
  0x000001bed62e2790 WatcherThread "VM Periodic Task Thread" [stack: 0x0000003f5d900000,0x0000003f5da00000] [id=21452]
  0x000001be9e29c630 WorkerThread "GC Thread#0" [stack: 0x0000003f5c900000,0x0000003f5ca00000] [id=20524]
  0x000001beda7a6440 WorkerThread "GC Thread#1" [stack: 0x0000003f5db00000,0x0000003f5dc00000] [id=17936]
  0x000001beda7a77f0 WorkerThread "GC Thread#2" [stack: 0x0000003f5dc00000,0x0000003f5dd00000] [id=26944]
  0x000001beda7a7ac0 WorkerThread "GC Thread#3" [stack: 0x0000003f5dd00000,0x0000003f5de00000] [id=4536]
  0x000001beda7a5ea0 WorkerThread "GC Thread#4" [stack: 0x0000003f5de00000,0x0000003f5df00000] [id=15812]
  0x000001beda7a7520 WorkerThread "GC Thread#5" [stack: 0x0000003f5df00000,0x0000003f5e000000] [id=26948]
  0x000001bedbfe3a20 WorkerThread "GC Thread#6" [stack: 0x0000003f5f100000,0x0000003f5f200000] [id=4692]
  0x000001bedbfe1b30 WorkerThread "GC Thread#7" [stack: 0x0000003f5f200000,0x0000003f5f300000] [id=19124]
  0x000001bedbfe0d20 WorkerThread "GC Thread#8" [stack: 0x0000003f5f300000,0x0000003f5f400000] [id=18004]
  0x000001bedbfe0780 WorkerThread "GC Thread#9" [stack: 0x0000003f5f400000,0x0000003f5f500000] [id=27588]
  0x000001be9e2ad6e0 ConcurrentGCThread "G1 Main Marker" [stack: 0x0000003f5ca00000,0x0000003f5cb00000] [id=23748]
  0x000001be9e2ae8b0 WorkerThread "G1 Conc#0" [stack: 0x0000003f5cb00000,0x0000003f5cc00000] [id=23548]
  0x000001bedbfe0a50 WorkerThread "G1 Conc#1" [stack: 0x0000003f5f500000,0x0000003f5f600000] [id=19572]
=>0x000001bedbfe12c0 WorkerThread "G1 Conc#2" [stack: 0x0000003f5f600000,0x0000003f5f700000] [id=25116]
  0x000001bebafe2a40 ConcurrentGCThread "G1 Refine#0" [stack: 0x0000003f5cc00000,0x0000003f5cd00000] [id=13156]
  0x000001bebafe33f0 ConcurrentGCThread "G1 Service" [stack: 0x0000003f5cd00000,0x0000003f5ce00000] [id=16776]

Threads with active compile tasks:
C2 CompilerThread1    18224 8996       4       org.gradle.internal.instantiation.generator.AbstractClassGenerator::inspectType (560 bytes)

VM state: not at safepoint (normal execution)

VM Mutex/Monitor currently owned by a thread: None

Heap address: 0x0000000080000000, size: 2048 MB, Compressed Oops mode: 32-bit

CDS archive(s) mapped at: [0x000001bebb400000-0x000001bebc060000-0x000001bebc060000), size 12976128, SharedBaseAddress: 0x000001bebb400000, ArchiveRelocationMode: 1.
Compressed class space mapped at: 0x000001bebc400000-0x000001bed6000000, reserved size: 432013312
Narrow klass base: 0x000001bebb400000, Narrow klass shift: 0, Narrow klass range: 0x100000000

GC Precious Log:
 CardTable entry size: 512
 Card Set container configuration: InlinePtr #cards 5 size 8 Array Of Cards #cards 12 size 40 Howl #buckets 4 coarsen threshold 1843 Howl Bitmap #cards 512 size 80 coarsen threshold 460 Card regions per heap region 1 cards per card region 2048
 CPUs: 12 total, 12 available
 Memory: 16201M
 Large Page Support: Disabled
 NUMA Support: Disabled
 Compressed Oops: Enabled (32-bit)
 Heap Region Size: 1M
 Heap Min Capacity: 8M
 Heap Initial Capacity: 254M
 Heap Max Capacity: 2G
 Pre-touch: Disabled
 Parallel Workers: 10
 Concurrent Workers: 3
 Concurrent Refinement Workers: 10
 Periodic GC: Disabled

Heap:
 garbage-first heap   total 117760K, used 89169K [0x0000000080000000, 0x0000000100000000)
  region size 1024K, 12 young (12288K), 3 survivors (3072K)
 Metaspace       used 74286K, committed 76352K, reserved 487424K
  class space    used 10404K, committed 11456K, reserved 421888K

Heap Regions: E=young(eden), S=young(survivor), O=old, HS=humongous(starts), HC=humongous(continues), CS=collection set, F=free, OA=open archive, CA=closed archive, TAMS=top-at-mark-start, PB=parsable bottom
|   0|0x0000000080000000, 0x0000000080100000, 0x0000000080100000|100%|HS|  |TAMS 0x0000000080100000| PB 0x0000000080000000| Complete 
|   1|0x0000000080100000, 0x0000000080200000, 0x0000000080200000|100%|HC|  |TAMS 0x0000000080200000| PB 0x0000000080100000| Complete 
|   2|0x0000000080200000, 0x0000000080300000, 0x0000000080300000|100%|HC|  |TAMS 0x0000000080300000| PB 0x0000000080200000| Complete 
|   3|0x0000000080300000, 0x0000000080400000, 0x0000000080400000|100%|HC|  |TAMS 0x0000000080400000| PB 0x0000000080300000| Complete 
|   4|0x0000000080400000, 0x0000000080500000, 0x0000000080500000|100%| O|  |TAMS 0x0000000080500000| PB 0x0000000080400000| Untracked 
|   5|0x0000000080500000, 0x0000000080600000, 0x0000000080600000|100%| O|  |TAMS 0x0000000080600000| PB 0x0000000080500000| Untracked 
|   6|0x0000000080600000, 0x0000000080700000, 0x0000000080700000|100%| O|  |TAMS 0x0000000080700000| PB 0x0000000080600000| Untracked 
|   7|0x0000000080700000, 0x0000000080800000, 0x0000000080800000|100%| O|  |TAMS 0x0000000080800000| PB 0x0000000080700000| Untracked 
|   8|0x0000000080800000, 0x0000000080900000, 0x0000000080900000|100%| O|  |TAMS 0x0000000080900000| PB 0x0000000080800000| Untracked 
|   9|0x0000000080900000, 0x0000000080a00000, 0x0000000080a00000|100%| O|  |TAMS 0x0000000080a00000| PB 0x0000000080900000| Untracked 
|  10|0x0000000080a00000, 0x0000000080b00000, 0x0000000080b00000|100%| O|  |TAMS 0x0000000080b00000| PB 0x0000000080a00000| Untracked 
|  11|0x0000000080b00000, 0x0000000080c00000, 0x0000000080c00000|100%| O|  |TAMS 0x0000000080c00000| PB 0x0000000080b00000| Untracked 
|  12|0x0000000080c00000, 0x0000000080d00000, 0x0000000080d00000|100%| O|  |TAMS 0x0000000080d00000| PB 0x0000000080c00000| Untracked 
|  13|0x0000000080d00000, 0x0000000080e00000, 0x0000000080e00000|100%| O|  |TAMS 0x0000000080e00000| PB 0x0000000080d00000| Untracked 
|  14|0x0000000080e00000, 0x0000000080f00000, 0x0000000080f00000|100%| O|  |TAMS 0x0000000080f00000| PB 0x0000000080e00000| Untracked 
|  15|0x0000000080f00000, 0x0000000081000000, 0x0000000081000000|100%| O|  |TAMS 0x0000000081000000| PB 0x0000000080f00000| Untracked 
|  16|0x0000000081000000, 0x0000000081100000, 0x0000000081100000|100%| O|  |TAMS 0x0000000081100000| PB 0x0000000081000000| Untracked 
|  17|0x0000000081100000, 0x0000000081200000, 0x0000000081200000|100%| O|  |TAMS 0x0000000081200000| PB 0x0000000081100000| Untracked 
|  18|0x0000000081200000, 0x0000000081300000, 0x0000000081300000|100%| O|  |TAMS 0x0000000081300000| PB 0x0000000081200000| Untracked 
|  19|0x0000000081300000, 0x0000000081400000, 0x0000000081400000|100%| O|  |TAMS 0x0000000081400000| PB 0x0000000081300000| Untracked 
|  20|0x0000000081400000, 0x0000000081500000, 0x0000000081500000|100%| O|  |TAMS 0x0000000081500000| PB 0x0000000081400000| Untracked 
|  21|0x0000000081500000, 0x0000000081600000, 0x0000000081600000|100%| O|  |TAMS 0x0000000081600000| PB 0x0000000081500000| Untracked 
|  22|0x0000000081600000, 0x0000000081700000, 0x0000000081700000|100%| O|  |TAMS 0x0000000081700000| PB 0x0000000081600000| Untracked 
|  23|0x0000000081700000, 0x0000000081800000, 0x0000000081800000|100%|HS|  |TAMS 0x0000000081800000| PB 0x0000000081700000| Complete 
|  24|0x0000000081800000, 0x0000000081900000, 0x0000000081900000|100%|HC|  |TAMS 0x0000000081900000| PB 0x0000000081800000| Complete 
|  25|0x0000000081900000, 0x0000000081a00000, 0x0000000081a00000|100%|HS|  |TAMS 0x0000000081a00000| PB 0x0000000081900000| Complete 
|  26|0x0000000081a00000, 0x0000000081b00000, 0x0000000081b00000|100%|HC|  |TAMS 0x0000000081b00000| PB 0x0000000081a00000| Complete 
|  27|0x0000000081b00000, 0x0000000081c00000, 0x0000000081c00000|100%|HS|  |TAMS 0x0000000081c00000| PB 0x0000000081b00000| Complete 
|  28|0x0000000081c00000, 0x0000000081d00000, 0x0000000081d00000|100%|HC|  |TAMS 0x0000000081d00000| PB 0x0000000081c00000| Complete 
|  29|0x0000000081d00000, 0x0000000081e00000, 0x0000000081e00000|100%|HC|  |TAMS 0x0000000081e00000| PB 0x0000000081d00000| Complete 
|  30|0x0000000081e00000, 0x0000000081f00000, 0x0000000081f00000|100%|HC|  |TAMS 0x0000000081f00000| PB 0x0000000081e00000| Complete 
|  31|0x0000000081f00000, 0x0000000082000000, 0x0000000082000000|100%| O|  |TAMS 0x0000000082000000| PB 0x0000000081f00000| Untracked 
|  32|0x0000000082000000, 0x0000000082100000, 0x0000000082100000|100%| O|  |TAMS 0x0000000082100000| PB 0x0000000082000000| Untracked 
|  33|0x0000000082100000, 0x0000000082200000, 0x0000000082200000|100%| O|  |TAMS 0x0000000082200000| PB 0x0000000082100000| Untracked 
|  34|0x0000000082200000, 0x0000000082300000, 0x0000000082300000|100%|HS|  |TAMS 0x0000000082300000| PB 0x0000000082200000| Complete 
|  35|0x0000000082300000, 0x0000000082400000, 0x0000000082400000|100%|HC|  |TAMS 0x0000000082400000| PB 0x0000000082300000| Complete 
|  36|0x0000000082400000, 0x0000000082500000, 0x0000000082500000|100%|HC|  |TAMS 0x0000000082500000| PB 0x0000000082400000| Complete 
|  37|0x0000000082500000, 0x0000000082600000, 0x0000000082600000|100%|HC|  |TAMS 0x0000000082600000| PB 0x0000000082500000| Complete 
|  38|0x0000000082600000, 0x0000000082700000, 0x0000000082700000|100%| O|  |TAMS 0x0000000082700000| PB 0x0000000082600000| Untracked 
|  39|0x0000000082700000, 0x0000000082800000, 0x0000000082800000|100%| O|  |TAMS 0x0000000082800000| PB 0x0000000082700000| Untracked 
|  40|0x0000000082800000, 0x0000000082900000, 0x0000000082900000|100%| O|  |TAMS 0x0000000082900000| PB 0x0000000082800000| Untracked 
|  41|0x0000000082900000, 0x0000000082a00000, 0x0000000082a00000|100%| O|  |TAMS 0x0000000082a00000| PB 0x0000000082900000| Untracked 
|  42|0x0000000082a00000, 0x0000000082b00000, 0x0000000082b00000|100%| O|  |TAMS 0x0000000082b00000| PB 0x0000000082a00000| Untracked 
|  43|0x0000000082b00000, 0x0000000082c00000, 0x0000000082c00000|100%| O|  |TAMS 0x0000000082c00000| PB 0x0000000082b00000| Untracked 
|  44|0x0000000082c00000, 0x0000000082d00000, 0x0000000082d00000|100%| O|  |TAMS 0x0000000082d00000| PB 0x0000000082c00000| Untracked 
|  45|0x0000000082d00000, 0x0000000082e00000, 0x0000000082e00000|100%| O|  |TAMS 0x0000000082e00000| PB 0x0000000082d00000| Untracked 
|  46|0x0000000082e00000, 0x0000000082f00000, 0x0000000082f00000|100%| O|  |TAMS 0x0000000082f00000| PB 0x0000000082e00000| Untracked 
|  47|0x0000000082f00000, 0x0000000083000000, 0x0000000083000000|100%| O|  |TAMS 0x0000000083000000| PB 0x0000000082f00000| Untracked 
|  48|0x0000000083000000, 0x0000000083100000, 0x0000000083100000|100%|HS|  |TAMS 0x0000000083100000| PB 0x0000000083000000| Complete 
|  49|0x0000000083100000, 0x0000000083200000, 0x0000000083200000|100%|HS|  |TAMS 0x0000000083200000| PB 0x0000000083100000| Complete 
|  50|0x0000000083200000, 0x0000000083300000, 0x0000000083300000|100%|HS|  |TAMS 0x0000000083300000| PB 0x0000000083200000| Complete 
|  51|0x0000000083300000, 0x0000000083400000, 0x0000000083400000|100%| O|  |TAMS 0x0000000083400000| PB 0x0000000083300000| Untracked 
|  52|0x0000000083400000, 0x0000000083500000, 0x0000000083500000|100%| O|  |TAMS 0x0000000083500000| PB 0x0000000083400000| Untracked 
|  53|0x0000000083500000, 0x0000000083600000, 0x0000000083600000|100%|HS|  |TAMS 0x0000000083600000| PB 0x0000000083500000| Complete 
|  54|0x0000000083600000, 0x0000000083700000, 0x0000000083700000|100%| O|  |TAMS 0x0000000083700000| PB 0x0000000083600000| Untracked 
|  55|0x0000000083700000, 0x0000000083800000, 0x0000000083800000|100%| O|  |TAMS 0x0000000083800000| PB 0x0000000083700000| Untracked 
|  56|0x0000000083800000, 0x0000000083900000, 0x0000000083900000|100%| O|  |TAMS 0x0000000083900000| PB 0x0000000083800000| Untracked 
|  57|0x0000000083900000, 0x0000000083a00000, 0x0000000083a00000|100%| O|  |TAMS 0x0000000083a00000| PB 0x0000000083900000| Untracked 
|  58|0x0000000083a00000, 0x0000000083b00000, 0x0000000083b00000|100%| O|  |TAMS 0x0000000083b00000| PB 0x0000000083a00000| Untracked 
|  59|0x0000000083b00000, 0x0000000083c00000, 0x0000000083c00000|100%| O|  |TAMS 0x0000000083c00000| PB 0x0000000083b00000| Untracked 
|  60|0x0000000083c00000, 0x0000000083d00000, 0x0000000083d00000|100%| O|  |TAMS 0x0000000083d00000| PB 0x0000000083c00000| Untracked 
|  61|0x0000000083d00000, 0x0000000083da7200, 0x0000000083e00000| 65%| O|  |TAMS 0x0000000083da7200| PB 0x0000000083d00000| Untracked 
|  62|0x0000000083e00000, 0x0000000083f00000, 0x0000000083f00000|100%| O|  |TAMS 0x0000000083f00000| PB 0x0000000083e00000| Untracked 
|  63|0x0000000083f00000, 0x0000000084000000, 0x0000000084000000|100%| O|  |TAMS 0x0000000084000000| PB 0x0000000083f00000| Untracked 
|  64|0x0000000084000000, 0x0000000084000000, 0x0000000084100000|  0%| F|  |TAMS 0x0000000084000000| PB 0x0000000084000000| Untracked 
|  65|0x0000000084100000, 0x0000000084100000, 0x0000000084200000|  0%| F|  |TAMS 0x0000000084100000| PB 0x0000000084100000| Untracked 
|  66|0x0000000084200000, 0x0000000084200000, 0x0000000084300000|  0%| F|  |TAMS 0x0000000084200000| PB 0x0000000084200000| Untracked 
|  67|0x0000000084300000, 0x0000000084300000, 0x0000000084400000|  0%| F|  |TAMS 0x0000000084300000| PB 0x0000000084300000| Untracked 
|  68|0x0000000084400000, 0x0000000084400000, 0x0000000084500000|  0%| F|  |TAMS 0x0000000084400000| PB 0x0000000084400000| Untracked 
|  69|0x0000000084500000, 0x0000000084500000, 0x0000000084600000|  0%| F|  |TAMS 0x0000000084500000| PB 0x0000000084500000| Untracked 
|  70|0x0000000084600000, 0x0000000084600000, 0x0000000084700000|  0%| F|  |TAMS 0x0000000084600000| PB 0x0000000084600000| Untracked 
|  71|0x0000000084700000, 0x000000008476d5f0, 0x0000000084800000| 42%| S|CS|TAMS 0x0000000084700000| PB 0x0000000084700000| Complete 
|  72|0x0000000084800000, 0x0000000084800000, 0x0000000084900000|  0%| F|  |TAMS 0x0000000084800000| PB 0x0000000084800000| Untracked 
|  73|0x0000000084900000, 0x0000000084900000, 0x0000000084a00000|  0%| F|  |TAMS 0x0000000084900000| PB 0x0000000084900000| Untracked 
|  74|0x0000000084a00000, 0x0000000084a00000, 0x0000000084b00000|  0%| F|  |TAMS 0x0000000084a00000| PB 0x0000000084a00000| Untracked 
|  75|0x0000000084b00000, 0x0000000084c00000, 0x0000000084c00000|100%| S|CS|TAMS 0x0000000084b00000| PB 0x0000000084b00000| Complete 
|  76|0x0000000084c00000, 0x0000000084d00000, 0x0000000084d00000|100%| S|CS|TAMS 0x0000000084c00000| PB 0x0000000084c00000| Complete 
|  77|0x0000000084d00000, 0x0000000084d00000, 0x0000000084e00000|  0%| F|  |TAMS 0x0000000084d00000| PB 0x0000000084d00000| Untracked 
|  78|0x0000000084e00000, 0x0000000084e00000, 0x0000000084f00000|  0%| F|  |TAMS 0x0000000084e00000| PB 0x0000000084e00000| Untracked 
|  79|0x0000000084f00000, 0x0000000084f00000, 0x0000000085000000|  0%| F|  |TAMS 0x0000000084f00000| PB 0x0000000084f00000| Untracked 
|  80|0x0000000085000000, 0x0000000085000000, 0x0000000085100000|  0%| F|  |TAMS 0x0000000085000000| PB 0x0000000085000000| Untracked 
|  81|0x0000000085100000, 0x0000000085100000, 0x0000000085200000|  0%| F|  |TAMS 0x0000000085100000| PB 0x0000000085100000| Untracked 
|  82|0x0000000085200000, 0x0000000085200000, 0x0000000085300000|  0%| F|  |TAMS 0x0000000085200000| PB 0x0000000085200000| Untracked 
|  83|0x0000000085300000, 0x0000000085300000, 0x0000000085400000|  0%| F|  |TAMS 0x0000000085300000| PB 0x0000000085300000| Untracked 
|  84|0x0000000085400000, 0x0000000085400000, 0x0000000085500000|  0%| F|  |TAMS 0x0000000085400000| PB 0x0000000085400000| Untracked 
|  85|0x0000000085500000, 0x0000000085500000, 0x0000000085600000|  0%| F|  |TAMS 0x0000000085500000| PB 0x0000000085500000| Untracked 
| 138|0x0000000088a00000, 0x0000000088a00000, 0x0000000088b00000|  0%| F|  |TAMS 0x0000000088a00000| PB 0x0000000088a00000| Untracked 
| 139|0x0000000088b00000, 0x0000000088b00000, 0x0000000088c00000|  0%| F|  |TAMS 0x0000000088b00000| PB 0x0000000088b00000| Untracked 
| 140|0x0000000088c00000, 0x0000000088c00000, 0x0000000088d00000|  0%| F|  |TAMS 0x0000000088c00000| PB 0x0000000088c00000| Untracked 
| 141|0x0000000088d00000, 0x0000000088d00000, 0x0000000088e00000|  0%| F|  |TAMS 0x0000000088d00000| PB 0x0000000088d00000| Untracked 
| 142|0x0000000088e00000, 0x0000000088e00000, 0x0000000088f00000|  0%| F|  |TAMS 0x0000000088e00000| PB 0x0000000088e00000| Untracked 
| 143|0x0000000088f00000, 0x0000000088f00000, 0x0000000089000000|  0%| F|  |TAMS 0x0000000088f00000| PB 0x0000000088f00000| Untracked 
| 144|0x0000000089000000, 0x0000000089000000, 0x0000000089100000|  0%| F|  |TAMS 0x0000000089000000| PB 0x0000000089000000| Untracked 
| 145|0x0000000089100000, 0x0000000089200000, 0x0000000089200000|100%| E|  |TAMS 0x0000000089100000| PB 0x0000000089100000| Complete 
| 146|0x0000000089200000, 0x0000000089300000, 0x0000000089300000|100%| E|CS|TAMS 0x0000000089200000| PB 0x0000000089200000| Complete 
| 147|0x0000000089300000, 0x0000000089400000, 0x0000000089400000|100%| E|CS|TAMS 0x0000000089300000| PB 0x0000000089300000| Complete 
| 148|0x0000000089400000, 0x0000000089500000, 0x0000000089500000|100%| E|CS|TAMS 0x0000000089400000| PB 0x0000000089400000| Complete 
| 149|0x0000000089500000, 0x0000000089600000, 0x0000000089600000|100%| E|CS|TAMS 0x0000000089500000| PB 0x0000000089500000| Complete 
| 150|0x0000000089600000, 0x0000000089700000, 0x0000000089700000|100%| E|CS|TAMS 0x0000000089600000| PB 0x0000000089600000| Complete 
| 252|0x000000008fc00000, 0x000000008fd00000, 0x000000008fd00000|100%| E|CS|TAMS 0x000000008fc00000| PB 0x000000008fc00000| Complete 
| 253|0x000000008fd00000, 0x000000008fe00000, 0x000000008fe00000|100%| E|CS|TAMS 0x000000008fd00000| PB 0x000000008fd00000| Complete 
|2034|0x00000000ff200000, 0x00000000ff300000, 0x00000000ff300000|100%| O|  |TAMS 0x00000000ff300000| PB 0x00000000ff200000| Untracked 
|2035|0x00000000ff300000, 0x00000000ff400000, 0x00000000ff400000|100%| O|  |TAMS 0x00000000ff400000| PB 0x00000000ff300000| Untracked 
|2036|0x00000000ff400000, 0x00000000ff500000, 0x00000000ff500000|100%| E|CS|TAMS 0x00000000ff400000| PB 0x00000000ff400000| Complete 
|2037|0x00000000ff500000, 0x00000000ff600000, 0x00000000ff600000|100%| O|  |TAMS 0x00000000ff600000| PB 0x00000000ff500000| Untracked 
|2038|0x00000000ff600000, 0x00000000ff700000, 0x00000000ff700000|100%| O|  |TAMS 0x00000000ff700000| PB 0x00000000ff600000| Untracked 
|2039|0x00000000ff700000, 0x00000000ff800000, 0x00000000ff800000|100%| O|  |TAMS 0x00000000ff800000| PB 0x00000000ff700000| Untracked 
|2040|0x00000000ff800000, 0x00000000ff900000, 0x00000000ff900000|100%| O|  |TAMS 0x00000000ff900000| PB 0x00000000ff800000| Untracked 
|2041|0x00000000ff900000, 0x00000000ffa00000, 0x00000000ffa00000|100%| O|  |TAMS 0x00000000ffa00000| PB 0x00000000ff900000| Untracked 
|2042|0x00000000ffa00000, 0x00000000ffb00000, 0x00000000ffb00000|100%| O|  |TAMS 0x00000000ffb00000| PB 0x00000000ffa00000| Untracked 
|2043|0x00000000ffb00000, 0x00000000ffc00000, 0x00000000ffc00000|100%| O|  |TAMS 0x00000000ffc00000| PB 0x00000000ffb00000| Untracked 
|2044|0x00000000ffc00000, 0x00000000ffd00000, 0x00000000ffd00000|100%| O|  |TAMS 0x00000000ffd00000| PB 0x00000000ffc00000| Untracked 
|2045|0x00000000ffd00000, 0x00000000ffe00000, 0x00000000ffe00000|100%| O|  |TAMS 0x00000000ffe00000| PB 0x00000000ffd00000| Untracked 
|2046|0x00000000ffe00000, 0x00000000fff00000, 0x00000000fff00000|100%| O|  |TAMS 0x00000000fff00000| PB 0x00000000ffe00000| Untracked 
|2047|0x00000000fff00000, 0x0000000100000000, 0x0000000100000000|100%| O|  |TAMS 0x0000000100000000| PB 0x00000000fff00000| Untracked 

Card table byte_map: [0x000001beb5c60000,0x000001beb6060000] _byte_map_base: 0x000001beb5860000

Marking Bits: (CMBitMap*) 0x000001be9e29cc60
 Bits: [0x000001beb6460000, 0x000001beb8460000)

Polling page: 0x000001be9d9f0000

Metaspace:

Usage:
  Non-class:     62.41 MB used.
      Class:     10.16 MB used.
       Both:     72.57 MB used.

Virtual space:
  Non-class space:       64.00 MB reserved,      63.44 MB (>99%) committed,  1 nodes.
      Class space:      412.00 MB reserved,      11.19 MB (  3%) committed,  1 nodes.
             Both:      476.00 MB reserved,      74.62 MB ( 16%) committed. 

Chunk freelists:
   Non-Class:  496.00 KB
       Class:  831.00 KB
        Both:  1.30 MB

MaxMetaspaceSize: 512.00 MB
CompressedClassSpaceSize: 412.00 MB
Initial GC threshold: 21.00 MB
Current GC threshold: 114.50 MB
CDS: on
MetaspaceReclaimPolicy: balanced
 - commit_granule_bytes: 65536.
 - commit_granule_words: 8192.
 - virtual_space_node_default_size: 8388608.
 - enlarge_chunks_in_place: 1.
 - new_chunks_are_fully_committed: 0.
 - uncommit_free_chunks: 1.
 - use_allocation_guard: 0.


Internal statistics:

num_allocs_failed_limit: 12.
num_arena_births: 3552.
num_arena_deaths: 0.
num_vsnodes_births: 2.
num_vsnodes_deaths: 0.
num_space_committed: 1194.
num_space_uncommitted: 0.
num_chunks_returned_to_freelist: 12.
num_chunks_taken_from_freelist: 6908.
num_chunk_merges: 12.
num_chunk_splits: 4552.
num_chunks_enlarged: 2918.
num_inconsistent_stats: 0.

CodeHeap 'non-profiled nmethods': size=120000Kb used=4206Kb max_used=4449Kb free=115793Kb
 bounds [0x000001beaddd0000, 0x000001beae230000, 0x000001beb5300000]
CodeHeap 'profiled nmethods': size=120000Kb used=14424Kb max_used=14424Kb free=105575Kb
 bounds [0x000001bea6300000, 0x000001bea7120000, 0x000001bead830000]
CodeHeap 'non-nmethods': size=5760Kb used=2858Kb max_used=2955Kb free=2902Kb
 bounds [0x000001bead830000, 0x000001beadb20000, 0x000001beaddd0000]
 total_blobs=8924 nmethods=8006 adapters=826
 compilation: enabled
              stopped_count=0, restarted_count=0
 full_count=0

Compilation events (20 events):
Event: 18.158 Thread 0x000001bebb0e8a60 9159       3       org.gradle.internal.snapshot.impl.IsolatedArray::<init> (11 bytes)
Event: 18.158 Thread 0x000001bebb0e8a60 nmethod 9159 0x000001bea7100510 code [0x000001bea71006a0, 0x000001bea7100920]
Event: 18.158 Thread 0x000001bebb0e8a60 9160       3       org.gradle.internal.snapshot.impl.AbstractArraySnapshot::<init> (10 bytes)
Event: 18.159 Thread 0x000001bebb0e8a60 nmethod 9160 0x000001bea7100a10 code [0x000001bea7100ba0, 0x000001bea7100d58]
Event: 18.159 Thread 0x000001bebb0e8a60 9161       3       org.gradle.internal.snapshot.impl.DefaultIsolatableFactory$IsolatableVisitor::array (7 bytes)
Event: 18.159 Thread 0x000001bebb0e8a60 nmethod 9161 0x000001bea7100e10 code [0x000001bea7100fc0, 0x000001bea7101378]
Event: 18.159 Thread 0x000001bebb0e8a60 9162   !   3       org.gradle.api.internal.provider.DefaultProvider::calculateOwnValue (19 bytes)
Event: 18.159 Thread 0x000001bebb0e8a60 nmethod 9162 0x000001bea7101510 code [0x000001bea7101700, 0x000001bea7101cd0]
Event: 18.160 Thread 0x000001bebb0e8a60 9163       3       org.gradle.internal.service.DefaultServiceRegistry$ClassInspector::<init> (5 bytes)
Event: 18.160 Thread 0x000001bebb0e8a60 nmethod 9163 0x000001bea7101f90 code [0x000001bea7102140, 0x000001bea71024f0]
Event: 18.160 Thread 0x000001bebb0e8a60 9164       3       org.gradle.api.internal.provider.DefaultProviderFactory::provider (23 bytes)
Event: 18.161 Thread 0x000001bebb0e8a60 nmethod 9164 0x000001bea7102690 code [0x000001bea7102840, 0x000001bea7102c18]
Event: 18.161 Thread 0x000001bebb0e8a60 9165       3       org.gradle.internal.service.DefaultServiceRegistry::<init> (9 bytes)
Event: 18.161 Thread 0x000001bebb0e8a60 nmethod 9165 0x000001bea7102d90 code [0x000001bea7102f20, 0x000001bea7103070]
Event: 18.161 Thread 0x000001bebb0e8a60 9166       3       org.gradle.internal.isolated.IsolationScheme::parameterTypeFor (115 bytes)
Event: 18.161 Thread 0x000001bebb0e8a60 nmethod 9166 0x000001bea7103110 code [0x000001bea7103380, 0x000001bea7103db0]
Event: 18.161 Thread 0x000001bebb0e8a60 9167       3       org.gradle.internal.isolated.IsolationScheme::inferParameterType (130 bytes)
Event: 18.163 Thread 0x000001bebb0e8a60 nmethod 9167 0x000001bea7104010 code [0x000001bea71043c0, 0x000001bea71061c0]
Event: 18.163 Thread 0x000001bebb0e8a60 9168       3       org.gradle.api.internal.provider.DefaultValueSourceProviderFactory$ValueSourceProvider::calculateOwnValue (14 bytes)
Event: 18.164 Thread 0x000001bebb0e8a60 nmethod 9168 0x000001bea7106b10 code [0x000001bea7106d00, 0x000001bea7107258]

GC Heap History (20 events):
Event: 13.053 GC heap before
{Heap before GC invocations=9 (full 0):
 garbage-first heap   total 107520K, used 92421K [0x0000000080000000, 0x0000000100000000)
  region size 1024K, 63 young (64512K), 8 survivors (8192K)
 Metaspace       used 47241K, committed 48896K, reserved 487424K
  class space    used 6723K, committed 7552K, reserved 421888K
}
Event: 13.060 GC heap after
{Heap after GC invocations=10 (full 0):
 garbage-first heap   total 107520K, used 39426K [0x0000000080000000, 0x0000000100000000)
  region size 1024K, 4 young (4096K), 4 survivors (4096K)
 Metaspace       used 47241K, committed 48896K, reserved 487424K
  class space    used 6723K, committed 7552K, reserved 421888K
}
Event: 14.120 GC heap before
{Heap before GC invocations=10 (full 0):
 garbage-first heap   total 107520K, used 100866K [0x0000000080000000, 0x0000000100000000)
  region size 1024K, 57 young (58368K), 4 survivors (4096K)
 Metaspace       used 52995K, committed 54784K, reserved 487424K
  class space    used 7480K, committed 8384K, reserved 421888K
}
Event: 14.127 GC heap after
{Heap after GC invocations=11 (full 0):
 garbage-first heap   total 111616K, used 52459K [0x0000000080000000, 0x0000000100000000)
  region size 1024K, 8 young (8192K), 8 survivors (8192K)
 Metaspace       used 52995K, committed 54784K, reserved 487424K
  class space    used 7480K, committed 8384K, reserved 421888K
}
Event: 14.896 GC heap before
{Heap before GC invocations=11 (full 0):
 garbage-first heap   total 111616K, used 100587K [0x0000000080000000, 0x0000000100000000)
  region size 1024K, 51 young (52224K), 8 survivors (8192K)
 Metaspace       used 56972K, committed 58944K, reserved 487424K
  class space    used 8089K, committed 9088K, reserved 421888K
}
Event: 14.902 GC heap after
{Heap after GC invocations=12 (full 0):
 garbage-first heap   total 112640K, used 59442K [0x0000000080000000, 0x0000000100000000)
  region size 1024K, 3 young (3072K), 3 survivors (3072K)
 Metaspace       used 56972K, committed 58944K, reserved 487424K
  class space    used 8089K, committed 9088K, reserved 421888K
}
Event: 15.234 GC heap before
{Heap before GC invocations=12 (full 0):
 garbage-first heap   total 112640K, used 82994K [0x0000000080000000, 0x0000000100000000)
  region size 1024K, 27 young (27648K), 3 survivors (3072K)
 Metaspace       used 59031K, committed 60928K, reserved 487424K
  class space    used 8391K, committed 9344K, reserved 421888K
}
Event: 15.238 GC heap after
{Heap after GC invocations=13 (full 0):
 garbage-first heap   total 112640K, used 60224K [0x0000000080000000, 0x0000000100000000)
  region size 1024K, 4 young (4096K), 4 survivors (4096K)
 Metaspace       used 59031K, committed 60928K, reserved 487424K
  class space    used 8391K, committed 9344K, reserved 421888K
}
Event: 15.880 GC heap before
{Heap before GC invocations=14 (full 0):
 garbage-first heap   total 112640K, used 101184K [0x0000000080000000, 0x0000000100000000)
  region size 1024K, 44 young (45056K), 4 survivors (4096K)
 Metaspace       used 63026K, committed 65024K, reserved 487424K
  class space    used 8916K, committed 9920K, reserved 421888K
}
Event: 15.884 GC heap after
{Heap after GC invocations=15 (full 0):
 garbage-first heap   total 112640K, used 62315K [0x0000000080000000, 0x0000000100000000)
  region size 1024K, 4 young (4096K), 4 survivors (4096K)
 Metaspace       used 63026K, committed 65024K, reserved 487424K
  class space    used 8916K, committed 9920K, reserved 421888K
}
Event: 16.334 GC heap before
{Heap before GC invocations=15 (full 0):
 garbage-first heap   total 112640K, used 101227K [0x0000000080000000, 0x0000000100000000)
  region size 1024K, 42 young (43008K), 4 survivors (4096K)
 Metaspace       used 65758K, committed 67776K, reserved 487424K
  class space    used 9348K, committed 10368K, reserved 421888K
}
Event: 16.338 GC heap after
{Heap after GC invocations=16 (full 0):
 garbage-first heap   total 112640K, used 64462K [0x0000000080000000, 0x0000000100000000)
  region size 1024K, 6 young (6144K), 6 survivors (6144K)
 Metaspace       used 65758K, committed 67776K, reserved 487424K
  class space    used 9348K, committed 10368K, reserved 421888K
}
Event: 17.255 GC heap before
{Heap before GC invocations=16 (full 0):
 garbage-first heap   total 112640K, used 99278K [0x0000000080000000, 0x0000000100000000)
  region size 1024K, 40 young (40960K), 6 survivors (6144K)
 Metaspace       used 68136K, committed 70144K, reserved 487424K
  class space    used 9716K, committed 10688K, reserved 421888K
}
Event: 17.261 GC heap after
{Heap after GC invocations=17 (full 0):
 garbage-first heap   total 112640K, used 67648K [0x0000000080000000, 0x0000000100000000)
  region size 1024K, 5 young (5120K), 5 survivors (5120K)
 Metaspace       used 68136K, committed 70144K, reserved 487424K
  class space    used 9716K, committed 10688K, reserved 421888K
}
Event: 17.681 GC heap before
{Heap before GC invocations=18 (full 0):
 garbage-first heap   total 117760K, used 103488K [0x0000000080000000, 0x0000000100000000)
  region size 1024K, 36 young (36864K), 5 survivors (5120K)
 Metaspace       used 69086K, committed 71104K, reserved 487424K
  class space    used 9862K, committed 10880K, reserved 421888K
}
Event: 17.686 GC heap after
{Heap after GC invocations=19 (full 0):
 garbage-first heap   total 117760K, used 78697K [0x0000000080000000, 0x0000000100000000)
  region size 1024K, 5 young (5120K), 5 survivors (5120K)
 Metaspace       used 69086K, committed 71104K, reserved 487424K
  class space    used 9862K, committed 10880K, reserved 421888K
}
Event: 17.897 GC heap before
{Heap before GC invocations=19 (full 0):
 garbage-first heap   total 117760K, used 104297K [0x0000000080000000, 0x0000000100000000)
  region size 1024K, 31 young (31744K), 5 survivors (5120K)
 Metaspace       used 71051K, committed 73088K, reserved 487424K
  class space    used 10093K, committed 11136K, reserved 421888K
}
Event: 17.900 GC heap after
{Heap after GC invocations=20 (full 0):
 garbage-first heap   total 117760K, used 81196K [0x0000000080000000, 0x0000000100000000)
  region size 1024K, 3 young (3072K), 3 survivors (3072K)
 Metaspace       used 71051K, committed 73088K, reserved 487424K
  class space    used 10093K, committed 11136K, reserved 421888K
}
Event: 18.109 GC heap before
{Heap before GC invocations=20 (full 0):
 garbage-first heap   total 117760K, used 105772K [0x0000000080000000, 0x0000000100000000)
  region size 1024K, 28 young (28672K), 3 survivors (3072K)
 Metaspace       used 73528K, committed 75584K, reserved 487424K
  class space    used 10321K, committed 11328K, reserved 421888K
}
Event: 18.111 GC heap after
{Heap after GC invocations=21 (full 0):
 garbage-first heap   total 117760K, used 80977K [0x0000000080000000, 0x0000000100000000)
  region size 1024K, 3 young (3072K), 3 survivors (3072K)
 Metaspace       used 73528K, committed 75584K, reserved 487424K
  class space    used 10321K, committed 11328K, reserved 421888K
}

Dll operation events (15 events):
Event: 0.008 Loaded shared library C:\Program Files\Java\jdk-20\bin\java.dll
Event: 0.031 Loaded shared library C:\Program Files\Java\jdk-20\bin\jsvml.dll
Event: 0.090 Loaded shared library C:\Program Files\Java\jdk-20\bin\zip.dll
Event: 0.093 Loaded shared library C:\Program Files\Java\jdk-20\bin\instrument.dll
Event: 0.096 Loaded shared library C:\Program Files\Java\jdk-20\bin\net.dll
Event: 0.098 Loaded shared library C:\Program Files\Java\jdk-20\bin\nio.dll
Event: 0.102 Loaded shared library C:\Program Files\Java\jdk-20\bin\zip.dll
Event: 0.311 Loaded shared library C:\Program Files\Java\jdk-20\bin\jimage.dll
Event: 0.382 Loaded shared library C:\Program Files\Java\jdk-20\bin\verify.dll
Event: 0.561 Loaded shared library C:\Users\msi\.gradle\native\68d5fa5c4cc2d200863cafc0d521ce42e7d3e7ee720ec0a83991735586a16f82\windows-amd64\native-platform.dll
Event: 0.567 Loaded shared library C:\Users\msi\.gradle\native\e376f236ea51e6404a007f0833ffe2c6e607c4080706a723a18a27aeea778392\windows-amd64\native-platform-file-events.dll
Event: 1.286 Loaded shared library C:\Program Files\Java\jdk-20\bin\management.dll
Event: 1.288 Loaded shared library C:\Program Files\Java\jdk-20\bin\management_ext.dll
Event: 1.563 Loaded shared library C:\Program Files\Java\jdk-20\bin\extnet.dll
Event: 2.107 Loaded shared library C:\Program Files\Java\jdk-20\bin\sunmscapi.dll

Deoptimization events (20 events):
Event: 17.896 Thread 0x000001bedbd907c0 Uncommon trap: trap_request=0xffffffde fr.pc=0x000001beae0fe7e8 relative=0x0000000000001f48
Event: 17.896 Thread 0x000001bedbd907c0 Uncommon trap: reason=class_check action=maybe_recompile pc=0x000001beae0fe7e8 method=java.util.jar.JarFile.getManifestFromReference()Ljava/util/jar/Manifest; @ 152 c2
Event: 17.896 Thread 0x000001bedbd907c0 DEOPT PACKING pc=0x000001beae0fe7e8 sp=0x0000003f5e5f3770
Event: 17.896 Thread 0x000001bedbd907c0 DEOPT UNPACKING pc=0x000001bead899d22 sp=0x0000003f5e5f36d0 mode 2
Event: 17.931 Thread 0x000001bedbd907c0 Uncommon trap: trap_request=0xffffff45 fr.pc=0x000001beae0e881c relative=0x000000000000011c
Event: 17.931 Thread 0x000001bedbd907c0 Uncommon trap: reason=unstable_if action=reinterpret pc=0x000001beae0e881c method=org.objectweb.asm.ByteVector.putInt(I)Lorg/objectweb/asm/ByteVector; @ 13 c2
Event: 17.931 Thread 0x000001bedbd907c0 DEOPT PACKING pc=0x000001beae0e881c sp=0x0000003f5e5f36a0
Event: 17.931 Thread 0x000001bedbd907c0 DEOPT UNPACKING pc=0x000001bead899d22 sp=0x0000003f5e5f3628 mode 2
Event: 18.021 Thread 0x000001bedbd907c0 Uncommon trap: trap_request=0xffffffbe fr.pc=0x000001beadf51b0c relative=0x000000000000028c
Event: 18.021 Thread 0x000001bedbd907c0 Uncommon trap: reason=profile_predicate action=maybe_recompile pc=0x000001beadf51b0c method=java.util.LinkedHashMap.keysToArray([Ljava/lang/Object;)[Ljava/lang/Object; @ 12 c2
Event: 18.022 Thread 0x000001bedbd907c0 DEOPT PACKING pc=0x000001beadf51b0c sp=0x0000003f5e5f2ac0
Event: 18.022 Thread 0x000001bedbd907c0 DEOPT UNPACKING pc=0x000001bead899d22 sp=0x0000003f5e5f2a78 mode 2
Event: 18.053 Thread 0x000001bedbd907c0 Uncommon trap: trap_request=0xffffffc6 fr.pc=0x000001beade8fa08 relative=0x0000000000000068
Event: 18.053 Thread 0x000001bedbd907c0 Uncommon trap: reason=bimorphic_or_optimized_type_check action=maybe_recompile pc=0x000001beade8fa08 method=java.util.AbstractQueue.add(Ljava/lang/Object;)Z @ 2 c2
Event: 18.053 Thread 0x000001bedbd907c0 DEOPT PACKING pc=0x000001beade8fa08 sp=0x0000003f5e5f4070
Event: 18.053 Thread 0x000001bedbd907c0 DEOPT UNPACKING pc=0x000001bead899d22 sp=0x0000003f5e5f4038 mode 2
Event: 18.053 Thread 0x000001bedbd907c0 Uncommon trap: trap_request=0xffffffc6 fr.pc=0x000001beade8fa08 relative=0x0000000000000068
Event: 18.053 Thread 0x000001bedbd907c0 Uncommon trap: reason=bimorphic_or_optimized_type_check action=maybe_recompile pc=0x000001beade8fa08 method=java.util.AbstractQueue.add(Ljava/lang/Object;)Z @ 2 c2
Event: 18.053 Thread 0x000001bedbd907c0 DEOPT PACKING pc=0x000001beade8fa08 sp=0x0000003f5e5f4070
Event: 18.053 Thread 0x000001bedbd907c0 DEOPT UNPACKING pc=0x000001bead899d22 sp=0x0000003f5e5f4038 mode 2

Classes loaded (20 events):
Event: 16.737 Loading class java/util/stream/ReferencePipeline$15$1
Event: 16.737 Loading class java/util/stream/ReferencePipeline$15$1 done
Event: 16.901 Loading class java/nio/file/attribute/DosFileAttributeView
Event: 16.901 Loading class java/nio/file/attribute/DosFileAttributeView done
Event: 16.901 Loading class sun/nio/fs/WindowsFileAttributeViews$Dos
Event: 16.901 Loading class sun/nio/fs/WindowsFileAttributeViews$Dos done
Event: 17.197 Loading class java/util/TreeMap$KeySpliterator
Event: 17.197 Loading class java/util/TreeMap$KeySpliterator done
Event: 17.445 Loading class java/util/concurrent/ConcurrentLinkedQueue$Itr
Event: 17.445 Loading class java/util/concurrent/ConcurrentLinkedQueue$Itr done
Event: 18.020 Loading class java/util/Collections$SynchronizedRandomAccessList
Event: 18.020 Loading class java/util/Collections$SynchronizedList
Event: 18.020 Loading class java/util/Collections$SynchronizedList done
Event: 18.020 Loading class java/util/Collections$SynchronizedRandomAccessList done
Event: 18.023 Loading class java/util/concurrent/Executors$DefaultThreadFactory
Event: 18.023 Loading class java/util/concurrent/Executors$DefaultThreadFactory done
Event: 18.096 Loading class java/nio/charset/UnsupportedCharsetException
Event: 18.096 Loading class java/nio/charset/UnsupportedCharsetException done
Event: 18.139 Loading class java/lang/foreign/MemorySegment
Event: 18.140 Loading class java/lang/foreign/MemorySegment done

Classes unloaded (0 events):
No events

Classes redefined (0 events):
No events

Internal exceptions (20 events):
Event: 16.053 Thread 0x000001bedbd907c0 Exception <a 'java/lang/ClassNotFoundException'{0x0000000088b97c00}: org/gradle/api/internal/artifacts/dsl/dependencies/DefaultDependencyHandler_DecoratedCustomizer> (0x0000000088b97c00) 
thrown [s\open\src\hotspot\share\classfile\systemDictionary.cpp, line 305]
Event: 16.119 Thread 0x000001bedbd907c0 Exception <a 'java/lang/NoSuchMethodError'{0x0000000084c5b580}: 'java.lang.Object java.lang.invoke.DirectMethodHandle$Holder.invokeVirtual(java.lang.Object, java.lang.Object, java.lang.Object, java.lang.Object, java.lang.Object, java.lang.Object, java.lang.Object, java.lang.Object, java.lang.Object, java.lang.Object, java.lang.Object, java.lang.Object, java.lang.Object, java.lang.Object, java.lang.Object, java.lang.Object)'> (0x0000000084c5b580) 
thrown [s\open\src\hotspot\share\interpreter\linkResolver.cp
Event: 16.128 Thread 0x000001bedbd907c0 Exception <a 'java/lang/NoSuchMethodError'{0x0000000084b5fec8}: 'java.lang.Object java.lang.invoke.DirectMethodHandle$Holder.newInvokeSpecial(java.lang.Object, java.lang.Object, java.lang.Object, java.lang.Object, java.lang.Object, java.lang.Object, java.lang.Object, java.lang.Object, java.lang.Object, java.lang.Object, java.lang.Object, java.lang.Object, java.lang.Object, java.lang.Object, java.lang.Object)'> (0x0000000084b5fec8) 
thrown [s\open\src\hotspot\share\interpreter\linkResolver.cpp, line 773]
Event: 16.727 Thread 0x000001bedbd907c0 Exception <a 'java/lang/NoSuchMethodError'{0x0000000084b173a0}: 'java.lang.Object java.lang.invoke.DirectMethodHandle$Holder.newInvokeSpecial(java.lang.Object, java.lang.Object, java.lang.Object, java.lang.Object, java.lang.Object, java.lang.Object, int)'> (0x0000000084b173a0) 
thrown [s\open\src\hotspot\share\interpreter\linkResolver.cpp, line 773]
Event: 16.728 Thread 0x000001bedbd907c0 Exception <a 'java/lang/NoSuchMethodError'{0x0000000084b1c880}: 'java.lang.Object java.lang.invoke.DirectMethodHandle$Holder.invokeSpecial(java.lang.Object, java.lang.Object, java.lang.Object, java.lang.Object, java.lang.Object, java.lang.Object, java.lang.Object, int)'> (0x0000000084b1c880) 
thrown [s\open\src\hotspot\share\interpreter\linkResolver.cpp, line 773]
Event: 16.728 Thread 0x000001bedbd907c0 Exception <a 'java/lang/NoSuchMethodError'{0x0000000084b21950}: 'java.lang.Object java.lang.invoke.Invokers$Holder.linkToTargetMethod(java.lang.Object, java.lang.Object, java.lang.Object, java.lang.Object, java.lang.Object, int, java.lang.Object)'> (0x0000000084b21950) 
thrown [s\open\src\hotspot\share\interpreter\linkResolver.cpp, line 773]
Event: 16.738 Thread 0x000001bedf70a120 Implicit null exception at 0x000001beae0714e7 to 0x000001beae0715bc
Event: 16.741 Thread 0x000001bede1af4d0 Implicit null exception at 0x000001beae16ac6b to 0x000001beae16ad40
Event: 16.741 Thread 0x000001bede1abfb0 Implicit null exception at 0x000001beae16ac6b to 0x000001beae16ad40
Event: 17.232 Thread 0x000001bede1ad4f0 Exception <a 'java/lang/NoSuchMethodError'{0x0000000083fd0c60}: 'java.lang.Object java.lang.invoke.DirectMethodHandle$Holder.newInvokeSpecial(java.lang.Object, java.lang.Object, java.lang.Object, java.lang.Object, int, java.lang.Object)'> (0x0000000083fd0c60) 
thrown [s\open\src\hotspot\share\interpreter\linkResolver.cpp, line 773]
Event: 17.232 Thread 0x000001bede1ad4f0 Exception <a 'java/lang/NoSuchMethodError'{0x0000000083fd4c70}: 'java.lang.Object java.lang.invoke.Invokers$Holder.linkToTargetMethod(java.lang.Object, java.lang.Object, java.lang.Object, int, java.lang.Object, java.lang.Object)'> (0x0000000083fd4c70) 
thrown [s\open\src\hotspot\share\interpreter\linkResolver.cpp, line 773]
Event: 17.304 Thread 0x000001bede1ad4f0 Exception <a 'java/lang/NoSuchMethodError'{0x000000008fce81c0}: 'int java.lang.invoke.DirectMethodHandle$Holder.invokeSpecial(java.lang.Object, java.lang.Object, java.lang.Object, java.lang.Object, java.lang.Object)'> (0x000000008fce81c0) 
thrown [s\open\src\hotspot\share\interpreter\linkResolver.cpp, line 773]
Event: 17.404 Thread 0x000001bede1aef80 Exception <a 'sun/nio/fs/WindowsException'{0x00000000893c7c48}> (0x00000000893c7c48) 
thrown [s\open\src\hotspot\share\prims\jni.cpp, line 519]
Event: 17.405 Thread 0x000001bede1aef80 Exception <a 'sun/nio/fs/WindowsException'{0x00000000893ca790}> (0x00000000893ca790) 
thrown [s\open\src\hotspot\share\prims\jni.cpp, line 519]
Event: 17.405 Thread 0x000001bede1aef80 Exception <a 'sun/nio/fs/WindowsException'{0x000000008906d518}> (0x000000008906d518) 
thrown [s\open\src\hotspot\share\prims\jni.cpp, line 519]
Event: 17.406 Thread 0x000001bede1aef80 Exception <a 'sun/nio/fs/WindowsException'{0x000000008906f998}> (0x000000008906f998) 
thrown [s\open\src\hotspot\share\prims\jni.cpp, line 519]
Event: 17.551 Thread 0x000001bedbd907c0 Exception <a 'java/lang/ClassNotFoundException'{0x0000000085091118}: build_e3v70st7qbykn73wuvnhcrvtoBeanInfo> (0x0000000085091118) 
thrown [s\open\src\hotspot\share\classfile\systemDictionary.cpp, line 305]
Event: 17.551 Thread 0x000001bedbd907c0 Exception <a 'java/lang/ClassNotFoundException'{0x0000000085097690}: build_e3v70st7qbykn73wuvnhcrvtoCustomizer> (0x0000000085097690) 
thrown [s\open\src\hotspot\share\classfile\systemDictionary.cpp, line 305]
Event: 17.655 Thread 0x000001bedbd907c0 Exception <a 'java/lang/ClassNotFoundException'{0x0000000084876430}: build_9d20e3kbz7rtba55etz28a461BeanInfo> (0x0000000084876430) 
thrown [s\open\src\hotspot\share\classfile\systemDictionary.cpp, line 305]
Event: 17.656 Thread 0x000001bedbd907c0 Exception <a 'java/lang/ClassNotFoundException'{0x0000000084881448}: build_9d20e3kbz7rtba55etz28a461Customizer> (0x0000000084881448) 
thrown [s\open\src\hotspot\share\classfile\systemDictionary.cpp, line 305]

VM Operations (20 events):
Event: 17.238 Executing VM operation: HandshakeAllThreads
Event: 17.238 Executing VM operation: HandshakeAllThreads done
Event: 17.255 Executing VM operation: G1CollectForAllocation
Event: 17.261 Executing VM operation: G1CollectForAllocation done
Event: 17.295 Executing VM operation: G1PauseRemark
Event: 17.300 Executing VM operation: G1PauseRemark done
Event: 17.302 Executing VM operation: HandshakeAllThreads
Event: 17.302 Executing VM operation: HandshakeAllThreads done
Event: 17.320 Executing VM operation: G1PauseCleanup
Event: 17.321 Executing VM operation: G1PauseCleanup done
Event: 17.400 Executing VM operation: HandshakeAllThreads
Event: 17.401 Executing VM operation: HandshakeAllThreads done
Event: 17.505 Executing VM operation: ICBufferFull
Event: 17.505 Executing VM operation: ICBufferFull done
Event: 17.681 Executing VM operation: G1CollectForAllocation
Event: 17.686 Executing VM operation: G1CollectForAllocation done
Event: 17.897 Executing VM operation: G1CollectForAllocation
Event: 17.900 Executing VM operation: G1CollectForAllocation done
Event: 18.108 Executing VM operation: G1CollectForAllocation
Event: 18.112 Executing VM operation: G1CollectForAllocation done

Events (20 events):
Event: 17.363 Thread 0x000001bedee85eb0 Thread added: 0x000001bedee85eb0
Event: 17.363 Thread 0x000001bedee86950 Thread added: 0x000001bedee86950
Event: 17.363 Thread 0x000001bedee883e0 Thread added: 0x000001bedee883e0
Event: 17.363 Thread 0x000001bedee86ea0 Thread added: 0x000001bedee86ea0
Event: 17.363 Thread 0x000001bedee88930 Thread added: 0x000001bedee88930
Event: 17.363 Thread 0x000001bedee873f0 Thread added: 0x000001bedee873f0
Event: 17.377 Thread 0x000001bedee89e70 Thread added: 0x000001bedee89e70
Event: 17.378 Thread 0x000001bedee89920 Thread added: 0x000001bedee89920
Event: 17.449 Thread 0x000001bedee8ae60 Thread added: 0x000001bedee8ae60
Event: 17.449 Thread 0x000001bedee87940 Thread added: 0x000001bedee87940
Event: 17.449 Thread 0x000001bedee8a3c0 Thread added: 0x000001bedee8a3c0
Event: 17.449 Thread 0x000001bedee8a910 Thread added: 0x000001bedee8a910
Event: 17.450 Thread 0x000001bedbcb5030 Thread added: 0x000001bedbcb5030
Event: 17.450 Thread 0x000001bedbcb7ab0 Thread added: 0x000001bedbcb7ab0
Event: 17.450 Thread 0x000001bede785180 Thread added: 0x000001bede785180
Event: 17.450 Thread 0x000001bede782c50 Thread added: 0x000001bede782c50
Event: 17.450 Thread 0x000001bede787160 Thread added: 0x000001bede787160
Event: 17.450 Thread 0x000001bede7821b0 Thread added: 0x000001bede7821b0
Event: 17.450 Thread 0x000001bede7811c0 Thread added: 0x000001bede7811c0
Event: 17.463 Thread 0x000001bedc7ce650 Thread added: 0x000001bedc7ce650


Dynamic libraries:
0x00007ff650cf0000 - 0x00007ff650d00000 	C:\Program Files\Java\jdk-20\bin\java.exe
0x00007ffb40b70000 - 0x00007ffb40d86000 	C:\WINDOWS\SYSTEM32\ntdll.dll
0x00007ffb3fb10000 - 0x00007ffb3fbd4000 	C:\WINDOWS\System32\KERNEL32.DLL
0x00007ffb3df80000 - 0x00007ffb3e327000 	C:\WINDOWS\System32\KERNELBASE.dll
0x00007ffb3e470000 - 0x00007ffb3e581000 	C:\WINDOWS\System32\ucrtbase.dll
0x00007ffb35ec0000 - 0x00007ffb35ed9000 	C:\Program Files\Java\jdk-20\bin\jli.dll
0x00007ffb2b3b0000 - 0x00007ffb2b3cb000 	C:\Program Files\Java\jdk-20\bin\VCRUNTIME140.dll
0x00007ffb3f3f0000 - 0x00007ffb3f4a2000 	C:\WINDOWS\System32\ADVAPI32.dll
0x00007ffb3f0d0000 - 0x00007ffb3f177000 	C:\WINDOWS\System32\msvcrt.dll
0x00007ffb3f610000 - 0x00007ffb3f6b8000 	C:\WINDOWS\System32\sechost.dll
0x00007ffb3df50000 - 0x00007ffb3df78000 	C:\WINDOWS\System32\bcrypt.dll
0x00007ffb3ef90000 - 0x00007ffb3f0a5000 	C:\WINDOWS\System32\RPCRT4.dll
0x00007ffb3ede0000 - 0x00007ffb3ef8e000 	C:\WINDOWS\System32\USER32.dll
0x00007ffb3e330000 - 0x00007ffb3e356000 	C:\WINDOWS\System32\win32u.dll
0x00007ffb3d0f0000 - 0x00007ffb3d383000 	C:\WINDOWS\WinSxS\amd64_microsoft.windows.common-controls_6595b64144ccf1df_6.0.22621.3235_none_270f74e173860f98\COMCTL32.dll
0x00007ffb3ed80000 - 0x00007ffb3eda9000 	C:\WINDOWS\System32\GDI32.dll
0x00007ffb3e590000 - 0x00007ffb3e6a9000 	C:\WINDOWS\System32\gdi32full.dll
0x00007ffb3e360000 - 0x00007ffb3e3fa000 	C:\WINDOWS\System32\msvcp_win.dll
0x00007ffb3a790000 - 0x00007ffb3a79a000 	C:\WINDOWS\SYSTEM32\VERSION.dll
0x00007ffb3fad0000 - 0x00007ffb3fb01000 	C:\WINDOWS\System32\IMM32.DLL
0x00007ffb3a720000 - 0x00007ffb3a72c000 	C:\Program Files\Java\jdk-20\bin\vcruntime140_1.dll
0x00007ffaf60a0000 - 0x00007ffaf612e000 	C:\Program Files\Java\jdk-20\bin\msvcp140.dll
0x00007ffa83d60000 - 0x00007ffa849f8000 	C:\Program Files\Java\jdk-20\bin\server\jvm.dll
0x00007ffb315e0000 - 0x00007ffb31614000 	C:\WINDOWS\SYSTEM32\WINMM.dll
0x00007ffb23800000 - 0x00007ffb23809000 	C:\WINDOWS\SYSTEM32\WSOCK32.dll
0x00007ffb3fa50000 - 0x00007ffb3fac1000 	C:\WINDOWS\System32\WS2_32.dll
0x00007ffb3c000000 - 0x00007ffb3c018000 	C:\WINDOWS\SYSTEM32\kernel.appcore.dll
0x00007ffb3a5d0000 - 0x00007ffb3a5da000 	C:\Program Files\Java\jdk-20\bin\jimage.dll
0x00007ffb3d800000 - 0x00007ffb3da33000 	C:\WINDOWS\SYSTEM32\DBGHELP.DLL
0x00007ffb3e8a0000 - 0x00007ffb3ec28000 	C:\WINDOWS\System32\combase.dll
0x00007ffb40060000 - 0x00007ffb40137000 	C:\WINDOWS\System32\OLEAUT32.dll
0x00007ffb3d680000 - 0x00007ffb3d6b2000 	C:\WINDOWS\SYSTEM32\dbgcore.DLL
0x00007ffb3e6b0000 - 0x00007ffb3e729000 	C:\WINDOWS\System32\bcryptPrimitives.dll
0x00007ffb14b30000 - 0x00007ffb14b3e000 	C:\Program Files\Java\jdk-20\bin\instrument.dll
0x00007ffb06e90000 - 0x00007ffb06eb6000 	C:\Program Files\Java\jdk-20\bin\java.dll
0x00007ffae0390000 - 0x00007ffae0467000 	C:\Program Files\Java\jdk-20\bin\jsvml.dll
0x00007ffb402d0000 - 0x00007ffb40b2c000 	C:\WINDOWS\System32\SHELL32.dll
0x00007ffb3aea0000 - 0x00007ffb3b799000 	C:\WINDOWS\SYSTEM32\windows.storage.dll
0x00007ffb3ad60000 - 0x00007ffb3ae9e000 	C:\WINDOWS\SYSTEM32\wintypes.dll
0x00007ffb401d0000 - 0x00007ffb402c3000 	C:\WINDOWS\System32\SHCORE.dll
0x00007ffb3f4b0000 - 0x00007ffb3f50e000 	C:\WINDOWS\System32\shlwapi.dll
0x00007ffb3ddc0000 - 0x00007ffb3dde1000 	C:\WINDOWS\SYSTEM32\profapi.dll
0x00007ffb07cf0000 - 0x00007ffb07d08000 	C:\Program Files\Java\jdk-20\bin\zip.dll
0x00007ffb13250000 - 0x00007ffb13263000 	C:\Program Files\Java\jdk-20\bin\net.dll
0x00007ffb36a00000 - 0x00007ffb36b36000 	C:\WINDOWS\SYSTEM32\WINHTTP.dll
0x00007ffb3c420000 - 0x00007ffb3c489000 	C:\WINDOWS\system32\mswsock.dll
0x00007ffb0d810000 - 0x00007ffb0d826000 	C:\Program Files\Java\jdk-20\bin\nio.dll
0x00007ffb149b0000 - 0x00007ffb149c0000 	C:\Program Files\Java\jdk-20\bin\verify.dll
0x00007ffb02b70000 - 0x00007ffb02b97000 	C:\Users\msi\.gradle\native\68d5fa5c4cc2d200863cafc0d521ce42e7d3e7ee720ec0a83991735586a16f82\windows-amd64\native-platform.dll
0x00007ffac2bd0000 - 0x00007ffac2d14000 	C:\Users\msi\.gradle\native\e376f236ea51e6404a007f0833ffe2c6e607c4080706a723a18a27aeea778392\windows-amd64\native-platform-file-events.dll
0x00007ffb348a0000 - 0x00007ffb348aa000 	C:\Program Files\Java\jdk-20\bin\management.dll
0x00007ffb2b490000 - 0x00007ffb2b49b000 	C:\Program Files\Java\jdk-20\bin\management_ext.dll
0x00007ffb3f0b0000 - 0x00007ffb3f0b8000 	C:\WINDOWS\System32\PSAPI.DLL
0x00007ffb3db30000 - 0x00007ffb3db4b000 	C:\WINDOWS\SYSTEM32\CRYPTSP.dll
0x00007ffb3bf60000 - 0x00007ffb3bf95000 	C:\WINDOWS\system32\rsaenh.dll
0x00007ffb3c4c0000 - 0x00007ffb3c4e8000 	C:\WINDOWS\SYSTEM32\USERENV.dll
0x00007ffb3c750000 - 0x00007ffb3c75c000 	C:\WINDOWS\SYSTEM32\CRYPTBASE.dll
0x00007ffb3ba70000 - 0x00007ffb3ba9d000 	C:\WINDOWS\SYSTEM32\IPHLPAPI.DLL
0x00007ffb3f180000 - 0x00007ffb3f189000 	C:\WINDOWS\System32\NSI.dll
0x00007ffb369e0000 - 0x00007ffb369f9000 	C:\WINDOWS\SYSTEM32\dhcpcsvc6.DLL
0x00007ffb36930000 - 0x00007ffb3694f000 	C:\WINDOWS\SYSTEM32\dhcpcsvc.DLL
0x00007ffb3bae0000 - 0x00007ffb3bbd9000 	C:\WINDOWS\SYSTEM32\DNSAPI.dll
0x00007ffb23410000 - 0x00007ffb23417000 	C:\Program Files\Java\jdk-20\bin\extnet.dll
0x00007ffb28420000 - 0x00007ffb2842e000 	C:\Program Files\Java\jdk-20\bin\sunmscapi.dll
0x00007ffb3e730000 - 0x00007ffb3e897000 	C:\WINDOWS\System32\CRYPT32.dll
0x00007ffb3d0c0000 - 0x00007ffb3d0ee000 	C:\WINDOWS\SYSTEM32\ncrypt.dll
0x00007ffb3d080000 - 0x00007ffb3d0b7000 	C:\WINDOWS\SYSTEM32\NTASN1.dll
0x00007ffb2b420000 - 0x00007ffb2b428000 	C:\WINDOWS\system32\wshunix.dll
0x00007ffb1c920000 - 0x00007ffb1c937000 	C:\WINDOWS\system32\napinsp.dll
0x00007ffb1c900000 - 0x00007ffb1c91b000 	C:\WINDOWS\system32\pnrpnsp.dll
0x00007ffb1c890000 - 0x00007ffb1c8a1000 	C:\WINDOWS\System32\winrnr.dll
0x00007ffb36550000 - 0x00007ffb36565000 	C:\WINDOWS\system32\wshbth.dll
0x00007ffb1c860000 - 0x00007ffb1c881000 	C:\WINDOWS\system32\nlansp_c.dll
0x00007ffb35be0000 - 0x00007ffb35bea000 	C:\Windows\System32\rasadhlp.dll
0x00007ffb35950000 - 0x00007ffb359d3000 	C:\WINDOWS\System32\fwpuclnt.dll

dbghelp: loaded successfully - version: 4.0.5 - missing functions: none
symbol engine: initialized successfully - sym options: 0x614 - pdb path: .;C:\Program Files\Java\jdk-20\bin;C:\WINDOWS\SYSTEM32;C:\WINDOWS\WinSxS\amd64_microsoft.windows.common-controls_6595b64144ccf1df_6.0.22621.3235_none_270f74e173860f98;C:\Program Files\Java\jdk-20\bin\server;C:\Users\msi\.gradle\native\68d5fa5c4cc2d200863cafc0d521ce42e7d3e7ee720ec0a83991735586a16f82\windows-amd64;C:\Users\msi\.gradle\native\e376f236ea51e6404a007f0833ffe2c6e607c4080706a723a18a27aeea778392\windows-amd64

VM Arguments:
jvm_args: -XX:MaxMetaspaceSize=512m --add-opens=java.base/java.util=ALL-UNNAMED --add-opens=java.base/java.lang=ALL-UNNAMED --add-opens=java.base/java.lang.invoke=ALL-UNNAMED --add-opens=java.prefs/java.util.prefs=ALL-UNNAMED --add-opens=java.base/java.nio.charset=ALL-UNNAMED --add-opens=java.base/java.net=ALL-UNNAMED --add-opens=java.base/java.util.concurrent.atomic=ALL-UNNAMED -Xmx2048m -Dfile.encoding=UTF-8 -Duser.country=US -Duser.language=en -Duser.variant -javaagent:C:\Users\msi\.gradle\wrapper\dists\gradle-8.3-all\6en3ugtfdg5xnpx44z4qbwgas\gradle-8.3\lib\agents\gradle-instrumentation-agent-8.3.jar 
java_command: org.gradle.launcher.daemon.bootstrap.GradleDaemon 8.3
java_class_path (initial): C:\Users\msi\.gradle\wrapper\dists\gradle-8.3-all\6en3ugtfdg5xnpx44z4qbwgas\gradle-8.3\lib\gradle-launcher-8.3.jar
Launcher Type: SUN_STANDARD

[Global flags]
     intx CICompilerCount                          = 4                                         {product} {ergonomic}
   size_t CompressedClassSpaceSize                 = 432013312                                 {product} {ergonomic}
     uint ConcGCThreads                            = 3                                         {product} {ergonomic}
     uint G1ConcRefinementThreads                  = 10                                        {product} {ergonomic}
   size_t G1HeapRegionSize                         = 1048576                                   {product} {ergonomic}
    uintx GCDrainStackTargetSize                   = 64                                        {product} {ergonomic}
   size_t InitialHeapSize                          = 266338304                                 {product} {ergonomic}
   size_t MarkStackSize                            = 4194304                                   {product} {ergonomic}
   size_t MaxHeapSize                              = 2147483648                                {product} {command line}
   size_t MaxMetaspaceSize                         = 536870912                                 {product} {command line}
   size_t MaxNewSize                               = 1287651328                                {product} {ergonomic}
   size_t MinHeapDeltaBytes                        = 1048576                                   {product} {ergonomic}
   size_t MinHeapSize                              = 8388608                                   {product} {ergonomic}
    uintx NonNMethodCodeHeapSize                   = 5839372                                {pd product} {ergonomic}
    uintx NonProfiledCodeHeapSize                  = 122909434                              {pd product} {ergonomic}
    uintx ProfiledCodeHeapSize                     = 122909434                              {pd product} {ergonomic}
    uintx ReservedCodeCacheSize                    = 251658240                              {pd product} {ergonomic}
     bool SegmentedCodeCache                       = true                                      {product} {ergonomic}
   size_t SoftMaxHeapSize                          = 2147483648                             {manageable} {ergonomic}
     bool UseCompressedClassPointers               = true                           {product lp64_product} {ergonomic}
     bool UseCompressedOops                        = true                           {product lp64_product} {ergonomic}
     bool UseG1GC                                  = true                                      {product} {ergonomic}
     bool UseLargePagesIndividualAllocation        = false                                  {pd product} {ergonomic}

Logging:
Log output configuration:
 #0: stdout all=warning uptime,level,tags foldmultilines=false
 #1: stderr all=off uptime,level,tags foldmultilines=false

Environment Variables:
JAVA_HOME=C:\Program Files\Java\jdk-20
CLASSPATH=C:\Users\msi\Desktop\match-mate-app\MatchMateApp\android\\gradle\wrapper\gradle-wrapper.jar
PATH=C:\Users\msi\Desktop\match-mate-app\MatchMateApp\node_modules\.bin;C:\Users\msi\Desktop\match-mate-app\MatchMateApp\node_modules\.bin;C:\Users\msi\Desktop\match-mate-app\node_modules\.bin;C:\Users\msi\Desktop\node_modules\.bin;C:\Users\msi\node_modules\.bin;C:\Users\node_modules\.bin;C:\node_modules\.bin;C:\Users\msi\AppData\Roaming\npm\node_modules\npm\node_modules\@npmcli\run-script\lib\node-gyp-bin;C:\Users\msi\AppData\Local\Temp\yarn--1713796810878-0.771219533801522;C:\Users\msi\Desktop\match-mate-app\MatchMateApp\node_modules\.bin;C:\Users\msi\AppData\Local\Yarn\Data\link\node_modules\.bin;C:\Program Files\libexec\lib\node_modules\npm\bin\node-gyp-bin;C:\Program Files\lib\node_modules\npm\bin\node-gyp-bin;C:\Program Files\nodejs\node_modules\npm\bin\node-gyp-bin;C:\Program Files\Common Files\Oracle\Java\javapath;C:\Windows\system32;C:\Windows;C:\Windows\System32\Wbem;C:\Windows\System32\WindowsPowerShell\v1.0\;C:\Windows\System32\OpenSSH\;C:\Program Files (x86)\NVIDIA Corporation\PhysX\Common;C:\Program Files\NVIDIA Corporation\NVIDIA NvDLISR;C:\Program Files\Git\cmd;C:\Users\msi\AppData\Roaming\npm\node_modules;C:\SQLite;C:\Program Files\MySQL\MySQL Server 8.0\bin;C:\Users\msi\Downloads\Redis-x64-3.2.100;C:\Users\msi\AppData\Roaming\nvm;C:\Program Files\nodejs;C:\WINDOWS\system32;C:\WINDOWS;C:\WINDOWS\System32\Wbem;C:\WINDOWS\System32\WindowsPowerShell\v1.0\;C:\WINDOWS\System32\OpenSSH\;;C:\Users\msi\AppData\Local\Android\Sdk\ndk\23.1.7779620;C:\Program Files\IBM\SPSS\Statistics\23\JRE\bin;C:\Program Files\Java\jdk-20\bin\;C:\gradle-8.2\bin;C:\Program Files (x86)\Yarn\bin\;C:\Program Files\PostgreSQL\15\bin;C:\Program Files\nodejs\;C:\Program Files (x86)\sbt\bin;C:\Program Files\Docker\Docker\resources\bin;C:\Users\msi\AppData\Local\Microsoft\WindowsApps;C:\Users\msi\AppData\Local\Programs\Microsoft VS Code\bin;C:\Program Files\heroku\bin;C:\Users\msi\AppData\Roaming\nvm;C:\Program Files\nodejs;C:\Program Files\MongoDB\Server\4.4\bin;C:\Users\msi\AppData\Local\Yarn\bin;C:\Program Files\JetBrains\PyCharm 2023.2.1\bin;;C:\Users\msi\AppData\Roaming\npm
USERNAME=msi
LANG=en_US.UTF-8
OS=Windows_NT
PROCESSOR_IDENTIFIER=Intel64 Family 6 Model 165 Stepping 2, GenuineIntel
TMP=C:\Users\msi\AppData\Local\Temp
TEMP=C:\Users\msi\AppData\Local\Temp




---------------  S Y S T E M  ---------------

OS:
 Windows 11 , 64 bit Build 22621 (10.0.22621.3374)
OS uptime: 3 days 17:44 hours
Hyper-V role detected

CPU: total 12 (initial active 12) (6 cores per cpu, 2 threads per core) family 6 model 165 stepping 2 microcode 0xe2, cx8, cmov, fxsr, ht, mmx, 3dnowpref, sse, sse2, sse3, ssse3, sse4.1, sse4.2, popcnt, lzcnt, tsc, tscinvbit, avx, avx2, aes, erms, clmul, bmi1, bmi2, adx, fma, vzeroupper, clflush, clflushopt, hv, rdtscp, f16c

Memory: 4k page, system-wide physical 16201M (1819M free)
TotalPageFile size 27465M (AvailPageFile size 7173M)
current process WorkingSet (physical memory assigned to process): 354M, peak: 354M
current process commit charge ("private bytes"): 400M, peak: 459M

vm_info: Java HotSpot(TM) 64-Bit Server VM (20.0.2+9-78) for windows-amd64 JRE (20.0.2+9-78), built on 2023-06-14T10:08:48Z by "mach5one" with MS VC++ 17.1 (VS2022)

END.
